%%%%%%%%%%%%%%%%%%%%%%%%%%%%%%%%%%%%%%%%%%%%%%%%%%%%%%%%%%%%%%%%%%%%%%%%%%%%
%
%       Self-Consistent Electrostatic Potential Algorithm (SCERPA)
% 
%       VLSI Nanocomputing Research Group 
%       Dept. of Electronics and Telecommunications  
%       Politecnico di Torino, Turin, Italy 
%       (https://www.vlsilab.polito.it/) 
% 
%       People [people you may contact for info] 
%         Yuri Ardesi (yuri.ardesi@polito.it)
%         Giuliana Beretta (giuliana.beretta@polito.it)
% 
%       Supervision: Gianluca Piccinini, Mariagrazia Graziano 
% 
%       Relevant pubblications doi: 10.1109/TCAD.2019.2960360 
%                                   10.1109/TVLSI.2020.3045198  
% 
%%%%%%%%%%%%%%%%%%%%%%%%%%%%%%%%%%%%%%%%%%%%%%%%%%%%%%%%%%%%%%%%%%%%%%%%%%%%


%% Files Analysed:
%%    ../Layout/Data/Data_Molecule.mat
%%    ../Layout/Data/Data_Driver.mat
%%    ../Layout/Data/Data_Output.mat
%%    ../Layout/Data/Fake_Phases.mat
%%    ../Layout/Data/Values_Driver.mat


%%    Configuration of data output: 
%%    ID - Vin - Q1 ... QN: 

% TIME 1

% DOT1   -   DOT2   -   DOT3   -   DOT4
driver(:,:,1) = [+0   +0   +0   +0
+0   +0   +0   +0
+3.000000e-03   +9.270000e-01   -2.120000e-01   -7.170000e-01
+9.290000e-01   +0   -2.120000e-01   -7.170000e-01
];

% MOL   -   VOUT   -   DOT1   -   DOT2   -   DOT3   -   DOT4
conf(:,:,1) = [ 1      +0.04768   +0.02672   +0.02628  +0.14100   -0.19400
 2      +0.32666   +0.02431   +0.02969  +0.14000   -0.19400
 3      +0.00735   +0.02721   +0.02579  +0.14100   -0.19400
 4      +0.01452   +0.02713   +0.02587  +0.14100   -0.19400
 5      +0.00573   +0.02723   +0.02577  +0.14100   -0.19400
 6      +0.00559   +0.02724   +0.02576  +0.14100   -0.19400
 7      +0.00839   +0.02720   +0.02580  +0.14100   -0.19400
 8      +0.00688   +0.02722   +0.02578  +0.14100   -0.19400
 9      -0.03514   +0.02773   +0.02527  +0.14100   -0.19400
 10      -0.03398   +0.02772   +0.02528  +0.14100   -0.19400
 11      -0.00951   +0.02742   +0.02558  +0.14100   -0.19400
 12      -0.01052   +0.02743   +0.02557  +0.14100   -0.19400
 13      -0.01040   +0.02743   +0.02557  +0.14100   -0.19400
 14      -0.01154   +0.02744   +0.02556  +0.14100   -0.19400
 15      +0.00835   +0.02720   +0.02580  +0.14100   -0.19400
 16      +0.00904   +0.02719   +0.02581  +0.14100   -0.19400
 17      +0.09749   +0.02611   +0.02689  +0.14100   -0.19400
 18      +0.10097   +0.02607   +0.02693  +0.14100   -0.19400
 19      -0.06191   +0.02806   +0.02494  +0.14100   -0.19400
 20      -0.06659   +0.02812   +0.02488  +0.14100   -0.19400
 21      +0.00393   +0.02726   +0.02574  +0.14100   -0.19400
 22      +0.00657   +0.02722   +0.02578  +0.14100   -0.19400
];

% TIME 2

% DOT1   -   DOT2   -   DOT3   -   DOT4
driver(:,:,2) = [+0   +0   +0   +0
+0   +0   +0   +0
+3.000000e-03   +9.270000e-01   -2.120000e-01   -7.170000e-01
+9.290000e-01   +0   -2.120000e-01   -7.170000e-01
];

% MOL   -   VOUT   -   DOT1   -   DOT2   -   DOT3   -   DOT4
conf(:,:,2) = [ 1      -0.07627   +0.21407   +0.12567  +0.06691   -0.40626
 2      +0.36165   +0.04377   +0.30426  +0.06001   -0.40788
 3      -0.01235   +0.18573   +0.16631  +0.06259   -0.41441
 4      +0.03883   +0.16226   +0.19691  +0.05898   -0.41814
 5      -0.00034   +0.18001   +0.17540  +0.06127   -0.41653
 6      +0.00999   +0.17510   +0.18322  +0.06014   -0.41836
 7      +0.00551   +0.17723   +0.17983  +0.06063   -0.41757
 8      +0.00106   +0.17935   +0.17646  +0.06112   -0.41678
 9      -0.22521   +0.03006   +0.02394  +0.14100   -0.19400
 10      -0.22626   +0.03007   +0.02393  +0.14100   -0.19400
 11      -0.03691   +0.02775   +0.02525  +0.14100   -0.19400
 12      -0.03943   +0.02779   +0.02521  +0.14100   -0.19400
 13      -0.01781   +0.02752   +0.02548  +0.14100   -0.19400
 14      -0.01953   +0.02754   +0.02546  +0.14100   -0.19400
 15      -0.04115   +0.19925   +0.14525  +0.06550   -0.40961
 16      -0.03730   +0.19745   +0.14803  +0.06512   -0.41024
 17      +0.19491   +0.10595   +0.23511  +0.06457   -0.40563
 18      +0.20391   +0.10342   +0.23784  +0.06426   -0.40552
 19      -0.06467   +0.02809   +0.02491  +0.14100   -0.19400
 20      -0.06956   +0.02815   +0.02485  +0.14100   -0.19400
 21      -0.00241   +0.18100   +0.17383  +0.06150   -0.41617
 22      +0.00694   +0.17655   +0.18091  +0.06047   -0.41782
];

% TIME 3

% DOT1   -   DOT2   -   DOT3   -   DOT4
driver(:,:,3) = [+0   +0   +0   +0
+0   +0   +0   +0
+3.000000e-03   +9.270000e-01   -2.120000e-01   -7.170000e-01
+9.290000e-01   +0   -2.120000e-01   -7.170000e-01
];

% MOL   -   VOUT   -   DOT1   -   DOT2   -   DOT3   -   DOT4
conf(:,:,3) = [ 1      -0.43185   +0.67511   +0.03000  -0.07605   -0.62906
 2      +0.56598   +0.04700   +0.64733  -0.06078   -0.63417
 3      -0.45137   +0.65969   +0.03000  -0.06237   -0.62732
 4      +0.47456   +0.05564   +0.66342  -0.08000   -0.63906
 5      -0.46077   +0.65227   +0.03000  -0.05579   -0.62648
 6      +0.46206   +0.04910   +0.67173  -0.08413   -0.63670
 7      -0.45545   +0.65647   +0.03000  -0.05951   -0.62696
 8      +0.45789   +0.04796   +0.67185  -0.08383   -0.63598
 9      -0.51870   +0.03464   +0.02036  +0.14932   -0.20461
 10      -0.37271   +0.03182   +0.02300  +0.14430   -0.19895
 11      -0.06882   +0.02814   +0.02486  +0.14100   -0.19400
 12      -0.06977   +0.02816   +0.02484  +0.14100   -0.19400
 13      -0.02584   +0.02762   +0.02538  +0.14100   -0.19400
 14      -0.02767   +0.02764   +0.02536  +0.14100   -0.19400
 15      -0.57270   +0.82322   +0.01683  -0.19739   -0.64266
 16      +0.48003   +0.05886   +0.65887  -0.07763   -0.64011
 17      +0.11687   +0.23541   +0.40854  -0.02009   -0.62386
 18      +0.43319   +0.04120   +0.67254  -0.08207   -0.63166
 19      -0.06758   +0.02813   +0.02487  +0.14100   -0.19400
 20      -0.07256   +0.02819   +0.02481  +0.14100   -0.19400
 21      -0.23205   +0.57449   +0.08163  -0.03196   -0.62402
 22      +0.46382   +0.04958   +0.67169  -0.08426   -0.63701
];

% TIME 4

% DOT1   -   DOT2   -   DOT3   -   DOT4
driver(:,:,4) = [+0   +0   +0   +0
+0   +0   +0   +0
+3.000000e-03   +9.270000e-01   -2.120000e-01   -7.170000e-01
+9.290000e-01   +0   -2.120000e-01   -7.170000e-01
];

% MOL   -   VOUT   -   DOT1   -   DOT2   -   DOT3   -   DOT4
conf(:,:,4) = [ 1      -0.54904   +0.85313   +0.03323  -0.20662   -0.67973
 2      +0.63537   +0.02117   +0.81299  -0.16075   -0.67380
 3      -0.48067   +0.75638   +0.06470  -0.14794   -0.67314
 4      +0.56210   +0.05525   +0.75735  -0.13681   -0.67608
 5      -0.45418   +0.73322   +0.07648  -0.13767   -0.67203
 6      +0.49952   +0.09910   +0.72361  -0.14229   -0.68053
 7      -0.46783   +0.73772   +0.07080  -0.13664   -0.67188
 8      +0.48784   +0.10201   +0.72226  -0.14498   -0.67948
 9      -0.56395   +0.03540   +0.01991  +0.15229   -0.20846
 10      -0.42357   +0.03292   +0.02208  +0.14316   -0.19770
 11      -0.07658   +0.02824   +0.02476  +0.14100   -0.19400
 12      -0.07850   +0.02826   +0.02474  +0.14100   -0.19400
 13      -0.02803   +0.02765   +0.02535  +0.14100   -0.19400
 14      -0.03020   +0.02767   +0.02533  +0.14100   -0.19400
 15      -0.60345   +0.85548   +0.02473  -0.20038   -0.67983
 16      +0.47052   +0.10633   +0.72027  -0.14896   -0.67793
 17      +0.15137   +0.30205   +0.48404  -0.11750   -0.66909
 18      +0.47125   +0.10615   +0.72035  -0.14879   -0.67800
 19      -0.06846   +0.02814   +0.02486  +0.14100   -0.19400
 20      -0.07355   +0.02820   +0.02480  +0.14100   -0.19400
 21      -0.21503   +0.60286   +0.19445  -0.12580   -0.67111
 22      +0.42451   +0.12137   +0.70158  -0.14930   -0.67407
];

% TIME 5

% DOT1   -   DOT2   -   DOT3   -   DOT4
driver(:,:,5) = [+0   +0   +0   +0
+0   +0   +0   +0
+3.000000e-03   +9.270000e-01   -2.120000e-01   -7.170000e-01
+9.290000e-01   +0   -2.120000e-01   -7.170000e-01
];

% MOL   -   VOUT   -   DOT1   -   DOT2   -   DOT3   -   DOT4
conf(:,:,5) = [ 1      -0.66308   +0.90981   +0.01709  -0.20989   -0.71700
 2      +0.65442   +0.01747   +0.90915  -0.20962   -0.71700
 3      -0.66083   +0.90924   +0.01769  -0.20993   -0.71700
 4      +0.65368   +0.01754   +0.90910  -0.20963   -0.71700
 5      -0.66207   +0.90955   +0.01736  -0.20991   -0.71700
 6      +0.65383   +0.01752   +0.90911  -0.20963   -0.71700
 7      -0.66177   +0.90948   +0.01744  -0.20992   -0.71700
 8      +0.65172   +0.01773   +0.90895  -0.20968   -0.71700
 9      -0.61333   +0.03659   +0.01960  +0.14842   -0.20522
 10      -0.42967   +0.03307   +0.02193  +0.14286   -0.19732
 11      -0.08199   +0.02831   +0.02469  +0.14100   -0.19400
 12      -0.08260   +0.02831   +0.02469  +0.14100   -0.19400
 13      -0.02920   +0.02766   +0.02534  +0.14100   -0.19400
 14      -0.03123   +0.02769   +0.02531  +0.14100   -0.19400
 15      -0.70599   +0.92056   +0.00554  -0.20911   -0.71700
 16      +0.61074   +0.02616   +0.90163  -0.21080   -0.71700
 17      +0.06322   +0.45230   +0.48476  -0.21953   -0.71800
 18      +0.61645   +0.02398   +0.90364  -0.21062   -0.71700
 19      -0.06877   +0.02814   +0.02486  +0.14100   -0.19400
 20      -0.07382   +0.02821   +0.02479  +0.14100   -0.19400
 21      -0.15715   +0.60056   +0.33644  -0.21955   -0.71800
 22      +0.35548   +0.25093   +0.68492  -0.21797   -0.71800
];

% TIME 6

% DOT1   -   DOT2   -   DOT3   -   DOT4
driver(:,:,6) = [+0   +0   +0   +0
+0   +0   +0   +0
+3.000000e-03   +9.270000e-01   -2.120000e-01   -7.170000e-01
+9.290000e-01   +0   -2.120000e-01   -7.170000e-01
];

% MOL   -   VOUT   -   DOT1   -   DOT2   -   DOT3   -   DOT4
conf(:,:,6) = [ 1      -0.66308   +0.90981   +0.01709  -0.20989   -0.71700
 2      +0.65442   +0.01747   +0.90915  -0.20962   -0.71700
 3      -0.66083   +0.90924   +0.01769  -0.20993   -0.71700
 4      +0.65368   +0.01754   +0.90910  -0.20963   -0.71700
 5      -0.66207   +0.90955   +0.01736  -0.20991   -0.71700
 6      +0.65383   +0.01752   +0.90911  -0.20963   -0.71700
 7      -0.66177   +0.90948   +0.01744  -0.20992   -0.71700
 8      +0.65172   +0.01773   +0.90895  -0.20968   -0.71700
 9      -0.61333   +0.03659   +0.01960  +0.14842   -0.20522
 10      -0.42967   +0.03307   +0.02193  +0.14286   -0.19732
 11      -0.08199   +0.02831   +0.02469  +0.14100   -0.19400
 12      -0.08260   +0.02831   +0.02469  +0.14100   -0.19400
 13      -0.02920   +0.02766   +0.02534  +0.14100   -0.19400
 14      -0.03123   +0.02769   +0.02531  +0.14100   -0.19400
 15      -0.70599   +0.92056   +0.00554  -0.20911   -0.71700
 16      +0.61074   +0.02616   +0.90163  -0.21080   -0.71700
 17      +0.06322   +0.45230   +0.48476  -0.21953   -0.71800
 18      +0.61645   +0.02398   +0.90364  -0.21062   -0.71700
 19      -0.06877   +0.02814   +0.02486  +0.14100   -0.19400
 20      -0.07382   +0.02821   +0.02479  +0.14100   -0.19400
 21      -0.15715   +0.60056   +0.33644  -0.21955   -0.71800
 22      +0.35548   +0.25093   +0.68492  -0.21797   -0.71800
];

% TIME 7

% DOT1   -   DOT2   -   DOT3   -   DOT4
driver(:,:,7) = [+0   +0   +0   +0
+0   +0   +0   +0
+3.000000e-03   +9.270000e-01   -2.120000e-01   -7.170000e-01
+9.290000e-01   +0   -2.120000e-01   -7.170000e-01
];

% MOL   -   VOUT   -   DOT1   -   DOT2   -   DOT3   -   DOT4
conf(:,:,7) = [ 1      -0.66212   +0.90956   +0.01735  -0.20991   -0.71700
 2      +0.65505   +0.01740   +0.90920  -0.20960   -0.71700
 3      -0.65896   +0.90877   +0.01819  -0.20997   -0.71700
 4      +0.65458   +0.01745   +0.90916  -0.20961   -0.71700
 5      -0.65746   +0.90840   +0.01860  -0.21000   -0.71700
 6      +0.65574   +0.01734   +0.90925  -0.20958   -0.71700
 7      -0.64893   +0.90626   +0.02089  -0.21015   -0.71700
 8      +0.65722   +0.01719   +0.90936  -0.20955   -0.71700
 9      -0.44297   +0.34987   +0.02580  +0.03696   -0.41227
 10      -0.22400   +0.30315   +0.05363  +0.05310   -0.40936
 11      -0.16630   +0.25934   +0.08687  +0.06080   -0.40684
 12      -0.13701   +0.23738   +0.10355  +0.06477   -0.40566
 13      -0.11539   +0.22883   +0.11157  +0.06560   -0.40584
 14      -0.11124   +0.22719   +0.11311  +0.06576   -0.40588
 15      -0.69432   +0.91764   +0.00868  -0.20932   -0.71700
 16      +0.63601   +0.01926   +0.90780  -0.21007   -0.71700
 17      +0.06469   +0.45128   +0.48575  -0.21951   -0.71800
 18      +0.61857   +0.02316   +0.90438  -0.21055   -0.71700
 19      -0.16425   +0.25768   +0.08811  +0.06111   -0.40674
 20      -0.17520   +0.26658   +0.08148  +0.05944   -0.40728
 21      -0.15426   +0.59858   +0.33842  -0.21962   -0.71800
 22      +0.36491   +0.24450   +0.69115  -0.21785   -0.71800
];

% TIME 8

% DOT1   -   DOT2   -   DOT3   -   DOT4
driver(:,:,8) = [+0   +0   +0   +0
+0   +0   +0   +0
+3.000000e-03   +9.270000e-01   -2.120000e-01   -7.170000e-01
+9.290000e-01   +0   -2.120000e-01   -7.170000e-01
];

% MOL   -   VOUT   -   DOT1   -   DOT2   -   DOT3   -   DOT4
conf(:,:,8) = [ 1      -0.66206   +0.90955   +0.01736  -0.20991   -0.71700
 2      +0.65510   +0.01740   +0.90920  -0.20960   -0.71700
 3      -0.65867   +0.90870   +0.01827  -0.20997   -0.71700
 4      +0.65464   +0.01744   +0.90917  -0.20961   -0.71700
 5      -0.65446   +0.90764   +0.01941  -0.21005   -0.71700
 6      +0.65620   +0.01729   +0.90928  -0.20957   -0.71700
 7      -0.56896   +0.88562   +0.04302  -0.21163   -0.71700
 8      +0.66027   +0.01689   +0.90958  -0.20947   -0.71700
 9      -0.60080   +0.81692   +0.01636  -0.19060   -0.64268
 10      +0.17311   +0.19964   +0.43095  -0.01227   -0.61832
 11      -0.55181   +0.82597   +0.01729  -0.20078   -0.64248
 12      +0.23756   +0.16307   +0.46812  -0.01479   -0.61640
 13      -0.52517   +0.78106   +0.02065  -0.16348   -0.63823
 14      +0.14774   +0.21545   +0.42103  -0.01599   -0.62049
 15      -0.62525   +0.90032   +0.02727  -0.21059   -0.71700
 16      +0.80966   +0.00641   +0.91847  -0.20788   -0.71700
 17      +0.08316   +0.43841   +0.49816  -0.21929   -0.71800
 18      +0.63538   +0.01933   +0.90776  -0.21008   -0.71700
 19      -0.45112   +0.65989   +0.03000  -0.06254   -0.62734
 20      -0.09756   +0.41526   +0.21173  -0.00848   -0.61801
 21      -0.15188   +0.59695   +0.34005  -0.21968   -0.71800
 22      +0.36300   +0.24581   +0.68989  -0.21788   -0.71800
];

% TIME 9

% DOT1   -   DOT2   -   DOT3   -   DOT4
driver(:,:,9) = [+0   +0   +0   +0
+0   +0   +0   +0
+3.000000e-03   +9.270000e-01   -2.120000e-01   -7.170000e-01
+9.290000e-01   +0   -2.120000e-01   -7.170000e-01
];

% MOL   -   VOUT   -   DOT1   -   DOT2   -   DOT3   -   DOT4
conf(:,:,9) = [ 1      -0.66212   +0.90957   +0.01734  -0.20991   -0.71700
 2      +0.65506   +0.01740   +0.90920  -0.20960   -0.71700
 3      -0.65878   +0.90873   +0.01824  -0.20997   -0.71700
 4      +0.65458   +0.01745   +0.90916  -0.20961   -0.71700
 5      -0.65445   +0.90764   +0.01941  -0.21005   -0.71700
 6      +0.65610   +0.01730   +0.90927  -0.20958   -0.71700
 7      -0.55212   +0.88080   +0.04816  -0.21196   -0.71700
 8      +0.65948   +0.01697   +0.90952  -0.20949   -0.71700
 9      -0.58991   +0.85585   +0.02663  -0.20261   -0.67987
 10      +0.22375   +0.25601   +0.52749  -0.11650   -0.66729
 11      -0.54675   +0.85295   +0.03360  -0.20683   -0.67972
 12      +0.23831   +0.24712   +0.53701  -0.11713   -0.66720
 13      -0.50183   +0.78714   +0.05465  -0.16657   -0.67521
 14      +0.11800   +0.32441   +0.46555  -0.11958   -0.67086
 15      -0.60030   +0.89406   +0.03398  -0.21104   -0.71700
 16      +0.84887   +0.00593   +0.91967  -0.20860   -0.71700
 17      +0.09029   +0.43345   +0.50295  -0.21920   -0.71800
 18      +0.63771   +0.01910   +0.90793  -0.21002   -0.71700
 19      -0.45691   +0.73319   +0.07539  -0.13667   -0.67191
 20      -0.14064   +0.51895   +0.26407  -0.11584   -0.66763
 21      -0.15213   +0.59712   +0.33988  -0.21967   -0.71800
 22      +0.36647   +0.24343   +0.69219  -0.21784   -0.71800
];

% TIME 10

% DOT1   -   DOT2   -   DOT3   -   DOT4
driver(:,:,10) = [+0   +0   +0   +0
+0   +0   +0   +0
+3.000000e-03   +9.270000e-01   -2.120000e-01   -7.170000e-01
+9.290000e-01   +0   -2.120000e-01   -7.170000e-01
];

% MOL   -   VOUT   -   DOT1   -   DOT2   -   DOT3   -   DOT4
conf(:,:,10) = [ 1      -0.66222   +0.90959   +0.01732  -0.20991   -0.71700
 2      +0.65500   +0.01741   +0.90919  -0.20960   -0.71700
 3      -0.65900   +0.90878   +0.01818  -0.20997   -0.71700
 4      +0.65448   +0.01746   +0.90916  -0.20961   -0.71700
 5      -0.65499   +0.90778   +0.01926  -0.21004   -0.71700
 6      +0.65589   +0.01732   +0.90926  -0.20958   -0.71700
 7      -0.53285   +0.86924   +0.06024  -0.21248   -0.71700
 8      +0.65342   +0.01756   +0.90908  -0.20964   -0.71700
 9      -0.58463   +0.89009   +0.03824  -0.21133   -0.71700
 10      +0.27715   +0.30519   +0.63167  -0.21892   -0.71800
 11      -0.55296   +0.88104   +0.04790  -0.21194   -0.71700
 12      +0.25163   +0.32263   +0.61437  -0.21923   -0.71800
 13      -0.51714   +0.85720   +0.07277  -0.21297   -0.71700
 14      +0.13522   +0.40216   +0.53422  -0.21937   -0.71800
 15      -0.57301   +0.88677   +0.04179  -0.21156   -0.71700
 16      +0.88649   +0.00547   +0.92082  -0.20929   -0.71700
 17      +0.09845   +0.42777   +0.50843  -0.21910   -0.71800
 18      +0.64150   +0.01873   +0.90820  -0.20993   -0.71700
 19      -0.51441   +0.85512   +0.07494  -0.21305   -0.71700
 20      -0.13748   +0.58718   +0.34986  -0.21994   -0.71800
 21      -0.15254   +0.59740   +0.33960  -0.21966   -0.71800
 22      +0.36950   +0.24137   +0.69419  -0.21780   -0.71800
];

% TIME 11

% DOT1   -   DOT2   -   DOT3   -   DOT4
driver(:,:,11) = [+0   +0   +0   +0
+0   +0   +0   +0
+3.000000e-03   +9.270000e-01   -2.120000e-01   -7.170000e-01
+9.290000e-01   +0   -2.120000e-01   -7.170000e-01
];

% MOL   -   VOUT   -   DOT1   -   DOT2   -   DOT3   -   DOT4
conf(:,:,11) = [ 1      -0.66222   +0.90959   +0.01732  -0.20991   -0.71700
 2      +0.65500   +0.01741   +0.90919  -0.20960   -0.71700
 3      -0.65900   +0.90878   +0.01818  -0.20997   -0.71700
 4      +0.65448   +0.01746   +0.90916  -0.20961   -0.71700
 5      -0.65499   +0.90778   +0.01926  -0.21004   -0.71700
 6      +0.65589   +0.01732   +0.90926  -0.20958   -0.71700
 7      -0.53285   +0.86924   +0.06024  -0.21248   -0.71700
 8      +0.65342   +0.01756   +0.90908  -0.20964   -0.71700
 9      -0.58463   +0.89009   +0.03824  -0.21133   -0.71700
 10      +0.27715   +0.30519   +0.63167  -0.21892   -0.71800
 11      -0.55296   +0.88104   +0.04790  -0.21194   -0.71700
 12      +0.25163   +0.32263   +0.61437  -0.21923   -0.71800
 13      -0.51714   +0.85720   +0.07277  -0.21297   -0.71700
 14      +0.13522   +0.40216   +0.53422  -0.21937   -0.71800
 15      -0.57301   +0.88677   +0.04179  -0.21156   -0.71700
 16      +0.88649   +0.00547   +0.92082  -0.20929   -0.71700
 17      +0.09845   +0.42777   +0.50843  -0.21910   -0.71800
 18      +0.64150   +0.01873   +0.90820  -0.20993   -0.71700
 19      -0.51441   +0.85512   +0.07494  -0.21305   -0.71700
 20      -0.13748   +0.58718   +0.34986  -0.21994   -0.71800
 21      -0.15254   +0.59740   +0.33960  -0.21966   -0.71800
 22      +0.36950   +0.24137   +0.69419  -0.21780   -0.71800
];

% TIME 12

% DOT1   -   DOT2   -   DOT3   -   DOT4
driver(:,:,12) = [+0   +0   +0   +0
+0   +0   +0   +0
+3.000000e-03   +9.270000e-01   -2.120000e-01   -7.170000e-01
+9.290000e-01   +0   -2.120000e-01   -7.170000e-01
];

% MOL   -   VOUT   -   DOT1   -   DOT2   -   DOT3   -   DOT4
conf(:,:,12) = [ 1      -0.56910   +0.85467   +0.02994  -0.20480   -0.67981
 2      +0.63515   +0.02119   +0.81280  -0.16060   -0.67378
 3      -0.54615   +0.85291   +0.03370  -0.20689   -0.67972
 4      +0.61332   +0.02608   +0.79531  -0.14864   -0.67317
 5      -0.49469   +0.77675   +0.05804  -0.16028   -0.67451
 6      +0.57647   +0.04287   +0.76728  -0.13628   -0.67424
 7      -0.41994   +0.73312   +0.09020  -0.14981   -0.67351
 8      +0.52524   +0.08367   +0.73505  -0.13922   -0.67962
 9      -0.55440   +0.88145   +0.04746  -0.21191   -0.71700
 10      +0.31879   +0.27632   +0.66009  -0.21841   -0.71800
 11      -0.55153   +0.88063   +0.04833  -0.21197   -0.71700
 12      +0.28036   +0.30297   +0.63385  -0.21888   -0.71800
 13      -0.52095   +0.86012   +0.06972  -0.21285   -0.71700
 14      +0.15398   +0.38910   +0.54748  -0.21958   -0.71800
 15      -0.54681   +0.85296   +0.03359  -0.20683   -0.67972
 16      +0.83292   +0.01087   +0.87751  -0.21168   -0.67670
 17      +0.16134   +0.29547   +0.48952  -0.11683   -0.66866
 18      +0.56786   +0.05029   +0.76133  -0.13660   -0.67534
 19      -0.51714   +0.85720   +0.07276  -0.21297   -0.71700
 20      -0.12765   +0.58068   +0.35648  -0.21996   -0.71800
 21      -0.21077   +0.59813   +0.19840  -0.12525   -0.67091
 22      +0.44811   +0.11339   +0.71217  -0.14990   -0.67603
];

% TIME 13

% DOT1   -   DOT2   -   DOT3   -   DOT4
driver(:,:,13) = [+0   +0   +0   +0
+0   +0   +0   +0
+3.000000e-03   +9.270000e-01   -2.120000e-01   -7.170000e-01
+9.290000e-01   +0   -2.120000e-01   -7.170000e-01
];

% MOL   -   VOUT   -   DOT1   -   DOT2   -   DOT3   -   DOT4
conf(:,:,13) = [ 1      -0.41688   +0.68514   +0.03030  -0.08522   -0.63021
 2      +0.57486   +0.04114   +0.65059  -0.06056   -0.63189
 3      -0.40793   +0.69005   +0.03067  -0.08991   -0.63078
 4      +0.49738   +0.06907   +0.64445  -0.07008   -0.64344
 5      -0.40196   +0.69331   +0.03091  -0.09304   -0.63117
 6      +0.50203   +0.07180   +0.64058  -0.06806   -0.64433
 7      -0.41913   +0.68391   +0.03021  -0.08405   -0.63007
 8      +0.50557   +0.07341   +0.63809  -0.06667   -0.64484
 9      -0.29693   +0.69620   +0.23895  -0.21799   -0.71799
 10      +0.17111   +0.37717   +0.55962  -0.21979   -0.71800
 11      -0.28165   +0.68574   +0.24977  -0.21800   -0.71800
 12      +0.07052   +0.44722   +0.48966  -0.21944   -0.71800
 13      -0.28857   +0.69047   +0.24487  -0.21800   -0.71800
 14      -0.04486   +0.52582   +0.41215  -0.22000   -0.71800
 15      -0.41732   +0.68490   +0.03028  -0.08500   -0.63018
 16      +0.76850   +0.01404   +0.89080  -0.26155   -0.64333
 17      +0.21992   +0.17280   +0.45701  -0.01316   -0.61665
 18      +0.51964   +0.06887   +0.63870  -0.06477   -0.64293
 19      -0.37887   +0.75202   +0.18209  -0.21710   -0.71710
 20      -0.25243   +0.66575   +0.27047  -0.21800   -0.71800
 21      -0.21498   +0.56549   +0.09215  -0.03341   -0.62421
 22      +0.47095   +0.05352   +0.66642  -0.08157   -0.63836
];

% TIME 14

% DOT1   -   DOT2   -   DOT3   -   DOT4
driver(:,:,14) = [+0   +0   +0   +0
+0   +0   +0   +0
+3.000000e-03   +9.270000e-01   -2.120000e-01   -7.170000e-01
+9.290000e-01   +0   -2.120000e-01   -7.170000e-01
];

% MOL   -   VOUT   -   DOT1   -   DOT2   -   DOT3   -   DOT4
conf(:,:,14) = [ 1      -0.07643   +0.21413   +0.12561  +0.06691   -0.40626
 2      +0.36144   +0.04382   +0.30412  +0.06009   -0.40787
 3      -0.01227   +0.18570   +0.16636  +0.06258   -0.41442
 4      +0.03841   +0.16244   +0.19678  +0.05898   -0.41818
 5      +0.00161   +0.17908   +0.17688  +0.06106   -0.41688
 6      +0.00878   +0.17567   +0.18231  +0.06027   -0.41815
 7      +0.04588   +0.15924   +0.19917  +0.05897   -0.41737
 8      +0.00105   +0.17935   +0.17645  +0.06112   -0.41678
 9      +0.13653   +0.40125   +0.53514  -0.21938   -0.71800
 10      +0.09687   +0.42887   +0.50737  -0.21912   -0.71800
 11      +0.00414   +0.49294   +0.44506  -0.22000   -0.71800
 12      -0.04097   +0.52321   +0.41476  -0.22000   -0.71800
 13      -0.10432   +0.56524   +0.37218  -0.21999   -0.71800
 14      -0.14207   +0.59024   +0.34676  -0.21992   -0.71800
 15      +0.25619   +0.08891   +0.25439  +0.06178   -0.40509
 16      +0.24401   +0.09226   +0.25045  +0.06245   -0.40516
 17      +0.28425   +0.07725   +0.26550  +0.06269   -0.40545
 18      +0.29072   +0.07430   +0.26820  +0.06307   -0.40557
 19      -0.28297   +0.68664   +0.24884  -0.21800   -0.71800
 20      -0.30615   +0.70249   +0.23246  -0.21796   -0.71796
 21      -0.00011   +0.17991   +0.17557  +0.06125   -0.41657
 22      +0.05219   +0.15654   +0.20119  +0.05895   -0.41668
];

% TIME 15

% DOT1   -   DOT2   -   DOT3   -   DOT4
driver(:,:,15) = [+0   +0   +0   +0
+0   +0   +0   +0
+3.000000e-03   +9.270000e-01   -2.120000e-01   -7.170000e-01
+9.290000e-01   +0   -2.120000e-01   -7.170000e-01
];

% MOL   -   VOUT   -   DOT1   -   DOT2   -   DOT3   -   DOT4
conf(:,:,15) = [ 1      +0.04798   +0.02672   +0.02628  +0.14100   -0.19400
 2      +0.32683   +0.02431   +0.02969  +0.14000   -0.19400
 3      +0.00886   +0.02720   +0.02580  +0.14100   -0.19400
 4      +0.01516   +0.02712   +0.02588  +0.14100   -0.19400
 5      +0.01716   +0.02709   +0.02591  +0.14100   -0.19400
 6      +0.00955   +0.02719   +0.02581  +0.14100   -0.19400
 7      +0.15982   +0.02535   +0.02765  +0.14100   -0.19400
 8      +0.04539   +0.02675   +0.02625  +0.14100   -0.19400
 9      +0.20835   +0.35177   +0.58520  -0.21970   -0.71800
 10      +0.19289   +0.36222   +0.57472  -0.21983   -0.71800
 11      +0.03267   +0.47350   +0.46423  -0.21987   -0.71800
 12      +0.01300   +0.48698   +0.45102  -0.22000   -0.71800
 13      -0.09333   +0.55798   +0.37958  -0.22000   -0.71800
 14      -0.11190   +0.57026   +0.36708  -0.21998   -0.71800
 15      +0.42859   +0.02228   +0.03258  +0.14078   -0.19404
 16      +0.42245   +0.02236   +0.03246  +0.14082   -0.19400
 17      +0.14660   +0.02551   +0.02749  +0.14100   -0.19400
 18      +0.14980   +0.02547   +0.02753  +0.14100   -0.19400
 19      -0.27922   +0.68408   +0.25149  -0.21800   -0.71800
 20      -0.29182   +0.69270   +0.24257  -0.21800   -0.71800
 21      +0.04499   +0.02675   +0.02625  +0.14100   -0.19400
 22      +0.16488   +0.02529   +0.02771  +0.14100   -0.19400
];

% TIME 16

% DOT1   -   DOT2   -   DOT3   -   DOT4
driver(:,:,16) = [+0   +0   +0   +0
+0   +0   +0   +0
+3.000000e-03   +9.270000e-01   -2.120000e-01   -7.170000e-01
+9.290000e-01   +0   -2.120000e-01   -7.170000e-01
];

% MOL   -   VOUT   -   DOT1   -   DOT2   -   DOT3   -   DOT4
conf(:,:,16) = [ 1      +0.04798   +0.02672   +0.02628  +0.14100   -0.19400
 2      +0.32683   +0.02431   +0.02969  +0.14000   -0.19400
 3      +0.00886   +0.02720   +0.02580  +0.14100   -0.19400
 4      +0.01516   +0.02712   +0.02588  +0.14100   -0.19400
 5      +0.01716   +0.02709   +0.02591  +0.14100   -0.19400
 6      +0.00955   +0.02719   +0.02581  +0.14100   -0.19400
 7      +0.15982   +0.02535   +0.02765  +0.14100   -0.19400
 8      +0.04539   +0.02675   +0.02625  +0.14100   -0.19400
 9      +0.20834   +0.35178   +0.58519  -0.21970   -0.71800
 10      +0.19291   +0.36221   +0.57473  -0.21983   -0.71800
 11      +0.03264   +0.47352   +0.46421  -0.21987   -0.71800
 12      +0.01302   +0.48697   +0.45103  -0.22000   -0.71800
 13      -0.09335   +0.55800   +0.37956  -0.22000   -0.71800
 14      -0.11188   +0.57024   +0.36709  -0.21998   -0.71800
 15      +0.42859   +0.02228   +0.03258  +0.14078   -0.19404
 16      +0.42246   +0.02236   +0.03246  +0.14082   -0.19400
 17      +0.14660   +0.02551   +0.02749  +0.14100   -0.19400
 18      +0.14980   +0.02547   +0.02753  +0.14100   -0.19400
 19      -0.27924   +0.68409   +0.25148  -0.21800   -0.71800
 20      -0.29181   +0.69269   +0.24258  -0.21800   -0.71800
 21      +0.04499   +0.02675   +0.02625  +0.14100   -0.19400
 22      +0.16488   +0.02529   +0.02771  +0.14100   -0.19400
];

% TIME 17

% DOT1   -   DOT2   -   DOT3   -   DOT4
driver(:,:,17) = [+0   +0   +0   +0
+0   +0   +0   +0
+3.000000e-03   +9.270000e-01   -2.120000e-01   -7.170000e-01
+9.290000e-01   +0   -2.120000e-01   -7.170000e-01
];

% MOL   -   VOUT   -   DOT1   -   DOT2   -   DOT3   -   DOT4
conf(:,:,17) = [ 1      +0.04806   +0.02672   +0.02628  +0.14100   -0.19400
 2      +0.32693   +0.02431   +0.02969  +0.14000   -0.19400
 3      +0.00860   +0.02720   +0.02580  +0.14100   -0.19400
 4      +0.01514   +0.02712   +0.02588  +0.14100   -0.19400
 5      +0.01443   +0.02713   +0.02587  +0.14100   -0.19400
 6      +0.00864   +0.02720   +0.02580  +0.14100   -0.19400
 7      +0.12515   +0.02577   +0.02723  +0.14100   -0.19400
 8      +0.03645   +0.02686   +0.02614  +0.14100   -0.19400
 9      +0.29885   +0.20335   +0.58016  -0.11579   -0.66772
 10      +0.01827   +0.39934   +0.40380  -0.12127   -0.68183
 11      +0.27338   +0.22368   +0.56099  -0.11746   -0.66725
 12      -0.23256   +0.61327   +0.18304  -0.12489   -0.67099
 13      +0.16021   +0.29622   +0.48890  -0.11691   -0.66871
 14      -0.35358   +0.69219   +0.12221  -0.14219   -0.67220
 15      +0.39918   +0.02290   +0.03165  +0.14055   -0.19400
 16      +0.33905   +0.02416   +0.02984  +0.14000   -0.19400
 17      +0.14017   +0.02559   +0.02741  +0.14100   -0.19400
 18      +0.14078   +0.02558   +0.02742  +0.14100   -0.19400
 19      -0.09277   +0.48471   +0.29751  -0.11409   -0.66806
 20      -0.41391   +0.73249   +0.09269  -0.15147   -0.67371
 21      +0.04468   +0.02676   +0.02624  +0.14100   -0.19400
 22      +0.16095   +0.02534   +0.02766  +0.14100   -0.19400
];

% TIME 18

% DOT1   -   DOT2   -   DOT3   -   DOT4
driver(:,:,18) = [+0   +0   +0   +0
+0   +0   +0   +0
+3.000000e-03   +9.270000e-01   -2.120000e-01   -7.170000e-01
+9.290000e-01   +0   -2.120000e-01   -7.170000e-01
];

% MOL   -   VOUT   -   DOT1   -   DOT2   -   DOT3   -   DOT4
conf(:,:,18) = [ 1      +0.04814   +0.02672   +0.02628  +0.14100   -0.19400
 2      +0.32700   +0.02431   +0.02969  +0.14000   -0.19400
 3      +0.00861   +0.02720   +0.02580  +0.14100   -0.19400
 4      +0.01523   +0.02712   +0.02588  +0.14100   -0.19400
 5      +0.01259   +0.02715   +0.02585  +0.14100   -0.19400
 6      +0.00829   +0.02720   +0.02580  +0.14100   -0.19400
 7      +0.08372   +0.02628   +0.02672  +0.14100   -0.19400
 8      +0.02781   +0.02696   +0.02604  +0.14100   -0.19400
 9      +0.44689   +0.04495   +0.67216  -0.08305   -0.63405
 10      -0.14550   +0.45581   +0.17489  -0.01305   -0.61766
 11      +0.42690   +0.03948   +0.67271  -0.08162   -0.63056
 12      -0.40288   +0.69281   +0.03088  -0.09256   -0.63111
 13      +0.26688   +0.14543   +0.48755  -0.01673   -0.61625
 14      -0.44383   +0.66564   +0.03000  -0.06765   -0.62799
 15      +0.40404   +0.02279   +0.03182  +0.14061   -0.19400
 16      +0.24573   +0.02500   +0.02870  +0.14030   -0.19400
 17      +0.13774   +0.02562   +0.02738  +0.14100   -0.19400
 18      +0.13488   +0.02566   +0.02734  +0.14100   -0.19400
 19      -0.01338   +0.34499   +0.30552  -0.01559   -0.63445
 20      -0.43895   +0.66950   +0.03000  -0.07107   -0.62843
 21      +0.04748   +0.02672   +0.02628  +0.14100   -0.19400
 22      +0.17286   +0.02519   +0.02781  +0.14100   -0.19400
];

% TIME 19

% DOT1   -   DOT2   -   DOT3   -   DOT4
driver(:,:,19) = [+0   +0   +0   +0
+0   +0   +0   +0
+3.000000e-03   +9.270000e-01   -2.120000e-01   -7.170000e-01
+9.290000e-01   +0   -2.120000e-01   -7.170000e-01
];

% MOL   -   VOUT   -   DOT1   -   DOT2   -   DOT3   -   DOT4
conf(:,:,19) = [ 1      +0.04804   +0.02672   +0.02628  +0.14100   -0.19400
 2      +0.32690   +0.02431   +0.02969  +0.14000   -0.19400
 3      +0.00845   +0.02720   +0.02580  +0.14100   -0.19400
 4      +0.01512   +0.02712   +0.02588  +0.14100   -0.19400
 5      +0.01130   +0.02717   +0.02583  +0.14100   -0.19400
 6      +0.00790   +0.02721   +0.02579  +0.14100   -0.19400
 7      +0.06556   +0.02650   +0.02650  +0.14100   -0.19400
 8      +0.02314   +0.02702   +0.02598  +0.14100   -0.19400
 9      +0.06478   +0.15118   +0.20498  +0.05899   -0.41515
 10      +0.06405   +0.15149   +0.20479  +0.05898   -0.41526
 11      -0.00339   +0.18147   +0.17309  +0.06161   -0.41599
 12      -0.01050   +0.18486   +0.16770  +0.06239   -0.41473
 13      -0.04403   +0.20059   +0.14317  +0.06578   -0.40915
 14      -0.05467   +0.20555   +0.13550  +0.06681   -0.40742
 15      +0.15506   +0.02541   +0.02759  +0.14100   -0.19400
 16      +0.15563   +0.02540   +0.02760  +0.14100   -0.19400
 17      +0.11417   +0.02591   +0.02709  +0.14100   -0.19400
 18      +0.11777   +0.02587   +0.02713  +0.14100   -0.19400
 19      -0.14082   +0.23889   +0.10214  +0.06462   -0.40563
 20      -0.15640   +0.25130   +0.09286  +0.06231   -0.40636
 21      +0.01955   +0.02707   +0.02593  +0.14100   -0.19400
 22      +0.06350   +0.02653   +0.02647  +0.14100   -0.19400
];

% TIME 20

% DOT1   -   DOT2   -   DOT3   -   DOT4
driver(:,:,20) = [+0   +0   +0   +0
+0   +0   +0   +0
+3.000000e-03   +9.270000e-01   -2.120000e-01   -7.170000e-01
+9.290000e-01   +0   -2.120000e-01   -7.170000e-01
];

% MOL   -   VOUT   -   DOT1   -   DOT2   -   DOT3   -   DOT4
conf(:,:,20) = [ 1      +0.04768   +0.02672   +0.02628  +0.14100   -0.19400
 2      +0.32666   +0.02431   +0.02969  +0.14000   -0.19400
 3      +0.00735   +0.02721   +0.02579  +0.14100   -0.19400
 4      +0.01452   +0.02713   +0.02587  +0.14100   -0.19400
 5      +0.00573   +0.02723   +0.02577  +0.14100   -0.19400
 6      +0.00559   +0.02724   +0.02576  +0.14100   -0.19400
 7      +0.00839   +0.02720   +0.02580  +0.14100   -0.19400
 8      +0.00688   +0.02722   +0.02578  +0.14100   -0.19400
 9      -0.03514   +0.02773   +0.02527  +0.14100   -0.19400
 10      -0.03398   +0.02772   +0.02528  +0.14100   -0.19400
 11      -0.00951   +0.02742   +0.02558  +0.14100   -0.19400
 12      -0.01052   +0.02743   +0.02557  +0.14100   -0.19400
 13      -0.01040   +0.02743   +0.02557  +0.14100   -0.19400
 14      -0.01154   +0.02744   +0.02556  +0.14100   -0.19400
 15      +0.00835   +0.02720   +0.02580  +0.14100   -0.19400
 16      +0.00904   +0.02719   +0.02581  +0.14100   -0.19400
 17      +0.09749   +0.02611   +0.02689  +0.14100   -0.19400
 18      +0.10097   +0.02607   +0.02693  +0.14100   -0.19400
 19      -0.06191   +0.02806   +0.02494  +0.14100   -0.19400
 20      -0.06659   +0.02812   +0.02488  +0.14100   -0.19400
 21      +0.00393   +0.02726   +0.02574  +0.14100   -0.19400
 22      +0.00657   +0.02722   +0.02578  +0.14100   -0.19400
];

% TIME 21

% DOT1   -   DOT2   -   DOT3   -   DOT4
driver(:,:,21) = [+0   +0   +0   +0
+0   +0   +0   +0
+9.290000e-01   +0   -2.120000e-01   -7.170000e-01
+3.000000e-03   +9.270000e-01   -2.120000e-01   -7.170000e-01
];

% MOL   -   VOUT   -   DOT1   -   DOT2   -   DOT3   -   DOT4
conf(:,:,21) = [ 1      -0.04353   +0.02784   +0.02516  +0.14100   -0.19400
 2      -0.32229   +0.03123   +0.02300  +0.14193   -0.19539
 3      -0.00164   +0.02732   +0.02568  +0.14100   -0.19400
 4      -0.00972   +0.02742   +0.02558  +0.14100   -0.19400
 5      +0.00364   +0.02726   +0.02574  +0.14100   -0.19400
 6      +0.00154   +0.02729   +0.02571  +0.14100   -0.19400
 7      +0.00768   +0.02721   +0.02579  +0.14100   -0.19400
 8      +0.00570   +0.02723   +0.02577  +0.14100   -0.19400
 9      -0.03538   +0.02774   +0.02526  +0.14100   -0.19400
 10      -0.03432   +0.02772   +0.02528  +0.14100   -0.19400
 11      -0.00960   +0.02742   +0.02558  +0.14100   -0.19400
 12      -0.01061   +0.02743   +0.02557  +0.14100   -0.19400
 13      -0.01037   +0.02743   +0.02557  +0.14100   -0.19400
 14      -0.01146   +0.02744   +0.02556  +0.14100   -0.19400
 15      +0.00804   +0.02721   +0.02579  +0.14100   -0.19400
 16      +0.00858   +0.02720   +0.02580  +0.14100   -0.19400
 17      +0.09725   +0.02612   +0.02688  +0.14100   -0.19400
 18      +0.10063   +0.02607   +0.02693  +0.14100   -0.19400
 19      -0.06183   +0.02806   +0.02494  +0.14100   -0.19400
 20      -0.06646   +0.02812   +0.02488  +0.14100   -0.19400
 21      +0.00377   +0.02726   +0.02574  +0.14100   -0.19400
 22      +0.00635   +0.02723   +0.02577  +0.14100   -0.19400
];

% TIME 22

% DOT1   -   DOT2   -   DOT3   -   DOT4
driver(:,:,22) = [+0   +0   +0   +0
+0   +0   +0   +0
+9.290000e-01   +0   -2.120000e-01   -7.170000e-01
+3.000000e-03   +9.270000e-01   -2.120000e-01   -7.170000e-01
];

% MOL   -   VOUT   -   DOT1   -   DOT2   -   DOT3   -   DOT4
conf(:,:,22) = [ 1      +0.09973   +0.13645   +0.21416  +0.05941   -0.41003
 2      -0.35442   +0.34134   +0.03372  +0.03773   -0.41240
 3      +0.02113   +0.16983   +0.19125  +0.05901   -0.42007
 4      -0.03046   +0.19426   +0.15296  +0.06445   -0.41135
 5      +0.01081   +0.17471   +0.18384  +0.06005   -0.41851
 6      -0.00934   +0.18430   +0.16859  +0.06226   -0.41494
 7      +0.00911   +0.17552   +0.18255  +0.06023   -0.41821
 8      -0.00526   +0.18236   +0.17167  +0.06181   -0.41566
 9      -0.22503   +0.03005   +0.02395  +0.14100   -0.19400
 10      -0.22626   +0.03007   +0.02393  +0.14100   -0.19400
 11      -0.03682   +0.02775   +0.02525  +0.14100   -0.19400
 12      -0.03932   +0.02778   +0.02522  +0.14100   -0.19400
 13      -0.01775   +0.02752   +0.02548  +0.14100   -0.19400
 14      -0.01946   +0.02754   +0.02546  +0.14100   -0.19400
 15      -0.04008   +0.19875   +0.14603  +0.06539   -0.40979
 16      -0.03920   +0.19834   +0.14666  +0.06531   -0.40993
 17      +0.19515   +0.10589   +0.23518  +0.06456   -0.40563
 18      +0.20381   +0.10344   +0.23781  +0.06427   -0.40552
 19      -0.06464   +0.02809   +0.02491  +0.14100   -0.19400
 20      -0.06952   +0.02815   +0.02485  +0.14100   -0.19400
 21      -0.00217   +0.18088   +0.17402  +0.06147   -0.41621
 22      +0.00648   +0.17677   +0.18056  +0.06052   -0.41774
];

% TIME 23

% DOT1   -   DOT2   -   DOT3   -   DOT4
driver(:,:,23) = [+0   +0   +0   +0
+0   +0   +0   +0
+9.290000e-01   +0   -2.120000e-01   -7.170000e-01
+3.000000e-03   +9.270000e-01   -2.120000e-01   -7.170000e-01
];

% MOL   -   VOUT   -   DOT1   -   DOT2   -   DOT3   -   DOT4
conf(:,:,23) = [ 1      +0.53296   +0.06457   +0.63927  -0.06297   -0.64113
 2      -0.52775   +0.78688   +0.02024  -0.16836   -0.63876
 3      +0.50568   +0.07338   +0.63810  -0.06666   -0.64482
 4      -0.40000   +0.69439   +0.03099  -0.09406   -0.63129
 5      +0.50203   +0.07180   +0.64058  -0.06806   -0.64433
 6      -0.40176   +0.69342   +0.03092  -0.09314   -0.63118
 7      +0.50394   +0.07293   +0.63899  -0.06723   -0.64469
 8      -0.40776   +0.69014   +0.03068  -0.09000   -0.63080
 9      -0.36959   +0.03179   +0.02300  +0.14415   -0.19873
 10      -0.52631   +0.03473   +0.02027  +0.15053   -0.20600
 11      -0.06666   +0.02812   +0.02488  +0.14100   -0.19400
 12      -0.07425   +0.02821   +0.02479  +0.14100   -0.19400
 13      -0.02559   +0.02762   +0.02538  +0.14100   -0.19400
 14      -0.02849   +0.02765   +0.02535  +0.14100   -0.19400
 15      +0.47899   +0.05825   +0.65973  -0.07808   -0.63991
 16      -0.54066   +0.81599   +0.01820  -0.19275   -0.64144
 17      +0.42481   +0.03891   +0.67277  -0.08148   -0.63020
 18      +0.11938   +0.23377   +0.40956  -0.01976   -0.62357
 19      -0.06755   +0.02813   +0.02487  +0.14100   -0.19400
 20      -0.07289   +0.02819   +0.02481  +0.14100   -0.19400
 21      +0.20766   +0.17968   +0.44972  -0.01246   -0.61695
 22      -0.34273   +0.63036   +0.04952  -0.05426   -0.62509
];

% TIME 24

% DOT1   -   DOT2   -   DOT3   -   DOT4
driver(:,:,24) = [+0   +0   +0   +0
+0   +0   +0   +0
+9.290000e-01   +0   -2.120000e-01   -7.170000e-01
+3.000000e-03   +9.270000e-01   -2.120000e-01   -7.170000e-01
];

% MOL   -   VOUT   -   DOT1   -   DOT2   -   DOT3   -   DOT4
conf(:,:,24) = [ 1      +0.56528   +0.05251   +0.75955  -0.13669   -0.67567
 2      -0.58436   +0.85585   +0.02745  -0.20342   -0.67988
 3      +0.50097   +0.09874   +0.72377  -0.14195   -0.68066
 4      -0.47983   +0.75516   +0.06510  -0.14720   -0.67306
 5      +0.48930   +0.10165   +0.72243  -0.14464   -0.67961
 6      -0.45177   +0.73325   +0.07744  -0.13855   -0.67214
 7      +0.50271   +0.09831   +0.72397  -0.14155   -0.68081
 8      -0.45677   +0.73319   +0.07545  -0.13672   -0.67192
 9      -0.41879   +0.03280   +0.02219  +0.14336   -0.19795
 10      -0.56907   +0.03552   +0.01988  +0.15193   -0.20818
 11      -0.07333   +0.02820   +0.02480  +0.14100   -0.19400
 12      -0.08045   +0.02829   +0.02471  +0.14100   -0.19400
 13      -0.02724   +0.02764   +0.02536  +0.14100   -0.19400
 14      -0.03000   +0.02767   +0.02533  +0.14100   -0.19400
 15      +0.41435   +0.12656   +0.69047  -0.14403   -0.67336
 16      -0.59387   +0.85574   +0.02608  -0.20196   -0.67986
 17      +0.45171   +0.11218   +0.71378  -0.14999   -0.67633
 18      +0.16384   +0.29382   +0.49090  -0.11666   -0.66856
 19      -0.06810   +0.02814   +0.02486  +0.14100   -0.19400
 20      -0.07338   +0.02820   +0.02480  +0.14100   -0.19400
 21      +0.17333   +0.28756   +0.49612  -0.11602   -0.66815
 22      -0.31589   +0.64594   +0.14345  -0.12029   -0.66910
];

% TIME 25

% DOT1   -   DOT2   -   DOT3   -   DOT4
driver(:,:,25) = [+0   +0   +0   +0
+0   +0   +0   +0
+9.290000e-01   +0   -2.120000e-01   -7.170000e-01
+3.000000e-03   +9.270000e-01   -2.120000e-01   -7.170000e-01
];

% MOL   -   VOUT   -   DOT1   -   DOT2   -   DOT3   -   DOT4
conf(:,:,25) = [ 1      +0.65896   +0.01702   +0.90948  -0.20951   -0.71700
 2      -0.65363   +0.90744   +0.01963  -0.21007   -0.71700
 3      +0.65644   +0.01727   +0.90930  -0.20957   -0.71700
 4      -0.65618   +0.90808   +0.01894  -0.21002   -0.71700
 5      +0.65550   +0.01736   +0.90923  -0.20959   -0.71700
 6      -0.65781   +0.90849   +0.01850  -0.20999   -0.71700
 7      +0.61103   +0.02605   +0.90173  -0.21079   -0.71700
 8      -0.66142   +0.90939   +0.01753  -0.20992   -0.71700
 9      -0.50065   +0.03442   +0.02058  +0.14650   -0.20134
 10      -0.61704   +0.03668   +0.01958  +0.14811   -0.20495
 11      -0.08261   +0.02831   +0.02469  +0.14100   -0.19400
 12      -0.08799   +0.02838   +0.02462  +0.14100   -0.19400
 13      -0.02955   +0.02766   +0.02534  +0.14100   -0.19400
 14      -0.03210   +0.02770   +0.02530  +0.14100   -0.19400
 15      +0.32416   +0.27257   +0.66377  -0.21834   -0.71800
 16      -0.66218   +0.90958   +0.01733  -0.20991   -0.71700
 17      +0.46137   +0.16891   +0.76449  -0.21638   -0.71768
 18      +0.19516   +0.36069   +0.57626  -0.21981   -0.71800
 19      -0.06893   +0.02815   +0.02485  +0.14100   -0.19400
 20      -0.07416   +0.02821   +0.02479  +0.14100   -0.19400
 21      +0.11054   +0.41934   +0.51686  -0.21915   -0.71800
 22      -0.20741   +0.63495   +0.30203  -0.21835   -0.71800
];

% TIME 26

% DOT1   -   DOT2   -   DOT3   -   DOT4
driver(:,:,26) = [+0   +0   +0   +0
+0   +0   +0   +0
+9.290000e-01   +0   -2.120000e-01   -7.170000e-01
+3.000000e-03   +9.270000e-01   -2.120000e-01   -7.170000e-01
];

% MOL   -   VOUT   -   DOT1   -   DOT2   -   DOT3   -   DOT4
conf(:,:,26) = [ 1      +0.65896   +0.01702   +0.90948  -0.20951   -0.71700
 2      -0.65363   +0.90744   +0.01963  -0.21007   -0.71700
 3      +0.65644   +0.01727   +0.90930  -0.20957   -0.71700
 4      -0.65618   +0.90808   +0.01894  -0.21002   -0.71700
 5      +0.65550   +0.01736   +0.90923  -0.20959   -0.71700
 6      -0.65781   +0.90849   +0.01850  -0.20999   -0.71700
 7      +0.61103   +0.02605   +0.90173  -0.21079   -0.71700
 8      -0.66142   +0.90939   +0.01753  -0.20992   -0.71700
 9      -0.50065   +0.03442   +0.02058  +0.14650   -0.20134
 10      -0.61704   +0.03668   +0.01958  +0.14811   -0.20495
 11      -0.08261   +0.02831   +0.02469  +0.14100   -0.19400
 12      -0.08799   +0.02838   +0.02462  +0.14100   -0.19400
 13      -0.02955   +0.02766   +0.02534  +0.14100   -0.19400
 14      -0.03210   +0.02770   +0.02530  +0.14100   -0.19400
 15      +0.32416   +0.27257   +0.66377  -0.21834   -0.71800
 16      -0.66218   +0.90958   +0.01733  -0.20991   -0.71700
 17      +0.46137   +0.16891   +0.76449  -0.21638   -0.71768
 18      +0.19516   +0.36069   +0.57626  -0.21981   -0.71800
 19      -0.06893   +0.02815   +0.02485  +0.14100   -0.19400
 20      -0.07416   +0.02821   +0.02479  +0.14100   -0.19400
 21      +0.11054   +0.41934   +0.51686  -0.21915   -0.71800
 22      -0.20741   +0.63495   +0.30203  -0.21835   -0.71800
];

% TIME 27

% DOT1   -   DOT2   -   DOT3   -   DOT4
driver(:,:,27) = [+0   +0   +0   +0
+0   +0   +0   +0
+9.290000e-01   +0   -2.120000e-01   -7.170000e-01
+3.000000e-03   +9.270000e-01   -2.120000e-01   -7.170000e-01
];

% MOL   -   VOUT   -   DOT1   -   DOT2   -   DOT3   -   DOT4
conf(:,:,27) = [ 1      +0.65962   +0.01696   +0.90953  -0.20949   -0.71700
 2      -0.65287   +0.90724   +0.01983  -0.21008   -0.71700
 3      +0.65769   +0.01715   +0.90939  -0.20954   -0.71700
 4      -0.65489   +0.90775   +0.01929  -0.21004   -0.71700
 5      +0.65858   +0.01706   +0.90946  -0.20951   -0.71700
 6      -0.65508   +0.90780   +0.01924  -0.21004   -0.71700
 7      +0.61966   +0.02275   +0.90476  -0.21051   -0.71700
 8      -0.65664   +0.90819   +0.01882  -0.21001   -0.71700
 9      -0.28528   +0.29709   +0.04686  +0.06373   -0.40679
 10      -0.44779   +0.34803   +0.02573  +0.03853   -0.41191
 11      -0.12771   +0.23370   +0.10700  +0.06513   -0.40574
 12      -0.17401   +0.26561   +0.08220  +0.05962   -0.40722
 13      -0.10179   +0.22345   +0.11661  +0.06613   -0.40596
 14      -0.12669   +0.23330   +0.10738  +0.06517   -0.40575
 15      +0.36828   +0.24220   +0.69339  -0.21781   -0.71800
 16      -0.66940   +0.91139   +0.01538  -0.20978   -0.71700
 17      +0.48221   +0.14669   +0.78617  -0.21586   -0.71743
 18      +0.17958   +0.37127   +0.56562  -0.21989   -0.71800
 19      -0.15919   +0.25357   +0.09117  +0.06189   -0.40650
 20      -0.18086   +0.27118   +0.07806  +0.05858   -0.40756
 21      +0.12234   +0.41113   +0.52516  -0.21926   -0.71800
 22      -0.21713   +0.64160   +0.29537  -0.21812   -0.71800
];

% TIME 28

% DOT1   -   DOT2   -   DOT3   -   DOT4
driver(:,:,28) = [+0   +0   +0   +0
+0   +0   +0   +0
+9.290000e-01   +0   -2.120000e-01   -7.170000e-01
+3.000000e-03   +9.270000e-01   -2.120000e-01   -7.170000e-01
];

% MOL   -   VOUT   -   DOT1   -   DOT2   -   DOT3   -   DOT4
conf(:,:,28) = [ 1      +0.65951   +0.01697   +0.90952  -0.20949   -0.71700
 2      -0.65293   +0.90726   +0.01982  -0.21008   -0.71700
 3      +0.65727   +0.01719   +0.90936  -0.20955   -0.71700
 4      -0.65522   +0.90784   +0.01920  -0.21004   -0.71700
 5      +0.65701   +0.01721   +0.90934  -0.20955   -0.71700
 6      -0.65623   +0.90809   +0.01893  -0.21002   -0.71700
 7      +0.60642   +0.02782   +0.90011  -0.21093   -0.71700
 8      -0.65876   +0.90872   +0.01825  -0.20997   -0.71700
 9      +0.21269   +0.17686   +0.45271  -0.01275   -0.61682
 10      -0.59478   +0.81876   +0.01643  -0.19247   -0.64272
 11      +0.25978   +0.15085   +0.48224  -0.01696   -0.61613
 12      -0.55714   +0.82527   +0.01718  -0.19992   -0.64253
 13      +0.16015   +0.20771   +0.42589  -0.01417   -0.61943
 14      -0.52656   +0.78419   +0.02043  -0.16611   -0.63852
 15      +0.70802   +0.01223   +0.91308  -0.20831   -0.71700
 16      -0.76624   +0.92267   +0.00367  -0.20933   -0.71700
 17      +0.63024   +0.01983   +0.90738  -0.21021   -0.71700
 18      +0.11801   +0.41415   +0.52211  -0.21922   -0.71800
 19      -0.09260   +0.41168   +0.21519  -0.00818   -0.61813
 20      -0.45757   +0.65480   +0.03000  -0.05803   -0.62677
 21      +0.17838   +0.37210   +0.56477  -0.21988   -0.71800
 22      -0.31936   +0.71149   +0.22331  -0.21780   -0.71780
];

% TIME 29

% DOT1   -   DOT2   -   DOT3   -   DOT4
driver(:,:,29) = [+0   +0   +0   +0
+0   +0   +0   +0
+9.290000e-01   +0   -2.120000e-01   -7.170000e-01
+3.000000e-03   +9.270000e-01   -2.120000e-01   -7.170000e-01
];

% MOL   -   VOUT   -   DOT1   -   DOT2   -   DOT3   -   DOT4
conf(:,:,29) = [ 1      +0.65948   +0.01697   +0.90952  -0.20949   -0.71700
 2      -0.65297   +0.90727   +0.01981  -0.21008   -0.71700
 3      +0.65723   +0.01719   +0.90936  -0.20955   -0.71700
 4      -0.65528   +0.90785   +0.01919  -0.21004   -0.71700
 5      +0.65721   +0.01719   +0.90936  -0.20955   -0.71700
 6      -0.65622   +0.90809   +0.01893  -0.21002   -0.71700
 7      +0.61327   +0.02519   +0.90252  -0.21072   -0.71700
 8      -0.65912   +0.90881   +0.01815  -0.20996   -0.71700
 9      +0.27032   +0.22612   +0.55869  -0.11766   -0.66719
 10      -0.59398   +0.85574   +0.02606  -0.20194   -0.67986
 11      +0.27367   +0.22344   +0.56122  -0.11744   -0.66725
 12      -0.56244   +0.85416   +0.03103  -0.20541   -0.67979
 13      +0.16196   +0.29506   +0.48987  -0.11679   -0.66864
 14      -0.52428   +0.82086   +0.04393  -0.18727   -0.67752
 15      +0.74780   +0.00836   +0.91599  -0.20734   -0.71700
 16      -0.74570   +0.92237   +0.00385  -0.20921   -0.71700
 17      +0.63655   +0.01921   +0.90784  -0.21005   -0.71700
 18      +0.12275   +0.41084   +0.52545  -0.21926   -0.71800
 19      -0.10573   +0.49380   +0.28856  -0.11452   -0.66792
 20      -0.48916   +0.76872   +0.06066  -0.15542   -0.67397
 21      +0.16830   +0.37912   +0.55763  -0.21975   -0.71800
 22      -0.29370   +0.69399   +0.24123  -0.21800   -0.71800
];

% TIME 30

% DOT1   -   DOT2   -   DOT3   -   DOT4
driver(:,:,30) = [+0   +0   +0   +0
+0   +0   +0   +0
+9.290000e-01   +0   -2.120000e-01   -7.170000e-01
+3.000000e-03   +9.270000e-01   -2.120000e-01   -7.170000e-01
];

% MOL   -   VOUT   -   DOT1   -   DOT2   -   DOT3   -   DOT4
conf(:,:,30) = [ 1      +0.65944   +0.01697   +0.90952  -0.20949   -0.71700
 2      -0.65301   +0.90728   +0.01980  -0.21008   -0.71700
 3      +0.65716   +0.01720   +0.90935  -0.20955   -0.71700
 4      -0.65535   +0.90787   +0.01917  -0.21003   -0.71700
 5      +0.65730   +0.01718   +0.90936  -0.20955   -0.71700
 6      -0.65630   +0.90811   +0.01891  -0.21002   -0.71700
 7      +0.61945   +0.02283   +0.90469  -0.21052   -0.71700
 8      -0.65954   +0.90892   +0.01804  -0.20996   -0.71700
 9      +0.32973   +0.26870   +0.66758  -0.21828   -0.71800
 10      -0.59953   +0.89387   +0.03419  -0.21106   -0.71700
 11      +0.29719   +0.29133   +0.64533  -0.21867   -0.71800
 12      -0.57883   +0.88843   +0.04001  -0.21144   -0.71700
 13      +0.18134   +0.37004   +0.56687  -0.21991   -0.71800
 14      -0.54670   +0.87925   +0.04981  -0.21206   -0.71700
 15      +0.78686   +0.00672   +0.91776  -0.20748   -0.71700
 16      -0.72385   +0.92150   +0.00464  -0.20914   -0.71700
 17      +0.64288   +0.01859   +0.90830  -0.20990   -0.71700
 18      +0.12766   +0.40743   +0.52890  -0.21930   -0.71800
 19      -0.10651   +0.56669   +0.37071  -0.21999   -0.71800
 20      -0.53668   +0.87217   +0.05719  -0.21236   -0.71700
 21      +0.15666   +0.38723   +0.54938  -0.21961   -0.71800
 22      -0.26502   +0.67436   +0.26155  -0.21800   -0.71800
];

% TIME 31

% DOT1   -   DOT2   -   DOT3   -   DOT4
driver(:,:,31) = [+0   +0   +0   +0
+0   +0   +0   +0
+9.290000e-01   +0   -2.120000e-01   -7.170000e-01
+3.000000e-03   +9.270000e-01   -2.120000e-01   -7.170000e-01
];

% MOL   -   VOUT   -   DOT1   -   DOT2   -   DOT3   -   DOT4
conf(:,:,31) = [ 1      +0.65944   +0.01697   +0.90952  -0.20949   -0.71700
 2      -0.65301   +0.90728   +0.01980  -0.21008   -0.71700
 3      +0.65716   +0.01720   +0.90935  -0.20955   -0.71700
 4      -0.65535   +0.90787   +0.01917  -0.21003   -0.71700
 5      +0.65730   +0.01718   +0.90936  -0.20955   -0.71700
 6      -0.65630   +0.90811   +0.01891  -0.21002   -0.71700
 7      +0.61945   +0.02283   +0.90469  -0.21052   -0.71700
 8      -0.65954   +0.90892   +0.01804  -0.20996   -0.71700
 9      +0.32973   +0.26870   +0.66758  -0.21828   -0.71800
 10      -0.59953   +0.89387   +0.03419  -0.21106   -0.71700
 11      +0.29719   +0.29133   +0.64533  -0.21867   -0.71800
 12      -0.57883   +0.88843   +0.04001  -0.21144   -0.71700
 13      +0.18134   +0.37004   +0.56687  -0.21991   -0.71800
 14      -0.54670   +0.87925   +0.04981  -0.21206   -0.71700
 15      +0.78686   +0.00672   +0.91776  -0.20748   -0.71700
 16      -0.72385   +0.92150   +0.00464  -0.20914   -0.71700
 17      +0.64288   +0.01859   +0.90830  -0.20990   -0.71700
 18      +0.12766   +0.40743   +0.52890  -0.21930   -0.71800
 19      -0.10651   +0.56669   +0.37071  -0.21999   -0.71800
 20      -0.53668   +0.87217   +0.05719  -0.21236   -0.71700
 21      +0.15666   +0.38723   +0.54938  -0.21961   -0.71800
 22      -0.26502   +0.67436   +0.26155  -0.21800   -0.71800
];

% TIME 32

% DOT1   -   DOT2   -   DOT3   -   DOT4
driver(:,:,32) = [+0   +0   +0   +0
+0   +0   +0   +0
+9.290000e-01   +0   -2.120000e-01   -7.170000e-01
+3.000000e-03   +9.270000e-01   -2.120000e-01   -7.170000e-01
];

% MOL   -   VOUT   -   DOT1   -   DOT2   -   DOT3   -   DOT4
conf(:,:,32) = [ 1      +0.61553   +0.02538   +0.79705  -0.14966   -0.67318
 2      -0.60344   +0.85548   +0.02473  -0.20038   -0.67983
 3      +0.61677   +0.02499   +0.79802  -0.15024   -0.67319
 4      -0.55928   +0.85392   +0.03155  -0.20569   -0.67977
 5      +0.61725   +0.02484   +0.79840  -0.15046   -0.67319
 6      -0.55962   +0.85394   +0.03150  -0.20566   -0.67977
 7      +0.58525   +0.03531   +0.77334  -0.13596   -0.67311
 8      -0.55125   +0.85330   +0.03286  -0.20642   -0.67974
 9      +0.35802   +0.24920   +0.68660  -0.21794   -0.71800
 10      -0.57242   +0.88660   +0.04197  -0.21157   -0.71700
 11      +0.31618   +0.27813   +0.65831  -0.21844   -0.71800
 12      -0.57721   +0.88797   +0.04050  -0.21148   -0.71700
 13      +0.19229   +0.36263   +0.57431  -0.21983   -0.71800
 14      -0.54781   +0.87957   +0.04947  -0.21204   -0.71700
 15      +0.79378   +0.01039   +0.89915  -0.23021   -0.67933
 16      -0.59669   +0.85567   +0.02568  -0.20149   -0.67985
 17      +0.57254   +0.04626   +0.76456  -0.13643   -0.67474
 18      +0.17606   +0.28576   +0.49762  -0.11584   -0.66804
 19      -0.10111   +0.56312   +0.37434  -0.22000   -0.71800
 20      -0.53736   +0.87270   +0.05664  -0.21234   -0.71700
 21      +0.18095   +0.28253   +0.50031  -0.11551   -0.66783
 22      -0.27993   +0.62449   +0.16131  -0.11667   -0.66899
];

% TIME 33

% DOT1   -   DOT2   -   DOT3   -   DOT4
driver(:,:,33) = [+0   +0   +0   +0
+0   +0   +0   +0
+9.290000e-01   +0   -2.120000e-01   -7.170000e-01
+3.000000e-03   +9.270000e-01   -2.120000e-01   -7.170000e-01
];

% MOL   -   VOUT   -   DOT1   -   DOT2   -   DOT3   -   DOT4
conf(:,:,33) = [ 1      +0.53321   +0.06449   +0.63928  -0.06294   -0.64109
 2      -0.52730   +0.78587   +0.02031  -0.16751   -0.63867
 3      +0.50768   +0.07273   +0.63818  -0.06639   -0.64455
 4      -0.39954   +0.69464   +0.03101  -0.09431   -0.63132
 5      +0.50671   +0.07305   +0.63814  -0.06652   -0.64468
 6      -0.39879   +0.69505   +0.03104  -0.09469   -0.63137
 7      +0.50151   +0.07150   +0.64101  -0.06828   -0.64423
 8      -0.40131   +0.69367   +0.03094  -0.09338   -0.63121
 9      +0.27583   +0.30610   +0.63077  -0.21893   -0.71800
 10      -0.39249   +0.76196   +0.17183  -0.21679   -0.71704
 11      +0.19499   +0.36080   +0.57614  -0.21981   -0.71800
 12      -0.40312   +0.77002   +0.16346  -0.21648   -0.71702
 13      +0.06489   +0.45114   +0.48588  -0.21951   -0.71800
 14      -0.39643   +0.76495   +0.16873  -0.21668   -0.71703
 15      +0.75111   +0.01410   +0.89420  -0.26426   -0.64412
 16      -0.42426   +0.68110   +0.03000  -0.08136   -0.62974
 17      +0.51671   +0.06982   +0.63857  -0.06517   -0.64333
 18      +0.22058   +0.17242   +0.45740  -0.01320   -0.61663
 19      -0.18232   +0.61778   +0.31922  -0.21894   -0.71800
 20      -0.44548   +0.80230   +0.12990  -0.21520   -0.71700
 21      +0.20044   +0.18374   +0.44543  -0.01205   -0.61712
 22      -0.31486   +0.58094   +0.06162  -0.02153   -0.62018
];

% TIME 34

% DOT1   -   DOT2   -   DOT3   -   DOT4
driver(:,:,34) = [+0   +0   +0   +0
+0   +0   +0   +0
+9.290000e-01   +0   -2.120000e-01   -7.170000e-01
+3.000000e-03   +9.270000e-01   -2.120000e-01   -7.170000e-01
];

% MOL   -   VOUT   -   DOT1   -   DOT2   -   DOT3   -   DOT4
conf(:,:,34) = [ 1      +0.09967   +0.13647   +0.21415  +0.05941   -0.41003
 2      -0.35464   +0.34154   +0.03367  +0.03761   -0.41243
 3      +0.02114   +0.16983   +0.19125  +0.05901   -0.42007
 4      -0.03090   +0.19446   +0.15265  +0.06450   -0.41128
 5      +0.01198   +0.17415   +0.18472  +0.05992   -0.41871
 6      -0.01017   +0.18470   +0.16796  +0.06235   -0.41479
 7      +0.04800   +0.15834   +0.19985  +0.05896   -0.41714
 8      -0.00379   +0.18166   +0.17278  +0.06165   -0.41592
 9      +0.13649   +0.40127   +0.53512  -0.21938   -0.71800
 10      +0.09722   +0.42862   +0.50761  -0.21912   -0.71800
 11      +0.00409   +0.49297   +0.44503  -0.22000   -0.71800
 12      -0.04063   +0.52299   +0.41499  -0.22000   -0.71800
 13      -0.10437   +0.56527   +0.37215  -0.21999   -0.71800
 14      -0.14180   +0.59006   +0.34694  -0.21993   -0.71800
 15      +0.25634   +0.08887   +0.25444  +0.06177   -0.40509
 16      +0.24382   +0.09231   +0.25039  +0.06246   -0.40516
 17      +0.28434   +0.07721   +0.26554  +0.06270   -0.40545
 18      +0.29081   +0.07425   +0.26824  +0.06308   -0.40557
 19      -0.28299   +0.68666   +0.24882  -0.21800   -0.71800
 20      -0.30600   +0.70239   +0.23257  -0.21796   -0.71796
 21      -0.00006   +0.17988   +0.17561  +0.06124   -0.41658
 22      +0.05222   +0.15653   +0.20120  +0.05895   -0.41668
];

% TIME 35

% DOT1   -   DOT2   -   DOT3   -   DOT4
driver(:,:,35) = [+0   +0   +0   +0
+0   +0   +0   +0
+9.290000e-01   +0   -2.120000e-01   -7.170000e-01
+3.000000e-03   +9.270000e-01   -2.120000e-01   -7.170000e-01
];

% MOL   -   VOUT   -   DOT1   -   DOT2   -   DOT3   -   DOT4
conf(:,:,35) = [ 1      -0.04323   +0.02783   +0.02517  +0.14100   -0.19400
 2      -0.32212   +0.03123   +0.02300  +0.14192   -0.19538
 3      -0.00012   +0.02731   +0.02569  +0.14100   -0.19400
 4      -0.00909   +0.02741   +0.02559  +0.14100   -0.19400
 5      +0.01507   +0.02712   +0.02588  +0.14100   -0.19400
 6      +0.00549   +0.02724   +0.02576  +0.14100   -0.19400
 7      +0.15906   +0.02536   +0.02764  +0.14100   -0.19400
 8      +0.04421   +0.02676   +0.02624  +0.14100   -0.19400
 9      +0.20824   +0.35184   +0.58513  -0.21970   -0.71800
 10      +0.19256   +0.36245   +0.57449  -0.21983   -0.71800
 11      +0.03254   +0.47359   +0.46414  -0.21987   -0.71800
 12      +0.01290   +0.48705   +0.45095  -0.22000   -0.71800
 13      -0.09344   +0.55805   +0.37950  -0.22000   -0.71800
 14      -0.11176   +0.57017   +0.36717  -0.21998   -0.71800
 15      +0.42821   +0.02229   +0.03257  +0.14079   -0.19403
 16      +0.42186   +0.02237   +0.03244  +0.14081   -0.19400
 17      +0.14635   +0.02552   +0.02748  +0.14100   -0.19400
 18      +0.14944   +0.02548   +0.02752  +0.14100   -0.19400
 19      -0.27928   +0.68412   +0.25145  -0.21800   -0.71800
 20      -0.29163   +0.69257   +0.24270  -0.21800   -0.71800
 21      +0.04483   +0.02676   +0.02624  +0.14100   -0.19400
 22      +0.16464   +0.02529   +0.02771  +0.14100   -0.19400
];

% TIME 36

% DOT1   -   DOT2   -   DOT3   -   DOT4
driver(:,:,36) = [+0   +0   +0   +0
+0   +0   +0   +0
+9.290000e-01   +0   -2.120000e-01   -7.170000e-01
+3.000000e-03   +9.270000e-01   -2.120000e-01   -7.170000e-01
];

% MOL   -   VOUT   -   DOT1   -   DOT2   -   DOT3   -   DOT4
conf(:,:,36) = [ 1      -0.04323   +0.02783   +0.02517  +0.14100   -0.19400
 2      -0.32212   +0.03123   +0.02300  +0.14192   -0.19538
 3      -0.00012   +0.02731   +0.02569  +0.14100   -0.19400
 4      -0.00909   +0.02741   +0.02559  +0.14100   -0.19400
 5      +0.01507   +0.02712   +0.02588  +0.14100   -0.19400
 6      +0.00549   +0.02724   +0.02576  +0.14100   -0.19400
 7      +0.15907   +0.02536   +0.02764  +0.14100   -0.19400
 8      +0.04421   +0.02676   +0.02624  +0.14100   -0.19400
 9      +0.20823   +0.35185   +0.58512  -0.21970   -0.71800
 10      +0.19257   +0.36244   +0.57450  -0.21983   -0.71800
 11      +0.03252   +0.47361   +0.46413  -0.21987   -0.71800
 12      +0.01292   +0.48704   +0.45096  -0.22000   -0.71800
 13      -0.09346   +0.55807   +0.37948  -0.22000   -0.71800
 14      -0.11174   +0.57015   +0.36719  -0.21998   -0.71800
 15      +0.42820   +0.02229   +0.03257  +0.14079   -0.19403
 16      +0.42186   +0.02237   +0.03244  +0.14081   -0.19400
 17      +0.14635   +0.02552   +0.02748  +0.14100   -0.19400
 18      +0.14944   +0.02548   +0.02752  +0.14100   -0.19400
 19      -0.27930   +0.68413   +0.25144  -0.21800   -0.71800
 20      -0.29162   +0.69256   +0.24271  -0.21800   -0.71800
 21      +0.04483   +0.02676   +0.02624  +0.14100   -0.19400
 22      +0.16464   +0.02529   +0.02771  +0.14100   -0.19400
];

% TIME 37

% DOT1   -   DOT2   -   DOT3   -   DOT4
driver(:,:,37) = [+0   +0   +0   +0
+0   +0   +0   +0
+9.290000e-01   +0   -2.120000e-01   -7.170000e-01
+3.000000e-03   +9.270000e-01   -2.120000e-01   -7.170000e-01
];

% MOL   -   VOUT   -   DOT1   -   DOT2   -   DOT3   -   DOT4
conf(:,:,37) = [ 1      -0.04315   +0.02783   +0.02517  +0.14100   -0.19400
 2      -0.32202   +0.03123   +0.02300  +0.14192   -0.19538
 3      -0.00038   +0.02731   +0.02569  +0.14100   -0.19400
 4      -0.00910   +0.02742   +0.02558  +0.14100   -0.19400
 5      +0.01234   +0.02715   +0.02585  +0.14100   -0.19400
 6      +0.00458   +0.02725   +0.02575  +0.14100   -0.19400
 7      +0.12435   +0.02578   +0.02722  +0.14100   -0.19400
 8      +0.03525   +0.02687   +0.02613  +0.14100   -0.19400
 9      +0.29891   +0.20330   +0.58020  -0.11578   -0.66772
 10      +0.01784   +0.39968   +0.40333  -0.12122   -0.68175
 11      +0.27329   +0.22375   +0.56093  -0.11747   -0.66725
 12      -0.23273   +0.61331   +0.18296  -0.12486   -0.67098
 13      +0.16013   +0.29627   +0.48886  -0.11691   -0.66872
 14      -0.35347   +0.69206   +0.12226  -0.14213   -0.67219
 15      +0.39880   +0.02291   +0.03163  +0.14054   -0.19400
 16      +0.33836   +0.02417   +0.02983  +0.14000   -0.19400
 17      +0.13991   +0.02559   +0.02741  +0.14100   -0.19400
 18      +0.14042   +0.02559   +0.02741  +0.14100   -0.19400
 19      -0.09274   +0.48468   +0.29754  -0.11409   -0.66806
 20      -0.41377   +0.73247   +0.09275  -0.15151   -0.67371
 21      +0.04453   +0.02676   +0.02624  +0.14100   -0.19400
 22      +0.16074   +0.02534   +0.02766  +0.14100   -0.19400
];

% TIME 38

% DOT1   -   DOT2   -   DOT3   -   DOT4
driver(:,:,38) = [+0   +0   +0   +0
+0   +0   +0   +0
+9.290000e-01   +0   -2.120000e-01   -7.170000e-01
+3.000000e-03   +9.270000e-01   -2.120000e-01   -7.170000e-01
];

% MOL   -   VOUT   -   DOT1   -   DOT2   -   DOT3   -   DOT4
conf(:,:,38) = [ 1      -0.04307   +0.02783   +0.02517  +0.14100   -0.19400
 2      -0.32195   +0.03123   +0.02300  +0.14191   -0.19537
 3      -0.00037   +0.02731   +0.02569  +0.14100   -0.19400
 4      -0.00902   +0.02741   +0.02559  +0.14100   -0.19400
 5      +0.01051   +0.02718   +0.02582  +0.14100   -0.19400
 6      +0.00424   +0.02725   +0.02575  +0.14100   -0.19400
 7      +0.08294   +0.02629   +0.02671  +0.14100   -0.19400
 8      +0.02662   +0.02698   +0.02602  +0.14100   -0.19400
 9      +0.44704   +0.04499   +0.67215  -0.08306   -0.63408
 10      -0.14581   +0.45631   +0.17452  -0.01314   -0.61769
 11      +0.42672   +0.03943   +0.67272  -0.08161   -0.63053
 12      -0.40320   +0.69264   +0.03086  -0.09239   -0.63109
 13      +0.26708   +0.14525   +0.48771  -0.01671   -0.61626
 14      -0.44379   +0.66568   +0.03000  -0.06768   -0.62800
 15      +0.40366   +0.02280   +0.03180  +0.14060   -0.19400
 16      +0.24508   +0.02500   +0.02869  +0.14031   -0.19400
 17      +0.13748   +0.02562   +0.02738  +0.14100   -0.19400
 18      +0.13452   +0.02566   +0.02734  +0.14100   -0.19400
 19      -0.01322   +0.34484   +0.30575  -0.01562   -0.63450
 20      -0.43897   +0.66948   +0.03000  -0.07106   -0.62843
 21      +0.04733   +0.02673   +0.02627  +0.14100   -0.19400
 22      +0.17264   +0.02519   +0.02781  +0.14100   -0.19400
];

% TIME 39

% DOT1   -   DOT2   -   DOT3   -   DOT4
driver(:,:,39) = [+0   +0   +0   +0
+0   +0   +0   +0
+9.290000e-01   +0   -2.120000e-01   -7.170000e-01
+3.000000e-03   +9.270000e-01   -2.120000e-01   -7.170000e-01
];

% MOL   -   VOUT   -   DOT1   -   DOT2   -   DOT3   -   DOT4
conf(:,:,39) = [ 1      -0.04317   +0.02783   +0.02517  +0.14100   -0.19400
 2      -0.32205   +0.03123   +0.02300  +0.14192   -0.19538
 3      -0.00053   +0.02731   +0.02569  +0.14100   -0.19400
 4      -0.00913   +0.02742   +0.02558  +0.14100   -0.19400
 5      +0.00921   +0.02719   +0.02581  +0.14100   -0.19400
 6      +0.00384   +0.02726   +0.02574  +0.14100   -0.19400
 7      +0.06482   +0.02651   +0.02649  +0.14100   -0.19400
 8      +0.02196   +0.02704   +0.02596  +0.14100   -0.19400
 9      +0.06458   +0.15127   +0.20493  +0.05898   -0.41518
 10      +0.06372   +0.15163   +0.20470  +0.05897   -0.41531
 11      -0.00352   +0.18153   +0.17299  +0.06162   -0.41597
 12      -0.01058   +0.18489   +0.16765  +0.06240   -0.41472
 13      -0.04409   +0.20062   +0.14313  +0.06578   -0.40914
 14      -0.05455   +0.20550   +0.13559  +0.06680   -0.40744
 15      +0.15471   +0.02541   +0.02759  +0.14100   -0.19400
 16      +0.15511   +0.02541   +0.02759  +0.14100   -0.19400
 17      +0.11392   +0.02591   +0.02709  +0.14100   -0.19400
 18      +0.11743   +0.02587   +0.02713  +0.14100   -0.19400
 19      -0.14084   +0.23890   +0.10213  +0.06462   -0.40563
 20      -0.15624   +0.25117   +0.09295  +0.06234   -0.40635
 21      +0.01940   +0.02707   +0.02593  +0.14100   -0.19400
 22      +0.06327   +0.02653   +0.02647  +0.14100   -0.19400
];

% TIME 40

% DOT1   -   DOT2   -   DOT3   -   DOT4
driver(:,:,40) = [+0   +0   +0   +0
+0   +0   +0   +0
+9.290000e-01   +0   -2.120000e-01   -7.170000e-01
+3.000000e-03   +9.270000e-01   -2.120000e-01   -7.170000e-01
];

% MOL   -   VOUT   -   DOT1   -   DOT2   -   DOT3   -   DOT4
conf(:,:,40) = [ 1      -0.04353   +0.02784   +0.02516  +0.14100   -0.19400
 2      -0.32229   +0.03123   +0.02300  +0.14193   -0.19539
 3      -0.00164   +0.02732   +0.02568  +0.14100   -0.19400
 4      -0.00972   +0.02742   +0.02558  +0.14100   -0.19400
 5      +0.00364   +0.02726   +0.02574  +0.14100   -0.19400
 6      +0.00154   +0.02729   +0.02571  +0.14100   -0.19400
 7      +0.00768   +0.02721   +0.02579  +0.14100   -0.19400
 8      +0.00570   +0.02723   +0.02577  +0.14100   -0.19400
 9      -0.03538   +0.02774   +0.02526  +0.14100   -0.19400
 10      -0.03432   +0.02772   +0.02528  +0.14100   -0.19400
 11      -0.00960   +0.02742   +0.02558  +0.14100   -0.19400
 12      -0.01061   +0.02743   +0.02557  +0.14100   -0.19400
 13      -0.01037   +0.02743   +0.02557  +0.14100   -0.19400
 14      -0.01146   +0.02744   +0.02556  +0.14100   -0.19400
 15      +0.00804   +0.02721   +0.02579  +0.14100   -0.19400
 16      +0.00858   +0.02720   +0.02580  +0.14100   -0.19400
 17      +0.09725   +0.02612   +0.02688  +0.14100   -0.19400
 18      +0.10063   +0.02607   +0.02693  +0.14100   -0.19400
 19      -0.06183   +0.02806   +0.02494  +0.14100   -0.19400
 20      -0.06646   +0.02812   +0.02488  +0.14100   -0.19400
 21      +0.00377   +0.02726   +0.02574  +0.14100   -0.19400
 22      +0.00635   +0.02723   +0.02577  +0.14100   -0.19400
];

% TIME 41

% DOT1   -   DOT2   -   DOT3   -   DOT4
driver(:,:,41) = [+0   +0   +0   +0
+0   +0   +0   +0
+4.957165e-01   +4.422835e-01   -2.200000e-01   -7.180000e-01
+4.957165e-01   +4.422835e-01   -2.200000e-01   -7.180000e-01
];

% MOL   -   VOUT   -   DOT1   -   DOT2   -   DOT3   -   DOT4
conf(:,:,41) = [ 1      +0.00709   +0.02722   +0.02578  +0.14100   -0.19400
 2      +0.02792   +0.02696   +0.02604  +0.14100   -0.19400
 3      +0.00366   +0.02726   +0.02574  +0.14100   -0.19400
 4      +0.00415   +0.02725   +0.02575  +0.14100   -0.19400
 5      +0.00495   +0.02724   +0.02576  +0.14100   -0.19400
 6      +0.00401   +0.02726   +0.02574  +0.14100   -0.19400
 7      +0.00815   +0.02720   +0.02580  +0.14100   -0.19400
 8      +0.00647   +0.02722   +0.02578  +0.14100   -0.19400
 9      -0.03520   +0.02773   +0.02527  +0.14100   -0.19400
 10      -0.03407   +0.02772   +0.02528  +0.14100   -0.19400
 11      -0.00952   +0.02742   +0.02558  +0.14100   -0.19400
 12      -0.01052   +0.02743   +0.02557  +0.14100   -0.19400
 13      -0.01037   +0.02743   +0.02557  +0.14100   -0.19400
 14      -0.01149   +0.02744   +0.02556  +0.14100   -0.19400
 15      +0.00826   +0.02720   +0.02580  +0.14100   -0.19400
 16      +0.00890   +0.02720   +0.02580  +0.14100   -0.19400
 17      +0.09742   +0.02611   +0.02689  +0.14100   -0.19400
 18      +0.10087   +0.02607   +0.02693  +0.14100   -0.19400
 19      -0.06187   +0.02806   +0.02494  +0.14100   -0.19400
 20      -0.06653   +0.02812   +0.02488  +0.14100   -0.19400
 21      +0.00389   +0.02726   +0.02574  +0.14100   -0.19400
 22      +0.00651   +0.02722   +0.02578  +0.14100   -0.19400
];

% TIME 42

% DOT1   -   DOT2   -   DOT3   -   DOT4
driver(:,:,42) = [+0   +0   +0   +0
+0   +0   +0   +0
+4.957165e-01   +4.422835e-01   -2.200000e-01   -7.180000e-01
+4.957165e-01   +4.422835e-01   -2.200000e-01   -7.180000e-01
];

% MOL   -   VOUT   -   DOT1   -   DOT2   -   DOT3   -   DOT4
conf(:,:,42) = [ 1      -0.01062   +0.18491   +0.16762  +0.06240   -0.41471
 2      +0.03381   +0.16441   +0.19531  +0.05899   -0.41869
 3      -0.00145   +0.18054   +0.17456  +0.06139   -0.41634
 4      +0.00965   +0.17526   +0.18296  +0.06018   -0.41830
 5      +0.00341   +0.17823   +0.17824  +0.06086   -0.41720
 6      +0.00349   +0.17819   +0.17830  +0.06085   -0.41721
 7      +0.00674   +0.17665   +0.18076  +0.06050   -0.41779
 8      -0.00105   +0.18035   +0.17486  +0.06135   -0.41641
 9      -0.22511   +0.03005   +0.02395  +0.14100   -0.19400
 10      -0.22621   +0.03007   +0.02393  +0.14100   -0.19400
 11      -0.03685   +0.02775   +0.02525  +0.14100   -0.19400
 12      -0.03935   +0.02778   +0.02522  +0.14100   -0.19400
 13      -0.01776   +0.02752   +0.02548  +0.14100   -0.19400
 14      -0.01948   +0.02754   +0.02546  +0.14100   -0.19400
 15      -0.04077   +0.19907   +0.14553  +0.06546   -0.40968
 16      -0.03792   +0.19774   +0.14759  +0.06518   -0.41014
 17      +0.19503   +0.10592   +0.23514  +0.06456   -0.40563
 18      +0.20392   +0.10341   +0.23784  +0.06426   -0.40552
 19      -0.06464   +0.02809   +0.02491  +0.14100   -0.19400
 20      -0.06954   +0.02815   +0.02485  +0.14100   -0.19400
 21      -0.00231   +0.18095   +0.17391  +0.06149   -0.41618
 22      +0.00680   +0.17662   +0.18080  +0.06049   -0.41780
];

% TIME 43

% DOT1   -   DOT2   -   DOT3   -   DOT4
driver(:,:,43) = [+0   +0   +0   +0
+0   +0   +0   +0
+4.957165e-01   +4.422835e-01   -2.200000e-01   -7.180000e-01
+4.957165e-01   +4.422835e-01   -2.200000e-01   -7.180000e-01
];

% MOL   -   VOUT   -   DOT1   -   DOT2   -   DOT3   -   DOT4
conf(:,:,43) = [ 1      -0.35872   +0.65870   +0.04257  -0.07302   -0.62790
 2      +0.25407   +0.15399   +0.47861  -0.01640   -0.61620
 3      -0.45222   +0.65902   +0.03000  -0.06178   -0.62724
 4      +0.47198   +0.05412   +0.66556  -0.08113   -0.63856
 5      -0.46036   +0.65259   +0.03000  -0.05607   -0.62652
 6      +0.46221   +0.04914   +0.67173  -0.08414   -0.63673
 7      -0.45490   +0.65690   +0.03000  -0.05990   -0.62701
 8      +0.45850   +0.04813   +0.67183  -0.08388   -0.63608
 9      -0.51868   +0.03464   +0.02036  +0.14932   -0.20460
 10      -0.37278   +0.03183   +0.02300  +0.14430   -0.19895
 11      -0.06876   +0.02814   +0.02486  +0.14100   -0.19400
 12      -0.06970   +0.02816   +0.02484  +0.14100   -0.19400
 13      -0.02580   +0.02762   +0.02538  +0.14100   -0.19400
 14      -0.02763   +0.02764   +0.02536  +0.14100   -0.19400
 15      -0.57225   +0.82328   +0.01684  -0.19746   -0.64266
 16      +0.48043   +0.05909   +0.65854  -0.07745   -0.64018
 17      +0.11692   +0.23537   +0.40856  -0.02008   -0.62385
 18      +0.43315   +0.04119   +0.67254  -0.08207   -0.63166
 19      -0.06757   +0.02813   +0.02487  +0.14100   -0.19400
 20      -0.07255   +0.02819   +0.02481  +0.14100   -0.19400
 21      -0.23191   +0.57452   +0.08166  -0.03201   -0.62404
 22      +0.46401   +0.04963   +0.67168  -0.08427   -0.63704
];

% TIME 44

% DOT1   -   DOT2   -   DOT3   -   DOT4
driver(:,:,44) = [+0   +0   +0   +0
+0   +0   +0   +0
+4.957165e-01   +4.422835e-01   -2.200000e-01   -7.180000e-01
+4.957165e-01   +4.422835e-01   -2.200000e-01   -7.180000e-01
];

% MOL   -   VOUT   -   DOT1   -   DOT2   -   DOT3   -   DOT4
conf(:,:,44) = [ 1      -0.31881   +0.64952   +0.14180  -0.12198   -0.66934
 2      +0.20984   +0.26461   +0.51861  -0.11614   -0.66745
 3      -0.44766   +0.73330   +0.07908  -0.14005   -0.67233
 4      +0.44308   +0.11509   +0.70992  -0.14977   -0.67561
 5      -0.45382   +0.73323   +0.07662  -0.13780   -0.67205
 6      +0.48804   +0.10196   +0.72229  -0.14493   -0.67950
 7      -0.46769   +0.73753   +0.07086  -0.13652   -0.67187
 8      +0.48778   +0.10203   +0.72226  -0.14499   -0.67948
 9      -0.56381   +0.03540   +0.01991  +0.15230   -0.20847
 10      -0.42336   +0.03291   +0.02209  +0.14317   -0.19772
 11      -0.07645   +0.02824   +0.02476  +0.14100   -0.19400
 12      -0.07833   +0.02826   +0.02474  +0.14100   -0.19400
 13      -0.02794   +0.02765   +0.02535  +0.14100   -0.19400
 14      -0.03008   +0.02767   +0.02533  +0.14100   -0.19400
 15      -0.60335   +0.85548   +0.02474  -0.20039   -0.67983
 16      +0.47056   +0.10633   +0.72027  -0.14895   -0.67793
 17      +0.15147   +0.30198   +0.48410  -0.11749   -0.66909
 18      +0.47134   +0.10613   +0.72036  -0.14877   -0.67800
 19      -0.06841   +0.02814   +0.02486  +0.14100   -0.19400
 20      -0.07350   +0.02820   +0.02480  +0.14100   -0.19400
 21      -0.21497   +0.60279   +0.19451  -0.12579   -0.67110
 22      +0.42456   +0.12136   +0.70160  -0.14930   -0.67408
];

% TIME 45

% DOT1   -   DOT2   -   DOT3   -   DOT4
driver(:,:,45) = [+0   +0   +0   +0
+0   +0   +0   +0
+4.957165e-01   +4.422835e-01   -2.200000e-01   -7.180000e-01
+4.957165e-01   +4.422835e-01   -2.200000e-01   -7.180000e-01
];

% MOL   -   VOUT   -   DOT1   -   DOT2   -   DOT3   -   DOT4
conf(:,:,45) = [ 1      -0.44084   +0.79875   +0.13360  -0.21534   -0.71700
 2      +0.26010   +0.31693   +0.62007  -0.21913   -0.71800
 3      -0.65401   +0.90753   +0.01953  -0.21006   -0.71700
 4      +0.58907   +0.03446   +0.89402  -0.21148   -0.71700
 5      -0.66156   +0.90942   +0.01750  -0.20992   -0.71700
 6      +0.65366   +0.01754   +0.90910  -0.20963   -0.71700
 7      -0.66152   +0.90941   +0.01751  -0.20992   -0.71700
 8      +0.65200   +0.01770   +0.90897  -0.20968   -0.71700
 9      -0.61308   +0.03659   +0.01960  +0.14845   -0.20524
 10      -0.42935   +0.03306   +0.02194  +0.14288   -0.19735
 11      -0.08183   +0.02830   +0.02470  +0.14100   -0.19400
 12      -0.08242   +0.02831   +0.02469  +0.14100   -0.19400
 13      -0.02913   +0.02766   +0.02534  +0.14100   -0.19400
 14      -0.03116   +0.02768   +0.02532  +0.14100   -0.19400
 15      -0.70585   +0.92053   +0.00558  -0.20911   -0.71700
 16      +0.61098   +0.02607   +0.90172  -0.21079   -0.71700
 17      +0.06341   +0.45217   +0.48489  -0.21953   -0.71800
 18      +0.61666   +0.02390   +0.90371  -0.21061   -0.71700
 19      -0.06875   +0.02814   +0.02486  +0.14100   -0.19400
 20      -0.07383   +0.02821   +0.02479  +0.14100   -0.19400
 21      -0.15709   +0.60051   +0.33649  -0.21955   -0.71800
 22      +0.35560   +0.25085   +0.68500  -0.21796   -0.71800
];
