%%%%%%%%%%%%%%%%%%%%%%%%%%%%%%%%%%%%%%%%%%%%%%%%%%%%%%%%%%%%%%%%%%%%%%%%%%%%
%
%       Self-Consistent Electrostatic Potential Algorithm (SCERPA)
% 
%       VLSI Nanocomputing Research Group 
%       Dept. of Electronics and Telecommunications  
%       Politecnico di Torino, Turin, Italy 
%       (https://www.vlsilab.polito.it/) 
% 
%       People [people you may contact for info] 
%         Yuri Ardesi (yuri.ardesi@polito.it)
%         Giuliana Beretta (giuliana.beretta@polito.it)
% 
%       Supervision: Gianluca Piccinini, Mariagrazia Graziano 
% 
%       Relevant pubblications doi: 10.1109/TCAD.2019.2960360 
%                                   10.1109/TVLSI.2020.3045198  
% 
%%%%%%%%%%%%%%%%%%%%%%%%%%%%%%%%%%%%%%%%%%%%%%%%%%%%%%%%%%%%%%%%%%%%%%%%%%%%


%% Files Analysed:
%%    ../Layout/Data/Data_Molecule.mat
%%    ../Layout/Data/Data_Driver.mat
%%    ../Layout/Data/Data_Output.mat
%%    ../Layout/Data/Fake_Phases.mat
%%    ../Layout/Data/Values_Driver.mat


%%    Configuration of data output: 
%%    ID - Vin - Q1 ... QN: 

% TIME 1

% DOT1   -   DOT2   -   DOT3   -   DOT4
driver(:,:,1) = [+3.000000e-03   +9.270000e-01   -2.120000e-01   -7.170000e-01
+9.290000e-01   +0   -2.120000e-01   -7.170000e-01
];

% MOL   -   VOUT   -   DOT1   -   DOT2   -   DOT3   -   DOT4
conf(:,:,1) = [ 1      +0.32624   +0.02432   +0.02968  +0.14000   -0.19400
 2      +0.04708   +0.02673   +0.02627  +0.14100   -0.19400
 3      +0.01364   +0.02714   +0.02586  +0.14100   -0.19400
 4      +0.00601   +0.02723   +0.02577  +0.14100   -0.19400
 5      +0.00354   +0.02726   +0.02574  +0.14100   -0.19400
 6      +0.00254   +0.02727   +0.02573  +0.14100   -0.19400
 7      +0.00199   +0.02728   +0.02572  +0.14100   -0.19400
 8      +0.00113   +0.02729   +0.02571  +0.14100   -0.19400
];

% TIME 2

% DOT1   -   DOT2   -   DOT3   -   DOT4
driver(:,:,2) = [+3.000000e-03   +9.270000e-01   -2.120000e-01   -7.170000e-01
+9.290000e-01   +0   -2.120000e-01   -7.170000e-01
];

% MOL   -   VOUT   -   DOT1   -   DOT2   -   DOT3   -   DOT4
conf(:,:,2) = [ 1      +0.36150   +0.04381   +0.30416  +0.06007   -0.40787
 2      -0.07649   +0.21415   +0.12559  +0.06690   -0.40626
 3      +0.03893   +0.16222   +0.19694  +0.05898   -0.41813
 4      -0.01337   +0.18622   +0.16553  +0.06271   -0.41423
 5      +0.01101   +0.17461   +0.18399  +0.06003   -0.41854
 6      -0.00354   +0.18154   +0.17297  +0.06162   -0.41597
 7      +0.00512   +0.17742   +0.17953  +0.06067   -0.41750
 8      -0.00052   +0.18010   +0.17526  +0.06129   -0.41650
];

% TIME 3

% DOT1   -   DOT2   -   DOT3   -   DOT4
driver(:,:,3) = [+3.000000e-03   +9.270000e-01   -2.120000e-01   -7.170000e-01
+9.290000e-01   +0   -2.120000e-01   -7.170000e-01
];

% MOL   -   VOUT   -   DOT1   -   DOT2   -   DOT3   -   DOT4
conf(:,:,3) = [ 1      +0.56847   +0.04535   +0.64825  -0.06072   -0.63353
 2      -0.42832   +0.67789   +0.03000  -0.07852   -0.62937
 3      +0.47994   +0.05880   +0.65895  -0.07767   -0.64009
 4      -0.44313   +0.66620   +0.03000  -0.06815   -0.62805
 5      +0.46919   +0.05248   +0.66789  -0.08234   -0.63803
 6      -0.45606   +0.65599   +0.03000  -0.05909   -0.62690
 7      +0.44294   +0.04387   +0.67227  -0.08277   -0.63336
 8      -0.23160   +0.57459   +0.08172  -0.03212   -0.62406
];

% TIME 4

% DOT1   -   DOT2   -   DOT3   -   DOT4
driver(:,:,4) = [+3.000000e-03   +9.270000e-01   -2.120000e-01   -7.170000e-01
+9.290000e-01   +0   -2.120000e-01   -7.170000e-01
];

% MOL   -   VOUT   -   DOT1   -   DOT2   -   DOT3   -   DOT4
conf(:,:,4) = [ 1      +0.63564   +0.02115   +0.81321  -0.16093   -0.67381
 2      -0.54841   +0.85308   +0.03333  -0.20668   -0.67973
 3      +0.56130   +0.05594   +0.75680  -0.13684   -0.67618
 4      -0.47893   +0.75385   +0.06552  -0.14641   -0.67297
 5      +0.49841   +0.09938   +0.72348  -0.14254   -0.68043
 6      -0.42213   +0.73335   +0.08929  -0.14920   -0.67344
 7      +0.38659   +0.14084   +0.65963  -0.12926   -0.67141
 8      -0.18329   +0.56755   +0.22390  -0.12173   -0.66967
];

% TIME 5

% DOT1   -   DOT2   -   DOT3   -   DOT4
driver(:,:,5) = [+3.000000e-03   +9.270000e-01   -2.120000e-01   -7.170000e-01
+9.290000e-01   +0   -2.120000e-01   -7.170000e-01
];

% MOL   -   VOUT   -   DOT1   -   DOT2   -   DOT3   -   DOT4
conf(:,:,5) = [ 1      +0.65486   +0.01742   +0.90918  -0.20961   -0.71700
 2      -0.66234   +0.90962   +0.01729  -0.20991   -0.71700
 3      +0.65445   +0.01746   +0.90915  -0.20962   -0.71700
 4      -0.65959   +0.90893   +0.01803  -0.20996   -0.71700
 5      +0.63380   +0.01948   +0.90764  -0.21012   -0.71700
 6      -0.52122   +0.86033   +0.06951  -0.21284   -0.71700
 7      +0.40522   +0.21709   +0.71767  -0.21738   -0.71800
 8      -0.16959   +0.60907   +0.32793  -0.21925   -0.71800
];

% TIME 6

% DOT1   -   DOT2   -   DOT3   -   DOT4
driver(:,:,6) = [+3.000000e-03   +9.270000e-01   -2.120000e-01   -7.170000e-01
+9.290000e-01   +0   -2.120000e-01   -7.170000e-01
];

% MOL   -   VOUT   -   DOT1   -   DOT2   -   DOT3   -   DOT4
conf(:,:,6) = [ 1      +0.65486   +0.01742   +0.90918  -0.20961   -0.71700
 2      -0.66234   +0.90962   +0.01729  -0.20991   -0.71700
 3      +0.65445   +0.01746   +0.90915  -0.20962   -0.71700
 4      -0.65959   +0.90893   +0.01803  -0.20996   -0.71700
 5      +0.63380   +0.01948   +0.90764  -0.21012   -0.71700
 6      -0.52122   +0.86033   +0.06951  -0.21284   -0.71700
 7      +0.40522   +0.21709   +0.71768  -0.21738   -0.71800
 8      -0.16959   +0.60907   +0.32793  -0.21925   -0.71800
];

% TIME 7

% DOT1   -   DOT2   -   DOT3   -   DOT4
driver(:,:,7) = [+3.000000e-03   +9.270000e-01   -2.120000e-01   -7.170000e-01
+9.290000e-01   +0   -2.120000e-01   -7.170000e-01
];

% MOL   -   VOUT   -   DOT1   -   DOT2   -   DOT3   -   DOT4
conf(:,:,7) = [ 1      +0.65486   +0.01742   +0.90918  -0.20961   -0.71700
 2      -0.66234   +0.90962   +0.01729  -0.20991   -0.71700
 3      +0.65445   +0.01746   +0.90915  -0.20962   -0.71700
 4      -0.65959   +0.90893   +0.01803  -0.20996   -0.71700
 5      +0.63381   +0.01948   +0.90764  -0.21012   -0.71700
 6      -0.52122   +0.86033   +0.06951  -0.21284   -0.71700
 7      +0.40522   +0.21708   +0.71768  -0.21738   -0.71800
 8      -0.16960   +0.60907   +0.32793  -0.21925   -0.71800
];

% TIME 8

% DOT1   -   DOT2   -   DOT3   -   DOT4
driver(:,:,8) = [+3.000000e-03   +9.270000e-01   -2.120000e-01   -7.170000e-01
+9.290000e-01   +0   -2.120000e-01   -7.170000e-01
];

% MOL   -   VOUT   -   DOT1   -   DOT2   -   DOT3   -   DOT4
conf(:,:,8) = [ 1      +0.65486   +0.01742   +0.90918  -0.20961   -0.71700
 2      -0.66234   +0.90962   +0.01729  -0.20991   -0.71700
 3      +0.65445   +0.01746   +0.90915  -0.20962   -0.71700
 4      -0.65959   +0.90893   +0.01803  -0.20996   -0.71700
 5      +0.63381   +0.01948   +0.90764  -0.21012   -0.71700
 6      -0.52122   +0.86033   +0.06951  -0.21284   -0.71700
 7      +0.40522   +0.21708   +0.71768  -0.21738   -0.71800
 8      -0.16960   +0.60907   +0.32793  -0.21925   -0.71800
];

% TIME 9

% DOT1   -   DOT2   -   DOT3   -   DOT4
driver(:,:,9) = [+3.000000e-03   +9.270000e-01   -2.120000e-01   -7.170000e-01
+9.290000e-01   +0   -2.120000e-01   -7.170000e-01
];

% MOL   -   VOUT   -   DOT1   -   DOT2   -   DOT3   -   DOT4
conf(:,:,9) = [ 1      +0.65486   +0.01742   +0.90918  -0.20961   -0.71700
 2      -0.66234   +0.90962   +0.01729  -0.20991   -0.71700
 3      +0.65445   +0.01746   +0.90915  -0.20962   -0.71700
 4      -0.65959   +0.90893   +0.01803  -0.20996   -0.71700
 5      +0.63381   +0.01948   +0.90764  -0.21012   -0.71700
 6      -0.52122   +0.86033   +0.06951  -0.21284   -0.71700
 7      +0.40523   +0.21708   +0.71768  -0.21738   -0.71800
 8      -0.16960   +0.60907   +0.32793  -0.21925   -0.71800
];

% TIME 10

% DOT1   -   DOT2   -   DOT3   -   DOT4
driver(:,:,10) = [+3.000000e-03   +9.270000e-01   -2.120000e-01   -7.170000e-01
+9.290000e-01   +0   -2.120000e-01   -7.170000e-01
];

% MOL   -   VOUT   -   DOT1   -   DOT2   -   DOT3   -   DOT4
conf(:,:,10) = [ 1      +0.65486   +0.01742   +0.90918  -0.20961   -0.71700
 2      -0.66234   +0.90962   +0.01729  -0.20991   -0.71700
 3      +0.65445   +0.01746   +0.90915  -0.20962   -0.71700
 4      -0.65959   +0.90893   +0.01803  -0.20996   -0.71700
 5      +0.63381   +0.01948   +0.90764  -0.21012   -0.71700
 6      -0.52123   +0.86033   +0.06951  -0.21284   -0.71700
 7      +0.40523   +0.21708   +0.71768  -0.21738   -0.71800
 8      -0.16960   +0.60907   +0.32793  -0.21925   -0.71800
];

% TIME 11

% DOT1   -   DOT2   -   DOT3   -   DOT4
driver(:,:,11) = [+3.000000e-03   +9.270000e-01   -2.120000e-01   -7.170000e-01
+9.290000e-01   +0   -2.120000e-01   -7.170000e-01
];

% MOL   -   VOUT   -   DOT1   -   DOT2   -   DOT3   -   DOT4
conf(:,:,11) = [ 1      +0.65486   +0.01742   +0.90918  -0.20961   -0.71700
 2      -0.66234   +0.90962   +0.01729  -0.20991   -0.71700
 3      +0.65445   +0.01746   +0.90915  -0.20962   -0.71700
 4      -0.65959   +0.90893   +0.01803  -0.20996   -0.71700
 5      +0.63381   +0.01948   +0.90764  -0.21012   -0.71700
 6      -0.52123   +0.86033   +0.06951  -0.21284   -0.71700
 7      +0.40523   +0.21708   +0.71768  -0.21738   -0.71800
 8      -0.16960   +0.60908   +0.32792  -0.21925   -0.71800
];

% TIME 12

% DOT1   -   DOT2   -   DOT3   -   DOT4
driver(:,:,12) = [+3.000000e-03   +9.270000e-01   -2.120000e-01   -7.170000e-01
+9.290000e-01   +0   -2.120000e-01   -7.170000e-01
];

% MOL   -   VOUT   -   DOT1   -   DOT2   -   DOT3   -   DOT4
conf(:,:,12) = [ 1      +0.63564   +0.02115   +0.81321  -0.16093   -0.67381
 2      -0.54844   +0.85308   +0.03332  -0.20668   -0.67973
 3      +0.56135   +0.05590   +0.75684  -0.13684   -0.67618
 4      -0.47897   +0.75392   +0.06550  -0.14645   -0.67297
 5      +0.49845   +0.09937   +0.72348  -0.14253   -0.68043
 6      -0.42215   +0.73335   +0.08928  -0.14920   -0.67344
 7      +0.38661   +0.14083   +0.65965  -0.12927   -0.67141
 8      -0.18330   +0.56756   +0.22388  -0.12174   -0.66967
];

% TIME 13

% DOT1   -   DOT2   -   DOT3   -   DOT4
driver(:,:,13) = [+3.000000e-03   +9.270000e-01   -2.120000e-01   -7.170000e-01
+9.290000e-01   +0   -2.120000e-01   -7.170000e-01
];

% MOL   -   VOUT   -   DOT1   -   DOT2   -   DOT3   -   DOT4
conf(:,:,13) = [ 1      +0.56847   +0.04535   +0.64825  -0.06072   -0.63353
 2      -0.42832   +0.67789   +0.03000  -0.07852   -0.62937
 3      +0.47994   +0.05880   +0.65895  -0.07767   -0.64009
 4      -0.44313   +0.66620   +0.03000  -0.06815   -0.62805
 5      +0.46919   +0.05248   +0.66789  -0.08234   -0.63803
 6      -0.45606   +0.65599   +0.03000  -0.05909   -0.62690
 7      +0.44294   +0.04387   +0.67227  -0.08277   -0.63336
 8      -0.23160   +0.57459   +0.08172  -0.03212   -0.62406
];

% TIME 14

% DOT1   -   DOT2   -   DOT3   -   DOT4
driver(:,:,14) = [+3.000000e-03   +9.270000e-01   -2.120000e-01   -7.170000e-01
+9.290000e-01   +0   -2.120000e-01   -7.170000e-01
];

% MOL   -   VOUT   -   DOT1   -   DOT2   -   DOT3   -   DOT4
conf(:,:,14) = [ 1      +0.36150   +0.04381   +0.30416  +0.06007   -0.40787
 2      -0.07649   +0.21415   +0.12559  +0.06690   -0.40626
 3      +0.03895   +0.16221   +0.19695  +0.05898   -0.41813
 4      -0.01340   +0.18624   +0.16551  +0.06271   -0.41422
 5      +0.01106   +0.17459   +0.18403  +0.06002   -0.41855
 6      -0.00360   +0.18157   +0.17293  +0.06163   -0.41596
 7      +0.00516   +0.17740   +0.17956  +0.06067   -0.41751
 8      -0.00054   +0.18011   +0.17525  +0.06129   -0.41650
];

% TIME 15

% DOT1   -   DOT2   -   DOT3   -   DOT4
driver(:,:,15) = [+3.000000e-03   +9.270000e-01   -2.120000e-01   -7.170000e-01
+9.290000e-01   +0   -2.120000e-01   -7.170000e-01
];

% MOL   -   VOUT   -   DOT1   -   DOT2   -   DOT3   -   DOT4
conf(:,:,15) = [ 1      +0.32624   +0.02432   +0.02968  +0.14000   -0.19400
 2      +0.04708   +0.02673   +0.02627  +0.14100   -0.19400
 3      +0.01364   +0.02714   +0.02586  +0.14100   -0.19400
 4      +0.00601   +0.02723   +0.02577  +0.14100   -0.19400
 5      +0.00354   +0.02726   +0.02574  +0.14100   -0.19400
 6      +0.00254   +0.02727   +0.02573  +0.14100   -0.19400
 7      +0.00199   +0.02728   +0.02572  +0.14100   -0.19400
 8      +0.00113   +0.02729   +0.02571  +0.14100   -0.19400
];

% TIME 16

% DOT1   -   DOT2   -   DOT3   -   DOT4
driver(:,:,16) = [+3.000000e-03   +9.270000e-01   -2.120000e-01   -7.170000e-01
+9.290000e-01   +0   -2.120000e-01   -7.170000e-01
];

% MOL   -   VOUT   -   DOT1   -   DOT2   -   DOT3   -   DOT4
conf(:,:,16) = [ 1      +0.32624   +0.02432   +0.02968  +0.14000   -0.19400
 2      +0.04708   +0.02673   +0.02627  +0.14100   -0.19400
 3      +0.01364   +0.02714   +0.02586  +0.14100   -0.19400
 4      +0.00601   +0.02723   +0.02577  +0.14100   -0.19400
 5      +0.00354   +0.02726   +0.02574  +0.14100   -0.19400
 6      +0.00254   +0.02727   +0.02573  +0.14100   -0.19400
 7      +0.00199   +0.02728   +0.02572  +0.14100   -0.19400
 8      +0.00113   +0.02729   +0.02571  +0.14100   -0.19400
];

% TIME 17

% DOT1   -   DOT2   -   DOT3   -   DOT4
driver(:,:,17) = [+3.000000e-03   +9.270000e-01   -2.120000e-01   -7.170000e-01
+9.290000e-01   +0   -2.120000e-01   -7.170000e-01
];

% MOL   -   VOUT   -   DOT1   -   DOT2   -   DOT3   -   DOT4
conf(:,:,17) = [ 1      +0.32624   +0.02432   +0.02968  +0.14000   -0.19400
 2      +0.04708   +0.02673   +0.02627  +0.14100   -0.19400
 3      +0.01364   +0.02714   +0.02586  +0.14100   -0.19400
 4      +0.00601   +0.02723   +0.02577  +0.14100   -0.19400
 5      +0.00354   +0.02726   +0.02574  +0.14100   -0.19400
 6      +0.00254   +0.02727   +0.02573  +0.14100   -0.19400
 7      +0.00199   +0.02728   +0.02572  +0.14100   -0.19400
 8      +0.00113   +0.02729   +0.02571  +0.14100   -0.19400
];

% TIME 18

% DOT1   -   DOT2   -   DOT3   -   DOT4
driver(:,:,18) = [+3.000000e-03   +9.270000e-01   -2.120000e-01   -7.170000e-01
+9.290000e-01   +0   -2.120000e-01   -7.170000e-01
];

% MOL   -   VOUT   -   DOT1   -   DOT2   -   DOT3   -   DOT4
conf(:,:,18) = [ 1      +0.32624   +0.02432   +0.02968  +0.14000   -0.19400
 2      +0.04708   +0.02673   +0.02627  +0.14100   -0.19400
 3      +0.01364   +0.02714   +0.02586  +0.14100   -0.19400
 4      +0.00601   +0.02723   +0.02577  +0.14100   -0.19400
 5      +0.00354   +0.02726   +0.02574  +0.14100   -0.19400
 6      +0.00254   +0.02727   +0.02573  +0.14100   -0.19400
 7      +0.00199   +0.02728   +0.02572  +0.14100   -0.19400
 8      +0.00113   +0.02729   +0.02571  +0.14100   -0.19400
];

% TIME 19

% DOT1   -   DOT2   -   DOT3   -   DOT4
driver(:,:,19) = [+3.000000e-03   +9.270000e-01   -2.120000e-01   -7.170000e-01
+9.290000e-01   +0   -2.120000e-01   -7.170000e-01
];

% MOL   -   VOUT   -   DOT1   -   DOT2   -   DOT3   -   DOT4
conf(:,:,19) = [ 1      +0.32624   +0.02432   +0.02968  +0.14000   -0.19400
 2      +0.04708   +0.02673   +0.02627  +0.14100   -0.19400
 3      +0.01364   +0.02714   +0.02586  +0.14100   -0.19400
 4      +0.00601   +0.02723   +0.02577  +0.14100   -0.19400
 5      +0.00354   +0.02726   +0.02574  +0.14100   -0.19400
 6      +0.00254   +0.02727   +0.02573  +0.14100   -0.19400
 7      +0.00199   +0.02728   +0.02572  +0.14100   -0.19400
 8      +0.00113   +0.02729   +0.02571  +0.14100   -0.19400
];

% TIME 20

% DOT1   -   DOT2   -   DOT3   -   DOT4
driver(:,:,20) = [+3.000000e-03   +9.270000e-01   -2.120000e-01   -7.170000e-01
+9.290000e-01   +0   -2.120000e-01   -7.170000e-01
];

% MOL   -   VOUT   -   DOT1   -   DOT2   -   DOT3   -   DOT4
conf(:,:,20) = [ 1      +0.32624   +0.02432   +0.02968  +0.14000   -0.19400
 2      +0.04708   +0.02673   +0.02627  +0.14100   -0.19400
 3      +0.01364   +0.02714   +0.02586  +0.14100   -0.19400
 4      +0.00601   +0.02723   +0.02577  +0.14100   -0.19400
 5      +0.00354   +0.02726   +0.02574  +0.14100   -0.19400
 6      +0.00254   +0.02727   +0.02573  +0.14100   -0.19400
 7      +0.00199   +0.02728   +0.02572  +0.14100   -0.19400
 8      +0.00113   +0.02729   +0.02571  +0.14100   -0.19400
];

% TIME 21

% DOT1   -   DOT2   -   DOT3   -   DOT4
driver(:,:,21) = [+9.290000e-01   +0   -2.120000e-01   -7.170000e-01
+3.000000e-03   +9.270000e-01   -2.120000e-01   -7.170000e-01
];

% MOL   -   VOUT   -   DOT1   -   DOT2   -   DOT3   -   DOT4
conf(:,:,21) = [ 1      -0.32271   +0.03124   +0.02300  +0.14195   -0.19542
 2      -0.04413   +0.02784   +0.02516  +0.14100   -0.19400
 3      -0.01061   +0.02743   +0.02557  +0.14100   -0.19400
 4      -0.00297   +0.02734   +0.02566  +0.14100   -0.19400
 5      -0.00051   +0.02731   +0.02569  +0.14100   -0.19400
 6      +0.00045   +0.02730   +0.02570  +0.14100   -0.19400
 7      +0.00081   +0.02729   +0.02571  +0.14100   -0.19400
 8      +0.00041   +0.02730   +0.02570  +0.14100   -0.19400
];

% TIME 22

% DOT1   -   DOT2   -   DOT3   -   DOT4
driver(:,:,22) = [+9.290000e-01   +0   -2.120000e-01   -7.170000e-01
+3.000000e-03   +9.270000e-01   -2.120000e-01   -7.170000e-01
];

% MOL   -   VOUT   -   DOT1   -   DOT2   -   DOT3   -   DOT4
conf(:,:,22) = [ 1      -0.35459   +0.34150   +0.03368  +0.03763   -0.41242
 2      +0.09962   +0.13650   +0.21413  +0.05941   -0.41004
 3      -0.03066   +0.19435   +0.15282  +0.06447   -0.41132
 4      +0.02035   +0.17017   +0.19100  +0.05901   -0.42015
 5      -0.00853   +0.18391   +0.16920  +0.06217   -0.41508
 6      +0.00743   +0.17632   +0.18128  +0.06042   -0.41791
 7      -0.00063   +0.18016   +0.17518  +0.06131   -0.41648
 8      +0.00192   +0.17894   +0.17711  +0.06102   -0.41693
];

% TIME 23

% DOT1   -   DOT2   -   DOT3   -   DOT4
driver(:,:,23) = [+9.290000e-01   +0   -2.120000e-01   -7.170000e-01
+3.000000e-03   +9.270000e-01   -2.120000e-01   -7.170000e-01
];

% MOL   -   VOUT   -   DOT1   -   DOT2   -   DOT3   -   DOT4
conf(:,:,23) = [ 1      -0.52859   +0.78876   +0.02011  -0.16993   -0.63893
 2      +0.52871   +0.06594   +0.63909  -0.06354   -0.64170
 3      -0.41087   +0.68843   +0.03055  -0.08837   -0.63060
 4      +0.49069   +0.06513   +0.65001  -0.07299   -0.64215
 5      -0.43410   +0.67332   +0.03000  -0.07447   -0.62886
 6      +0.46907   +0.05241   +0.66799  -0.08239   -0.63800
 7      -0.34093   +0.62716   +0.05030  -0.05214   -0.62477
 8      +0.21192   +0.17729   +0.45225  -0.01270   -0.61684
];

% TIME 24

% DOT1   -   DOT2   -   DOT3   -   DOT4
driver(:,:,24) = [+9.290000e-01   +0   -2.120000e-01   -7.170000e-01
+3.000000e-03   +9.270000e-01   -2.120000e-01   -7.170000e-01
];

% MOL   -   VOUT   -   DOT1   -   DOT2   -   DOT3   -   DOT4
conf(:,:,24) = [ 1      -0.58440   +0.85585   +0.02744  -0.20341   -0.67988
 2      +0.56532   +0.05248   +0.75958  -0.13669   -0.67567
 3      -0.47997   +0.75537   +0.06503  -0.14733   -0.67307
 4      +0.50038   +0.09889   +0.72371  -0.14209   -0.68060
 5      -0.44497   +0.73333   +0.08015  -0.14104   -0.67245
 6      +0.43233   +0.11873   +0.70509  -0.14950   -0.67472
 7      -0.29920   +0.62922   +0.15246  -0.11345   -0.66820
 8      +0.17095   +0.28913   +0.49481  -0.11618   -0.66825
];

% TIME 25

% DOT1   -   DOT2   -   DOT3   -   DOT4
driver(:,:,25) = [+9.290000e-01   +0   -2.120000e-01   -7.170000e-01
+3.000000e-03   +9.270000e-01   -2.120000e-01   -7.170000e-01
];

% MOL   -   VOUT   -   DOT1   -   DOT2   -   DOT3   -   DOT4
conf(:,:,25) = [ 1      -0.65352   +0.90741   +0.01966  -0.21007   -0.71700
 2      +0.65907   +0.01701   +0.90949  -0.20950   -0.71700
 3      -0.65591   +0.90801   +0.01901  -0.21002   -0.71700
 4      +0.65298   +0.01761   +0.90905  -0.20965   -0.71700
 5      -0.61346   +0.89736   +0.03044  -0.21080   -0.71700
 6      +0.53510   +0.08973   +0.84127  -0.21400   -0.71704
 7      -0.36006   +0.73921   +0.19511  -0.21732   -0.71732
 8      +0.19004   +0.36415   +0.57278  -0.21985   -0.71800
];

% TIME 26

% DOT1   -   DOT2   -   DOT3   -   DOT4
driver(:,:,26) = [+9.290000e-01   +0   -2.120000e-01   -7.170000e-01
+3.000000e-03   +9.270000e-01   -2.120000e-01   -7.170000e-01
];

% MOL   -   VOUT   -   DOT1   -   DOT2   -   DOT3   -   DOT4
conf(:,:,26) = [ 1      -0.65352   +0.90741   +0.01966  -0.21007   -0.71700
 2      +0.65907   +0.01701   +0.90949  -0.20950   -0.71700
 3      -0.65591   +0.90801   +0.01901  -0.21002   -0.71700
 4      +0.65298   +0.01761   +0.90905  -0.20965   -0.71700
 5      -0.61346   +0.89736   +0.03044  -0.21080   -0.71700
 6      +0.53510   +0.08972   +0.84128  -0.21400   -0.71704
 7      -0.36007   +0.73921   +0.19511  -0.21732   -0.71732
 8      +0.19004   +0.36415   +0.57278  -0.21985   -0.71800
];

% TIME 27

% DOT1   -   DOT2   -   DOT3   -   DOT4
driver(:,:,27) = [+9.290000e-01   +0   -2.120000e-01   -7.170000e-01
+3.000000e-03   +9.270000e-01   -2.120000e-01   -7.170000e-01
];

% MOL   -   VOUT   -   DOT1   -   DOT2   -   DOT3   -   DOT4
conf(:,:,27) = [ 1      -0.65352   +0.90741   +0.01966  -0.21007   -0.71700
 2      +0.65907   +0.01701   +0.90949  -0.20950   -0.71700
 3      -0.65591   +0.90801   +0.01901  -0.21002   -0.71700
 4      +0.65298   +0.01761   +0.90905  -0.20965   -0.71700
 5      -0.61346   +0.89736   +0.03044  -0.21080   -0.71700
 6      +0.53510   +0.08972   +0.84128  -0.21400   -0.71704
 7      -0.36007   +0.73922   +0.19511  -0.21732   -0.71732
 8      +0.19004   +0.36415   +0.57278  -0.21985   -0.71800
];

% TIME 28

% DOT1   -   DOT2   -   DOT3   -   DOT4
driver(:,:,28) = [+9.290000e-01   +0   -2.120000e-01   -7.170000e-01
+3.000000e-03   +9.270000e-01   -2.120000e-01   -7.170000e-01
];

% MOL   -   VOUT   -   DOT1   -   DOT2   -   DOT3   -   DOT4
conf(:,:,28) = [ 1      -0.65352   +0.90741   +0.01966  -0.21007   -0.71700
 2      +0.65907   +0.01701   +0.90949  -0.20950   -0.71700
 3      -0.65591   +0.90801   +0.01901  -0.21002   -0.71700
 4      +0.65298   +0.01761   +0.90905  -0.20965   -0.71700
 5      -0.61346   +0.89736   +0.03044  -0.21080   -0.71700
 6      +0.53510   +0.08972   +0.84128  -0.21400   -0.71704
 7      -0.36008   +0.73922   +0.19510  -0.21732   -0.71732
 8      +0.19004   +0.36415   +0.57278  -0.21985   -0.71800
];

% TIME 29

% DOT1   -   DOT2   -   DOT3   -   DOT4
driver(:,:,29) = [+9.290000e-01   +0   -2.120000e-01   -7.170000e-01
+3.000000e-03   +9.270000e-01   -2.120000e-01   -7.170000e-01
];

% MOL   -   VOUT   -   DOT1   -   DOT2   -   DOT3   -   DOT4
conf(:,:,29) = [ 1      -0.65352   +0.90741   +0.01966  -0.21007   -0.71700
 2      +0.65907   +0.01701   +0.90949  -0.20950   -0.71700
 3      -0.65591   +0.90801   +0.01901  -0.21002   -0.71700
 4      +0.65298   +0.01761   +0.90905  -0.20965   -0.71700
 5      -0.61347   +0.89737   +0.03044  -0.21080   -0.71700
 6      +0.53511   +0.08971   +0.84128  -0.21400   -0.71704
 7      -0.36008   +0.73922   +0.19510  -0.21732   -0.71732
 8      +0.19004   +0.36415   +0.57279  -0.21985   -0.71800
];

% TIME 30

% DOT1   -   DOT2   -   DOT3   -   DOT4
driver(:,:,30) = [+9.290000e-01   +0   -2.120000e-01   -7.170000e-01
+3.000000e-03   +9.270000e-01   -2.120000e-01   -7.170000e-01
];

% MOL   -   VOUT   -   DOT1   -   DOT2   -   DOT3   -   DOT4
conf(:,:,30) = [ 1      -0.65352   +0.90741   +0.01966  -0.21007   -0.71700
 2      +0.65907   +0.01701   +0.90949  -0.20950   -0.71700
 3      -0.65591   +0.90801   +0.01901  -0.21002   -0.71700
 4      +0.65298   +0.01761   +0.90905  -0.20965   -0.71700
 5      -0.61347   +0.89737   +0.03044  -0.21080   -0.71700
 6      +0.53511   +0.08971   +0.84129  -0.21400   -0.71704
 7      -0.36008   +0.73922   +0.19510  -0.21732   -0.71732
 8      +0.19004   +0.36415   +0.57279  -0.21985   -0.71800
];

% TIME 31

% DOT1   -   DOT2   -   DOT3   -   DOT4
driver(:,:,31) = [+9.290000e-01   +0   -2.120000e-01   -7.170000e-01
+3.000000e-03   +9.270000e-01   -2.120000e-01   -7.170000e-01
];

% MOL   -   VOUT   -   DOT1   -   DOT2   -   DOT3   -   DOT4
conf(:,:,31) = [ 1      -0.65352   +0.90741   +0.01966  -0.21007   -0.71700
 2      +0.65907   +0.01701   +0.90949  -0.20950   -0.71700
 3      -0.65591   +0.90801   +0.01901  -0.21002   -0.71700
 4      +0.65298   +0.01761   +0.90905  -0.20965   -0.71700
 5      -0.61347   +0.89737   +0.03044  -0.21080   -0.71700
 6      +0.53511   +0.08971   +0.84129  -0.21400   -0.71704
 7      -0.36008   +0.73923   +0.19510  -0.21732   -0.71732
 8      +0.19005   +0.36415   +0.57279  -0.21985   -0.71800
];

% TIME 32

% DOT1   -   DOT2   -   DOT3   -   DOT4
driver(:,:,32) = [+9.290000e-01   +0   -2.120000e-01   -7.170000e-01
+3.000000e-03   +9.270000e-01   -2.120000e-01   -7.170000e-01
];

% MOL   -   VOUT   -   DOT1   -   DOT2   -   DOT3   -   DOT4
conf(:,:,32) = [ 1      -0.58443   +0.85585   +0.02744  -0.20341   -0.67988
 2      +0.56537   +0.05244   +0.75961  -0.13669   -0.67566
 3      -0.48002   +0.75543   +0.06501  -0.14737   -0.67307
 4      +0.50042   +0.09888   +0.72371  -0.14208   -0.68061
 5      -0.44497   +0.73333   +0.08015  -0.14104   -0.67245
 6      +0.43233   +0.11873   +0.70509  -0.14950   -0.67472
 7      -0.29920   +0.62922   +0.15246  -0.11345   -0.66820
 8      +0.17095   +0.28913   +0.49481  -0.11618   -0.66825
];

% TIME 33

% DOT1   -   DOT2   -   DOT3   -   DOT4
driver(:,:,33) = [+9.290000e-01   +0   -2.120000e-01   -7.170000e-01
+3.000000e-03   +9.270000e-01   -2.120000e-01   -7.170000e-01
];

% MOL   -   VOUT   -   DOT1   -   DOT2   -   DOT3   -   DOT4
conf(:,:,33) = [ 1      -0.52859   +0.78876   +0.02011  -0.16993   -0.63893
 2      +0.52871   +0.06594   +0.63909  -0.06354   -0.64170
 3      -0.41088   +0.68843   +0.03055  -0.08837   -0.63060
 4      +0.49069   +0.06513   +0.65001  -0.07299   -0.64215
 5      -0.43410   +0.67332   +0.03000  -0.07446   -0.62886
 6      +0.46907   +0.05241   +0.66799  -0.08239   -0.63800
 7      -0.34093   +0.62716   +0.05030  -0.05214   -0.62477
 8      +0.21191   +0.17730   +0.45225  -0.01270   -0.61684
];

% TIME 34

% DOT1   -   DOT2   -   DOT3   -   DOT4
driver(:,:,34) = [+9.290000e-01   +0   -2.120000e-01   -7.170000e-01
+3.000000e-03   +9.270000e-01   -2.120000e-01   -7.170000e-01
];

% MOL   -   VOUT   -   DOT1   -   DOT2   -   DOT3   -   DOT4
conf(:,:,34) = [ 1      -0.35459   +0.34150   +0.03368  +0.03763   -0.41242
 2      +0.09963   +0.13649   +0.21413  +0.05941   -0.41004
 3      -0.03067   +0.19436   +0.15281  +0.06448   -0.41132
 4      +0.02037   +0.17016   +0.19101  +0.05901   -0.42015
 5      -0.00856   +0.18393   +0.16918  +0.06218   -0.41508
 6      +0.00747   +0.17630   +0.18131  +0.06041   -0.41792
 7      -0.00067   +0.18017   +0.17515  +0.06131   -0.41647
 8      +0.00194   +0.17893   +0.17713  +0.06102   -0.41694
];

% TIME 35

% DOT1   -   DOT2   -   DOT3   -   DOT4
driver(:,:,35) = [+9.290000e-01   +0   -2.120000e-01   -7.170000e-01
+3.000000e-03   +9.270000e-01   -2.120000e-01   -7.170000e-01
];

% MOL   -   VOUT   -   DOT1   -   DOT2   -   DOT3   -   DOT4
conf(:,:,35) = [ 1      -0.32271   +0.03124   +0.02300  +0.14195   -0.19542
 2      -0.04413   +0.02784   +0.02516  +0.14100   -0.19400
 3      -0.01061   +0.02743   +0.02557  +0.14100   -0.19400
 4      -0.00297   +0.02734   +0.02566  +0.14100   -0.19400
 5      -0.00051   +0.02731   +0.02569  +0.14100   -0.19400
 6      +0.00045   +0.02730   +0.02570  +0.14100   -0.19400
 7      +0.00081   +0.02729   +0.02571  +0.14100   -0.19400
 8      +0.00041   +0.02730   +0.02570  +0.14100   -0.19400
];

% TIME 36

% DOT1   -   DOT2   -   DOT3   -   DOT4
driver(:,:,36) = [+9.290000e-01   +0   -2.120000e-01   -7.170000e-01
+3.000000e-03   +9.270000e-01   -2.120000e-01   -7.170000e-01
];

% MOL   -   VOUT   -   DOT1   -   DOT2   -   DOT3   -   DOT4
conf(:,:,36) = [ 1      -0.32271   +0.03124   +0.02300  +0.14195   -0.19542
 2      -0.04413   +0.02784   +0.02516  +0.14100   -0.19400
 3      -0.01061   +0.02743   +0.02557  +0.14100   -0.19400
 4      -0.00297   +0.02734   +0.02566  +0.14100   -0.19400
 5      -0.00051   +0.02731   +0.02569  +0.14100   -0.19400
 6      +0.00045   +0.02730   +0.02570  +0.14100   -0.19400
 7      +0.00081   +0.02729   +0.02571  +0.14100   -0.19400
 8      +0.00041   +0.02730   +0.02570  +0.14100   -0.19400
];

% TIME 37

% DOT1   -   DOT2   -   DOT3   -   DOT4
driver(:,:,37) = [+9.290000e-01   +0   -2.120000e-01   -7.170000e-01
+3.000000e-03   +9.270000e-01   -2.120000e-01   -7.170000e-01
];

% MOL   -   VOUT   -   DOT1   -   DOT2   -   DOT3   -   DOT4
conf(:,:,37) = [ 1      -0.32271   +0.03124   +0.02300  +0.14195   -0.19542
 2      -0.04413   +0.02784   +0.02516  +0.14100   -0.19400
 3      -0.01061   +0.02743   +0.02557  +0.14100   -0.19400
 4      -0.00297   +0.02734   +0.02566  +0.14100   -0.19400
 5      -0.00051   +0.02731   +0.02569  +0.14100   -0.19400
 6      +0.00045   +0.02730   +0.02570  +0.14100   -0.19400
 7      +0.00081   +0.02729   +0.02571  +0.14100   -0.19400
 8      +0.00041   +0.02730   +0.02570  +0.14100   -0.19400
];

% TIME 38

% DOT1   -   DOT2   -   DOT3   -   DOT4
driver(:,:,38) = [+9.290000e-01   +0   -2.120000e-01   -7.170000e-01
+3.000000e-03   +9.270000e-01   -2.120000e-01   -7.170000e-01
];

% MOL   -   VOUT   -   DOT1   -   DOT2   -   DOT3   -   DOT4
conf(:,:,38) = [ 1      -0.32271   +0.03124   +0.02300  +0.14195   -0.19542
 2      -0.04413   +0.02784   +0.02516  +0.14100   -0.19400
 3      -0.01061   +0.02743   +0.02557  +0.14100   -0.19400
 4      -0.00297   +0.02734   +0.02566  +0.14100   -0.19400
 5      -0.00051   +0.02731   +0.02569  +0.14100   -0.19400
 6      +0.00045   +0.02730   +0.02570  +0.14100   -0.19400
 7      +0.00081   +0.02729   +0.02571  +0.14100   -0.19400
 8      +0.00041   +0.02730   +0.02570  +0.14100   -0.19400
];

% TIME 39

% DOT1   -   DOT2   -   DOT3   -   DOT4
driver(:,:,39) = [+9.290000e-01   +0   -2.120000e-01   -7.170000e-01
+3.000000e-03   +9.270000e-01   -2.120000e-01   -7.170000e-01
];

% MOL   -   VOUT   -   DOT1   -   DOT2   -   DOT3   -   DOT4
conf(:,:,39) = [ 1      -0.32271   +0.03124   +0.02300  +0.14195   -0.19542
 2      -0.04413   +0.02784   +0.02516  +0.14100   -0.19400
 3      -0.01061   +0.02743   +0.02557  +0.14100   -0.19400
 4      -0.00297   +0.02734   +0.02566  +0.14100   -0.19400
 5      -0.00051   +0.02731   +0.02569  +0.14100   -0.19400
 6      +0.00045   +0.02730   +0.02570  +0.14100   -0.19400
 7      +0.00081   +0.02729   +0.02571  +0.14100   -0.19400
 8      +0.00041   +0.02730   +0.02570  +0.14100   -0.19400
];

% TIME 40

% DOT1   -   DOT2   -   DOT3   -   DOT4
driver(:,:,40) = [+9.290000e-01   +0   -2.120000e-01   -7.170000e-01
+3.000000e-03   +9.270000e-01   -2.120000e-01   -7.170000e-01
];

% MOL   -   VOUT   -   DOT1   -   DOT2   -   DOT3   -   DOT4
conf(:,:,40) = [ 1      -0.32271   +0.03124   +0.02300  +0.14195   -0.19542
 2      -0.04413   +0.02784   +0.02516  +0.14100   -0.19400
 3      -0.01061   +0.02743   +0.02557  +0.14100   -0.19400
 4      -0.00297   +0.02734   +0.02566  +0.14100   -0.19400
 5      -0.00051   +0.02731   +0.02569  +0.14100   -0.19400
 6      +0.00045   +0.02730   +0.02570  +0.14100   -0.19400
 7      +0.00081   +0.02729   +0.02571  +0.14100   -0.19400
 8      +0.00041   +0.02730   +0.02570  +0.14100   -0.19400
];
