%%%%%%%%%%%%%%%%%%%%%%%%%%%%%%%%%%%%%%%%%%%%%%%%%%%%%%%%%%%%%%%%%%%%%%%%%%%%
%
%       Self-Consistent Electrostatic Potential Algorithm (SCERPA)
% 
%       VLSI Nanocomputing Research Group 
%       Dept. of Electronics and Telecommunications  
%       Politecnico di Torino, Turin, Italy 
%       (https://www.vlsilab.polito.it/) 
% 
%       People [people you may contact for info] 
%         Yuri Ardesi (yuri.ardesi@polito.it)
%         Giuliana Beretta (giuliana.beretta@polito.it)
% 
%       Supervision: Gianluca Piccinini, Mariagrazia Graziano 
% 
%       Relevant pubblications doi: 10.1109/TCAD.2019.2960360 
%                                   10.1109/TVLSI.2020.3045198  
% 
%%%%%%%%%%%%%%%%%%%%%%%%%%%%%%%%%%%%%%%%%%%%%%%%%%%%%%%%%%%%%%%%%%%%%%%%%%%%


%% Files Analysed:
%%    ../Layout/Data/Data_Molecule.mat
%%    ../Layout/Data/Data_Driver.mat
%%    ../Layout/Data/Data_Output.mat
%%    ../Layout/Data/Fake_Phases.mat
%%    ../Layout/Data/Values_Driver.mat


%%    Configuration of data output: 
%%    ID - Vin - Q1 ... QN: 

% TIME 1

% DOT1   -   DOT2   -   DOT3   -   DOT4
driver(:,:,1) = [+3.000000e-03   +9.270000e-01   -2.120000e-01   -7.170000e-01
+9.290000e-01   +0   -2.120000e-01   -7.170000e-01
];

% MOL   -   VOUT   -   DOT1   -   DOT2   -   DOT3   -   DOT4
conf(:,:,1) = [ 1      +0.06197   +0.02655   +0.02645  +0.14100   -0.19400
 2      +0.06663   +0.02649   +0.02651  +0.14100   -0.19400
 3      +0.00893   +0.02719   +0.02581  +0.14100   -0.19400
 4      +0.01022   +0.02718   +0.02582  +0.14100   -0.19400
 5      +0.00476   +0.02725   +0.02575  +0.14100   -0.19400
 6      +0.00754   +0.02721   +0.02579  +0.14100   -0.19400
 7      +0.00773   +0.02721   +0.02579  +0.14100   -0.19400
 8      +0.02598   +0.02699   +0.02601  +0.14100   -0.19400
 9      -0.06177   +0.02806   +0.02494  +0.14100   -0.19400
 10      -0.06656   +0.02812   +0.02488  +0.14100   -0.19400
 11      -0.00959   +0.02742   +0.02558  +0.14100   -0.19400
 12      -0.01111   +0.02744   +0.02556  +0.14100   -0.19400
 13      -0.00519   +0.02737   +0.02563  +0.14100   -0.19400
 14      -0.00817   +0.02740   +0.02560  +0.14100   -0.19400
 15      -0.00768   +0.02740   +0.02560  +0.14100   -0.19400
 16      -0.02598   +0.02762   +0.02538  +0.14100   -0.19400
 17      +0.00025   +0.02730   +0.02570  +0.14100   -0.19400
 18      +0.00106   +0.02729   +0.02571  +0.14100   -0.19400
 19      +0.00232   +0.02728   +0.02572  +0.14100   -0.19400
 20      +0.00359   +0.02726   +0.02574  +0.14100   -0.19400
 21      +0.00608   +0.02723   +0.02577  +0.14100   -0.19400
 22      +0.01369   +0.02714   +0.02586  +0.14100   -0.19400
 23      +0.04712   +0.02673   +0.02627  +0.14100   -0.19400
 24      +0.32627   +0.02432   +0.02968  +0.14000   -0.19400
];

% TIME 2

% DOT1   -   DOT2   -   DOT3   -   DOT4
driver(:,:,2) = [+3.000000e-03   +9.270000e-01   -2.120000e-01   -7.170000e-01
+9.290000e-01   +0   -2.120000e-01   -7.170000e-01
];

% MOL   -   VOUT   -   DOT1   -   DOT2   -   DOT3   -   DOT4
conf(:,:,2) = [ 1      +0.06393   +0.02652   +0.02648  +0.14100   -0.19400
 2      +0.06895   +0.02646   +0.02654  +0.14100   -0.19400
 3      +0.01376   +0.02714   +0.02586  +0.14100   -0.19400
 4      +0.01618   +0.02711   +0.02589  +0.14100   -0.19400
 5      +0.02169   +0.02704   +0.02596  +0.14100   -0.19400
 6      +0.02945   +0.02694   +0.02606  +0.14100   -0.19400
 7      +0.13596   +0.02564   +0.02736  +0.14100   -0.19400
 8      +0.19103   +0.02506   +0.02803  +0.14091   -0.19400
 9      -0.06350   +0.02808   +0.02492  +0.14100   -0.19400
 10      -0.06855   +0.02814   +0.02486  +0.14100   -0.19400
 11      -0.01420   +0.02748   +0.02552  +0.14100   -0.19400
 12      -0.01669   +0.02751   +0.02549  +0.14100   -0.19400
 13      -0.02204   +0.02757   +0.02543  +0.14100   -0.19400
 14      -0.02982   +0.02767   +0.02533  +0.14100   -0.19400
 15      -0.13679   +0.02898   +0.02405  +0.14100   -0.19400
 16      -0.19014   +0.02963   +0.02400  +0.14100   -0.19400
 17      -0.00099   +0.18033   +0.17490  +0.06134   -0.41642
 18      +0.00474   +0.17760   +0.17924  +0.06071   -0.41743
 19      -0.00331   +0.18143   +0.17315  +0.06160   -0.41601
 20      +0.01103   +0.17460   +0.18400  +0.06002   -0.41855
 21      -0.01329   +0.18618   +0.16559  +0.06270   -0.41424
 22      +0.03895   +0.16221   +0.19695  +0.05898   -0.41813
 23      -0.07646   +0.21414   +0.12560  +0.06691   -0.40626
 24      +0.36152   +0.04380   +0.30417  +0.06006   -0.40787
];

% TIME 3

% DOT1   -   DOT2   -   DOT3   -   DOT4
driver(:,:,3) = [+3.000000e-03   +9.270000e-01   -2.120000e-01   -7.170000e-01
+9.290000e-01   +0   -2.120000e-01   -7.170000e-01
];

% MOL   -   VOUT   -   DOT1   -   DOT2   -   DOT3   -   DOT4
conf(:,:,3) = [ 1      +0.06540   +0.02651   +0.02649  +0.14100   -0.19400
 2      +0.07081   +0.02644   +0.02656  +0.14100   -0.19400
 3      +0.01758   +0.02709   +0.02591  +0.14100   -0.19400
 4      +0.02141   +0.02704   +0.02596  +0.14100   -0.19400
 5      +0.03513   +0.02687   +0.02613  +0.14100   -0.19400
 6      +0.05141   +0.02668   +0.02632  +0.14100   -0.19400
 7      +0.19497   +0.02506   +0.02808  +0.14087   -0.19400
 8      +0.42423   +0.02232   +0.03252  +0.14084   -0.19400
 9      -0.06594   +0.02811   +0.02489  +0.14100   -0.19400
 10      -0.07125   +0.02817   +0.02483  +0.14100   -0.19400
 11      -0.02039   +0.02755   +0.02545  +0.14100   -0.19400
 12      -0.02369   +0.02759   +0.02541  +0.14100   -0.19400
 13      -0.04417   +0.02784   +0.02516  +0.14100   -0.19400
 14      -0.05435   +0.02797   +0.02503  +0.14100   -0.19400
 15      -0.33583   +0.03139   +0.02300  +0.14257   -0.19635
 16      -0.30358   +0.03101   +0.02300  +0.14105   -0.19408
 17      -0.23179   +0.57455   +0.08168  -0.03205   -0.62405
 18      +0.44364   +0.04406   +0.67225  -0.08282   -0.63349
 19      -0.45515   +0.65671   +0.03000  -0.05973   -0.62698
 20      +0.47002   +0.05297   +0.66720  -0.08198   -0.63819
 21      -0.44214   +0.66698   +0.03000  -0.06884   -0.62814
 22      +0.48052   +0.05915   +0.65846  -0.07741   -0.64020
 23      -0.42795   +0.67818   +0.03000  -0.07878   -0.62941
 24      +0.56871   +0.04519   +0.64834  -0.06071   -0.63346
];

% TIME 4

% DOT1   -   DOT2   -   DOT3   -   DOT4
driver(:,:,4) = [+3.000000e-03   +9.270000e-01   -2.120000e-01   -7.170000e-01
+9.290000e-01   +0   -2.120000e-01   -7.170000e-01
];

% MOL   -   VOUT   -   DOT1   -   DOT2   -   DOT3   -   DOT4
conf(:,:,4) = [ 1      +0.06603   +0.02650   +0.02650  +0.14100   -0.19400
 2      +0.07150   +0.02643   +0.02657  +0.14100   -0.19400
 3      +0.01918   +0.02707   +0.02593  +0.14100   -0.19400
 4      +0.02310   +0.02702   +0.02598  +0.14100   -0.19400
 5      +0.04122   +0.02680   +0.02620  +0.14100   -0.19400
 6      +0.05724   +0.02660   +0.02640  +0.14100   -0.19400
 7      +0.26182   +0.02500   +0.02889  +0.14011   -0.19400
 8      +0.45551   +0.02207   +0.03289  +0.14043   -0.19427
 9      -0.06632   +0.02811   +0.02489  +0.14100   -0.19400
 10      -0.07174   +0.02818   +0.02482  +0.14100   -0.19400
 11      -0.02142   +0.02757   +0.02543  +0.14100   -0.19400
 12      -0.02516   +0.02761   +0.02539  +0.14100   -0.19400
 13      -0.04777   +0.02789   +0.02511  +0.14100   -0.19400
 14      -0.06075   +0.02805   +0.02495  +0.14100   -0.19400
 15      -0.35022   +0.03156   +0.02300  +0.14324   -0.19736
 16      -0.36245   +0.03170   +0.02300  +0.14382   -0.19822
 17      -0.18511   +0.56958   +0.22221  -0.12197   -0.66975
 18      +0.38937   +0.13941   +0.66272  -0.13074   -0.67160
 19      -0.42318   +0.73346   +0.08885  -0.14891   -0.67340
 20      +0.49860   +0.09933   +0.72350  -0.14250   -0.68045
 21      -0.47889   +0.75380   +0.06554  -0.14638   -0.67296
 22      +0.56130   +0.05594   +0.75680  -0.13684   -0.67618
 23      -0.54840   +0.85308   +0.03333  -0.20668   -0.67973
 24      +0.63565   +0.02115   +0.81322  -0.16094   -0.67381
];

% TIME 5

% DOT1   -   DOT2   -   DOT3   -   DOT4
driver(:,:,5) = [+3.000000e-03   +9.270000e-01   -2.120000e-01   -7.170000e-01
+9.290000e-01   +0   -2.120000e-01   -7.170000e-01
];

% MOL   -   VOUT   -   DOT1   -   DOT2   -   DOT3   -   DOT4
conf(:,:,5) = [ 1      +0.06670   +0.02649   +0.02651  +0.14100   -0.19400
 2      +0.07228   +0.02642   +0.02658  +0.14100   -0.19400
 3      +0.02076   +0.02705   +0.02595  +0.14100   -0.19400
 4      +0.02496   +0.02700   +0.02600  +0.14100   -0.19400
 5      +0.04676   +0.02673   +0.02627  +0.14100   -0.19400
 6      +0.06320   +0.02653   +0.02647  +0.14100   -0.19400
 7      +0.32011   +0.02439   +0.02961  +0.14000   -0.19400
 8      +0.49820   +0.02200   +0.03300  +0.13945   -0.19477
 9      -0.06663   +0.02812   +0.02488  +0.14100   -0.19400
 10      -0.07206   +0.02818   +0.02482  +0.14100   -0.19400
 11      -0.02248   +0.02758   +0.02542  +0.14100   -0.19400
 12      -0.02639   +0.02763   +0.02537  +0.14100   -0.19400
 13      -0.05245   +0.02794   +0.02506  +0.14100   -0.19400
 14      -0.06704   +0.02812   +0.02488  +0.14100   -0.19400
 15      -0.38251   +0.03194   +0.02300  +0.14476   -0.19964
 16      -0.42438   +0.03294   +0.02206  +0.14313   -0.19766
 17      -0.16944   +0.60897   +0.32803  -0.21925   -0.71800
 18      +0.40606   +0.21652   +0.71822  -0.21737   -0.71800
 19      -0.52093   +0.86011   +0.06974  -0.21285   -0.71700
 20      +0.63388   +0.01947   +0.90764  -0.21012   -0.71700
 21      -0.65948   +0.90890   +0.01805  -0.20996   -0.71700
 22      +0.65449   +0.01746   +0.90916  -0.20961   -0.71700
 23      -0.66230   +0.90961   +0.01730  -0.20991   -0.71700
 24      +0.65488   +0.01742   +0.90918  -0.20961   -0.71700
];

% TIME 6

% DOT1   -   DOT2   -   DOT3   -   DOT4
driver(:,:,6) = [+3.000000e-03   +9.270000e-01   -2.120000e-01   -7.170000e-01
+9.290000e-01   +0   -2.120000e-01   -7.170000e-01
];

% MOL   -   VOUT   -   DOT1   -   DOT2   -   DOT3   -   DOT4
conf(:,:,6) = [ 1      +0.06670   +0.02649   +0.02651  +0.14100   -0.19400
 2      +0.07228   +0.02642   +0.02658  +0.14100   -0.19400
 3      +0.02076   +0.02705   +0.02595  +0.14100   -0.19400
 4      +0.02496   +0.02700   +0.02600  +0.14100   -0.19400
 5      +0.04676   +0.02673   +0.02627  +0.14100   -0.19400
 6      +0.06320   +0.02653   +0.02647  +0.14100   -0.19400
 7      +0.32011   +0.02439   +0.02961  +0.14000   -0.19400
 8      +0.49821   +0.02200   +0.03300  +0.13945   -0.19477
 9      -0.06663   +0.02812   +0.02488  +0.14100   -0.19400
 10      -0.07206   +0.02818   +0.02482  +0.14100   -0.19400
 11      -0.02248   +0.02758   +0.02542  +0.14100   -0.19400
 12      -0.02639   +0.02763   +0.02537  +0.14100   -0.19400
 13      -0.05245   +0.02794   +0.02506  +0.14100   -0.19400
 14      -0.06704   +0.02812   +0.02488  +0.14100   -0.19400
 15      -0.38251   +0.03194   +0.02300  +0.14476   -0.19964
 16      -0.42438   +0.03294   +0.02206  +0.14313   -0.19766
 17      -0.16945   +0.60897   +0.32803  -0.21925   -0.71800
 18      +0.40606   +0.21651   +0.71823  -0.21737   -0.71800
 19      -0.52093   +0.86011   +0.06974  -0.21285   -0.71700
 20      +0.63388   +0.01947   +0.90764  -0.21012   -0.71700
 21      -0.65948   +0.90890   +0.01805  -0.20996   -0.71700
 22      +0.65449   +0.01746   +0.90916  -0.20961   -0.71700
 23      -0.66230   +0.90961   +0.01730  -0.20991   -0.71700
 24      +0.65488   +0.01742   +0.90918  -0.20961   -0.71700
];

% TIME 7

% DOT1   -   DOT2   -   DOT3   -   DOT4
driver(:,:,7) = [+3.000000e-03   +9.270000e-01   -2.120000e-01   -7.170000e-01
+9.290000e-01   +0   -2.120000e-01   -7.170000e-01
];

% MOL   -   VOUT   -   DOT1   -   DOT2   -   DOT3   -   DOT4
conf(:,:,7) = [ 1      +0.17163   +0.11288   +0.22908  +0.06426   -0.40622
 2      +0.18067   +0.11001   +0.23091  +0.06492   -0.40584
 3      +0.07415   +0.14723   +0.20744  +0.05910   -0.41378
 4      +0.09000   +0.14055   +0.21160  +0.05930   -0.41145
 5      +0.06255   +0.15212   +0.20439  +0.05896   -0.41548
 6      +0.13349   +0.12512   +0.22133  +0.06153   -0.40797
 7      +0.08168   +0.14406   +0.20942  +0.05919   -0.41267
 8      +0.38660   +0.03758   +0.32250  +0.04973   -0.40941
 9      -0.15608   +0.25104   +0.09305  +0.06236   -0.40634
 10      -0.17420   +0.26576   +0.08209  +0.05959   -0.40723
 11      -0.09157   +0.21968   +0.12025  +0.06644   -0.40608
 12      -0.10602   +0.22512   +0.11504  +0.06596   -0.40592
 13      -0.11469   +0.22855   +0.11183  +0.06563   -0.40585
 14      -0.13633   +0.23711   +0.10380  +0.06480   -0.40567
 15      -0.22699   +0.30284   +0.05330  +0.05363   -0.40923
 16      -0.24255   +0.30122   +0.05159  +0.05638   -0.40856
 17      -0.24921   +0.66355   +0.27276  -0.21800   -0.71800
 18      +0.45840   +0.17173   +0.76174  -0.21644   -0.71771
 19      -0.55276   +0.88098   +0.04796  -0.21195   -0.71700
 20      +0.64736   +0.01816   +0.90863  -0.20979   -0.71700
 21      -0.65827   +0.90860   +0.01838  -0.20998   -0.71700
 22      +0.65480   +0.01743   +0.90918  -0.20961   -0.71700
 23      -0.66196   +0.90952   +0.01739  -0.20991   -0.71700
 24      +0.65511   +0.01740   +0.90920  -0.20960   -0.71700
];

% TIME 8

% DOT1   -   DOT2   -   DOT3   -   DOT4
driver(:,:,8) = [+3.000000e-03   +9.270000e-01   -2.120000e-01   -7.170000e-01
+9.290000e-01   +0   -2.120000e-01   -7.170000e-01
];

% MOL   -   VOUT   -   DOT1   -   DOT2   -   DOT3   -   DOT4
conf(:,:,8) = [ 1      -0.01164   +0.34335   +0.30813  -0.01597   -0.63506
 2      +0.45593   +0.04742   +0.67191  -0.08369   -0.63563
 3      -0.25470   +0.56951   +0.07693  -0.02393   -0.62209
 4      +0.49459   +0.06742   +0.64677  -0.07130   -0.64290
 5      -0.37046   +0.67952   +0.03747  -0.08682   -0.62997
 6      +0.53451   +0.06407   +0.63934  -0.06276   -0.64091
 7      -0.44923   +0.66139   +0.03000  -0.06387   -0.62751
 8      +0.62715   +0.02367   +0.70526  -0.10017   -0.62959
 9      -0.22848   +0.57527   +0.08237  -0.03322   -0.62433
 10      -0.27730   +0.56493   +0.07219  -0.01623   -0.62021
 11      -0.11136   +0.42581   +0.20177  -0.00949   -0.61775
 12      -0.27930   +0.56454   +0.07177  -0.01556   -0.62004
 13      -0.09787   +0.41548   +0.21152  -0.00850   -0.61800
 14      -0.22993   +0.57496   +0.08207  -0.03271   -0.62421
 15      -0.29344   +0.56181   +0.06879  -0.01084   -0.61888
 16      -0.11329   +0.42731   +0.20037  -0.00963   -0.61772
 17      -0.60884   +0.89620   +0.03168  -0.21089   -0.71700
 18      +0.65793   +0.01712   +0.90941  -0.20953   -0.71700
 19      -0.63327   +0.90233   +0.02511  -0.21044   -0.71700
 20      +0.65676   +0.01724   +0.90932  -0.20956   -0.71700
 21      -0.65757   +0.90842   +0.01857  -0.20999   -0.71700
 22      +0.65535   +0.01737   +0.90922  -0.20959   -0.71700
 23      -0.66108   +0.90931   +0.01762  -0.20993   -0.71700
 24      +0.65587   +0.01732   +0.90926  -0.20958   -0.71700
];

% TIME 9

% DOT1   -   DOT2   -   DOT3   -   DOT4
driver(:,:,9) = [+3.000000e-03   +9.270000e-01   -2.120000e-01   -7.170000e-01
+9.290000e-01   +0   -2.120000e-01   -7.170000e-01
];

% MOL   -   VOUT   -   DOT1   -   DOT2   -   DOT3   -   DOT4
conf(:,:,9) = [ 1      +0.06006   +0.36715   +0.43181  -0.12135   -0.67782
 2      +0.48313   +0.10319   +0.72172  -0.14606   -0.67906
 3      -0.25408   +0.61826   +0.17318  -0.12108   -0.67007
 4      +0.53955   +0.07370   +0.74270  -0.13794   -0.67863
 5      -0.44577   +0.73332   +0.07983  -0.14074   -0.67241
 6      +0.62392   +0.02272   +0.80363  -0.15354   -0.67323
 7      -0.54601   +0.85289   +0.03372  -0.20690   -0.67972
 8      +0.74435   +0.01152   +0.90287  -0.23398   -0.68045
 9      -0.42515   +0.73356   +0.08805  -0.14828   -0.67333
 10      -0.15144   +0.53102   +0.25403  -0.11728   -0.66812
 11      -0.42418   +0.73357   +0.08844  -0.14863   -0.67337
 12      +0.07299   +0.35726   +0.43951  -0.12112   -0.67595
 13      -0.43418   +0.73346   +0.08445  -0.14498   -0.67293
 14      +0.15602   +0.29898   +0.48660  -0.11719   -0.66889
 15      -0.45797   +0.73318   +0.07497  -0.13628   -0.67187
 16      +0.14184   +0.30833   +0.47880  -0.11814   -0.66950
 17      -0.64343   +0.90488   +0.02238  -0.21025   -0.71700
 18      +0.78060   +0.00698   +0.91748  -0.20746   -0.71700
 19      -0.57165   +0.88638   +0.04220  -0.21158   -0.71700
 20      +0.66031   +0.01689   +0.90958  -0.20947   -0.71700
 21      -0.65483   +0.90774   +0.01931  -0.21004   -0.71700
 22      +0.65553   +0.01736   +0.90923  -0.20959   -0.71700
 23      -0.66136   +0.90937   +0.01755  -0.20992   -0.71700
 24      +0.65538   +0.01737   +0.90922  -0.20959   -0.71700
];

% TIME 10

% DOT1   -   DOT2   -   DOT3   -   DOT4
driver(:,:,10) = [+3.000000e-03   +9.270000e-01   -2.120000e-01   -7.170000e-01
+9.290000e-01   +0   -2.120000e-01   -7.170000e-01
];

% MOL   -   VOUT   -   DOT1   -   DOT2   -   DOT3   -   DOT4
conf(:,:,10) = [ 1      -0.03065   +0.51629   +0.42170  -0.22000   -0.71800
 2      +0.63037   +0.01982   +0.90739  -0.21020   -0.71700
 3      -0.39894   +0.76685   +0.16675  -0.21660   -0.71703
 4      +0.67264   +0.01568   +0.91049  -0.20917   -0.71700
 5      -0.54922   +0.87997   +0.04904  -0.21201   -0.71700
 6      +0.72107   +0.01095   +0.91404  -0.20799   -0.71700
 7      -0.61189   +0.89697   +0.03086  -0.21083   -0.71700
 8      +0.75177   +0.00819   +0.91617  -0.20736   -0.71700
 9      -0.37411   +0.74878   +0.18538  -0.21716   -0.71716
 10      -0.27290   +0.67975   +0.25597  -0.21800   -0.71800
 11      -0.28191   +0.68592   +0.24959  -0.21800   -0.71800
 12      -0.08555   +0.55285   +0.38480  -0.22000   -0.71800
 13      -0.28120   +0.68544   +0.25009  -0.21800   -0.71800
 14      +0.00749   +0.49069   +0.44731  -0.22000   -0.71800
 15      -0.33477   +0.72198   +0.21264  -0.21762   -0.71762
 16      +0.08404   +0.43780   +0.49875  -0.21928   -0.71800
 17      -0.60231   +0.89457   +0.03344  -0.21101   -0.71700
 18      +0.78747   +0.00669   +0.91779  -0.20748   -0.71700
 19      -0.57426   +0.88713   +0.04140  -0.21153   -0.71700
 20      +0.65897   +0.01702   +0.90948  -0.20951   -0.71700
 21      -0.65549   +0.90790   +0.01913  -0.21003   -0.71700
 22      +0.65542   +0.01737   +0.90922  -0.20959   -0.71700
 23      -0.66140   +0.90938   +0.01754  -0.20992   -0.71700
 24      +0.65539   +0.01737   +0.90922  -0.20959   -0.71700
];

% TIME 11

% DOT1   -   DOT2   -   DOT3   -   DOT4
driver(:,:,11) = [+3.000000e-03   +9.270000e-01   -2.120000e-01   -7.170000e-01
+9.290000e-01   +0   -2.120000e-01   -7.170000e-01
];

% MOL   -   VOUT   -   DOT1   -   DOT2   -   DOT3   -   DOT4
conf(:,:,11) = [ 1      -0.03065   +0.51629   +0.42170  -0.22000   -0.71800
 2      +0.63037   +0.01982   +0.90739  -0.21020   -0.71700
 3      -0.39894   +0.76685   +0.16675  -0.21660   -0.71703
 4      +0.67264   +0.01568   +0.91049  -0.20917   -0.71700
 5      -0.54922   +0.87997   +0.04904  -0.21201   -0.71700
 6      +0.72107   +0.01095   +0.91404  -0.20799   -0.71700
 7      -0.61189   +0.89697   +0.03086  -0.21083   -0.71700
 8      +0.75177   +0.00819   +0.91617  -0.20736   -0.71700
 9      -0.37411   +0.74878   +0.18538  -0.21716   -0.71716
 10      -0.27290   +0.67976   +0.25597  -0.21800   -0.71800
 11      -0.28191   +0.68592   +0.24959  -0.21800   -0.71800
 12      -0.08556   +0.55285   +0.38480  -0.22000   -0.71800
 13      -0.28120   +0.68543   +0.25009  -0.21800   -0.71800
 14      +0.00748   +0.49069   +0.44731  -0.22000   -0.71800
 15      -0.33476   +0.72198   +0.21264  -0.21762   -0.71762
 16      +0.08404   +0.43780   +0.49875  -0.21928   -0.71800
 17      -0.60231   +0.89457   +0.03344  -0.21101   -0.71700
 18      +0.78747   +0.00669   +0.91779  -0.20748   -0.71700
 19      -0.57426   +0.88713   +0.04140  -0.21153   -0.71700
 20      +0.65897   +0.01702   +0.90948  -0.20951   -0.71700
 21      -0.65549   +0.90790   +0.01913  -0.21003   -0.71700
 22      +0.65542   +0.01737   +0.90922  -0.20959   -0.71700
 23      -0.66140   +0.90938   +0.01754  -0.20992   -0.71700
 24      +0.65539   +0.01737   +0.90922  -0.20959   -0.71700
];

% TIME 12

% DOT1   -   DOT2   -   DOT3   -   DOT4
driver(:,:,12) = [+3.000000e-03   +9.270000e-01   -2.120000e-01   -7.170000e-01
+9.290000e-01   +0   -2.120000e-01   -7.170000e-01
];

% MOL   -   VOUT   -   DOT1   -   DOT2   -   DOT3   -   DOT4
conf(:,:,12) = [ 1      -0.03153   +0.51688   +0.42111  -0.22000   -0.71800
 2      +0.63019   +0.01983   +0.90737  -0.21021   -0.71700
 3      -0.40032   +0.76790   +0.16566  -0.21656   -0.71703
 4      +0.67218   +0.01573   +0.91045  -0.20918   -0.71700
 5      -0.55219   +0.88082   +0.04813  -0.21196   -0.71700
 6      +0.71821   +0.01123   +0.91383  -0.20806   -0.71700
 7      -0.62123   +0.89931   +0.02835  -0.21066   -0.71700
 8      +0.73874   +0.00922   +0.91533  -0.20756   -0.71700
 9      -0.37515   +0.74949   +0.18466  -0.21715   -0.71715
 10      -0.26700   +0.67572   +0.26015  -0.21800   -0.71800
 11      -0.28296   +0.68663   +0.24885  -0.21800   -0.71800
 12      -0.07344   +0.54486   +0.39294  -0.22000   -0.71800
 13      -0.27966   +0.68438   +0.25118  -0.21800   -0.71800
 14      +0.02759   +0.47702   +0.46082  -0.21992   -0.71800
 15      -0.32292   +0.71391   +0.22085  -0.21776   -0.71776
 16      +0.11510   +0.41617   +0.52007  -0.21919   -0.71800
 17      -0.59230   +0.85579   +0.02630  -0.20222   -0.67987
 18      +0.75114   +0.01116   +0.90517  -0.23580   -0.68056
 19      -0.50549   +0.79247   +0.05291  -0.16981   -0.67557
 20      +0.59464   +0.03200   +0.78065  -0.14000   -0.67308
 21      -0.55226   +0.85338   +0.03270  -0.20633   -0.67974
 22      +0.61371   +0.02596   +0.79562  -0.14882   -0.67317
 23      -0.56906   +0.85467   +0.02995  -0.20481   -0.67981
 24      +0.63530   +0.02118   +0.81293  -0.16070   -0.67379
];

% TIME 13

% DOT1   -   DOT2   -   DOT3   -   DOT4
driver(:,:,13) = [+3.000000e-03   +9.270000e-01   -2.120000e-01   -7.170000e-01
+9.290000e-01   +0   -2.120000e-01   -7.170000e-01
];

% MOL   -   VOUT   -   DOT1   -   DOT2   -   DOT3   -   DOT4
conf(:,:,13) = [ 1      -0.03338   +0.51812   +0.41986  -0.22000   -0.71800
 2      +0.62995   +0.01986   +0.90736  -0.21021   -0.71700
 3      -0.40329   +0.77015   +0.16332  -0.21647   -0.71702
 4      +0.67151   +0.01579   +0.91040  -0.20920   -0.71700
 5      -0.55849   +0.88262   +0.04621  -0.21183   -0.71700
 6      +0.71250   +0.01179   +0.91341  -0.20820   -0.71700
 7      -0.63712   +0.90330   +0.02407  -0.21037   -0.71700
 8      +0.70795   +0.01223   +0.91308  -0.20831   -0.71700
 9      -0.37751   +0.75109   +0.18303  -0.21712   -0.71712
 10      -0.26039   +0.67120   +0.26483  -0.21800   -0.71800
 11      -0.28652   +0.68907   +0.24632  -0.21800   -0.71800
 12      -0.06011   +0.53605   +0.40191  -0.22000   -0.71800
 13      -0.28189   +0.68591   +0.24960  -0.21800   -0.71800
 14      +0.04851   +0.46252   +0.47487  -0.21969   -0.71800
 15      -0.31596   +0.70918   +0.22567  -0.21784   -0.71784
 16      +0.14562   +0.39492   +0.54156  -0.21948   -0.71800
 17      -0.57097   +0.82345   +0.01687  -0.19767   -0.64264
 18      +0.72783   +0.01567   +0.86394  -0.23794   -0.64189
 19      -0.41327   +0.68712   +0.03045  -0.08711   -0.63044
 20      +0.50798   +0.07263   +0.63820  -0.06635   -0.64451
 21      -0.40306   +0.69271   +0.03087  -0.09246   -0.63110
 22      +0.49982   +0.07050   +0.64242  -0.06902   -0.64390
 23      -0.41514   +0.68610   +0.03037  -0.08614   -0.63032
 24      +0.57584   +0.04049   +0.65095  -0.06054   -0.63164
];

% TIME 14

% DOT1   -   DOT2   -   DOT3   -   DOT4
driver(:,:,14) = [+3.000000e-03   +9.270000e-01   -2.120000e-01   -7.170000e-01
+9.290000e-01   +0   -2.120000e-01   -7.170000e-01
];

% MOL   -   VOUT   -   DOT1   -   DOT2   -   DOT3   -   DOT4
conf(:,:,14) = [ 1      -0.04546   +0.52622   +0.41175  -0.22000   -0.71800
 2      +0.62872   +0.01998   +0.90727  -0.21024   -0.71700
 3      -0.42382   +0.78572   +0.14716  -0.21587   -0.71700
 4      +0.66084   +0.01684   +0.90962  -0.20946   -0.71700
 5      -0.59072   +0.89166   +0.03656  -0.21122   -0.71700
 6      +0.59966   +0.03041   +0.89774  -0.21115   -0.71700
 7      -0.55018   +0.88025   +0.04875  -0.21199   -0.71700
 8      +0.39088   +0.22681   +0.70828  -0.21755   -0.71800
 9      -0.29279   +0.69337   +0.24188  -0.21800   -0.71800
 10      -0.31302   +0.70717   +0.22770  -0.21788   -0.71788
 11      -0.12424   +0.57843   +0.35877  -0.21996   -0.71800
 12      -0.15617   +0.59989   +0.33711  -0.21958   -0.71800
 13      -0.03163   +0.51695   +0.42104  -0.22000   -0.71800
 14      -0.06691   +0.54054   +0.39733  -0.22000   -0.71800
 15      +0.06688   +0.44975   +0.48722  -0.21949   -0.71800
 16      +0.05105   +0.46076   +0.47658  -0.21967   -0.71800
 17      -0.19904   +0.28533   +0.06740  +0.05602   -0.40838
 18      +0.13724   +0.12387   +0.22211  +0.06177   -0.40776
 19      +0.01514   +0.17264   +0.18712  +0.05957   -0.41927
 20      +0.01022   +0.17498   +0.18340  +0.06011   -0.41840
 21      -0.01012   +0.18467   +0.16799  +0.06235   -0.41480
 22      +0.03880   +0.16227   +0.19690  +0.05898   -0.41814
 23      -0.07585   +0.21391   +0.12582  +0.06692   -0.40627
 24      +0.36190   +0.04370   +0.30444  +0.05991   -0.40789
];

% TIME 15

% DOT1   -   DOT2   -   DOT3   -   DOT4
driver(:,:,15) = [+3.000000e-03   +9.270000e-01   -2.120000e-01   -7.170000e-01
+9.290000e-01   +0   -2.120000e-01   -7.170000e-01
];

% MOL   -   VOUT   -   DOT1   -   DOT2   -   DOT3   -   DOT4
conf(:,:,15) = [ 1      +0.26512   +0.31351   +0.62346  -0.21906   -0.71800
 2      +0.30480   +0.28605   +0.65053  -0.21858   -0.71800
 3      +0.05092   +0.46084   +0.47650  -0.21967   -0.71800
 4      +0.12037   +0.41250   +0.52377  -0.21924   -0.71800
 5      -0.07715   +0.54730   +0.39045  -0.22000   -0.71800
 6      +0.01172   +0.48785   +0.45015  -0.22000   -0.71800
 7      -0.23253   +0.65214   +0.28457  -0.21800   -0.71800
 8      -0.13715   +0.58697   +0.35008  -0.21994   -0.71800
 9      -0.27133   +0.67868   +0.25709  -0.21800   -0.71800
 10      -0.31045   +0.70542   +0.22948  -0.21791   -0.71791
 11      -0.07891   +0.54847   +0.38927  -0.22000   -0.71800
 12      -0.14732   +0.59383   +0.34317  -0.21979   -0.71800
 13      +0.05008   +0.46143   +0.47593  -0.21968   -0.71800
 14      -0.04003   +0.52258   +0.41540  -0.22000   -0.71800
 15      +0.22248   +0.34222   +0.59478  -0.21959   -0.71800
 16      +0.12474   +0.40946   +0.52685  -0.21928   -0.71800
 17      -0.04326   +0.02783   +0.02517  +0.14100   -0.19400
 18      -0.04302   +0.02783   +0.02517  +0.14100   -0.19400
 19      -0.01397   +0.02747   +0.02553  +0.14100   -0.19400
 20      -0.00031   +0.02731   +0.02569  +0.14100   -0.19400
 21      +0.00521   +0.02724   +0.02576  +0.14100   -0.19400
 22      +0.01369   +0.02714   +0.02586  +0.14100   -0.19400
 23      +0.04739   +0.02673   +0.02627  +0.14100   -0.19400
 24      +0.32662   +0.02431   +0.02969  +0.14000   -0.19400
];

% TIME 16

% DOT1   -   DOT2   -   DOT3   -   DOT4
driver(:,:,16) = [+3.000000e-03   +9.270000e-01   -2.120000e-01   -7.170000e-01
+9.290000e-01   +0   -2.120000e-01   -7.170000e-01
];

% MOL   -   VOUT   -   DOT1   -   DOT2   -   DOT3   -   DOT4
conf(:,:,16) = [ 1      +0.26514   +0.31350   +0.62347  -0.21906   -0.71800
 2      +0.30479   +0.28606   +0.65052  -0.21858   -0.71800
 3      +0.05094   +0.46083   +0.47651  -0.21967   -0.71800
 4      +0.12035   +0.41252   +0.52376  -0.21924   -0.71800
 5      -0.07713   +0.54729   +0.39047  -0.22000   -0.71800
 6      +0.01170   +0.48786   +0.45014  -0.22000   -0.71800
 7      -0.23252   +0.65213   +0.28458  -0.21800   -0.71800
 8      -0.13717   +0.58698   +0.35007  -0.21994   -0.71800
 9      -0.27132   +0.67867   +0.25709  -0.21800   -0.71800
 10      -0.31046   +0.70543   +0.22948  -0.21791   -0.71791
 11      -0.07890   +0.54846   +0.38927  -0.22000   -0.71800
 12      -0.14733   +0.59384   +0.34316  -0.21979   -0.71800
 13      +0.05009   +0.46142   +0.47594  -0.21968   -0.71800
 14      -0.04004   +0.52259   +0.41539  -0.22000   -0.71800
 15      +0.22248   +0.34222   +0.59478  -0.21959   -0.71800
 16      +0.12474   +0.40946   +0.52685  -0.21928   -0.71800
 17      -0.04325   +0.02783   +0.02517  +0.14100   -0.19400
 18      -0.04302   +0.02783   +0.02517  +0.14100   -0.19400
 19      -0.01397   +0.02747   +0.02553  +0.14100   -0.19400
 20      -0.00031   +0.02731   +0.02569  +0.14100   -0.19400
 21      +0.00521   +0.02724   +0.02576  +0.14100   -0.19400
 22      +0.01369   +0.02714   +0.02586  +0.14100   -0.19400
 23      +0.04739   +0.02673   +0.02627  +0.14100   -0.19400
 24      +0.32662   +0.02431   +0.02969  +0.14000   -0.19400
];

% TIME 17

% DOT1   -   DOT2   -   DOT3   -   DOT4
driver(:,:,17) = [+3.000000e-03   +9.270000e-01   -2.120000e-01   -7.170000e-01
+9.290000e-01   +0   -2.120000e-01   -7.170000e-01
];

% MOL   -   VOUT   -   DOT1   -   DOT2   -   DOT3   -   DOT4
conf(:,:,17) = [ 1      +0.04223   +0.38085   +0.42022  -0.12141   -0.67977
 2      +0.45456   +0.11121   +0.71506  -0.15006   -0.67657
 3      -0.26723   +0.62138   +0.16715  -0.11879   -0.66952
 4      +0.42302   +0.12210   +0.70010  -0.14865   -0.67396
 5      -0.39024   +0.73000   +0.10250  -0.15802   -0.67448
 6      +0.34402   +0.16561   +0.61525  -0.11204   -0.66882
 7      -0.42150   +0.73328   +0.08955  -0.14937   -0.67346
 8      +0.09834   +0.33791   +0.45453  -0.12065   -0.67223
 9      -0.09483   +0.48613   +0.29610  -0.11416   -0.66804
 10      -0.42272   +0.73341   +0.08904  -0.14904   -0.67342
 11      +0.16474   +0.29323   +0.49139  -0.11660   -0.66852
 12      -0.36732   +0.70905   +0.11446  -0.15018   -0.67333
 13      +0.27763   +0.22028   +0.56419  -0.11718   -0.66733
 14      -0.26885   +0.62177   +0.16640  -0.11852   -0.66945
 15      +0.32576   +0.18085   +0.60093  -0.11343   -0.66835
 16      -0.04331   +0.44873   +0.33771  -0.11479   -0.67126
 17      -0.06769   +0.02813   +0.02487  +0.14100   -0.19400
 18      -0.02496   +0.02761   +0.02539  +0.14100   -0.19400
 19      -0.00278   +0.02734   +0.02566  +0.14100   -0.19400
 20      +0.00255   +0.02727   +0.02573  +0.14100   -0.19400
 21      +0.00605   +0.02723   +0.02577  +0.14100   -0.19400
 22      +0.01398   +0.02713   +0.02587  +0.14100   -0.19400
 23      +0.04749   +0.02672   +0.02628  +0.14100   -0.19400
 24      +0.32665   +0.02431   +0.02969  +0.14000   -0.19400
];

% TIME 18

% DOT1   -   DOT2   -   DOT3   -   DOT4
driver(:,:,18) = [+3.000000e-03   +9.270000e-01   -2.120000e-01   -7.170000e-01
+9.290000e-01   +0   -2.120000e-01   -7.170000e-01
];

% MOL   -   VOUT   -   DOT1   -   DOT2   -   DOT3   -   DOT4
conf(:,:,18) = [ 1      -0.01649   +0.34790   +0.30085  -0.01491   -0.63335
 2      +0.46332   +0.04944   +0.67170  -0.08422   -0.63692
 3      -0.30266   +0.56003   +0.06684  -0.00776   -0.61813
 4      +0.45323   +0.04668   +0.67198  -0.08350   -0.63516
 5      -0.42397   +0.68126   +0.03001  -0.08151   -0.62976
 6      +0.37803   +0.05577   +0.60125  -0.03330   -0.62373
 7      -0.42275   +0.68193   +0.03006  -0.08215   -0.62983
 8      +0.15825   +0.20890   +0.42514  -0.01445   -0.61959
 9      -0.02004   +0.35124   +0.29552  -0.01413   -0.63209
 10      -0.43688   +0.67114   +0.03000  -0.07252   -0.62861
 11      +0.25344   +0.15434   +0.47821  -0.01634   -0.61621
 12      -0.44222   +0.66691   +0.03000  -0.06878   -0.62814
 13      +0.40122   +0.04683   +0.63671  -0.05666   -0.62687
 14      -0.41965   +0.68363   +0.03019  -0.08378   -0.63003
 15      +0.45574   +0.04737   +0.67191  -0.08368   -0.63560
 16      -0.17819   +0.50853   +0.13535  -0.02303   -0.62085
 17      -0.01916   +0.02754   +0.02546  +0.14100   -0.19400
 18      -0.03841   +0.02777   +0.02523  +0.14100   -0.19400
 19      -0.01332   +0.02747   +0.02553  +0.14100   -0.19400
 20      +0.00064   +0.02730   +0.02570  +0.14100   -0.19400
 21      +0.00581   +0.02723   +0.02577  +0.14100   -0.19400
 22      +0.01397   +0.02713   +0.02587  +0.14100   -0.19400
 23      +0.04749   +0.02672   +0.02628  +0.14100   -0.19400
 24      +0.32662   +0.02431   +0.02969  +0.14000   -0.19400
];

% TIME 19

% DOT1   -   DOT2   -   DOT3   -   DOT4
driver(:,:,19) = [+3.000000e-03   +9.270000e-01   -2.120000e-01   -7.170000e-01
+9.290000e-01   +0   -2.120000e-01   -7.170000e-01
];

% MOL   -   VOUT   -   DOT1   -   DOT2   -   DOT3   -   DOT4
conf(:,:,19) = [ 1      +0.15716   +0.11748   +0.22617  +0.06320   -0.40684
 2      +0.16450   +0.11515   +0.22765  +0.06373   -0.40653
 3      +0.03568   +0.16361   +0.19590  +0.05898   -0.41848
 4      +0.04548   +0.15941   +0.19904  +0.05897   -0.41741
 5      -0.01780   +0.18833   +0.16218  +0.06319   -0.41344
 6      +0.00148   +0.17915   +0.17677  +0.06107   -0.41685
 7      -0.08221   +0.21625   +0.12356  +0.06673   -0.40619
 8      -0.04839   +0.20262   +0.14003  +0.06620   -0.40844
 9      -0.14012   +0.23861   +0.10240  +0.06465   -0.40564
 10      -0.15830   +0.25285   +0.09171  +0.06202   -0.40645
 11      -0.04170   +0.19950   +0.14486  +0.06555   -0.40953
 12      -0.05926   +0.20770   +0.13219  +0.06726   -0.40667
 13      +0.00373   +0.17808   +0.17848  +0.06083   -0.41725
 14      -0.01996   +0.18936   +0.16055  +0.06343   -0.41306
 15      +0.08120   +0.14426   +0.20929  +0.05919   -0.41274
 16      +0.04724   +0.15866   +0.19961  +0.05896   -0.41722
 17      -0.00319   +0.02734   +0.02566  +0.14100   -0.19400
 18      -0.00128   +0.02732   +0.02568  +0.14100   -0.19400
 19      +0.00144   +0.02729   +0.02571  +0.14100   -0.19400
 20      +0.00331   +0.02726   +0.02574  +0.14100   -0.19400
 21      +0.00600   +0.02723   +0.02577  +0.14100   -0.19400
 22      +0.01370   +0.02714   +0.02586  +0.14100   -0.19400
 23      +0.04717   +0.02673   +0.02627  +0.14100   -0.19400
 24      +0.32633   +0.02432   +0.02968  +0.14000   -0.19400
];

% TIME 20

% DOT1   -   DOT2   -   DOT3   -   DOT4
driver(:,:,20) = [+3.000000e-03   +9.270000e-01   -2.120000e-01   -7.170000e-01
+9.290000e-01   +0   -2.120000e-01   -7.170000e-01
];

% MOL   -   VOUT   -   DOT1   -   DOT2   -   DOT3   -   DOT4
conf(:,:,20) = [ 1      +0.06197   +0.02655   +0.02645  +0.14100   -0.19400
 2      +0.06663   +0.02649   +0.02651  +0.14100   -0.19400
 3      +0.00893   +0.02719   +0.02581  +0.14100   -0.19400
 4      +0.01022   +0.02718   +0.02582  +0.14100   -0.19400
 5      +0.00476   +0.02725   +0.02575  +0.14100   -0.19400
 6      +0.00754   +0.02721   +0.02579  +0.14100   -0.19400
 7      +0.00773   +0.02721   +0.02579  +0.14100   -0.19400
 8      +0.02598   +0.02699   +0.02601  +0.14100   -0.19400
 9      -0.06177   +0.02806   +0.02494  +0.14100   -0.19400
 10      -0.06656   +0.02812   +0.02488  +0.14100   -0.19400
 11      -0.00959   +0.02742   +0.02558  +0.14100   -0.19400
 12      -0.01111   +0.02744   +0.02556  +0.14100   -0.19400
 13      -0.00519   +0.02737   +0.02563  +0.14100   -0.19400
 14      -0.00817   +0.02740   +0.02560  +0.14100   -0.19400
 15      -0.00768   +0.02740   +0.02560  +0.14100   -0.19400
 16      -0.02598   +0.02762   +0.02538  +0.14100   -0.19400
 17      +0.00025   +0.02730   +0.02570  +0.14100   -0.19400
 18      +0.00106   +0.02729   +0.02571  +0.14100   -0.19400
 19      +0.00232   +0.02728   +0.02572  +0.14100   -0.19400
 20      +0.00359   +0.02726   +0.02574  +0.14100   -0.19400
 21      +0.00608   +0.02723   +0.02577  +0.14100   -0.19400
 22      +0.01369   +0.02714   +0.02586  +0.14100   -0.19400
 23      +0.04712   +0.02673   +0.02627  +0.14100   -0.19400
 24      +0.32627   +0.02432   +0.02968  +0.14000   -0.19400
];

% TIME 21

% DOT1   -   DOT2   -   DOT3   -   DOT4
driver(:,:,21) = [+9.290000e-01   +0   -2.120000e-01   -7.170000e-01
+3.000000e-03   +9.270000e-01   -2.120000e-01   -7.170000e-01
];

% MOL   -   VOUT   -   DOT1   -   DOT2   -   DOT3   -   DOT4
conf(:,:,21) = [ 1      +0.06219   +0.02654   +0.02646  +0.14100   -0.19400
 2      +0.06695   +0.02649   +0.02651  +0.14100   -0.19400
 3      +0.00912   +0.02719   +0.02581  +0.14100   -0.19400
 4      +0.01057   +0.02717   +0.02583  +0.14100   -0.19400
 5      +0.00473   +0.02725   +0.02575  +0.14100   -0.19400
 6      +0.00762   +0.02721   +0.02579  +0.14100   -0.19400
 7      +0.00725   +0.02722   +0.02578  +0.14100   -0.19400
 8      +0.02528   +0.02700   +0.02600  +0.14100   -0.19400
 9      -0.06157   +0.02806   +0.02494  +0.14100   -0.19400
 10      -0.06626   +0.02811   +0.02489  +0.14100   -0.19400
 11      -0.00942   +0.02742   +0.02558  +0.14100   -0.19400
 12      -0.01078   +0.02744   +0.02556  +0.14100   -0.19400
 13      -0.00525   +0.02737   +0.02563  +0.14100   -0.19400
 14      -0.00812   +0.02740   +0.02560  +0.14100   -0.19400
 15      -0.00817   +0.02740   +0.02560  +0.14100   -0.19400
 16      -0.02670   +0.02763   +0.02537  +0.14100   -0.19400
 17      -0.00048   +0.02731   +0.02569  +0.14100   -0.19400
 18      -0.00014   +0.02731   +0.02569  +0.14100   -0.19400
 19      +0.00023   +0.02730   +0.02570  +0.14100   -0.19400
 20      -0.00046   +0.02731   +0.02569  +0.14100   -0.19400
 21      -0.00290   +0.02734   +0.02566  +0.14100   -0.19400
 22      -0.01056   +0.02743   +0.02557  +0.14100   -0.19400
 23      -0.04410   +0.02784   +0.02516  +0.14100   -0.19400
 24      -0.32268   +0.03124   +0.02300  +0.14195   -0.19542
];

% TIME 22

% DOT1   -   DOT2   -   DOT3   -   DOT4
driver(:,:,22) = [+9.290000e-01   +0   -2.120000e-01   -7.170000e-01
+3.000000e-03   +9.270000e-01   -2.120000e-01   -7.170000e-01
];

% MOL   -   VOUT   -   DOT1   -   DOT2   -   DOT3   -   DOT4
conf(:,:,22) = [ 1      +0.06398   +0.02652   +0.02648  +0.14100   -0.19400
 2      +0.06900   +0.02646   +0.02654  +0.14100   -0.19400
 3      +0.01388   +0.02713   +0.02587  +0.14100   -0.19400
 4      +0.01633   +0.02710   +0.02590  +0.14100   -0.19400
 5      +0.02186   +0.02704   +0.02596  +0.14100   -0.19400
 6      +0.02966   +0.02694   +0.02606  +0.14100   -0.19400
 7      +0.13639   +0.02564   +0.02736  +0.14100   -0.19400
 8      +0.19058   +0.02506   +0.02802  +0.14091   -0.19400
 9      -0.06346   +0.02808   +0.02492  +0.14100   -0.19400
 10      -0.06851   +0.02814   +0.02486  +0.14100   -0.19400
 11      -0.01410   +0.02748   +0.02552  +0.14100   -0.19400
 12      -0.01657   +0.02751   +0.02549  +0.14100   -0.19400
 13      -0.02190   +0.02757   +0.02543  +0.14100   -0.19400
 14      -0.02965   +0.02767   +0.02533  +0.14100   -0.19400
 15      -0.13649   +0.02897   +0.02406  +0.14100   -0.19400
 16      -0.19041   +0.02963   +0.02400  +0.14100   -0.19400
 17      +0.00146   +0.17916   +0.17676  +0.06108   -0.41685
 18      -0.00103   +0.18034   +0.17488  +0.06135   -0.41641
 19      +0.00767   +0.17620   +0.18146  +0.06039   -0.41795
 20      -0.00849   +0.18390   +0.16923  +0.06217   -0.41509
 21      +0.02041   +0.17014   +0.19102  +0.05901   -0.42015
 22      -0.03062   +0.19434   +0.15285  +0.06447   -0.41132
 23      +0.09963   +0.13649   +0.21414  +0.05941   -0.41004
 24      -0.35457   +0.34147   +0.03369  +0.03765   -0.41242
];

% TIME 23

% DOT1   -   DOT2   -   DOT3   -   DOT4
driver(:,:,23) = [+9.290000e-01   +0   -2.120000e-01   -7.170000e-01
+3.000000e-03   +9.270000e-01   -2.120000e-01   -7.170000e-01
];

% MOL   -   VOUT   -   DOT1   -   DOT2   -   DOT3   -   DOT4
conf(:,:,23) = [ 1      +0.06572   +0.02650   +0.02650  +0.14100   -0.19400
 2      +0.07095   +0.02644   +0.02656  +0.14100   -0.19400
 3      +0.01856   +0.02708   +0.02592  +0.14100   -0.19400
 4      +0.02181   +0.02704   +0.02596  +0.14100   -0.19400
 5      +0.03874   +0.02683   +0.02617  +0.14100   -0.19400
 6      +0.05011   +0.02669   +0.02631  +0.14100   -0.19400
 7      +0.28261   +0.02480   +0.02915  +0.14005   -0.19400
 8      +0.29268   +0.02470   +0.02927  +0.14002   -0.19400
 9      -0.06551   +0.02810   +0.02490  +0.14100   -0.19400
 10      -0.07103   +0.02817   +0.02483  +0.14100   -0.19400
 11      -0.01907   +0.02754   +0.02546  +0.14100   -0.19400
 12      -0.02300   +0.02758   +0.02542  +0.14100   -0.19400
 13      -0.03880   +0.02778   +0.02522  +0.14100   -0.19400
 14      -0.05394   +0.02796   +0.02504  +0.14100   -0.19400
 15      -0.23361   +0.03016   +0.02384  +0.14100   -0.19400
 16      -0.42178   +0.03287   +0.02212  +0.14324   -0.19780
 17      +0.21193   +0.17729   +0.45226  -0.01270   -0.61684
 18      -0.34093   +0.62715   +0.05030  -0.05213   -0.62477
 19      +0.46969   +0.05278   +0.66747  -0.08212   -0.63812
 20      -0.43299   +0.67421   +0.03000  -0.07525   -0.62896
 21      +0.49143   +0.06557   +0.64940  -0.07267   -0.64229
 22      -0.41027   +0.68876   +0.03057  -0.08868   -0.63063
 23      +0.52895   +0.06587   +0.63910  -0.06351   -0.64167
 24      -0.52851   +0.78859   +0.02012  -0.16979   -0.63892
];

% TIME 24

% DOT1   -   DOT2   -   DOT3   -   DOT4
driver(:,:,24) = [+9.290000e-01   +0   -2.120000e-01   -7.170000e-01
+3.000000e-03   +9.270000e-01   -2.120000e-01   -7.170000e-01
];

% MOL   -   VOUT   -   DOT1   -   DOT2   -   DOT3   -   DOT4
conf(:,:,24) = [ 1      +0.06633   +0.02649   +0.02651  +0.14100   -0.19400
 2      +0.07167   +0.02643   +0.02657  +0.14100   -0.19400
 3      +0.02004   +0.02706   +0.02594  +0.14100   -0.19400
 4      +0.02365   +0.02702   +0.02598  +0.14100   -0.19400
 5      +0.04383   +0.02677   +0.02623  +0.14100   -0.19400
 6      +0.05702   +0.02661   +0.02639  +0.14100   -0.19400
 7      +0.31924   +0.02440   +0.02960  +0.14000   -0.19400
 8      +0.35524   +0.02386   +0.03025  +0.14011   -0.19400
 9      -0.06593   +0.02811   +0.02489  +0.14100   -0.19400
 10      -0.07146   +0.02818   +0.02482  +0.14100   -0.19400
 11      -0.02029   +0.02755   +0.02545  +0.14100   -0.19400
 12      -0.02431   +0.02760   +0.02540  +0.14100   -0.19400
 13      -0.04376   +0.02784   +0.02516  +0.14100   -0.19400
 14      -0.05918   +0.02803   +0.02497  +0.14100   -0.19400
 15      -0.28657   +0.03081   +0.02320  +0.14102   -0.19402
 16      -0.45323   +0.03367   +0.02133  +0.14166   -0.19582
 17      +0.17085   +0.28919   +0.49475  -0.11619   -0.66826
 18      -0.29993   +0.62940   +0.15212  -0.11333   -0.66817
 19      +0.43255   +0.11866   +0.70519  -0.14951   -0.67474
 20      -0.44480   +0.73333   +0.08022  -0.14110   -0.67245
 21      +0.50043   +0.09887   +0.72371  -0.14208   -0.68061
 22      -0.47986   +0.75521   +0.06508  -0.14723   -0.67306
 23      +0.56530   +0.05250   +0.75956  -0.13669   -0.67567
 24      -0.58435   +0.85585   +0.02745  -0.20342   -0.67988
];

% TIME 25

% DOT1   -   DOT2   -   DOT3   -   DOT4
driver(:,:,25) = [+9.290000e-01   +0   -2.120000e-01   -7.170000e-01
+3.000000e-03   +9.270000e-01   -2.120000e-01   -7.170000e-01
];

% MOL   -   VOUT   -   DOT1   -   DOT2   -   DOT3   -   DOT4
conf(:,:,25) = [ 1      +0.06706   +0.02648   +0.02652  +0.14100   -0.19400
 2      +0.07252   +0.02642   +0.02658  +0.14100   -0.19400
 3      +0.02182   +0.02704   +0.02596  +0.14100   -0.19400
 4      +0.02581   +0.02699   +0.02601  +0.14100   -0.19400
 5      +0.05008   +0.02669   +0.02631  +0.14100   -0.19400
 6      +0.06517   +0.02651   +0.02649  +0.14100   -0.19400
 7      +0.36367   +0.02368   +0.03050  +0.14018   -0.19400
 8      +0.40825   +0.02269   +0.03196  +0.14065   -0.19400
 9      -0.06637   +0.02811   +0.02489  +0.14100   -0.19400
 10      -0.07193   +0.02818   +0.02482  +0.14100   -0.19400
 11      -0.02165   +0.02757   +0.02543  +0.14100   -0.19400
 12      -0.02581   +0.02762   +0.02538  +0.14100   -0.19400
 13      -0.04991   +0.02791   +0.02509  +0.14100   -0.19400
 14      -0.06647   +0.02812   +0.02488  +0.14100   -0.19400
 15      -0.33797   +0.03142   +0.02300  +0.14267   -0.19650
 16      -0.51370   +0.03458   +0.02042  +0.14853   -0.20369
 17      +0.19144   +0.36320   +0.57374  -0.21984   -0.71800
 18      -0.36258   +0.74093   +0.19337  -0.21729   -0.71729
 19      +0.53712   +0.08756   +0.84335  -0.21391   -0.71703
 20      -0.61479   +0.89770   +0.03008  -0.21078   -0.71700
 21      +0.65314   +0.01759   +0.90906  -0.20965   -0.71700
 22      -0.65588   +0.90800   +0.01902  -0.21002   -0.71700
 23      +0.65909   +0.01701   +0.90949  -0.20950   -0.71700
 24      -0.65350   +0.90740   +0.01966  -0.21007   -0.71700
];

% TIME 26

% DOT1   -   DOT2   -   DOT3   -   DOT4
driver(:,:,26) = [+9.290000e-01   +0   -2.120000e-01   -7.170000e-01
+3.000000e-03   +9.270000e-01   -2.120000e-01   -7.170000e-01
];

% MOL   -   VOUT   -   DOT1   -   DOT2   -   DOT3   -   DOT4
conf(:,:,26) = [ 1      +0.06706   +0.02648   +0.02652  +0.14100   -0.19400
 2      +0.07252   +0.02642   +0.02658  +0.14100   -0.19400
 3      +0.02182   +0.02704   +0.02596  +0.14100   -0.19400
 4      +0.02581   +0.02699   +0.02601  +0.14100   -0.19400
 5      +0.05008   +0.02669   +0.02631  +0.14100   -0.19400
 6      +0.06517   +0.02651   +0.02649  +0.14100   -0.19400
 7      +0.36368   +0.02368   +0.03050  +0.14018   -0.19400
 8      +0.40824   +0.02269   +0.03196  +0.14065   -0.19400
 9      -0.06637   +0.02811   +0.02489  +0.14100   -0.19400
 10      -0.07193   +0.02818   +0.02482  +0.14100   -0.19400
 11      -0.02165   +0.02757   +0.02543  +0.14100   -0.19400
 12      -0.02581   +0.02762   +0.02538  +0.14100   -0.19400
 13      -0.04991   +0.02791   +0.02509  +0.14100   -0.19400
 14      -0.06647   +0.02812   +0.02488  +0.14100   -0.19400
 15      -0.33797   +0.03142   +0.02300  +0.14267   -0.19650
 16      -0.51371   +0.03458   +0.02042  +0.14853   -0.20369
 17      +0.19145   +0.36319   +0.57374  -0.21984   -0.71800
 18      -0.36260   +0.74094   +0.19335  -0.21729   -0.71729
 19      +0.53713   +0.08755   +0.84337  -0.21391   -0.71703
 20      -0.61481   +0.89770   +0.03008  -0.21078   -0.71700
 21      +0.65314   +0.01759   +0.90906  -0.20965   -0.71700
 22      -0.65588   +0.90800   +0.01902  -0.21002   -0.71700
 23      +0.65909   +0.01701   +0.90949  -0.20950   -0.71700
 24      -0.65350   +0.90740   +0.01966  -0.21007   -0.71700
];

% TIME 27

% DOT1   -   DOT2   -   DOT3   -   DOT4
driver(:,:,27) = [+9.290000e-01   +0   -2.120000e-01   -7.170000e-01
+3.000000e-03   +9.270000e-01   -2.120000e-01   -7.170000e-01
];

% MOL   -   VOUT   -   DOT1   -   DOT2   -   DOT3   -   DOT4
conf(:,:,27) = [ 1      +0.17168   +0.11287   +0.22909  +0.06426   -0.40622
 2      +0.17958   +0.11036   +0.23069  +0.06484   -0.40588
 3      +0.07561   +0.14662   +0.20783  +0.05912   -0.41356
 4      +0.08490   +0.14270   +0.21026  +0.05923   -0.41220
 5      +0.07467   +0.14702   +0.20758  +0.05911   -0.41370
 6      +0.09895   +0.13678   +0.21396  +0.05940   -0.41014
 7      +0.20734   +0.10245   +0.23888  +0.06415   -0.40548
 8      +0.22867   +0.09648   +0.24548  +0.06330   -0.40526
 9      -0.15207   +0.24778   +0.09547  +0.06297   -0.40615
 10      -0.17743   +0.26839   +0.08013  +0.05910   -0.40739
 11      -0.08079   +0.21573   +0.12407  +0.06677   -0.40621
 12      -0.11486   +0.22862   +0.11176  +0.06562   -0.40585
 13      -0.07074   +0.21204   +0.12763  +0.06708   -0.40633
 14      -0.16206   +0.25590   +0.08943  +0.06145   -0.40664
 15      -0.12187   +0.23139   +0.10916  +0.06535   -0.40579
 16      -0.42545   +0.35656   +0.02602  +0.03127   -0.41361
 17      +0.24605   +0.32638   +0.61062  -0.21930   -0.71800
 18      -0.47793   +0.82717   +0.10402  -0.21419   -0.71700
 19      +0.59871   +0.03077   +0.89740  -0.21118   -0.71700
 20      -0.65424   +0.90759   +0.01947  -0.21005   -0.71700
 21      +0.65644   +0.01727   +0.90930  -0.20957   -0.71700
 22      -0.65561   +0.90793   +0.01910  -0.21003   -0.71700
 23      +0.65931   +0.01699   +0.90951  -0.20950   -0.71700
 24      -0.65321   +0.90733   +0.01974  -0.21007   -0.71700
];

% TIME 28

% DOT1   -   DOT2   -   DOT3   -   DOT4
driver(:,:,28) = [+9.290000e-01   +0   -2.120000e-01   -7.170000e-01
+3.000000e-03   +9.270000e-01   -2.120000e-01   -7.170000e-01
];

% MOL   -   VOUT   -   DOT1   -   DOT2   -   DOT3   -   DOT4
conf(:,:,28) = [ 1      +0.25965   +0.15092   +0.48216  -0.01695   -0.61613
 2      +0.26979   +0.14281   +0.48994  -0.01638   -0.61636
 3      +0.16323   +0.20579   +0.42709  -0.01372   -0.61917
 4      +0.15243   +0.21252   +0.42287  -0.01530   -0.62009
 5      +0.18648   +0.19159   +0.43713  -0.01126   -0.61746
 6      +0.10665   +0.24207   +0.40437  -0.02141   -0.62503
 7      +0.32703   +0.08898   +0.53811  -0.00832   -0.61877
 8      +0.04323   +0.29398   +0.37042  -0.02306   -0.64132
 9      -0.05932   +0.38742   +0.23932  -0.00647   -0.61933
 10      -0.45863   +0.65396   +0.03000  -0.05729   -0.62667
 11      +0.23733   +0.16319   +0.46798  -0.01477   -0.61640
 12      -0.52453   +0.77961   +0.02075  -0.16227   -0.63809
 13      +0.38555   +0.05232   +0.61215  -0.03980   -0.62467
 14      -0.58943   +0.82039   +0.01650  -0.19414   -0.64275
 15      +0.43037   +0.04043   +0.67262  -0.08187   -0.63117
 16      -0.68848   +0.79010   +0.01528  -0.16325   -0.64214
 17      +0.58131   +0.04053   +0.88828  -0.21181   -0.71700
 18      -0.72106   +0.92139   +0.00474  -0.20913   -0.71700
 19      +0.61038   +0.02630   +0.90151  -0.21081   -0.71700
 20      -0.66719   +0.91084   +0.01598  -0.20982   -0.71700
 21      +0.65359   +0.01755   +0.90909  -0.20964   -0.71700
 22      -0.65846   +0.90865   +0.01833  -0.20998   -0.71700
 23      +0.65807   +0.01711   +0.90942  -0.20953   -0.71700
 24      -0.65451   +0.90766   +0.01939  -0.21005   -0.71700
];

% TIME 29

% DOT1   -   DOT2   -   DOT3   -   DOT4
driver(:,:,29) = [+9.290000e-01   +0   -2.120000e-01   -7.170000e-01
+3.000000e-03   +9.270000e-01   -2.120000e-01   -7.170000e-01
];

% MOL   -   VOUT   -   DOT1   -   DOT2   -   DOT3   -   DOT4
conf(:,:,29) = [ 1      +0.28978   +0.21059   +0.57333  -0.11638   -0.66755
 2      +0.28690   +0.21289   +0.57117  -0.11657   -0.66750
 3      +0.16438   +0.29347   +0.49119  -0.11663   -0.66853
 4      +0.14132   +0.30868   +0.47852  -0.11817   -0.66952
 5      +0.15116   +0.30219   +0.48393  -0.11751   -0.66910
 6      +0.07955   +0.35226   +0.44339  -0.12100   -0.67499
 7      +0.23203   +0.25096   +0.53290  -0.11686   -0.66723
 8      +0.02209   +0.39633   +0.40713  -0.12148   -0.68196
 9      -0.05110   +0.45493   +0.32952  -0.11404   -0.67000
 10      -0.52312   +0.81911   +0.04449  -0.18619   -0.67740
 11      +0.24308   +0.24420   +0.54013  -0.11733   -0.66717
 12      -0.55001   +0.85320   +0.03307  -0.20653   -0.67973
 13      +0.37065   +0.14999   +0.64289  -0.12258   -0.67042
 14      -0.59796   +0.85563   +0.02550  -0.20128   -0.67985
 15      +0.41397   +0.12675   +0.69005  -0.14383   -0.67333
 16      -0.67738   +0.85344   +0.01433  -0.18817   -0.67960
 17      +0.48849   +0.13987   +0.79283  -0.21570   -0.71735
 18      -0.71268   +0.92106   +0.00504  -0.20910   -0.71700
 19      +0.59976   +0.03037   +0.89777  -0.21114   -0.71700
 20      -0.66342   +0.90989   +0.01699  -0.20989   -0.71700
 21      +0.65494   +0.01741   +0.90919  -0.20960   -0.71700
 22      -0.65688   +0.90825   +0.01875  -0.21001   -0.71700
 23      +0.65888   +0.01703   +0.90948  -0.20951   -0.71700
 24      -0.65358   +0.90742   +0.01964  -0.21007   -0.71700
];

% TIME 30

% DOT1   -   DOT2   -   DOT3   -   DOT4
driver(:,:,30) = [+9.290000e-01   +0   -2.120000e-01   -7.170000e-01
+3.000000e-03   +9.270000e-01   -2.120000e-01   -7.170000e-01
];

% MOL   -   VOUT   -   DOT1   -   DOT2   -   DOT3   -   DOT4
conf(:,:,30) = [ 1      +0.33331   +0.26621   +0.67003  -0.21823   -0.71800
 2      +0.29257   +0.29453   +0.64218  -0.21873   -0.71800
 3      +0.18676   +0.36637   +0.57056  -0.21988   -0.71800
 4      +0.10553   +0.42284   +0.51333  -0.21911   -0.71800
 5      +0.15039   +0.39159   +0.54494  -0.21953   -0.71800
 6      +0.02809   +0.47667   +0.46115  -0.21991   -0.71800
 7      +0.17677   +0.37322   +0.56363  -0.21986   -0.71800
 8      -0.02948   +0.51551   +0.42248  -0.22000   -0.71800
 9      -0.09291   +0.55770   +0.37986  -0.22000   -0.71800
 10      -0.54114   +0.87559   +0.05363  -0.21222   -0.71700
 11      +0.20836   +0.35176   +0.58521  -0.21970   -0.71800
 12      -0.55715   +0.88224   +0.04662  -0.21186   -0.71700
 13      +0.34891   +0.25542   +0.68058  -0.21804   -0.71800
 14      -0.60355   +0.89488   +0.03311  -0.21098   -0.71700
 15      +0.41238   +0.21223   +0.72236  -0.21730   -0.71800
 16      -0.66795   +0.91103   +0.01577  -0.20980   -0.71700
 17      +0.42058   +0.20667   +0.72773  -0.21720   -0.71800
 18      -0.72503   +0.92155   +0.00460  -0.20914   -0.71700
 19      +0.58315   +0.03858   +0.89014  -0.21172   -0.71700
 20      -0.65831   +0.90861   +0.01837  -0.20998   -0.71700
 21      +0.65569   +0.01734   +0.90924  -0.20959   -0.71700
 22      -0.65563   +0.90794   +0.01909  -0.21003   -0.71700
 23      +0.65957   +0.01696   +0.90953  -0.20949   -0.71700
 24      -0.65277   +0.90722   +0.01986  -0.21008   -0.71700
];

% TIME 31

% DOT1   -   DOT2   -   DOT3   -   DOT4
driver(:,:,31) = [+9.290000e-01   +0   -2.120000e-01   -7.170000e-01
+3.000000e-03   +9.270000e-01   -2.120000e-01   -7.170000e-01
];

% MOL   -   VOUT   -   DOT1   -   DOT2   -   DOT3   -   DOT4
conf(:,:,31) = [ 1      +0.33331   +0.26621   +0.67003  -0.21823   -0.71800
 2      +0.29256   +0.29453   +0.64218  -0.21873   -0.71800
 3      +0.18676   +0.36637   +0.57056  -0.21988   -0.71800
 4      +0.10553   +0.42284   +0.51333  -0.21911   -0.71800
 5      +0.15039   +0.39159   +0.54494  -0.21953   -0.71800
 6      +0.02809   +0.47667   +0.46115  -0.21991   -0.71800
 7      +0.17677   +0.37322   +0.56363  -0.21986   -0.71800
 8      -0.02948   +0.51551   +0.42248  -0.22000   -0.71800
 9      -0.09291   +0.55770   +0.37986  -0.22000   -0.71800
 10      -0.54114   +0.87559   +0.05363  -0.21222   -0.71700
 11      +0.20836   +0.35176   +0.58521  -0.21970   -0.71800
 12      -0.55715   +0.88224   +0.04662  -0.21186   -0.71700
 13      +0.34891   +0.25542   +0.68058  -0.21804   -0.71800
 14      -0.60355   +0.89488   +0.03311  -0.21098   -0.71700
 15      +0.41238   +0.21223   +0.72236  -0.21730   -0.71800
 16      -0.66795   +0.91103   +0.01577  -0.20980   -0.71700
 17      +0.42058   +0.20667   +0.72773  -0.21720   -0.71800
 18      -0.72503   +0.92155   +0.00460  -0.20914   -0.71700
 19      +0.58315   +0.03858   +0.89014  -0.21172   -0.71700
 20      -0.65831   +0.90861   +0.01837  -0.20998   -0.71700
 21      +0.65569   +0.01734   +0.90924  -0.20959   -0.71700
 22      -0.65563   +0.90794   +0.01909  -0.21003   -0.71700
 23      +0.65957   +0.01696   +0.90953  -0.20949   -0.71700
 24      -0.65277   +0.90722   +0.01986  -0.21008   -0.71700
];

% TIME 32

% DOT1   -   DOT2   -   DOT3   -   DOT4
driver(:,:,32) = [+9.290000e-01   +0   -2.120000e-01   -7.170000e-01
+3.000000e-03   +9.270000e-01   -2.120000e-01   -7.170000e-01
];

% MOL   -   VOUT   -   DOT1   -   DOT2   -   DOT3   -   DOT4
conf(:,:,32) = [ 1      +0.34817   +0.25592   +0.68009  -0.21805   -0.71800
 2      +0.27511   +0.30660   +0.63027  -0.21894   -0.71800
 3      +0.21403   +0.34793   +0.58906  -0.21966   -0.71800
 4      +0.07236   +0.44594   +0.49090  -0.21942   -0.71800
 5      +0.18444   +0.36793   +0.56899  -0.21990   -0.71800
 6      -0.01938   +0.50873   +0.42927  -0.22000   -0.71800
 7      +0.20780   +0.35214   +0.58483  -0.21971   -0.71800
 8      -0.08575   +0.55298   +0.38467  -0.22000   -0.71800
 9      -0.07968   +0.54897   +0.38875  -0.22000   -0.71800
 10      -0.54373   +0.87758   +0.05156  -0.21214   -0.71700
 11      +0.23524   +0.33365   +0.60335  -0.21943   -0.71800
 12      -0.56301   +0.88391   +0.04483  -0.21175   -0.71700
 13      +0.40019   +0.22050   +0.71438  -0.21744   -0.71800
 14      -0.61413   +0.89753   +0.03026  -0.21079   -0.71700
 15      +0.48836   +0.14001   +0.79269  -0.21571   -0.71735
 16      -0.68208   +0.91457   +0.01197  -0.20954   -0.71700
 17      +0.44203   +0.11545   +0.70944  -0.14974   -0.67553
 18      -0.66699   +0.85373   +0.01579  -0.18988   -0.67964
 19      +0.48301   +0.10322   +0.72171  -0.14609   -0.67905
 20      -0.50281   +0.78855   +0.05418  -0.16743   -0.67531
 21      +0.58192   +0.03818   +0.77104  -0.13608   -0.67354
 22      -0.54801   +0.85305   +0.03339  -0.20672   -0.67973
 23      +0.61576   +0.02531   +0.79723  -0.14977   -0.67319
 24      -0.60338   +0.85548   +0.02474  -0.20039   -0.67983
];

% TIME 33

% DOT1   -   DOT2   -   DOT3   -   DOT4
driver(:,:,33) = [+9.290000e-01   +0   -2.120000e-01   -7.170000e-01
+3.000000e-03   +9.270000e-01   -2.120000e-01   -7.170000e-01
];

% MOL   -   VOUT   -   DOT1   -   DOT2   -   DOT3   -   DOT4
conf(:,:,33) = [ 1      +0.34927   +0.25517   +0.68081  -0.21804   -0.71800
 2      +0.27247   +0.30843   +0.62847  -0.21897   -0.71800
 3      +0.21549   +0.34694   +0.59004  -0.21964   -0.71800
 4      +0.06696   +0.44970   +0.48727  -0.21949   -0.71800
 5      +0.18413   +0.36814   +0.56878  -0.21990   -0.71800
 6      -0.02836   +0.51476   +0.42323  -0.22000   -0.71800
 7      +0.19920   +0.35796   +0.57899  -0.21978   -0.71800
 8      -0.10070   +0.56285   +0.37462  -0.22000   -0.71800
 9      -0.06175   +0.53714   +0.40080  -0.22000   -0.71800
 10      -0.54653   +0.87920   +0.04986  -0.21206   -0.71700
 11      +0.27330   +0.30785   +0.62904  -0.21896   -0.71800
 12      -0.57054   +0.88607   +0.04254  -0.21160   -0.71700
 13      +0.46121   +0.16905   +0.76434  -0.21638   -0.71769
 14      -0.63059   +0.90166   +0.02583  -0.21049   -0.71700
 15      +0.56015   +0.06302   +0.86682  -0.21284   -0.71700
 16      -0.68081   +0.91425   +0.01232  -0.20957   -0.71700
 17      +0.44988   +0.04577   +0.67207  -0.08326   -0.63458
 18      -0.67579   +0.79398   +0.01544  -0.16720   -0.64222
 19      +0.41459   +0.04214   +0.65765  -0.07105   -0.62875
 20      -0.46282   +0.65065   +0.03000  -0.05435   -0.62630
 21      +0.47331   +0.05491   +0.66446  -0.08055   -0.63882
 22      -0.42376   +0.68137   +0.03002  -0.08162   -0.62977
 23      +0.52361   +0.06759   +0.63887  -0.06423   -0.64239
 24      -0.52904   +0.78978   +0.02004  -0.17079   -0.63903
];

% TIME 34

% DOT1   -   DOT2   -   DOT3   -   DOT4
driver(:,:,34) = [+9.290000e-01   +0   -2.120000e-01   -7.170000e-01
+3.000000e-03   +9.270000e-01   -2.120000e-01   -7.170000e-01
];

% MOL   -   VOUT   -   DOT1   -   DOT2   -   DOT3   -   DOT4
conf(:,:,34) = [ 1      +0.24598   +0.32643   +0.61057  -0.21930   -0.71800
 2      +0.34364   +0.25901   +0.67709  -0.21811   -0.71800
 3      +0.01842   +0.48334   +0.45466  -0.22000   -0.71800
 4      +0.19432   +0.36125   +0.57569  -0.21982   -0.71800
 5      -0.10503   +0.56571   +0.37170  -0.21999   -0.71800
 6      +0.12335   +0.41043   +0.52587  -0.21927   -0.71800
 7      -0.21504   +0.64017   +0.29680  -0.21817   -0.71800
 8      +0.02724   +0.47727   +0.46058  -0.21992   -0.71800
 9      -0.25611   +0.66827   +0.26786  -0.21800   -0.71800
 10      -0.35029   +0.73256   +0.20188  -0.21744   -0.71744
 11      -0.05397   +0.53193   +0.40603  -0.22000   -0.71800
 12      -0.22366   +0.64607   +0.29086  -0.21800   -0.71800
 13      +0.06646   +0.45005   +0.48694  -0.21949   -0.71800
 14      -0.16237   +0.60413   +0.33287  -0.21942   -0.71800
 15      +0.18709   +0.36614   +0.57079  -0.21987   -0.71800
 16      -0.06684   +0.54050   +0.39738  -0.22000   -0.71800
 17      -0.03101   +0.19452   +0.15257  +0.06451   -0.41126
 18      -0.04489   +0.20099   +0.14256  +0.06586   -0.40901
 19      +0.01364   +0.17336   +0.18599  +0.05974   -0.41901
 20      -0.01215   +0.18564   +0.16646  +0.06257   -0.41444
 21      +0.02245   +0.16927   +0.19167  +0.05901   -0.41992
 22      -0.03029   +0.19418   +0.15308  +0.06444   -0.41138
 23      +0.09998   +0.13635   +0.21423  +0.05942   -0.40999
 24      -0.35397   +0.34094   +0.03382  +0.03798   -0.41235
];

% TIME 35

% DOT1   -   DOT2   -   DOT3   -   DOT4
driver(:,:,35) = [+9.290000e-01   +0   -2.120000e-01   -7.170000e-01
+3.000000e-03   +9.270000e-01   -2.120000e-01   -7.170000e-01
];

% MOL   -   VOUT   -   DOT1   -   DOT2   -   DOT3   -   DOT4
conf(:,:,35) = [ 1      +0.26483   +0.31372   +0.62326  -0.21907   -0.71800
 2      +0.30556   +0.28553   +0.65104  -0.21857   -0.71800
 3      +0.05038   +0.46122   +0.47613  -0.21967   -0.71800
 4      +0.12133   +0.41183   +0.52445  -0.21925   -0.71800
 5      -0.07772   +0.54768   +0.39007  -0.22000   -0.71800
 6      +0.01222   +0.48751   +0.45049  -0.22000   -0.71800
 7      -0.23294   +0.65242   +0.28428  -0.21800   -0.71800
 8      -0.13752   +0.58721   +0.34983  -0.21994   -0.71800
 9      -0.27152   +0.67881   +0.25695  -0.21800   -0.71800
 10      -0.30985   +0.70501   +0.22990  -0.21791   -0.71791
 11      -0.07929   +0.54871   +0.38901  -0.22000   -0.71800
 12      -0.14659   +0.59333   +0.34367  -0.21981   -0.71800
 13      +0.04967   +0.46171   +0.47566  -0.21968   -0.71800
 14      -0.03976   +0.52240   +0.41558  -0.22000   -0.71800
 15      +0.22218   +0.34242   +0.59458  -0.21959   -0.71800
 16      +0.12422   +0.40982   +0.52649  -0.21927   -0.71800
 17      -0.04433   +0.02785   +0.02515  +0.14100   -0.19400
 18      -0.04458   +0.02785   +0.02515  +0.14100   -0.19400
 19      -0.01616   +0.02750   +0.02550  +0.14100   -0.19400
 20      -0.00436   +0.02736   +0.02564  +0.14100   -0.19400
 21      -0.00376   +0.02735   +0.02565  +0.14100   -0.19400
 22      -0.01055   +0.02743   +0.02557  +0.14100   -0.19400
 23      -0.04381   +0.02784   +0.02516  +0.14100   -0.19400
 24      -0.32233   +0.03123   +0.02300  +0.14193   -0.19540
];

% TIME 36

% DOT1   -   DOT2   -   DOT3   -   DOT4
driver(:,:,36) = [+9.290000e-01   +0   -2.120000e-01   -7.170000e-01
+3.000000e-03   +9.270000e-01   -2.120000e-01   -7.170000e-01
];

% MOL   -   VOUT   -   DOT1   -   DOT2   -   DOT3   -   DOT4
conf(:,:,36) = [ 1      +0.26484   +0.31371   +0.62327  -0.21907   -0.71800
 2      +0.30555   +0.28554   +0.65103  -0.21857   -0.71800
 3      +0.05040   +0.46120   +0.47614  -0.21967   -0.71800
 4      +0.12131   +0.41185   +0.52444  -0.21925   -0.71800
 5      -0.07770   +0.54767   +0.39008  -0.22000   -0.71800
 6      +0.01220   +0.48752   +0.45048  -0.22000   -0.71800
 7      -0.23293   +0.65241   +0.28429  -0.21800   -0.71800
 8      -0.13753   +0.58722   +0.34983  -0.21994   -0.71800
 9      -0.27153   +0.67882   +0.25694  -0.21800   -0.71800
 10      -0.30984   +0.70500   +0.22991  -0.21791   -0.71791
 11      -0.07930   +0.54872   +0.38900  -0.22000   -0.71800
 12      -0.14658   +0.59332   +0.34368  -0.21981   -0.71800
 13      +0.04966   +0.46172   +0.47565  -0.21968   -0.71800
 14      -0.03975   +0.52239   +0.41558  -0.22000   -0.71800
 15      +0.22217   +0.34242   +0.59458  -0.21959   -0.71800
 16      +0.12423   +0.40981   +0.52649  -0.21927   -0.71800
 17      -0.04433   +0.02785   +0.02515  +0.14100   -0.19400
 18      -0.04458   +0.02785   +0.02515  +0.14100   -0.19400
 19      -0.01616   +0.02750   +0.02550  +0.14100   -0.19400
 20      -0.00436   +0.02736   +0.02564  +0.14100   -0.19400
 21      -0.00376   +0.02735   +0.02565  +0.14100   -0.19400
 22      -0.01055   +0.02743   +0.02557  +0.14100   -0.19400
 23      -0.04381   +0.02784   +0.02516  +0.14100   -0.19400
 24      -0.32233   +0.03123   +0.02300  +0.14193   -0.19540
];

% TIME 37

% DOT1   -   DOT2   -   DOT3   -   DOT4
driver(:,:,37) = [+9.290000e-01   +0   -2.120000e-01   -7.170000e-01
+3.000000e-03   +9.270000e-01   -2.120000e-01   -7.170000e-01
];

% MOL   -   VOUT   -   DOT1   -   DOT2   -   DOT3   -   DOT4
conf(:,:,37) = [ 1      +0.04235   +0.38075   +0.42030  -0.12141   -0.67975
 2      +0.45503   +0.11105   +0.71527  -0.15007   -0.67661
 3      -0.26732   +0.62140   +0.16711  -0.11878   -0.66951
 4      +0.42348   +0.12186   +0.70062  -0.14889   -0.67400
 5      -0.39034   +0.73001   +0.10245  -0.15799   -0.67447
 6      +0.34405   +0.16559   +0.61528  -0.11205   -0.66882
 7      -0.42160   +0.73329   +0.08951  -0.14935   -0.67346
 8      +0.09764   +0.33844   +0.45412  -0.12067   -0.67233
 9      -0.09470   +0.48604   +0.29619  -0.11415   -0.66804
 10      -0.42227   +0.73336   +0.08923  -0.14916   -0.67343
 11      +0.16456   +0.29334   +0.49130  -0.11661   -0.66853
 12      -0.36685   +0.70848   +0.11472  -0.14991   -0.67329
 13      +0.27753   +0.22036   +0.56412  -0.11719   -0.66732
 14      -0.26892   +0.62179   +0.16637  -0.11851   -0.66945
 15      +0.32588   +0.18074   +0.60103  -0.11342   -0.66836
 16      -0.04415   +0.44940   +0.33682  -0.11471   -0.67113
 17      -0.06864   +0.02814   +0.02486  +0.14100   -0.19400
 18      -0.02683   +0.02763   +0.02537  +0.14100   -0.19400
 19      -0.00513   +0.02737   +0.02563  +0.14100   -0.19400
 20      -0.00154   +0.02732   +0.02568  +0.14100   -0.19400
 21      -0.00293   +0.02734   +0.02566  +0.14100   -0.19400
 22      -0.01026   +0.02743   +0.02557  +0.14100   -0.19400
 23      -0.04371   +0.02784   +0.02516  +0.14100   -0.19400
 24      -0.32230   +0.03123   +0.02300  +0.14193   -0.19540
];

% TIME 38

% DOT1   -   DOT2   -   DOT3   -   DOT4
driver(:,:,38) = [+9.290000e-01   +0   -2.120000e-01   -7.170000e-01
+3.000000e-03   +9.270000e-01   -2.120000e-01   -7.170000e-01
];

% MOL   -   VOUT   -   DOT1   -   DOT2   -   DOT3   -   DOT4
conf(:,:,38) = [ 1      -0.01625   +0.34768   +0.30121  -0.01496   -0.63343
 2      +0.46338   +0.04946   +0.67170  -0.08423   -0.63693
 3      -0.30238   +0.56008   +0.06690  -0.00785   -0.61815
 4      +0.45350   +0.04676   +0.67197  -0.08352   -0.63521
 5      -0.42399   +0.68125   +0.03001  -0.08151   -0.62975
 6      +0.37789   +0.05584   +0.60105  -0.03318   -0.62371
 7      -0.42293   +0.68183   +0.03005  -0.08206   -0.62982
 8      +0.15741   +0.20942   +0.42482  -0.01457   -0.61967
 9      -0.01980   +0.35102   +0.29588  -0.01418   -0.63218
 10      -0.43688   +0.67113   +0.03000  -0.07252   -0.62861
 11      +0.25376   +0.15416   +0.47842  -0.01637   -0.61620
 12      -0.44201   +0.66708   +0.03000  -0.06893   -0.62815
 13      +0.40094   +0.04693   +0.63627  -0.05636   -0.62683
 14      -0.41995   +0.68346   +0.03018  -0.08362   -0.63001
 15      +0.45598   +0.04744   +0.67190  -0.08370   -0.63564
 16      -0.17896   +0.50978   +0.13442  -0.02327   -0.62093
 17      -0.02014   +0.02755   +0.02545  +0.14100   -0.19400
 18      -0.04032   +0.02780   +0.02520  +0.14100   -0.19400
 19      -0.01569   +0.02750   +0.02550  +0.14100   -0.19400
 20      -0.00346   +0.02735   +0.02565  +0.14100   -0.19400
 21      -0.00317   +0.02734   +0.02566  +0.14100   -0.19400
 22      -0.01026   +0.02743   +0.02557  +0.14100   -0.19400
 23      -0.04371   +0.02784   +0.02516  +0.14100   -0.19400
 24      -0.32232   +0.03123   +0.02300  +0.14193   -0.19540
];

% TIME 39

% DOT1   -   DOT2   -   DOT3   -   DOT4
driver(:,:,39) = [+9.290000e-01   +0   -2.120000e-01   -7.170000e-01
+3.000000e-03   +9.270000e-01   -2.120000e-01   -7.170000e-01
];

% MOL   -   VOUT   -   DOT1   -   DOT2   -   DOT3   -   DOT4
conf(:,:,39) = [ 1      +0.15732   +0.11743   +0.22620  +0.06321   -0.40684
 2      +0.16483   +0.11504   +0.22771  +0.06376   -0.40652
 3      +0.03574   +0.16358   +0.19592  +0.05898   -0.41848
 4      +0.04583   +0.15927   +0.19915  +0.05897   -0.41738
 5      -0.01789   +0.18837   +0.16211  +0.06320   -0.41343
 6      +0.00143   +0.17917   +0.17674  +0.06108   -0.41685
 7      -0.08238   +0.21631   +0.12350  +0.06672   -0.40619
 8      -0.04906   +0.20294   +0.13955  +0.06627   -0.40833
 9      -0.14017   +0.23863   +0.10238  +0.06465   -0.40564
 10      -0.15788   +0.25250   +0.09196  +0.06209   -0.40643
 11      -0.04182   +0.19956   +0.14477  +0.06556   -0.40951
 12      -0.05874   +0.20745   +0.13257  +0.06721   -0.40676
 13      +0.00347   +0.17820   +0.17828  +0.06085   -0.41721
 14      -0.01975   +0.18926   +0.16070  +0.06341   -0.41310
 15      +0.08081   +0.14443   +0.20919  +0.05918   -0.41280
 16      +0.04667   +0.15891   +0.19942  +0.05896   -0.41728
 17      -0.00407   +0.02735   +0.02565  +0.14100   -0.19400
 18      -0.00272   +0.02734   +0.02566  +0.14100   -0.19400
 19      -0.00073   +0.02731   +0.02569  +0.14100   -0.19400
 20      -0.00075   +0.02731   +0.02569  +0.14100   -0.19400
 21      -0.00297   +0.02734   +0.02566  +0.14100   -0.19400
 22      -0.01054   +0.02743   +0.02557  +0.14100   -0.19400
 23      -0.04404   +0.02784   +0.02516  +0.14100   -0.19400
 24      -0.32262   +0.03124   +0.02300  +0.14195   -0.19542
];

% TIME 40

% DOT1   -   DOT2   -   DOT3   -   DOT4
driver(:,:,40) = [+9.290000e-01   +0   -2.120000e-01   -7.170000e-01
+3.000000e-03   +9.270000e-01   -2.120000e-01   -7.170000e-01
];

% MOL   -   VOUT   -   DOT1   -   DOT2   -   DOT3   -   DOT4
conf(:,:,40) = [ 1      +0.06219   +0.02654   +0.02646  +0.14100   -0.19400
 2      +0.06695   +0.02649   +0.02651  +0.14100   -0.19400
 3      +0.00912   +0.02719   +0.02581  +0.14100   -0.19400
 4      +0.01057   +0.02717   +0.02583  +0.14100   -0.19400
 5      +0.00473   +0.02725   +0.02575  +0.14100   -0.19400
 6      +0.00762   +0.02721   +0.02579  +0.14100   -0.19400
 7      +0.00725   +0.02722   +0.02578  +0.14100   -0.19400
 8      +0.02528   +0.02700   +0.02600  +0.14100   -0.19400
 9      -0.06157   +0.02806   +0.02494  +0.14100   -0.19400
 10      -0.06626   +0.02811   +0.02489  +0.14100   -0.19400
 11      -0.00942   +0.02742   +0.02558  +0.14100   -0.19400
 12      -0.01078   +0.02744   +0.02556  +0.14100   -0.19400
 13      -0.00525   +0.02737   +0.02563  +0.14100   -0.19400
 14      -0.00812   +0.02740   +0.02560  +0.14100   -0.19400
 15      -0.00817   +0.02740   +0.02560  +0.14100   -0.19400
 16      -0.02670   +0.02763   +0.02537  +0.14100   -0.19400
 17      -0.00048   +0.02731   +0.02569  +0.14100   -0.19400
 18      -0.00014   +0.02731   +0.02569  +0.14100   -0.19400
 19      +0.00023   +0.02730   +0.02570  +0.14100   -0.19400
 20      -0.00046   +0.02731   +0.02569  +0.14100   -0.19400
 21      -0.00290   +0.02734   +0.02566  +0.14100   -0.19400
 22      -0.01056   +0.02743   +0.02557  +0.14100   -0.19400
 23      -0.04410   +0.02784   +0.02516  +0.14100   -0.19400
 24      -0.32268   +0.03124   +0.02300  +0.14195   -0.19542
];

% TIME 41

% DOT1   -   DOT2   -   DOT3   -   DOT4
driver(:,:,41) = [+4.957165e-01   +4.422835e-01   -2.200000e-01   -7.180000e-01
+4.957165e-01   +4.422835e-01   -2.200000e-01   -7.180000e-01
];

% MOL   -   VOUT   -   DOT1   -   DOT2   -   DOT3   -   DOT4
conf(:,:,41) = [ 1      +0.06205   +0.02655   +0.02645  +0.14100   -0.19400
 2      +0.06674   +0.02649   +0.02651  +0.14100   -0.19400
 3      +0.00902   +0.02719   +0.02581  +0.14100   -0.19400
 4      +0.01037   +0.02718   +0.02582  +0.14100   -0.19400
 5      +0.00478   +0.02725   +0.02575  +0.14100   -0.19400
 6      +0.00761   +0.02721   +0.02579  +0.14100   -0.19400
 7      +0.00758   +0.02721   +0.02579  +0.14100   -0.19400
 8      +0.02575   +0.02699   +0.02601  +0.14100   -0.19400
 9      -0.06168   +0.02806   +0.02494  +0.14100   -0.19400
 10      -0.06644   +0.02812   +0.02488  +0.14100   -0.19400
 11      -0.00949   +0.02742   +0.02558  +0.14100   -0.19400
 12      -0.01095   +0.02744   +0.02556  +0.14100   -0.19400
 13      -0.00517   +0.02737   +0.02563  +0.14100   -0.19400
 14      -0.00809   +0.02740   +0.02560  +0.14100   -0.19400
 15      -0.00782   +0.02740   +0.02560  +0.14100   -0.19400
 16      -0.02620   +0.02762   +0.02538  +0.14100   -0.19400
 17      +0.00000   +0.02730   +0.02570  +0.14100   -0.19400
 18      +0.00063   +0.02730   +0.02570  +0.14100   -0.19400
 19      +0.00154   +0.02729   +0.02571  +0.14100   -0.19400
 20      +0.00201   +0.02728   +0.02572  +0.14100   -0.19400
 21      +0.00240   +0.02727   +0.02573  +0.14100   -0.19400
 22      +0.00331   +0.02726   +0.02574  +0.14100   -0.19400
 23      +0.00652   +0.02722   +0.02578  +0.14100   -0.19400
 24      +0.02752   +0.02697   +0.02603  +0.14100   -0.19400
];

% TIME 42

% DOT1   -   DOT2   -   DOT3   -   DOT4
driver(:,:,42) = [+4.957165e-01   +4.422835e-01   -2.200000e-01   -7.180000e-01
+4.957165e-01   +4.422835e-01   -2.200000e-01   -7.180000e-01
];

% MOL   -   VOUT   -   DOT1   -   DOT2   -   DOT3   -   DOT4
conf(:,:,42) = [ 1      +0.06395   +0.02652   +0.02648  +0.14100   -0.19400
 2      +0.06897   +0.02646   +0.02654  +0.14100   -0.19400
 3      +0.01383   +0.02714   +0.02586  +0.14100   -0.19400
 4      +0.01626   +0.02711   +0.02589  +0.14100   -0.19400
 5      +0.02180   +0.02704   +0.02596  +0.14100   -0.19400
 6      +0.02960   +0.02694   +0.02606  +0.14100   -0.19400
 7      +0.13616   +0.02564   +0.02736  +0.14100   -0.19400
 8      +0.19096   +0.02506   +0.02803  +0.14091   -0.19400
 9      -0.06347   +0.02808   +0.02492  +0.14100   -0.19400
 10      -0.06853   +0.02814   +0.02486  +0.14100   -0.19400
 11      -0.01414   +0.02748   +0.02552  +0.14100   -0.19400
 12      -0.01662   +0.02751   +0.02549  +0.14100   -0.19400
 13      -0.02194   +0.02757   +0.02543  +0.14100   -0.19400
 14      -0.02971   +0.02767   +0.02533  +0.14100   -0.19400
 15      -0.13664   +0.02897   +0.02405  +0.14100   -0.19400
 16      -0.19018   +0.02963   +0.02400  +0.14100   -0.19400
 17      -0.00017   +0.17993   +0.17553  +0.06125   -0.41656
 18      +0.00288   +0.17848   +0.17783  +0.06092   -0.41710
 19      +0.00027   +0.17973   +0.17586  +0.06121   -0.41664
 20      +0.00469   +0.17762   +0.17921  +0.06072   -0.41742
 21      -0.00258   +0.18108   +0.17370  +0.06152   -0.41614
 22      +0.00997   +0.17510   +0.18321  +0.06014   -0.41836
 23      -0.01098   +0.18508   +0.16734  +0.06244   -0.41465
 24      +0.03379   +0.16442   +0.19530  +0.05899   -0.41869
];

% TIME 43

% DOT1   -   DOT2   -   DOT3   -   DOT4
driver(:,:,43) = [+4.957165e-01   +4.422835e-01   -2.200000e-01   -7.180000e-01
+4.957165e-01   +4.422835e-01   -2.200000e-01   -7.180000e-01
];

% MOL   -   VOUT   -   DOT1   -   DOT2   -   DOT3   -   DOT4
conf(:,:,43) = [ 1      +0.06542   +0.02650   +0.02650  +0.14100   -0.19400
 2      +0.07082   +0.02644   +0.02656  +0.14100   -0.19400
 3      +0.01767   +0.02709   +0.02591  +0.14100   -0.19400
 4      +0.02151   +0.02704   +0.02596  +0.14100   -0.19400
 5      +0.03529   +0.02687   +0.02613  +0.14100   -0.19400
 6      +0.05166   +0.02667   +0.02633  +0.14100   -0.19400
 7      +0.19503   +0.02506   +0.02808  +0.14087   -0.19400
 8      +0.42451   +0.02231   +0.03253  +0.14084   -0.19400
 9      -0.06590   +0.02811   +0.02489  +0.14100   -0.19400
 10      -0.07121   +0.02817   +0.02483  +0.14100   -0.19400
 11      -0.02026   +0.02755   +0.02545  +0.14100   -0.19400
 12      -0.02353   +0.02759   +0.02541  +0.14100   -0.19400
 13      -0.04393   +0.02784   +0.02516  +0.14100   -0.19400
 14      -0.05396   +0.02796   +0.02504  +0.14100   -0.19400
 15      -0.33552   +0.03139   +0.02300  +0.14255   -0.19633
 16      -0.30268   +0.03100   +0.02300  +0.14103   -0.19404
 17      -0.23223   +0.57445   +0.08159  -0.03190   -0.62401
 18      +0.44220   +0.04367   +0.67229  -0.08272   -0.63324
 19      -0.45811   +0.65437   +0.03000  -0.05765   -0.62672
 20      +0.46608   +0.05065   +0.67047  -0.08369   -0.63743
 21      -0.44936   +0.66128   +0.03000  -0.06378   -0.62750
 22      +0.47255   +0.05446   +0.66509  -0.08088   -0.63867
 23      -0.35689   +0.65547   +0.04336  -0.07089   -0.62758
 24      +0.25296   +0.15460   +0.47790  -0.01629   -0.61621
];

% TIME 44

% DOT1   -   DOT2   -   DOT3   -   DOT4
driver(:,:,44) = [+4.957165e-01   +4.422835e-01   -2.200000e-01   -7.180000e-01
+4.957165e-01   +4.422835e-01   -2.200000e-01   -7.180000e-01
];

% MOL   -   VOUT   -   DOT1   -   DOT2   -   DOT3   -   DOT4
conf(:,:,44) = [ 1      +0.06600   +0.02650   +0.02650  +0.14100   -0.19400
 2      +0.07143   +0.02643   +0.02657  +0.14100   -0.19400
 3      +0.01921   +0.02707   +0.02593  +0.14100   -0.19400
 4      +0.02312   +0.02702   +0.02598  +0.14100   -0.19400
 5      +0.04134   +0.02680   +0.02620  +0.14100   -0.19400
 6      +0.05738   +0.02660   +0.02640  +0.14100   -0.19400
 7      +0.26205   +0.02500   +0.02890  +0.14010   -0.19400
 8      +0.45563   +0.02207   +0.03289  +0.14043   -0.19427
 9      -0.06628   +0.02811   +0.02489  +0.14100   -0.19400
 10      -0.07170   +0.02818   +0.02482  +0.14100   -0.19400
 11      -0.02128   +0.02756   +0.02544  +0.14100   -0.19400
 12      -0.02500   +0.02761   +0.02539  +0.14100   -0.19400
 13      -0.04753   +0.02788   +0.02512  +0.14100   -0.19400
 14      -0.06039   +0.02804   +0.02496  +0.14100   -0.19400
 15      -0.34986   +0.03156   +0.02300  +0.14323   -0.19734
 16      -0.36211   +0.03170   +0.02300  +0.14380   -0.19820
 17      -0.18484   +0.56927   +0.22246  -0.12193   -0.66974
 18      +0.38916   +0.13952   +0.66249  -0.13063   -0.67159
 19      -0.42269   +0.73341   +0.08906  -0.14904   -0.67342
 20      +0.48828   +0.10190   +0.72231  -0.14487   -0.67952
 21      -0.44674   +0.73331   +0.07945  -0.14039   -0.67237
 22      +0.44343   +0.11497   +0.71007  -0.14978   -0.67564
 23      -0.31853   +0.64919   +0.14196  -0.12182   -0.66932
 24      +0.20993   +0.26456   +0.51867  -0.11614   -0.66744
];

% TIME 45

% DOT1   -   DOT2   -   DOT3   -   DOT4
driver(:,:,45) = [+4.957165e-01   +4.422835e-01   -2.200000e-01   -7.180000e-01
+4.957165e-01   +4.422835e-01   -2.200000e-01   -7.180000e-01
];

% MOL   -   VOUT   -   DOT1   -   DOT2   -   DOT3   -   DOT4
conf(:,:,45) = [ 1      +0.06676   +0.02649   +0.02651  +0.14100   -0.19400
 2      +0.07222   +0.02642   +0.02658  +0.14100   -0.19400
 3      +0.02117   +0.02705   +0.02595  +0.14100   -0.19400
 4      +0.02516   +0.02700   +0.02600  +0.14100   -0.19400
 5      +0.04840   +0.02671   +0.02629  +0.14100   -0.19400
 6      +0.06419   +0.02652   +0.02648  +0.14100   -0.19400
 7      +0.34097   +0.02414   +0.02986  +0.14000   -0.19400
 8      +0.45791   +0.02205   +0.03292  +0.14040   -0.19429
 9      -0.06671   +0.02812   +0.02488  +0.14100   -0.19400
 10      -0.07227   +0.02819   +0.02481  +0.14100   -0.19400
 11      -0.02238   +0.02758   +0.02542  +0.14100   -0.19400
 12      -0.02655   +0.02763   +0.02537  +0.14100   -0.19400
 13      -0.05148   +0.02793   +0.02507  +0.14100   -0.19400
 14      -0.06721   +0.02812   +0.02488  +0.14100   -0.19400
 15      -0.36218   +0.03170   +0.02300  +0.14380   -0.19821
 16      -0.46746   +0.03400   +0.02100  +0.14150   -0.19559
 17      +0.00090   +0.49511   +0.44289  -0.22000   -0.71800
 18      +0.04557   +0.46455   +0.47290  -0.21973   -0.71800
 19      +0.00006   +0.49568   +0.44232  -0.22000   -0.71800
 20      +0.04772   +0.46306   +0.47434  -0.21970   -0.71800
 21      -0.00183   +0.49695   +0.44105  -0.22000   -0.71800
 22      +0.04967   +0.46171   +0.47565  -0.21968   -0.71800
 23      -0.00367   +0.49818   +0.43982  -0.22000   -0.71800
 24      +0.05209   +0.46003   +0.47728  -0.21966   -0.71800
];
