%%%%%%%%%%%%%%%%%%%%%%%%%%%%%%%%%%%%%%%%%%%%%%%%%%%%%%%%%%%%%%%%%%%%%%%%%%%%
%
%       Self-Consistent Electrostatic Potential Algorithm (SCERPA)
% 
%       VLSI Nanocomputing Research Group 
%       Dept. of Electronics and Telecommunications  
%       Politecnico di Torino, Turin, Italy 
%       (https://www.vlsilab.polito.it/) 
% 
%       People [people you may contact for info] 
%         Yuri Ardesi (yuri.ardesi@polito.it)
%         Giuliana Beretta (giuliana.beretta@polito.it)
% 
%       Supervision: Gianluca Piccinini, Mariagrazia Graziano 
% 
%       Relevant pubblications doi: 10.1109/TCAD.2019.2960360 
%                                   10.1109/TVLSI.2020.3045198  
% 
%%%%%%%%%%%%%%%%%%%%%%%%%%%%%%%%%%%%%%%%%%%%%%%%%%%%%%%%%%%%%%%%%%%%%%%%%%%%


%% Files Analysed:
%%    ../Layout/Data/Data_Molecule.mat
%%    ../Layout/Data/Data_Driver.mat
%%    ../Layout/Data/Data_Output.mat
%%    ../Layout/Data/Fake_Phases.mat
%%    ../Layout/Data/Values_Driver.mat


%%    Configuration of data output: 
%%    ID - Vin - Q1 ... QN: 

% TIME 1

% DOT1   -   DOT2   -   DOT3   -   DOT4
driver(:,:,1) = [+3.000000e-03   +9.270000e-01   -2.120000e-01   -7.170000e-01
+9.290000e-01   +0   -2.120000e-01   -7.170000e-01
];

% MOL   -   VOUT   -   DOT1   -   DOT2   -   DOT3   -   DOT4
conf(:,:,1) = [ 1      +0.21949   +0.02501   +0.02838  +0.14062   -0.19400
 2      +0.02945   +0.02694   +0.02606  +0.14100   -0.19400
 3      +0.00840   +0.02720   +0.02580  +0.14100   -0.19400
 4      +0.00371   +0.02726   +0.02574  +0.14100   -0.19400
 5      +0.00221   +0.02728   +0.02572  +0.14100   -0.19400
 6      +0.00162   +0.02728   +0.02572  +0.14100   -0.19400
 7      +0.00134   +0.02729   +0.02571  +0.14100   -0.19400
 8      +0.00121   +0.02729   +0.02571  +0.14100   -0.19400
 9      +0.00113   +0.02729   +0.02571  +0.14100   -0.19400
 10      +0.00108   +0.02729   +0.02571  +0.14100   -0.19400
 11      +0.00105   +0.02729   +0.02571  +0.14100   -0.19400
 12      +0.00103   +0.02729   +0.02571  +0.14100   -0.19400
 13      +0.00101   +0.02729   +0.02571  +0.14100   -0.19400
 14      +0.00098   +0.02729   +0.02571  +0.14100   -0.19400
 15      +0.00092   +0.02729   +0.02571  +0.14100   -0.19400
 16      +0.00051   +0.02730   +0.02570  +0.14100   -0.19400
];

% TIME 2

% DOT1   -   DOT2   -   DOT3   -   DOT4
driver(:,:,2) = [+3.000000e-03   +9.270000e-01   -2.120000e-01   -7.170000e-01
+9.290000e-01   +0   -2.120000e-01   -7.170000e-01
];

% MOL   -   VOUT   -   DOT1   -   DOT2   -   DOT3   -   DOT4
conf(:,:,2) = [ 1      +0.22461   +0.09759   +0.24417  +0.06352   -0.40528
 2      -0.01296   +0.18603   +0.16584  +0.06266   -0.41430
 3      +0.00753   +0.17627   +0.18136  +0.06041   -0.41793
 4      +0.00062   +0.17956   +0.17612  +0.06117   -0.41670
 5      +0.00195   +0.17892   +0.17714  +0.06102   -0.41694
 6      +0.00145   +0.17916   +0.17675  +0.06108   -0.41685
 7      +0.00150   +0.17914   +0.17679  +0.06107   -0.41686
 8      +0.00146   +0.17916   +0.17676  +0.06107   -0.41685
 9      +0.00144   +0.17917   +0.17675  +0.06108   -0.41685
 10      +0.00145   +0.17916   +0.17675  +0.06108   -0.41685
 11      +0.00143   +0.17917   +0.17674  +0.06108   -0.41685
 12      +0.00144   +0.17917   +0.17674  +0.06108   -0.41685
 13      +0.00144   +0.17917   +0.17675  +0.06108   -0.41685
 14      +0.00138   +0.17920   +0.17670  +0.06108   -0.41684
 15      +0.00160   +0.17909   +0.17687  +0.06106   -0.41688
 16      +0.00066   +0.17954   +0.17616  +0.06116   -0.41671
];

% TIME 3

% DOT1   -   DOT2   -   DOT3   -   DOT4
driver(:,:,3) = [+3.000000e-03   +9.270000e-01   -2.120000e-01   -7.170000e-01
+9.290000e-01   +0   -2.120000e-01   -7.170000e-01
];

% MOL   -   VOUT   -   DOT1   -   DOT2   -   DOT3   -   DOT4
conf(:,:,3) = [ 1      +0.27505   +0.13804   +0.49427  -0.01576   -0.61656
 2      -0.10547   +0.42121   +0.20608  -0.00903   -0.61785
 3      +0.09071   +0.25431   +0.39678  -0.02239   -0.62870
 4      -0.06133   +0.38913   +0.23698  -0.00626   -0.61889
 5      +0.07356   +0.26856   +0.38797  -0.02281   -0.63373
 6      -0.05514   +0.38357   +0.24530  -0.00728   -0.62069
 7      +0.06918   +0.27220   +0.38573  -0.02292   -0.63501
 8      -0.05345   +0.38201   +0.24772  -0.00761   -0.62124
 9      +0.06761   +0.27351   +0.38492  -0.02296   -0.63547
 10      -0.05247   +0.38111   +0.24913  -0.00781   -0.62156
 11      +0.06565   +0.27513   +0.38392  -0.02300   -0.63605
 12      -0.05014   +0.37897   +0.25245  -0.00826   -0.62231
 13      +0.05950   +0.28026   +0.38064  -0.02312   -0.63777
 14      -0.04191   +0.37138   +0.26423  -0.00986   -0.62498
 15      +0.03996   +0.29674   +0.36837  -0.02305   -0.64203
 16      -0.01631   +0.34774   +0.30111  -0.01494   -0.63341
];

% TIME 4

% DOT1   -   DOT2   -   DOT3   -   DOT4
driver(:,:,4) = [+3.000000e-03   +9.270000e-01   -2.120000e-01   -7.170000e-01
+9.290000e-01   +0   -2.120000e-01   -7.170000e-01
];

% MOL   -   VOUT   -   DOT1   -   DOT2   -   DOT3   -   DOT4
conf(:,:,4) = [ 1      +0.26305   +0.23192   +0.55322  -0.11814   -0.66706
 2      -0.07421   +0.47189   +0.31022  -0.11353   -0.66829
 3      +0.05282   +0.37271   +0.42711  -0.12137   -0.67861
 4      -0.01150   +0.42333   +0.37145  -0.11800   -0.67656
 5      +0.02186   +0.39651   +0.40698  -0.12148   -0.68199
 6      +0.00111   +0.41316   +0.38516  -0.11939   -0.67879
 7      +0.01400   +0.40278   +0.39916  -0.12080   -0.68107
 8      +0.00568   +0.40949   +0.39012  -0.11989   -0.67960
 9      +0.01116   +0.40506   +0.39608  -0.12049   -0.68057
 10      +0.00733   +0.40815   +0.39192  -0.12007   -0.67989
 11      +0.01032   +0.40574   +0.39517  -0.12040   -0.68042
 12      +0.00751   +0.40801   +0.39211  -0.12009   -0.67992
 13      +0.01073   +0.40541   +0.39561  -0.12044   -0.68049
 14      +0.00634   +0.40895   +0.39084  -0.11996   -0.67972
 15      +0.01270   +0.40382   +0.39776  -0.12066   -0.68084
 16      +0.00267   +0.41191   +0.38685  -0.11956   -0.67907
];

% TIME 5

% DOT1   -   DOT2   -   DOT3   -   DOT4
driver(:,:,5) = [+3.000000e-03   +9.270000e-01   -2.120000e-01   -7.170000e-01
+9.290000e-01   +0   -2.120000e-01   -7.170000e-01
];

% MOL   -   VOUT   -   DOT1   -   DOT2   -   DOT3   -   DOT4
conf(:,:,5) = [ 1      +0.25483   +0.32048   +0.61652  -0.21919   -0.71800
 2      -0.05224   +0.53077   +0.40720  -0.22000   -0.71800
 3      +0.04082   +0.46784   +0.46971  -0.21978   -0.71800
 4      +0.01253   +0.48730   +0.45070  -0.22000   -0.71800
 5      +0.02119   +0.48146   +0.45651  -0.21999   -0.71800
 6      +0.01862   +0.48321   +0.45479  -0.22000   -0.71800
 7      +0.01942   +0.48268   +0.45532  -0.22000   -0.71800
 8      +0.01920   +0.48282   +0.45518  -0.22000   -0.71800
 9      +0.01927   +0.48278   +0.45522  -0.22000   -0.71800
 10      +0.01925   +0.48279   +0.45521  -0.22000   -0.71800
 11      +0.01926   +0.48278   +0.45522  -0.22000   -0.71800
 12      +0.01915   +0.48285   +0.45515  -0.22000   -0.71800
 13      +0.01943   +0.48266   +0.45534  -0.22000   -0.71800
 14      +0.01824   +0.48346   +0.45454  -0.22000   -0.71800
 15      +0.02168   +0.48112   +0.45684  -0.21998   -0.71800
 16      +0.00881   +0.48980   +0.44820  -0.22000   -0.71800
];

% TIME 6

% DOT1   -   DOT2   -   DOT3   -   DOT4
driver(:,:,6) = [+3.000000e-03   +9.270000e-01   -2.120000e-01   -7.170000e-01
+9.290000e-01   +0   -2.120000e-01   -7.170000e-01
];

% MOL   -   VOUT   -   DOT1   -   DOT2   -   DOT3   -   DOT4
conf(:,:,6) = [ 1      +0.25483   +0.32048   +0.61652  -0.21919   -0.71800
 2      -0.05224   +0.53077   +0.40720  -0.22000   -0.71800
 3      +0.04082   +0.46785   +0.46971  -0.21978   -0.71800
 4      +0.01254   +0.48730   +0.45070  -0.22000   -0.71800
 5      +0.02119   +0.48146   +0.45651  -0.21999   -0.71800
 6      +0.01862   +0.48321   +0.45479  -0.22000   -0.71800
 7      +0.01942   +0.48268   +0.45532  -0.22000   -0.71800
 8      +0.01920   +0.48282   +0.45518  -0.22000   -0.71800
 9      +0.01926   +0.48278   +0.45522  -0.22000   -0.71800
 10      +0.01925   +0.48279   +0.45521  -0.22000   -0.71800
 11      +0.01926   +0.48278   +0.45522  -0.22000   -0.71800
 12      +0.01915   +0.48285   +0.45515  -0.22000   -0.71800
 13      +0.01943   +0.48266   +0.45534  -0.22000   -0.71800
 14      +0.01824   +0.48346   +0.45454  -0.22000   -0.71800
 15      +0.02168   +0.48112   +0.45684  -0.21998   -0.71800
 16      +0.00881   +0.48980   +0.44820  -0.22000   -0.71800
];

% TIME 7

% DOT1   -   DOT2   -   DOT3   -   DOT4
driver(:,:,7) = [+3.000000e-03   +9.270000e-01   -2.120000e-01   -7.170000e-01
+9.290000e-01   +0   -2.120000e-01   -7.170000e-01
];

% MOL   -   VOUT   -   DOT1   -   DOT2   -   DOT3   -   DOT4
conf(:,:,7) = [ 1      +0.25483   +0.32048   +0.61652  -0.21919   -0.71800
 2      -0.05224   +0.53077   +0.40720  -0.22000   -0.71800
 3      +0.04082   +0.46785   +0.46971  -0.21978   -0.71800
 4      +0.01254   +0.48730   +0.45070  -0.22000   -0.71800
 5      +0.02119   +0.48146   +0.45651  -0.21999   -0.71800
 6      +0.01862   +0.48321   +0.45479  -0.22000   -0.71800
 7      +0.01942   +0.48268   +0.45532  -0.22000   -0.71800
 8      +0.01920   +0.48282   +0.45518  -0.22000   -0.71800
 9      +0.01926   +0.48278   +0.45522  -0.22000   -0.71800
 10      +0.01925   +0.48279   +0.45521  -0.22000   -0.71800
 11      +0.01926   +0.48278   +0.45522  -0.22000   -0.71800
 12      +0.01915   +0.48285   +0.45515  -0.22000   -0.71800
 13      +0.01943   +0.48266   +0.45534  -0.22000   -0.71800
 14      +0.01824   +0.48346   +0.45454  -0.22000   -0.71800
 15      +0.02168   +0.48112   +0.45684  -0.21998   -0.71800
 16      +0.00881   +0.48980   +0.44820  -0.22000   -0.71800
];

% TIME 8

% DOT1   -   DOT2   -   DOT3   -   DOT4
driver(:,:,8) = [+3.000000e-03   +9.270000e-01   -2.120000e-01   -7.170000e-01
+9.290000e-01   +0   -2.120000e-01   -7.170000e-01
];

% MOL   -   VOUT   -   DOT1   -   DOT2   -   DOT3   -   DOT4
conf(:,:,8) = [ 1      +0.25483   +0.32048   +0.61652  -0.21919   -0.71800
 2      -0.05224   +0.53077   +0.40720  -0.22000   -0.71800
 3      +0.04082   +0.46785   +0.46971  -0.21978   -0.71800
 4      +0.01254   +0.48730   +0.45070  -0.22000   -0.71800
 5      +0.02119   +0.48146   +0.45651  -0.21999   -0.71800
 6      +0.01862   +0.48321   +0.45479  -0.22000   -0.71800
 7      +0.01942   +0.48268   +0.45532  -0.22000   -0.71800
 8      +0.01920   +0.48282   +0.45518  -0.22000   -0.71800
 9      +0.01926   +0.48278   +0.45522  -0.22000   -0.71800
 10      +0.01925   +0.48279   +0.45521  -0.22000   -0.71800
 11      +0.01926   +0.48278   +0.45522  -0.22000   -0.71800
 12      +0.01915   +0.48285   +0.45515  -0.22000   -0.71800
 13      +0.01943   +0.48266   +0.45534  -0.22000   -0.71800
 14      +0.01824   +0.48346   +0.45454  -0.22000   -0.71800
 15      +0.02168   +0.48112   +0.45684  -0.21998   -0.71800
 16      +0.00881   +0.48980   +0.44820  -0.22000   -0.71800
];

% TIME 9

% DOT1   -   DOT2   -   DOT3   -   DOT4
driver(:,:,9) = [+3.000000e-03   +9.270000e-01   -2.120000e-01   -7.170000e-01
+9.290000e-01   +0   -2.120000e-01   -7.170000e-01
];

% MOL   -   VOUT   -   DOT1   -   DOT2   -   DOT3   -   DOT4
conf(:,:,9) = [ 1      +0.25483   +0.32048   +0.61652  -0.21919   -0.71800
 2      -0.05224   +0.53077   +0.40720  -0.22000   -0.71800
 3      +0.04082   +0.46785   +0.46971  -0.21978   -0.71800
 4      +0.01254   +0.48730   +0.45070  -0.22000   -0.71800
 5      +0.02119   +0.48146   +0.45651  -0.21999   -0.71800
 6      +0.01862   +0.48321   +0.45479  -0.22000   -0.71800
 7      +0.01942   +0.48268   +0.45532  -0.22000   -0.71800
 8      +0.01920   +0.48282   +0.45518  -0.22000   -0.71800
 9      +0.01926   +0.48278   +0.45522  -0.22000   -0.71800
 10      +0.01925   +0.48279   +0.45521  -0.22000   -0.71800
 11      +0.01926   +0.48278   +0.45522  -0.22000   -0.71800
 12      +0.01915   +0.48285   +0.45515  -0.22000   -0.71800
 13      +0.01943   +0.48266   +0.45534  -0.22000   -0.71800
 14      +0.01824   +0.48346   +0.45454  -0.22000   -0.71800
 15      +0.02168   +0.48112   +0.45684  -0.21998   -0.71800
 16      +0.00881   +0.48980   +0.44820  -0.22000   -0.71800
];

% TIME 10

% DOT1   -   DOT2   -   DOT3   -   DOT4
driver(:,:,10) = [+3.000000e-03   +9.270000e-01   -2.120000e-01   -7.170000e-01
+9.290000e-01   +0   -2.120000e-01   -7.170000e-01
];

% MOL   -   VOUT   -   DOT1   -   DOT2   -   DOT3   -   DOT4
conf(:,:,10) = [ 1      +0.25483   +0.32048   +0.61652  -0.21919   -0.71800
 2      -0.05224   +0.53077   +0.40720  -0.22000   -0.71800
 3      +0.04082   +0.46785   +0.46971  -0.21978   -0.71800
 4      +0.01254   +0.48730   +0.45070  -0.22000   -0.71800
 5      +0.02119   +0.48146   +0.45651  -0.21999   -0.71800
 6      +0.01862   +0.48321   +0.45479  -0.22000   -0.71800
 7      +0.01942   +0.48268   +0.45532  -0.22000   -0.71800
 8      +0.01920   +0.48282   +0.45518  -0.22000   -0.71800
 9      +0.01926   +0.48278   +0.45522  -0.22000   -0.71800
 10      +0.01925   +0.48279   +0.45521  -0.22000   -0.71800
 11      +0.01926   +0.48278   +0.45522  -0.22000   -0.71800
 12      +0.01915   +0.48285   +0.45515  -0.22000   -0.71800
 13      +0.01943   +0.48266   +0.45534  -0.22000   -0.71800
 14      +0.01824   +0.48346   +0.45454  -0.22000   -0.71800
 15      +0.02168   +0.48112   +0.45684  -0.21998   -0.71800
 16      +0.00881   +0.48980   +0.44820  -0.22000   -0.71800
];

% TIME 11

% DOT1   -   DOT2   -   DOT3   -   DOT4
driver(:,:,11) = [+3.000000e-03   +9.270000e-01   -2.120000e-01   -7.170000e-01
+9.290000e-01   +0   -2.120000e-01   -7.170000e-01
];

% MOL   -   VOUT   -   DOT1   -   DOT2   -   DOT3   -   DOT4
conf(:,:,11) = [ 1      +0.25483   +0.32048   +0.61652  -0.21919   -0.71800
 2      -0.05224   +0.53077   +0.40720  -0.22000   -0.71800
 3      +0.04082   +0.46785   +0.46971  -0.21978   -0.71800
 4      +0.01254   +0.48730   +0.45070  -0.22000   -0.71800
 5      +0.02119   +0.48146   +0.45651  -0.21999   -0.71800
 6      +0.01862   +0.48321   +0.45479  -0.22000   -0.71800
 7      +0.01942   +0.48268   +0.45532  -0.22000   -0.71800
 8      +0.01920   +0.48282   +0.45518  -0.22000   -0.71800
 9      +0.01926   +0.48278   +0.45522  -0.22000   -0.71800
 10      +0.01925   +0.48279   +0.45521  -0.22000   -0.71800
 11      +0.01926   +0.48278   +0.45522  -0.22000   -0.71800
 12      +0.01915   +0.48285   +0.45515  -0.22000   -0.71800
 13      +0.01943   +0.48266   +0.45534  -0.22000   -0.71800
 14      +0.01824   +0.48346   +0.45454  -0.22000   -0.71800
 15      +0.02168   +0.48112   +0.45684  -0.21998   -0.71800
 16      +0.00881   +0.48980   +0.44820  -0.22000   -0.71800
];

% TIME 12

% DOT1   -   DOT2   -   DOT3   -   DOT4
driver(:,:,12) = [+3.000000e-03   +9.270000e-01   -2.120000e-01   -7.170000e-01
+9.290000e-01   +0   -2.120000e-01   -7.170000e-01
];

% MOL   -   VOUT   -   DOT1   -   DOT2   -   DOT3   -   DOT4
conf(:,:,12) = [ 1      +0.26305   +0.23192   +0.55322  -0.11814   -0.66706
 2      -0.07421   +0.47189   +0.31022  -0.11353   -0.66829
 3      +0.05282   +0.37271   +0.42711  -0.12137   -0.67861
 4      -0.01150   +0.42333   +0.37145  -0.11800   -0.67656
 5      +0.02186   +0.39651   +0.40698  -0.12148   -0.68199
 6      +0.00111   +0.41316   +0.38516  -0.11939   -0.67879
 7      +0.01400   +0.40278   +0.39916  -0.12080   -0.68107
 8      +0.00568   +0.40949   +0.39012  -0.11989   -0.67960
 9      +0.01116   +0.40506   +0.39608  -0.12049   -0.68057
 10      +0.00733   +0.40815   +0.39192  -0.12007   -0.67989
 11      +0.01032   +0.40574   +0.39517  -0.12040   -0.68042
 12      +0.00751   +0.40801   +0.39211  -0.12009   -0.67992
 13      +0.01073   +0.40541   +0.39561  -0.12044   -0.68049
 14      +0.00634   +0.40895   +0.39084  -0.11996   -0.67972
 15      +0.01270   +0.40382   +0.39776  -0.12066   -0.68084
 16      +0.00267   +0.41191   +0.38685  -0.11956   -0.67907
];

% TIME 13

% DOT1   -   DOT2   -   DOT3   -   DOT4
driver(:,:,13) = [+3.000000e-03   +9.270000e-01   -2.120000e-01   -7.170000e-01
+9.290000e-01   +0   -2.120000e-01   -7.170000e-01
];

% MOL   -   VOUT   -   DOT1   -   DOT2   -   DOT3   -   DOT4
conf(:,:,13) = [ 1      +0.27505   +0.13804   +0.49427  -0.01576   -0.61656
 2      -0.10547   +0.42121   +0.20608  -0.00903   -0.61785
 3      +0.09071   +0.25431   +0.39678  -0.02239   -0.62870
 4      -0.06133   +0.38913   +0.23698  -0.00626   -0.61889
 5      +0.07355   +0.26856   +0.38797  -0.02281   -0.63373
 6      -0.05514   +0.38357   +0.24530  -0.00728   -0.62069
 7      +0.06918   +0.27220   +0.38573  -0.02292   -0.63501
 8      -0.05345   +0.38201   +0.24772  -0.00761   -0.62124
 9      +0.06761   +0.27351   +0.38492  -0.02296   -0.63547
 10      -0.05247   +0.38111   +0.24913  -0.00781   -0.62156
 11      +0.06565   +0.27513   +0.38392  -0.02300   -0.63605
 12      -0.05014   +0.37897   +0.25245  -0.00826   -0.62231
 13      +0.05950   +0.28026   +0.38064  -0.02312   -0.63777
 14      -0.04191   +0.37138   +0.26423  -0.00986   -0.62498
 15      +0.03996   +0.29674   +0.36837  -0.02305   -0.64203
 16      -0.01631   +0.34774   +0.30111  -0.01494   -0.63341
];

% TIME 14

% DOT1   -   DOT2   -   DOT3   -   DOT4
driver(:,:,14) = [+3.000000e-03   +9.270000e-01   -2.120000e-01   -7.170000e-01
+9.290000e-01   +0   -2.120000e-01   -7.170000e-01
];

% MOL   -   VOUT   -   DOT1   -   DOT2   -   DOT3   -   DOT4
conf(:,:,14) = [ 1      +0.22461   +0.09759   +0.24417  +0.06352   -0.40528
 2      -0.01297   +0.18603   +0.16584  +0.06266   -0.41430
 3      +0.00754   +0.17626   +0.18136  +0.06041   -0.41793
 4      +0.00061   +0.17956   +0.17612  +0.06117   -0.41670
 5      +0.00196   +0.17892   +0.17714  +0.06102   -0.41694
 6      +0.00144   +0.17917   +0.17675  +0.06108   -0.41685
 7      +0.00151   +0.17914   +0.17680  +0.06107   -0.41686
 8      +0.00146   +0.17916   +0.17676  +0.06108   -0.41685
 9      +0.00145   +0.17917   +0.17675  +0.06108   -0.41685
 10      +0.00145   +0.17916   +0.17675  +0.06108   -0.41685
 11      +0.00144   +0.17917   +0.17674  +0.06108   -0.41685
 12      +0.00143   +0.17917   +0.17674  +0.06108   -0.41685
 13      +0.00145   +0.17917   +0.17675  +0.06108   -0.41685
 14      +0.00138   +0.17920   +0.17670  +0.06108   -0.41684
 15      +0.00160   +0.17909   +0.17687  +0.06106   -0.41688
 16      +0.00066   +0.17954   +0.17615  +0.06116   -0.41671
];

% TIME 15

% DOT1   -   DOT2   -   DOT3   -   DOT4
driver(:,:,15) = [+3.000000e-03   +9.270000e-01   -2.120000e-01   -7.170000e-01
+9.290000e-01   +0   -2.120000e-01   -7.170000e-01
];

% MOL   -   VOUT   -   DOT1   -   DOT2   -   DOT3   -   DOT4
conf(:,:,15) = [ 1      +0.21949   +0.02501   +0.02838  +0.14062   -0.19400
 2      +0.02945   +0.02694   +0.02606  +0.14100   -0.19400
 3      +0.00840   +0.02720   +0.02580  +0.14100   -0.19400
 4      +0.00371   +0.02726   +0.02574  +0.14100   -0.19400
 5      +0.00221   +0.02728   +0.02572  +0.14100   -0.19400
 6      +0.00162   +0.02728   +0.02572  +0.14100   -0.19400
 7      +0.00134   +0.02729   +0.02571  +0.14100   -0.19400
 8      +0.00121   +0.02729   +0.02571  +0.14100   -0.19400
 9      +0.00113   +0.02729   +0.02571  +0.14100   -0.19400
 10      +0.00108   +0.02729   +0.02571  +0.14100   -0.19400
 11      +0.00105   +0.02729   +0.02571  +0.14100   -0.19400
 12      +0.00103   +0.02729   +0.02571  +0.14100   -0.19400
 13      +0.00101   +0.02729   +0.02571  +0.14100   -0.19400
 14      +0.00099   +0.02729   +0.02571  +0.14100   -0.19400
 15      +0.00092   +0.02729   +0.02571  +0.14100   -0.19400
 16      +0.00051   +0.02730   +0.02570  +0.14100   -0.19400
];

% TIME 16

% DOT1   -   DOT2   -   DOT3   -   DOT4
driver(:,:,16) = [+3.000000e-03   +9.270000e-01   -2.120000e-01   -7.170000e-01
+9.290000e-01   +0   -2.120000e-01   -7.170000e-01
];

% MOL   -   VOUT   -   DOT1   -   DOT2   -   DOT3   -   DOT4
conf(:,:,16) = [ 1      +0.21949   +0.02501   +0.02838  +0.14062   -0.19400
 2      +0.02945   +0.02694   +0.02606  +0.14100   -0.19400
 3      +0.00840   +0.02720   +0.02580  +0.14100   -0.19400
 4      +0.00371   +0.02726   +0.02574  +0.14100   -0.19400
 5      +0.00221   +0.02728   +0.02572  +0.14100   -0.19400
 6      +0.00162   +0.02728   +0.02572  +0.14100   -0.19400
 7      +0.00134   +0.02729   +0.02571  +0.14100   -0.19400
 8      +0.00121   +0.02729   +0.02571  +0.14100   -0.19400
 9      +0.00113   +0.02729   +0.02571  +0.14100   -0.19400
 10      +0.00108   +0.02729   +0.02571  +0.14100   -0.19400
 11      +0.00105   +0.02729   +0.02571  +0.14100   -0.19400
 12      +0.00103   +0.02729   +0.02571  +0.14100   -0.19400
 13      +0.00101   +0.02729   +0.02571  +0.14100   -0.19400
 14      +0.00099   +0.02729   +0.02571  +0.14100   -0.19400
 15      +0.00092   +0.02729   +0.02571  +0.14100   -0.19400
 16      +0.00051   +0.02730   +0.02570  +0.14100   -0.19400
];

% TIME 17

% DOT1   -   DOT2   -   DOT3   -   DOT4
driver(:,:,17) = [+3.000000e-03   +9.270000e-01   -2.120000e-01   -7.170000e-01
+9.290000e-01   +0   -2.120000e-01   -7.170000e-01
];

% MOL   -   VOUT   -   DOT1   -   DOT2   -   DOT3   -   DOT4
conf(:,:,17) = [ 1      +0.21949   +0.02501   +0.02838  +0.14062   -0.19400
 2      +0.02945   +0.02694   +0.02606  +0.14100   -0.19400
 3      +0.00840   +0.02720   +0.02580  +0.14100   -0.19400
 4      +0.00371   +0.02726   +0.02574  +0.14100   -0.19400
 5      +0.00221   +0.02728   +0.02572  +0.14100   -0.19400
 6      +0.00162   +0.02728   +0.02572  +0.14100   -0.19400
 7      +0.00134   +0.02729   +0.02571  +0.14100   -0.19400
 8      +0.00121   +0.02729   +0.02571  +0.14100   -0.19400
 9      +0.00113   +0.02729   +0.02571  +0.14100   -0.19400
 10      +0.00108   +0.02729   +0.02571  +0.14100   -0.19400
 11      +0.00105   +0.02729   +0.02571  +0.14100   -0.19400
 12      +0.00103   +0.02729   +0.02571  +0.14100   -0.19400
 13      +0.00101   +0.02729   +0.02571  +0.14100   -0.19400
 14      +0.00098   +0.02729   +0.02571  +0.14100   -0.19400
 15      +0.00092   +0.02729   +0.02571  +0.14100   -0.19400
 16      +0.00051   +0.02730   +0.02570  +0.14100   -0.19400
];

% TIME 18

% DOT1   -   DOT2   -   DOT3   -   DOT4
driver(:,:,18) = [+3.000000e-03   +9.270000e-01   -2.120000e-01   -7.170000e-01
+9.290000e-01   +0   -2.120000e-01   -7.170000e-01
];

% MOL   -   VOUT   -   DOT1   -   DOT2   -   DOT3   -   DOT4
conf(:,:,18) = [ 1      +0.21949   +0.02501   +0.02838  +0.14062   -0.19400
 2      +0.02945   +0.02694   +0.02606  +0.14100   -0.19400
 3      +0.00840   +0.02720   +0.02580  +0.14100   -0.19400
 4      +0.00371   +0.02726   +0.02574  +0.14100   -0.19400
 5      +0.00221   +0.02728   +0.02572  +0.14100   -0.19400
 6      +0.00162   +0.02728   +0.02572  +0.14100   -0.19400
 7      +0.00134   +0.02729   +0.02571  +0.14100   -0.19400
 8      +0.00121   +0.02729   +0.02571  +0.14100   -0.19400
 9      +0.00113   +0.02729   +0.02571  +0.14100   -0.19400
 10      +0.00108   +0.02729   +0.02571  +0.14100   -0.19400
 11      +0.00105   +0.02729   +0.02571  +0.14100   -0.19400
 12      +0.00103   +0.02729   +0.02571  +0.14100   -0.19400
 13      +0.00101   +0.02729   +0.02571  +0.14100   -0.19400
 14      +0.00098   +0.02729   +0.02571  +0.14100   -0.19400
 15      +0.00092   +0.02729   +0.02571  +0.14100   -0.19400
 16      +0.00051   +0.02730   +0.02570  +0.14100   -0.19400
];

% TIME 19

% DOT1   -   DOT2   -   DOT3   -   DOT4
driver(:,:,19) = [+3.000000e-03   +9.270000e-01   -2.120000e-01   -7.170000e-01
+9.290000e-01   +0   -2.120000e-01   -7.170000e-01
];

% MOL   -   VOUT   -   DOT1   -   DOT2   -   DOT3   -   DOT4
conf(:,:,19) = [ 1      +0.21949   +0.02501   +0.02838  +0.14062   -0.19400
 2      +0.02945   +0.02694   +0.02606  +0.14100   -0.19400
 3      +0.00840   +0.02720   +0.02580  +0.14100   -0.19400
 4      +0.00371   +0.02726   +0.02574  +0.14100   -0.19400
 5      +0.00221   +0.02728   +0.02572  +0.14100   -0.19400
 6      +0.00162   +0.02728   +0.02572  +0.14100   -0.19400
 7      +0.00134   +0.02729   +0.02571  +0.14100   -0.19400
 8      +0.00121   +0.02729   +0.02571  +0.14100   -0.19400
 9      +0.00113   +0.02729   +0.02571  +0.14100   -0.19400
 10      +0.00108   +0.02729   +0.02571  +0.14100   -0.19400
 11      +0.00105   +0.02729   +0.02571  +0.14100   -0.19400
 12      +0.00103   +0.02729   +0.02571  +0.14100   -0.19400
 13      +0.00101   +0.02729   +0.02571  +0.14100   -0.19400
 14      +0.00098   +0.02729   +0.02571  +0.14100   -0.19400
 15      +0.00092   +0.02729   +0.02571  +0.14100   -0.19400
 16      +0.00051   +0.02730   +0.02570  +0.14100   -0.19400
];

% TIME 20

% DOT1   -   DOT2   -   DOT3   -   DOT4
driver(:,:,20) = [+3.000000e-03   +9.270000e-01   -2.120000e-01   -7.170000e-01
+9.290000e-01   +0   -2.120000e-01   -7.170000e-01
];

% MOL   -   VOUT   -   DOT1   -   DOT2   -   DOT3   -   DOT4
conf(:,:,20) = [ 1      +0.21949   +0.02501   +0.02838  +0.14062   -0.19400
 2      +0.02945   +0.02694   +0.02606  +0.14100   -0.19400
 3      +0.00840   +0.02720   +0.02580  +0.14100   -0.19400
 4      +0.00371   +0.02726   +0.02574  +0.14100   -0.19400
 5      +0.00221   +0.02728   +0.02572  +0.14100   -0.19400
 6      +0.00162   +0.02728   +0.02572  +0.14100   -0.19400
 7      +0.00134   +0.02729   +0.02571  +0.14100   -0.19400
 8      +0.00121   +0.02729   +0.02571  +0.14100   -0.19400
 9      +0.00113   +0.02729   +0.02571  +0.14100   -0.19400
 10      +0.00108   +0.02729   +0.02571  +0.14100   -0.19400
 11      +0.00105   +0.02729   +0.02571  +0.14100   -0.19400
 12      +0.00103   +0.02729   +0.02571  +0.14100   -0.19400
 13      +0.00101   +0.02729   +0.02571  +0.14100   -0.19400
 14      +0.00098   +0.02729   +0.02571  +0.14100   -0.19400
 15      +0.00092   +0.02729   +0.02571  +0.14100   -0.19400
 16      +0.00051   +0.02730   +0.02570  +0.14100   -0.19400
];

% TIME 21

% DOT1   -   DOT2   -   DOT3   -   DOT4
driver(:,:,21) = [+9.290000e-01   +0   -2.120000e-01   -7.170000e-01
+3.000000e-03   +9.270000e-01   -2.120000e-01   -7.170000e-01
];

% MOL   -   VOUT   -   DOT1   -   DOT2   -   DOT3   -   DOT4
conf(:,:,21) = [ 1      -0.21728   +0.02996   +0.02398  +0.14100   -0.19400
 2      -0.02766   +0.02764   +0.02536  +0.14100   -0.19400
 3      -0.00647   +0.02738   +0.02562  +0.14100   -0.19400
 4      -0.00175   +0.02733   +0.02567  +0.14100   -0.19400
 5      -0.00024   +0.02731   +0.02569  +0.14100   -0.19400
 6      +0.00036   +0.02730   +0.02570  +0.14100   -0.19400
 7      +0.00063   +0.02730   +0.02570  +0.14100   -0.19400
 8      +0.00078   +0.02729   +0.02571  +0.14100   -0.19400
 9      +0.00085   +0.02729   +0.02571  +0.14100   -0.19400
 10      +0.00090   +0.02729   +0.02571  +0.14100   -0.19400
 11      +0.00092   +0.02729   +0.02571  +0.14100   -0.19400
 12      +0.00094   +0.02729   +0.02571  +0.14100   -0.19400
 13      +0.00094   +0.02729   +0.02571  +0.14100   -0.19400
 14      +0.00093   +0.02729   +0.02571  +0.14100   -0.19400
 15      +0.00088   +0.02729   +0.02571  +0.14100   -0.19400
 16      +0.00048   +0.02730   +0.02570  +0.14100   -0.19400
];

% TIME 22

% DOT1   -   DOT2   -   DOT3   -   DOT4
driver(:,:,22) = [+9.290000e-01   +0   -2.120000e-01   -7.170000e-01
+3.000000e-03   +9.270000e-01   -2.120000e-01   -7.170000e-01
];

% MOL   -   VOUT   -   DOT1   -   DOT2   -   DOT3   -   DOT4
conf(:,:,22) = [ 1      -0.22847   +0.30269   +0.05314  +0.05389   -0.40917
 2      +0.04433   +0.15991   +0.19867  +0.05897   -0.41754
 3      -0.00712   +0.18324   +0.17027  +0.06202   -0.41533
 4      +0.00347   +0.17820   +0.17828  +0.06085   -0.41721
 5      +0.00086   +0.17945   +0.17630  +0.06114   -0.41674
 6      +0.00158   +0.17910   +0.17685  +0.06106   -0.41687
 7      +0.00141   +0.17918   +0.17673  +0.06108   -0.41684
 8      +0.00145   +0.17916   +0.17676  +0.06108   -0.41685
 9      +0.00145   +0.17916   +0.17676  +0.06108   -0.41685
 10      +0.00144   +0.17917   +0.17675  +0.06108   -0.41685
 11      +0.00145   +0.17916   +0.17676  +0.06108   -0.41685
 12      +0.00144   +0.17917   +0.17674  +0.06108   -0.41685
 13      +0.00145   +0.17916   +0.17676  +0.06108   -0.41685
 14      +0.00139   +0.17919   +0.17671  +0.06108   -0.41684
 15      +0.00161   +0.17909   +0.17687  +0.06106   -0.41688
 16      +0.00067   +0.17954   +0.17616  +0.06116   -0.41671
];

% TIME 23

% DOT1   -   DOT2   -   DOT3   -   DOT4
driver(:,:,23) = [+9.290000e-01   +0   -2.120000e-01   -7.170000e-01
+3.000000e-03   +9.270000e-01   -2.120000e-01   -7.170000e-01
];

% MOL   -   VOUT   -   DOT1   -   DOT2   -   DOT3   -   DOT4
conf(:,:,23) = [ 1      -0.27118   +0.56611   +0.07348  -0.01827   -0.62071
 2      +0.15370   +0.21174   +0.42336  -0.01511   -0.61998
 3      -0.07519   +0.39912   +0.22733  -0.00711   -0.61856
 4      +0.07922   +0.26386   +0.39088  -0.02267   -0.63207
 5      -0.05690   +0.38519   +0.24279  -0.00694   -0.62012
 6      +0.07067   +0.27096   +0.38649  -0.02288   -0.63457
 7      -0.05386   +0.38239   +0.24714  -0.00753   -0.62110
 8      +0.06823   +0.27299   +0.38524  -0.02294   -0.63529
 9      -0.05287   +0.38148   +0.24854  -0.00773   -0.62142
 10      +0.06689   +0.27410   +0.38456  -0.02297   -0.63568
 11      -0.05171   +0.38041   +0.25021  -0.00795   -0.62180
 12      +0.06383   +0.27665   +0.38298  -0.02305   -0.63658
 13      -0.04775   +0.37676   +0.25587  -0.00872   -0.62309
 14      +0.05365   +0.28519   +0.37696  -0.02310   -0.63904
 15      -0.03447   +0.36453   +0.27487  -0.01131   -0.62740
 16      +0.02231   +0.31162   +0.35729  -0.02298   -0.64588
];

% TIME 24

% DOT1   -   DOT2   -   DOT3   -   DOT4
driver(:,:,24) = [+9.290000e-01   +0   -2.120000e-01   -7.170000e-01
+3.000000e-03   +9.270000e-01   -2.120000e-01   -7.170000e-01
];

% MOL   -   VOUT   -   DOT1   -   DOT2   -   DOT3   -   DOT4
conf(:,:,24) = [ 1      -0.25532   +0.61855   +0.17261  -0.12086   -0.67002
 2      +0.12235   +0.32147   +0.46797  -0.11932   -0.67061
 3      -0.03472   +0.44189   +0.34674  -0.11563   -0.67266
 4      +0.03438   +0.38688   +0.41512  -0.12144   -0.68062
 5      -0.00396   +0.41725   +0.37964  -0.11883   -0.67789
 6      +0.01737   +0.40006   +0.40283  -0.12117   -0.68167
 7      +0.00384   +0.41096   +0.38812  -0.11969   -0.67927
 8      +0.01220   +0.40422   +0.39721  -0.12061   -0.68075
 9      +0.00715   +0.40830   +0.39172  -0.12005   -0.67986
 10      +0.00991   +0.40607   +0.39472  -0.12035   -0.68035
 11      +0.00878   +0.40698   +0.39350  -0.12023   -0.68015
 12      +0.00850   +0.40721   +0.39318  -0.12020   -0.68010
 13      +0.01018   +0.40586   +0.39501  -0.12038   -0.68040
 14      +0.00670   +0.40866   +0.39123  -0.12000   -0.67978
 15      +0.01254   +0.40396   +0.39757  -0.12064   -0.68081
 16      +0.00277   +0.41183   +0.38696  -0.11957   -0.67908
];

% TIME 25

% DOT1   -   DOT2   -   DOT3   -   DOT4
driver(:,:,25) = [+9.290000e-01   +0   -2.120000e-01   -7.170000e-01
+3.000000e-03   +9.270000e-01   -2.120000e-01   -7.170000e-01
];

% MOL   -   VOUT   -   DOT1   -   DOT2   -   DOT3   -   DOT4
conf(:,:,25) = [ 1      -0.23568   +0.65429   +0.28235  -0.21800   -0.71800
 2      +0.09358   +0.43116   +0.50516  -0.21916   -0.71800
 3      -0.00429   +0.49860   +0.43940  -0.22000   -0.71800
 4      +0.02618   +0.47800   +0.45987  -0.21994   -0.71800
 5      +0.01713   +0.48421   +0.45379  -0.22000   -0.71800
 6      +0.01994   +0.48232   +0.45568  -0.22000   -0.71800
 7      +0.01912   +0.48288   +0.45512  -0.22000   -0.71800
 8      +0.01936   +0.48271   +0.45529  -0.22000   -0.71800
 9      +0.01930   +0.48276   +0.45524  -0.22000   -0.71800
 10      +0.01928   +0.48277   +0.45523  -0.22000   -0.71800
 11      +0.01931   +0.48275   +0.45525  -0.22000   -0.71800
 12      +0.01917   +0.48284   +0.45516  -0.22000   -0.71800
 13      +0.01946   +0.48264   +0.45536  -0.22000   -0.71800
 14      +0.01826   +0.48345   +0.45455  -0.22000   -0.71800
 15      +0.02170   +0.48111   +0.45686  -0.21998   -0.71800
 16      +0.00883   +0.48979   +0.44821  -0.22000   -0.71800
];

% TIME 26

% DOT1   -   DOT2   -   DOT3   -   DOT4
driver(:,:,26) = [+9.290000e-01   +0   -2.120000e-01   -7.170000e-01
+3.000000e-03   +9.270000e-01   -2.120000e-01   -7.170000e-01
];

% MOL   -   VOUT   -   DOT1   -   DOT2   -   DOT3   -   DOT4
conf(:,:,26) = [ 1      -0.23568   +0.65429   +0.28235  -0.21800   -0.71800
 2      +0.09358   +0.43116   +0.50516  -0.21916   -0.71800
 3      -0.00429   +0.49860   +0.43940  -0.22000   -0.71800
 4      +0.02618   +0.47800   +0.45987  -0.21994   -0.71800
 5      +0.01713   +0.48421   +0.45379  -0.22000   -0.71800
 6      +0.01994   +0.48233   +0.45567  -0.22000   -0.71800
 7      +0.01912   +0.48288   +0.45512  -0.22000   -0.71800
 8      +0.01936   +0.48271   +0.45529  -0.22000   -0.71800
 9      +0.01930   +0.48276   +0.45524  -0.22000   -0.71800
 10      +0.01928   +0.48276   +0.45524  -0.22000   -0.71800
 11      +0.01931   +0.48275   +0.45525  -0.22000   -0.71800
 12      +0.01917   +0.48284   +0.45516  -0.22000   -0.71800
 13      +0.01946   +0.48264   +0.45536  -0.22000   -0.71800
 14      +0.01826   +0.48345   +0.45455  -0.22000   -0.71800
 15      +0.02170   +0.48111   +0.45686  -0.21998   -0.71800
 16      +0.00883   +0.48979   +0.44821  -0.22000   -0.71800
];

% TIME 27

% DOT1   -   DOT2   -   DOT3   -   DOT4
driver(:,:,27) = [+9.290000e-01   +0   -2.120000e-01   -7.170000e-01
+3.000000e-03   +9.270000e-01   -2.120000e-01   -7.170000e-01
];

% MOL   -   VOUT   -   DOT1   -   DOT2   -   DOT3   -   DOT4
conf(:,:,27) = [ 1      -0.23568   +0.65429   +0.28235  -0.21800   -0.71800
 2      +0.09358   +0.43116   +0.50516  -0.21916   -0.71800
 3      -0.00429   +0.49860   +0.43940  -0.22000   -0.71800
 4      +0.02618   +0.47800   +0.45987  -0.21994   -0.71800
 5      +0.01713   +0.48421   +0.45379  -0.22000   -0.71800
 6      +0.01994   +0.48233   +0.45567  -0.22000   -0.71800
 7      +0.01912   +0.48288   +0.45512  -0.22000   -0.71800
 8      +0.01936   +0.48271   +0.45529  -0.22000   -0.71800
 9      +0.01930   +0.48276   +0.45524  -0.22000   -0.71800
 10      +0.01928   +0.48276   +0.45524  -0.22000   -0.71800
 11      +0.01931   +0.48275   +0.45525  -0.22000   -0.71800
 12      +0.01917   +0.48284   +0.45516  -0.22000   -0.71800
 13      +0.01946   +0.48264   +0.45536  -0.22000   -0.71800
 14      +0.01826   +0.48345   +0.45455  -0.22000   -0.71800
 15      +0.02170   +0.48111   +0.45686  -0.21998   -0.71800
 16      +0.00883   +0.48979   +0.44821  -0.22000   -0.71800
];

% TIME 28

% DOT1   -   DOT2   -   DOT3   -   DOT4
driver(:,:,28) = [+9.290000e-01   +0   -2.120000e-01   -7.170000e-01
+3.000000e-03   +9.270000e-01   -2.120000e-01   -7.170000e-01
];

% MOL   -   VOUT   -   DOT1   -   DOT2   -   DOT3   -   DOT4
conf(:,:,28) = [ 1      -0.23568   +0.65429   +0.28235  -0.21800   -0.71800
 2      +0.09358   +0.43116   +0.50516  -0.21916   -0.71800
 3      -0.00429   +0.49860   +0.43940  -0.22000   -0.71800
 4      +0.02618   +0.47800   +0.45987  -0.21994   -0.71800
 5      +0.01713   +0.48421   +0.45379  -0.22000   -0.71800
 6      +0.01994   +0.48233   +0.45567  -0.22000   -0.71800
 7      +0.01912   +0.48288   +0.45512  -0.22000   -0.71800
 8      +0.01936   +0.48271   +0.45529  -0.22000   -0.71800
 9      +0.01930   +0.48276   +0.45524  -0.22000   -0.71800
 10      +0.01928   +0.48276   +0.45524  -0.22000   -0.71800
 11      +0.01931   +0.48275   +0.45525  -0.22000   -0.71800
 12      +0.01917   +0.48284   +0.45516  -0.22000   -0.71800
 13      +0.01946   +0.48264   +0.45536  -0.22000   -0.71800
 14      +0.01826   +0.48345   +0.45455  -0.22000   -0.71800
 15      +0.02170   +0.48111   +0.45686  -0.21998   -0.71800
 16      +0.00883   +0.48979   +0.44821  -0.22000   -0.71800
];

% TIME 29

% DOT1   -   DOT2   -   DOT3   -   DOT4
driver(:,:,29) = [+9.290000e-01   +0   -2.120000e-01   -7.170000e-01
+3.000000e-03   +9.270000e-01   -2.120000e-01   -7.170000e-01
];

% MOL   -   VOUT   -   DOT1   -   DOT2   -   DOT3   -   DOT4
conf(:,:,29) = [ 1      -0.23568   +0.65429   +0.28235  -0.21800   -0.71800
 2      +0.09358   +0.43116   +0.50516  -0.21916   -0.71800
 3      -0.00429   +0.49860   +0.43940  -0.22000   -0.71800
 4      +0.02618   +0.47800   +0.45987  -0.21994   -0.71800
 5      +0.01713   +0.48421   +0.45379  -0.22000   -0.71800
 6      +0.01994   +0.48233   +0.45567  -0.22000   -0.71800
 7      +0.01912   +0.48288   +0.45512  -0.22000   -0.71800
 8      +0.01936   +0.48271   +0.45529  -0.22000   -0.71800
 9      +0.01930   +0.48276   +0.45524  -0.22000   -0.71800
 10      +0.01928   +0.48276   +0.45524  -0.22000   -0.71800
 11      +0.01931   +0.48275   +0.45525  -0.22000   -0.71800
 12      +0.01917   +0.48284   +0.45516  -0.22000   -0.71800
 13      +0.01946   +0.48264   +0.45536  -0.22000   -0.71800
 14      +0.01826   +0.48345   +0.45455  -0.22000   -0.71800
 15      +0.02170   +0.48111   +0.45686  -0.21998   -0.71800
 16      +0.00883   +0.48979   +0.44821  -0.22000   -0.71800
];

% TIME 30

% DOT1   -   DOT2   -   DOT3   -   DOT4
driver(:,:,30) = [+9.290000e-01   +0   -2.120000e-01   -7.170000e-01
+3.000000e-03   +9.270000e-01   -2.120000e-01   -7.170000e-01
];

% MOL   -   VOUT   -   DOT1   -   DOT2   -   DOT3   -   DOT4
conf(:,:,30) = [ 1      -0.23568   +0.65429   +0.28235  -0.21800   -0.71800
 2      +0.09358   +0.43116   +0.50516  -0.21916   -0.71800
 3      -0.00429   +0.49860   +0.43940  -0.22000   -0.71800
 4      +0.02618   +0.47800   +0.45987  -0.21994   -0.71800
 5      +0.01713   +0.48421   +0.45379  -0.22000   -0.71800
 6      +0.01994   +0.48233   +0.45567  -0.22000   -0.71800
 7      +0.01912   +0.48288   +0.45512  -0.22000   -0.71800
 8      +0.01936   +0.48271   +0.45529  -0.22000   -0.71800
 9      +0.01930   +0.48276   +0.45524  -0.22000   -0.71800
 10      +0.01928   +0.48276   +0.45524  -0.22000   -0.71800
 11      +0.01931   +0.48275   +0.45525  -0.22000   -0.71800
 12      +0.01917   +0.48284   +0.45516  -0.22000   -0.71800
 13      +0.01946   +0.48264   +0.45536  -0.22000   -0.71800
 14      +0.01826   +0.48345   +0.45455  -0.22000   -0.71800
 15      +0.02170   +0.48111   +0.45686  -0.21998   -0.71800
 16      +0.00883   +0.48979   +0.44821  -0.22000   -0.71800
];

% TIME 31

% DOT1   -   DOT2   -   DOT3   -   DOT4
driver(:,:,31) = [+9.290000e-01   +0   -2.120000e-01   -7.170000e-01
+3.000000e-03   +9.270000e-01   -2.120000e-01   -7.170000e-01
];

% MOL   -   VOUT   -   DOT1   -   DOT2   -   DOT3   -   DOT4
conf(:,:,31) = [ 1      -0.23568   +0.65429   +0.28235  -0.21800   -0.71800
 2      +0.09358   +0.43116   +0.50516  -0.21916   -0.71800
 3      -0.00429   +0.49860   +0.43940  -0.22000   -0.71800
 4      +0.02618   +0.47800   +0.45987  -0.21994   -0.71800
 5      +0.01713   +0.48421   +0.45379  -0.22000   -0.71800
 6      +0.01994   +0.48233   +0.45567  -0.22000   -0.71800
 7      +0.01912   +0.48288   +0.45512  -0.22000   -0.71800
 8      +0.01936   +0.48271   +0.45529  -0.22000   -0.71800
 9      +0.01930   +0.48276   +0.45524  -0.22000   -0.71800
 10      +0.01928   +0.48276   +0.45524  -0.22000   -0.71800
 11      +0.01931   +0.48275   +0.45525  -0.22000   -0.71800
 12      +0.01917   +0.48284   +0.45516  -0.22000   -0.71800
 13      +0.01946   +0.48264   +0.45536  -0.22000   -0.71800
 14      +0.01826   +0.48345   +0.45455  -0.22000   -0.71800
 15      +0.02170   +0.48111   +0.45686  -0.21998   -0.71800
 16      +0.00883   +0.48979   +0.44821  -0.22000   -0.71800
];

% TIME 32

% DOT1   -   DOT2   -   DOT3   -   DOT4
driver(:,:,32) = [+9.290000e-01   +0   -2.120000e-01   -7.170000e-01
+3.000000e-03   +9.270000e-01   -2.120000e-01   -7.170000e-01
];

% MOL   -   VOUT   -   DOT1   -   DOT2   -   DOT3   -   DOT4
conf(:,:,32) = [ 1      -0.25532   +0.61855   +0.17261  -0.12086   -0.67002
 2      +0.12235   +0.32147   +0.46797  -0.11932   -0.67061
 3      -0.03472   +0.44189   +0.34674  -0.11563   -0.67266
 4      +0.03438   +0.38688   +0.41512  -0.12144   -0.68062
 5      -0.00396   +0.41725   +0.37964  -0.11883   -0.67789
 6      +0.01737   +0.40006   +0.40283  -0.12117   -0.68167
 7      +0.00384   +0.41096   +0.38813  -0.11969   -0.67927
 8      +0.01220   +0.40422   +0.39721  -0.12061   -0.68075
 9      +0.00715   +0.40830   +0.39172  -0.12005   -0.67986
 10      +0.00991   +0.40607   +0.39472  -0.12035   -0.68035
 11      +0.00878   +0.40698   +0.39350  -0.12023   -0.68015
 12      +0.00850   +0.40721   +0.39318  -0.12020   -0.68010
 13      +0.01018   +0.40586   +0.39501  -0.12038   -0.68040
 14      +0.00670   +0.40866   +0.39123  -0.12000   -0.67978
 15      +0.01253   +0.40396   +0.39757  -0.12064   -0.68081
 16      +0.00277   +0.41183   +0.38696  -0.11957   -0.67908
];

% TIME 33

% DOT1   -   DOT2   -   DOT3   -   DOT4
driver(:,:,33) = [+9.290000e-01   +0   -2.120000e-01   -7.170000e-01
+3.000000e-03   +9.270000e-01   -2.120000e-01   -7.170000e-01
];

% MOL   -   VOUT   -   DOT1   -   DOT2   -   DOT3   -   DOT4
conf(:,:,33) = [ 1      -0.27118   +0.56611   +0.07348  -0.01827   -0.62071
 2      +0.15370   +0.21174   +0.42336  -0.01511   -0.61998
 3      -0.07519   +0.39912   +0.22733  -0.00711   -0.61856
 4      +0.07922   +0.26386   +0.39088  -0.02267   -0.63207
 5      -0.05690   +0.38519   +0.24279  -0.00694   -0.62012
 6      +0.07067   +0.27096   +0.38649  -0.02288   -0.63457
 7      -0.05386   +0.38239   +0.24714  -0.00753   -0.62110
 8      +0.06823   +0.27299   +0.38524  -0.02294   -0.63529
 9      -0.05287   +0.38148   +0.24854  -0.00773   -0.62142
 10      +0.06689   +0.27410   +0.38456  -0.02297   -0.63568
 11      -0.05171   +0.38041   +0.25021  -0.00795   -0.62180
 12      +0.06383   +0.27665   +0.38298  -0.02305   -0.63658
 13      -0.04775   +0.37676   +0.25587  -0.00872   -0.62309
 14      +0.05365   +0.28519   +0.37696  -0.02310   -0.63904
 15      -0.03447   +0.36453   +0.27487  -0.01131   -0.62740
 16      +0.02231   +0.31162   +0.35729  -0.02298   -0.64588
];

% TIME 34

% DOT1   -   DOT2   -   DOT3   -   DOT4
driver(:,:,34) = [+9.290000e-01   +0   -2.120000e-01   -7.170000e-01
+3.000000e-03   +9.270000e-01   -2.120000e-01   -7.170000e-01
];

% MOL   -   VOUT   -   DOT1   -   DOT2   -   DOT3   -   DOT4
conf(:,:,34) = [ 1      -0.22847   +0.30269   +0.05314  +0.05389   -0.40917
 2      +0.04433   +0.15991   +0.19867  +0.05897   -0.41754
 3      -0.00712   +0.18324   +0.17027  +0.06202   -0.41533
 4      +0.00347   +0.17820   +0.17829  +0.06085   -0.41721
 5      +0.00086   +0.17945   +0.17630  +0.06114   -0.41674
 6      +0.00158   +0.17910   +0.17685  +0.06106   -0.41687
 7      +0.00141   +0.17918   +0.17672  +0.06108   -0.41684
 8      +0.00146   +0.17916   +0.17676  +0.06108   -0.41685
 9      +0.00145   +0.17916   +0.17676  +0.06108   -0.41685
 10      +0.00144   +0.17917   +0.17675  +0.06108   -0.41685
 11      +0.00145   +0.17916   +0.17676  +0.06108   -0.41685
 12      +0.00144   +0.17917   +0.17674  +0.06108   -0.41685
 13      +0.00145   +0.17916   +0.17676  +0.06108   -0.41685
 14      +0.00139   +0.17919   +0.17671  +0.06108   -0.41684
 15      +0.00161   +0.17909   +0.17687  +0.06106   -0.41688
 16      +0.00067   +0.17954   +0.17616  +0.06116   -0.41671
];

% TIME 35

% DOT1   -   DOT2   -   DOT3   -   DOT4
driver(:,:,35) = [+9.290000e-01   +0   -2.120000e-01   -7.170000e-01
+3.000000e-03   +9.270000e-01   -2.120000e-01   -7.170000e-01
];

% MOL   -   VOUT   -   DOT1   -   DOT2   -   DOT3   -   DOT4
conf(:,:,35) = [ 1      -0.21729   +0.02996   +0.02398  +0.14100   -0.19400
 2      -0.02766   +0.02764   +0.02536  +0.14100   -0.19400
 3      -0.00647   +0.02738   +0.02562  +0.14100   -0.19400
 4      -0.00175   +0.02733   +0.02567  +0.14100   -0.19400
 5      -0.00024   +0.02731   +0.02569  +0.14100   -0.19400
 6      +0.00036   +0.02730   +0.02570  +0.14100   -0.19400
 7      +0.00063   +0.02730   +0.02570  +0.14100   -0.19400
 8      +0.00078   +0.02729   +0.02571  +0.14100   -0.19400
 9      +0.00085   +0.02729   +0.02571  +0.14100   -0.19400
 10      +0.00090   +0.02729   +0.02571  +0.14100   -0.19400
 11      +0.00092   +0.02729   +0.02571  +0.14100   -0.19400
 12      +0.00094   +0.02729   +0.02571  +0.14100   -0.19400
 13      +0.00094   +0.02729   +0.02571  +0.14100   -0.19400
 14      +0.00093   +0.02729   +0.02571  +0.14100   -0.19400
 15      +0.00088   +0.02729   +0.02571  +0.14100   -0.19400
 16      +0.00048   +0.02730   +0.02570  +0.14100   -0.19400
];

% TIME 36

% DOT1   -   DOT2   -   DOT3   -   DOT4
driver(:,:,36) = [+9.290000e-01   +0   -2.120000e-01   -7.170000e-01
+3.000000e-03   +9.270000e-01   -2.120000e-01   -7.170000e-01
];

% MOL   -   VOUT   -   DOT1   -   DOT2   -   DOT3   -   DOT4
conf(:,:,36) = [ 1      -0.21729   +0.02996   +0.02398  +0.14100   -0.19400
 2      -0.02766   +0.02764   +0.02536  +0.14100   -0.19400
 3      -0.00647   +0.02738   +0.02562  +0.14100   -0.19400
 4      -0.00175   +0.02733   +0.02567  +0.14100   -0.19400
 5      -0.00024   +0.02731   +0.02569  +0.14100   -0.19400
 6      +0.00036   +0.02730   +0.02570  +0.14100   -0.19400
 7      +0.00063   +0.02730   +0.02570  +0.14100   -0.19400
 8      +0.00078   +0.02729   +0.02571  +0.14100   -0.19400
 9      +0.00085   +0.02729   +0.02571  +0.14100   -0.19400
 10      +0.00090   +0.02729   +0.02571  +0.14100   -0.19400
 11      +0.00092   +0.02729   +0.02571  +0.14100   -0.19400
 12      +0.00094   +0.02729   +0.02571  +0.14100   -0.19400
 13      +0.00094   +0.02729   +0.02571  +0.14100   -0.19400
 14      +0.00093   +0.02729   +0.02571  +0.14100   -0.19400
 15      +0.00088   +0.02729   +0.02571  +0.14100   -0.19400
 16      +0.00048   +0.02730   +0.02570  +0.14100   -0.19400
];

% TIME 37

% DOT1   -   DOT2   -   DOT3   -   DOT4
driver(:,:,37) = [+9.290000e-01   +0   -2.120000e-01   -7.170000e-01
+3.000000e-03   +9.270000e-01   -2.120000e-01   -7.170000e-01
];

% MOL   -   VOUT   -   DOT1   -   DOT2   -   DOT3   -   DOT4
conf(:,:,37) = [ 1      -0.21729   +0.02996   +0.02398  +0.14100   -0.19400
 2      -0.02766   +0.02764   +0.02536  +0.14100   -0.19400
 3      -0.00647   +0.02738   +0.02562  +0.14100   -0.19400
 4      -0.00175   +0.02733   +0.02567  +0.14100   -0.19400
 5      -0.00024   +0.02731   +0.02569  +0.14100   -0.19400
 6      +0.00036   +0.02730   +0.02570  +0.14100   -0.19400
 7      +0.00063   +0.02730   +0.02570  +0.14100   -0.19400
 8      +0.00078   +0.02729   +0.02571  +0.14100   -0.19400
 9      +0.00085   +0.02729   +0.02571  +0.14100   -0.19400
 10      +0.00090   +0.02729   +0.02571  +0.14100   -0.19400
 11      +0.00092   +0.02729   +0.02571  +0.14100   -0.19400
 12      +0.00094   +0.02729   +0.02571  +0.14100   -0.19400
 13      +0.00094   +0.02729   +0.02571  +0.14100   -0.19400
 14      +0.00093   +0.02729   +0.02571  +0.14100   -0.19400
 15      +0.00088   +0.02729   +0.02571  +0.14100   -0.19400
 16      +0.00048   +0.02730   +0.02570  +0.14100   -0.19400
];

% TIME 38

% DOT1   -   DOT2   -   DOT3   -   DOT4
driver(:,:,38) = [+9.290000e-01   +0   -2.120000e-01   -7.170000e-01
+3.000000e-03   +9.270000e-01   -2.120000e-01   -7.170000e-01
];

% MOL   -   VOUT   -   DOT1   -   DOT2   -   DOT3   -   DOT4
conf(:,:,38) = [ 1      -0.21729   +0.02996   +0.02398  +0.14100   -0.19400
 2      -0.02766   +0.02764   +0.02536  +0.14100   -0.19400
 3      -0.00647   +0.02738   +0.02562  +0.14100   -0.19400
 4      -0.00175   +0.02733   +0.02567  +0.14100   -0.19400
 5      -0.00024   +0.02731   +0.02569  +0.14100   -0.19400
 6      +0.00036   +0.02730   +0.02570  +0.14100   -0.19400
 7      +0.00063   +0.02730   +0.02570  +0.14100   -0.19400
 8      +0.00078   +0.02729   +0.02571  +0.14100   -0.19400
 9      +0.00085   +0.02729   +0.02571  +0.14100   -0.19400
 10      +0.00090   +0.02729   +0.02571  +0.14100   -0.19400
 11      +0.00092   +0.02729   +0.02571  +0.14100   -0.19400
 12      +0.00094   +0.02729   +0.02571  +0.14100   -0.19400
 13      +0.00094   +0.02729   +0.02571  +0.14100   -0.19400
 14      +0.00093   +0.02729   +0.02571  +0.14100   -0.19400
 15      +0.00088   +0.02729   +0.02571  +0.14100   -0.19400
 16      +0.00048   +0.02730   +0.02570  +0.14100   -0.19400
];

% TIME 39

% DOT1   -   DOT2   -   DOT3   -   DOT4
driver(:,:,39) = [+9.290000e-01   +0   -2.120000e-01   -7.170000e-01
+3.000000e-03   +9.270000e-01   -2.120000e-01   -7.170000e-01
];

% MOL   -   VOUT   -   DOT1   -   DOT2   -   DOT3   -   DOT4
conf(:,:,39) = [ 1      -0.21729   +0.02996   +0.02398  +0.14100   -0.19400
 2      -0.02766   +0.02764   +0.02536  +0.14100   -0.19400
 3      -0.00647   +0.02738   +0.02562  +0.14100   -0.19400
 4      -0.00175   +0.02733   +0.02567  +0.14100   -0.19400
 5      -0.00024   +0.02731   +0.02569  +0.14100   -0.19400
 6      +0.00036   +0.02730   +0.02570  +0.14100   -0.19400
 7      +0.00063   +0.02730   +0.02570  +0.14100   -0.19400
 8      +0.00078   +0.02729   +0.02571  +0.14100   -0.19400
 9      +0.00085   +0.02729   +0.02571  +0.14100   -0.19400
 10      +0.00090   +0.02729   +0.02571  +0.14100   -0.19400
 11      +0.00092   +0.02729   +0.02571  +0.14100   -0.19400
 12      +0.00094   +0.02729   +0.02571  +0.14100   -0.19400
 13      +0.00094   +0.02729   +0.02571  +0.14100   -0.19400
 14      +0.00093   +0.02729   +0.02571  +0.14100   -0.19400
 15      +0.00088   +0.02729   +0.02571  +0.14100   -0.19400
 16      +0.00048   +0.02730   +0.02570  +0.14100   -0.19400
];

% TIME 40

% DOT1   -   DOT2   -   DOT3   -   DOT4
driver(:,:,40) = [+9.290000e-01   +0   -2.120000e-01   -7.170000e-01
+3.000000e-03   +9.270000e-01   -2.120000e-01   -7.170000e-01
];

% MOL   -   VOUT   -   DOT1   -   DOT2   -   DOT3   -   DOT4
conf(:,:,40) = [ 1      -0.21729   +0.02996   +0.02398  +0.14100   -0.19400
 2      -0.02766   +0.02764   +0.02536  +0.14100   -0.19400
 3      -0.00647   +0.02738   +0.02562  +0.14100   -0.19400
 4      -0.00175   +0.02733   +0.02567  +0.14100   -0.19400
 5      -0.00024   +0.02731   +0.02569  +0.14100   -0.19400
 6      +0.00036   +0.02730   +0.02570  +0.14100   -0.19400
 7      +0.00063   +0.02730   +0.02570  +0.14100   -0.19400
 8      +0.00078   +0.02729   +0.02571  +0.14100   -0.19400
 9      +0.00085   +0.02729   +0.02571  +0.14100   -0.19400
 10      +0.00090   +0.02729   +0.02571  +0.14100   -0.19400
 11      +0.00092   +0.02729   +0.02571  +0.14100   -0.19400
 12      +0.00094   +0.02729   +0.02571  +0.14100   -0.19400
 13      +0.00094   +0.02729   +0.02571  +0.14100   -0.19400
 14      +0.00093   +0.02729   +0.02571  +0.14100   -0.19400
 15      +0.00088   +0.02729   +0.02571  +0.14100   -0.19400
 16      +0.00048   +0.02730   +0.02570  +0.14100   -0.19400
];
