%%%%%%%%%%%%%%%%%%%%%%%%%%%%%%%%%%%%%%%%%%%%%%%%%%%%%%%%%%%%%%%%%%%%%%%%%%%%
%
%       Self-Consistent Electrostatic Potential Algorithm (SCERPA)
% 
%       VLSI Nanocomputing Research Group 
%       Dept. of Electronics and Telecommunications  
%       Politecnico di Torino, Turin, Italy 
%       (https://www.vlsilab.polito.it/) 
% 
%       People [people you may contact for info] 
%         Yuri Ardesi (yuri.ardesi@polito.it)
%         Giuliana Beretta (giuliana.beretta@polito.it)
% 
%       Supervision: Gianluca Piccinini, Mariagrazia Graziano 
% 
%       Relevant pubblications doi: 10.1109/TCAD.2019.2960360 
%                                   10.1109/TVLSI.2020.3045198  
% 
%%%%%%%%%%%%%%%%%%%%%%%%%%%%%%%%%%%%%%%%%%%%%%%%%%%%%%%%%%%%%%%%%%%%%%%%%%%%


%% Files Analysed:
%%    ../Layout/Data/Data_Molecule.mat
%%    ../Layout/Data/Data_Driver.mat
%%    ../Layout/Data/Data_Output.mat
%%    ../Layout/Data/Fake_Phases.mat
%%    ../Layout/Data/Values_Driver.mat


%%    Configuration of data output: 
%%    ID - Vin - Q1 ... QN: 

% TIME 1

% DOT1   -   DOT2   -   DOT3   -   DOT4
driver(:,:,1) = [+3.000000e-03   +9.270000e-01   -2.120000e-01   -7.170000e-01
+9.290000e-01   +0   -2.120000e-01   -7.170000e-01
];

% MOL   -   VOUT   -   DOT1   -   DOT2   -   DOT3   -   DOT4
conf(:,:,1) = [ 1      +0.00102   +0.02729   +0.02571  +0.14100   -0.19400
 2      +0.00149   +0.02729   +0.02571  +0.14100   -0.19400
 3      +0.06244   +0.02654   +0.02646  +0.14100   -0.19400
 4      +0.06706   +0.02648   +0.02652  +0.14100   -0.19400
 5      +0.01026   +0.02718   +0.02582  +0.14100   -0.19400
 6      +0.01134   +0.02717   +0.02583  +0.14100   -0.19400
 7      +0.00993   +0.02718   +0.02582  +0.14100   -0.19400
 8      +0.01098   +0.02717   +0.02583  +0.14100   -0.19400
 9      +0.03686   +0.02685   +0.02615  +0.14100   -0.19400
 10      +0.03608   +0.02686   +0.02614  +0.14100   -0.19400
 11      -0.06223   +0.02806   +0.02494  +0.14100   -0.19400
 12      -0.06699   +0.02812   +0.02488  +0.14100   -0.19400
 13      -0.01091   +0.02744   +0.02556  +0.14100   -0.19400
 14      -0.01222   +0.02745   +0.02555  +0.14100   -0.19400
 15      -0.01036   +0.02743   +0.02557  +0.14100   -0.19400
 16      -0.01159   +0.02745   +0.02555  +0.14100   -0.19400
 17      -0.03703   +0.02776   +0.02524  +0.14100   -0.19400
 18      -0.03606   +0.02774   +0.02526  +0.14100   -0.19400
 19      +0.00097   +0.02729   +0.02571  +0.14100   -0.19400
 20      +0.00118   +0.02729   +0.02571  +0.14100   -0.19400
 21      +0.00236   +0.02728   +0.02572  +0.14100   -0.19400
 22      +0.00361   +0.02726   +0.02574  +0.14100   -0.19400
 23      +0.00609   +0.02723   +0.02577  +0.14100   -0.19400
 24      +0.01369   +0.02714   +0.02586  +0.14100   -0.19400
 25      +0.04712   +0.02673   +0.02627  +0.14100   -0.19400
 26      +0.32627   +0.02432   +0.02968  +0.14000   -0.19400
];

% TIME 2

% DOT1   -   DOT2   -   DOT3   -   DOT4
driver(:,:,2) = [+3.000000e-03   +9.270000e-01   -2.120000e-01   -7.170000e-01
+9.290000e-01   +0   -2.120000e-01   -7.170000e-01
];

% MOL   -   VOUT   -   DOT1   -   DOT2   -   DOT3   -   DOT4
conf(:,:,2) = [ 1      +0.00030   +0.17971   +0.17588  +0.06120   -0.41665
 2      +0.00364   +0.17812   +0.17841  +0.06084   -0.41724
 3      +0.06515   +0.02651   +0.02649  +0.14100   -0.19400
 4      +0.07003   +0.02645   +0.02655  +0.14100   -0.19400
 5      +0.01723   +0.02709   +0.02591  +0.14100   -0.19400
 6      +0.01892   +0.02707   +0.02593  +0.14100   -0.19400
 7      +0.03501   +0.02688   +0.02612  +0.14100   -0.19400
 8      +0.03758   +0.02684   +0.02616  +0.14100   -0.19400
 9      +0.21047   +0.02502   +0.02827  +0.14071   -0.19400
 10      +0.21269   +0.02502   +0.02829  +0.14069   -0.19400
 11      -0.06469   +0.02809   +0.02491  +0.14100   -0.19400
 12      -0.06960   +0.02815   +0.02485  +0.14100   -0.19400
 13      -0.01761   +0.02752   +0.02548  +0.14100   -0.19400
 14      -0.01940   +0.02754   +0.02546  +0.14100   -0.19400
 15      -0.03529   +0.02773   +0.02527  +0.14100   -0.19400
 16      -0.03793   +0.02777   +0.02523  +0.14100   -0.19400
 17      -0.21023   +0.02987   +0.02399  +0.14100   -0.19400
 18      -0.21150   +0.02989   +0.02399  +0.14100   -0.19400
 19      -0.00044   +0.18006   +0.17533  +0.06128   -0.41652
 20      +0.00476   +0.17758   +0.17926  +0.06071   -0.41744
 21      -0.00319   +0.18137   +0.17324  +0.06159   -0.41603
 22      +0.01101   +0.17461   +0.18399  +0.06003   -0.41854
 23      -0.01326   +0.18617   +0.16562  +0.06269   -0.41424
 24      +0.03894   +0.16221   +0.19695  +0.05898   -0.41813
 25      -0.07645   +0.21413   +0.12560  +0.06691   -0.40626
 26      +0.36152   +0.04380   +0.30418  +0.06006   -0.40787
];

% TIME 3

% DOT1   -   DOT2   -   DOT3   -   DOT4
driver(:,:,3) = [+3.000000e-03   +9.270000e-01   -2.120000e-01   -7.170000e-01
+9.290000e-01   +0   -2.120000e-01   -7.170000e-01
];

% MOL   -   VOUT   -   DOT1   -   DOT2   -   DOT3   -   DOT4
conf(:,:,3) = [ 1      -0.23220   +0.57446   +0.08160  -0.03191   -0.62401
 2      +0.44088   +0.04330   +0.67232  -0.08262   -0.63300
 3      +0.06750   +0.02648   +0.02652  +0.14100   -0.19400
 4      +0.07268   +0.02642   +0.02658  +0.14100   -0.19400
 5      +0.02378   +0.02701   +0.02599  +0.14100   -0.19400
 6      +0.02630   +0.02698   +0.02602  +0.14100   -0.19400
 7      +0.06045   +0.02657   +0.02643  +0.14100   -0.19400
 8      +0.06607   +0.02650   +0.02650  +0.14100   -0.19400
 9      +0.34116   +0.02414   +0.02986  +0.14000   -0.19400
 10      +0.45415   +0.02208   +0.03288  +0.14045   -0.19425
 11      -0.06762   +0.02813   +0.02487  +0.14100   -0.19400
 12      -0.07266   +0.02819   +0.02481  +0.14100   -0.19400
 13      -0.02515   +0.02761   +0.02539  +0.14100   -0.19400
 14      -0.02729   +0.02764   +0.02536  +0.14100   -0.19400
 15      -0.06218   +0.02806   +0.02494  +0.14100   -0.19400
 16      -0.06541   +0.02810   +0.02490  +0.14100   -0.19400
 17      -0.43925   +0.03331   +0.02169  +0.14237   -0.19671
 18      -0.34298   +0.03148   +0.02300  +0.14290   -0.19685
 19      -0.46015   +0.65276   +0.03000  -0.05622   -0.62654
 20      +0.46452   +0.04977   +0.67167  -0.08431   -0.63713
 21      -0.45173   +0.65941   +0.03000  -0.06212   -0.62729
 22      +0.47124   +0.05369   +0.66618  -0.08145   -0.63842
 23      -0.44134   +0.66761   +0.03000  -0.06940   -0.62821
 24      +0.48080   +0.05931   +0.65823  -0.07729   -0.64025
 25      -0.42782   +0.67828   +0.03000  -0.07886   -0.62942
 26      +0.56873   +0.04518   +0.64834  -0.06071   -0.63346
];

% TIME 4

% DOT1   -   DOT2   -   DOT3   -   DOT4
driver(:,:,4) = [+3.000000e-03   +9.270000e-01   -2.120000e-01   -7.170000e-01
+9.290000e-01   +0   -2.120000e-01   -7.170000e-01
];

% MOL   -   VOUT   -   DOT1   -   DOT2   -   DOT3   -   DOT4
conf(:,:,4) = [ 1      -0.18304   +0.56727   +0.22413  -0.12170   -0.66966
 2      +0.38661   +0.14083   +0.65965  -0.12927   -0.67141
 3      +0.06814   +0.02647   +0.02653  +0.14100   -0.19400
 4      +0.07334   +0.02641   +0.02659  +0.14100   -0.19400
 5      +0.02538   +0.02699   +0.02601  +0.14100   -0.19400
 6      +0.02789   +0.02696   +0.02604  +0.14100   -0.19400
 7      +0.06607   +0.02650   +0.02650  +0.14100   -0.19400
 8      +0.07137   +0.02643   +0.02657  +0.14100   -0.19400
 9      +0.37945   +0.02335   +0.03098  +0.14033   -0.19400
 10      +0.49717   +0.02200   +0.03300  +0.13948   -0.19476
 11      -0.06836   +0.02814   +0.02486  +0.14100   -0.19400
 12      -0.07347   +0.02820   +0.02480  +0.14100   -0.19400
 13      -0.02726   +0.02764   +0.02536  +0.14100   -0.19400
 14      -0.02962   +0.02767   +0.02533  +0.14100   -0.19400
 15      -0.07115   +0.02817   +0.02483  +0.14100   -0.19400
 16      -0.07463   +0.02822   +0.02478  +0.14100   -0.19400
 17      -0.50515   +0.03448   +0.02052  +0.14718   -0.20213
 18      -0.39805   +0.03230   +0.02267  +0.14423   -0.19901
 19      -0.42180   +0.73332   +0.08942  -0.14929   -0.67345
 20      +0.48972   +0.10154   +0.72248  -0.14454   -0.67965
 21      -0.45115   +0.73326   +0.07769  -0.13878   -0.67217
 22      +0.50001   +0.09898   +0.72366  -0.14217   -0.68057
 23      -0.47946   +0.75463   +0.06527  -0.14688   -0.67302
 24      +0.56168   +0.05561   +0.75707  -0.13682   -0.67613
 25      -0.54861   +0.85310   +0.03330  -0.20666   -0.67973
 26      +0.63563   +0.02115   +0.81320  -0.16092   -0.67381
];

% TIME 5

% DOT1   -   DOT2   -   DOT3   -   DOT4
driver(:,:,5) = [+3.000000e-03   +9.270000e-01   -2.120000e-01   -7.170000e-01
+9.290000e-01   +0   -2.120000e-01   -7.170000e-01
];

% MOL   -   VOUT   -   DOT1   -   DOT2   -   DOT3   -   DOT4
conf(:,:,5) = [ 1      -0.16946   +0.60898   +0.32802  -0.21925   -0.71800
 2      +0.40543   +0.21694   +0.71782  -0.21738   -0.71800
 3      +0.06915   +0.02646   +0.02654  +0.14100   -0.19400
 4      +0.07444   +0.02639   +0.02661  +0.14100   -0.19400
 5      +0.02784   +0.02696   +0.02604  +0.14100   -0.19400
 6      +0.03062   +0.02693   +0.02607  +0.14100   -0.19400
 7      +0.07463   +0.02639   +0.02661  +0.14100   -0.19400
 8      +0.08154   +0.02631   +0.02669  +0.14100   -0.19400
 9      +0.41259   +0.02259   +0.03212  +0.14071   -0.19400
 10      +0.57720   +0.02125   +0.03450  +0.14798   -0.20473
 11      -0.06875   +0.02814   +0.02486  +0.14100   -0.19400
 12      -0.07382   +0.02821   +0.02479  +0.14100   -0.19400
 13      -0.02867   +0.02765   +0.02535  +0.14100   -0.19400
 14      -0.03091   +0.02768   +0.02532  +0.14100   -0.19400
 15      -0.07806   +0.02826   +0.02474  +0.14100   -0.19400
 16      -0.08024   +0.02828   +0.02472  +0.14100   -0.19400
 17      -0.56898   +0.03552   +0.01988  +0.15194   -0.20818
 18      -0.41150   +0.03262   +0.02236  +0.14367   -0.19832
 19      -0.52098   +0.86015   +0.06970  -0.21285   -0.71700
 20      +0.63453   +0.01941   +0.90769  -0.21010   -0.71700
 21      -0.65866   +0.90870   +0.01827  -0.20997   -0.71700
 22      +0.65535   +0.01737   +0.90922  -0.20959   -0.71700
 23      -0.65946   +0.90890   +0.01806  -0.20996   -0.71700
 24      +0.65428   +0.01748   +0.90914  -0.20962   -0.71700
 25      -0.66248   +0.90966   +0.01725  -0.20990   -0.71700
 26      +0.65479   +0.01743   +0.90918  -0.20961   -0.71700
];

% TIME 6

% DOT1   -   DOT2   -   DOT3   -   DOT4
driver(:,:,6) = [+3.000000e-03   +9.270000e-01   -2.120000e-01   -7.170000e-01
+9.290000e-01   +0   -2.120000e-01   -7.170000e-01
];

% MOL   -   VOUT   -   DOT1   -   DOT2   -   DOT3   -   DOT4
conf(:,:,6) = [ 1      -0.16946   +0.60898   +0.32802  -0.21925   -0.71800
 2      +0.40544   +0.21694   +0.71782  -0.21738   -0.71800
 3      +0.06915   +0.02646   +0.02654  +0.14100   -0.19400
 4      +0.07444   +0.02639   +0.02661  +0.14100   -0.19400
 5      +0.02784   +0.02696   +0.02604  +0.14100   -0.19400
 6      +0.03062   +0.02693   +0.02607  +0.14100   -0.19400
 7      +0.07463   +0.02639   +0.02661  +0.14100   -0.19400
 8      +0.08154   +0.02631   +0.02669  +0.14100   -0.19400
 9      +0.41259   +0.02259   +0.03212  +0.14071   -0.19400
 10      +0.57720   +0.02125   +0.03450  +0.14798   -0.20473
 11      -0.06875   +0.02814   +0.02486  +0.14100   -0.19400
 12      -0.07382   +0.02821   +0.02479  +0.14100   -0.19400
 13      -0.02867   +0.02765   +0.02535  +0.14100   -0.19400
 14      -0.03091   +0.02768   +0.02532  +0.14100   -0.19400
 15      -0.07806   +0.02826   +0.02474  +0.14100   -0.19400
 16      -0.08024   +0.02828   +0.02472  +0.14100   -0.19400
 17      -0.56898   +0.03552   +0.01988  +0.15194   -0.20818
 18      -0.41150   +0.03262   +0.02236  +0.14367   -0.19832
 19      -0.52099   +0.86015   +0.06970  -0.21285   -0.71700
 20      +0.63454   +0.01941   +0.90769  -0.21010   -0.71700
 21      -0.65866   +0.90870   +0.01827  -0.20997   -0.71700
 22      +0.65535   +0.01737   +0.90922  -0.20959   -0.71700
 23      -0.65946   +0.90890   +0.01806  -0.20996   -0.71700
 24      +0.65428   +0.01748   +0.90914  -0.20962   -0.71700
 25      -0.66248   +0.90966   +0.01725  -0.20990   -0.71700
 26      +0.65479   +0.01743   +0.90918  -0.20961   -0.71700
];

% TIME 7

% DOT1   -   DOT2   -   DOT3   -   DOT4
driver(:,:,7) = [+3.000000e-03   +9.270000e-01   -2.120000e-01   -7.170000e-01
+9.290000e-01   +0   -2.120000e-01   -7.170000e-01
];

% MOL   -   VOUT   -   DOT1   -   DOT2   -   DOT3   -   DOT4
conf(:,:,7) = [ 1      -0.17164   +0.61047   +0.32653  -0.21920   -0.71800
 2      +0.40939   +0.21426   +0.72041  -0.21733   -0.71800
 3      +0.17620   +0.11143   +0.23001  +0.06459   -0.40603
 4      +0.18448   +0.10890   +0.23194  +0.06492   -0.40576
 5      +0.08681   +0.14190   +0.21077  +0.05926   -0.41192
 6      +0.09847   +0.13698   +0.21383  +0.05940   -0.41021
 7      +0.10139   +0.13578   +0.21458  +0.05945   -0.40982
 8      +0.15807   +0.11719   +0.22635  +0.06326   -0.40680
 9      +0.17613   +0.11145   +0.22999  +0.06459   -0.40603
 10      +0.43959   +0.03257   +0.35253  +0.02906   -0.41346
 11      -0.16424   +0.25767   +0.08811  +0.06111   -0.40674
 12      -0.17469   +0.26617   +0.08179  +0.05952   -0.40725
 13      -0.11534   +0.22881   +0.11159  +0.06560   -0.40584
 14      -0.10984   +0.22663   +0.11362  +0.06582   -0.40589
 15      -0.16723   +0.26010   +0.08630  +0.06066   -0.40689
 16      -0.13202   +0.23541   +0.10540  +0.06496   -0.40571
 17      -0.42248   +0.35748   +0.02609  +0.03046   -0.41381
 18      -0.21125   +0.29481   +0.06025  +0.05431   -0.40894
 19      -0.56531   +0.88457   +0.04413  -0.21170   -0.71700
 20      +0.65017   +0.01788   +0.90884  -0.20972   -0.71700
 21      -0.65359   +0.90743   +0.01964  -0.21007   -0.71700
 22      +0.65562   +0.01735   +0.90924  -0.20959   -0.71700
 23      -0.65917   +0.90883   +0.01814  -0.20996   -0.71700
 24      +0.65442   +0.01747   +0.90915  -0.20962   -0.71700
 25      -0.66228   +0.90961   +0.01730  -0.20991   -0.71700
 26      +0.65495   +0.01741   +0.90919  -0.20960   -0.71700
];

% TIME 8

% DOT1   -   DOT2   -   DOT3   -   DOT4
driver(:,:,8) = [+3.000000e-03   +9.270000e-01   -2.120000e-01   -7.170000e-01
+9.290000e-01   +0   -2.120000e-01   -7.170000e-01
];

% MOL   -   VOUT   -   DOT1   -   DOT2   -   DOT3   -   DOT4
conf(:,:,8) = [ 1      -0.14168   +0.58997   +0.34703  -0.21993   -0.71800
 2      +0.32203   +0.27406   +0.66231  -0.21837   -0.71800
 3      +0.00300   +0.32958   +0.33013  -0.01919   -0.64025
 4      +0.44738   +0.04508   +0.67214  -0.08308   -0.63414
 5      -0.20982   +0.55754   +0.09819  -0.03197   -0.62374
 6      +0.50282   +0.07227   +0.63992  -0.06771   -0.64448
 7      -0.29878   +0.56078   +0.06766  -0.00905   -0.61844
 8      +0.50845   +0.07248   +0.63822  -0.06628   -0.64445
 9      -0.23310   +0.57426   +0.08141  -0.03159   -0.62393
 10      +0.63578   +0.02298   +0.71886  -0.11197   -0.63064
 11      -0.45302   +0.65839   +0.03000  -0.06122   -0.62717
 12      -0.10376   +0.41989   +0.20732  -0.00890   -0.61788
 13      -0.52797   +0.78737   +0.02021  -0.16877   -0.63881
 14      +0.13953   +0.22061   +0.41779  -0.01716   -0.62125
 15      -0.55295   +0.82582   +0.01727  -0.20059   -0.64249
 16      +0.21909   +0.17326   +0.45652  -0.01311   -0.61667
 17      -0.62382   +0.80988   +0.01608  -0.18341   -0.64254
 18      +0.14101   +0.21965   +0.41840  -0.01697   -0.62108
 19      -0.71320   +0.92108   +0.00503  -0.20911   -0.71700
 20      +0.76651   +0.00757   +0.91684  -0.20741   -0.71700
 21      -0.58958   +0.89138   +0.03686  -0.21124   -0.71700
 22      +0.65856   +0.01706   +0.90945  -0.20952   -0.71700
 23      -0.65643   +0.90814   +0.01887  -0.21001   -0.71700
 24      +0.65509   +0.01740   +0.90920  -0.20960   -0.71700
 25      -0.66169   +0.90946   +0.01746  -0.20992   -0.71700
 26      +0.65526   +0.01738   +0.90921  -0.20960   -0.71700
];

% TIME 9

% DOT1   -   DOT2   -   DOT3   -   DOT4
driver(:,:,9) = [+3.000000e-03   +9.270000e-01   -2.120000e-01   -7.170000e-01
+9.290000e-01   +0   -2.120000e-01   -7.170000e-01
];

% MOL   -   VOUT   -   DOT1   -   DOT2   -   DOT3   -   DOT4
conf(:,:,9) = [ 1      -0.13942   +0.58847   +0.34855  -0.21994   -0.71800
 2      +0.31699   +0.27757   +0.65886  -0.21843   -0.71800
 3      +0.08750   +0.34618   +0.44811  -0.12085   -0.67382
 4      +0.47033   +0.10638   +0.72025  -0.14901   -0.67791
 5      -0.18666   +0.57130   +0.22077  -0.12217   -0.66982
 6      +0.49928   +0.09916   +0.72358  -0.14234   -0.68051
 7      -0.30702   +0.63506   +0.14845  -0.11513   -0.66837
 8      +0.55193   +0.06402   +0.75033  -0.13718   -0.67739
 9      -0.29743   +0.62879   +0.15327  -0.11375   -0.66827
 10      +0.63117   +0.02154   +0.80952  -0.15792   -0.67354
 11      -0.45516   +0.73321   +0.07609  -0.13731   -0.67199
 12      -0.14729   +0.52625   +0.25796  -0.11669   -0.66791
 13      -0.50237   +0.78791   +0.05439  -0.16704   -0.67527
 14      +0.10555   +0.33281   +0.45863  -0.12033   -0.67158
 15      -0.54936   +0.85315   +0.03317  -0.20659   -0.67973
 16      +0.21815   +0.25947   +0.52390  -0.11634   -0.66734
 17      -0.61586   +0.85514   +0.02298  -0.19833   -0.67979
 18      +0.19398   +0.27443   +0.50852  -0.11575   -0.66764
 19      -0.71241   +0.92105   +0.00505  -0.20910   -0.71700
 20      +0.80190   +0.00651   +0.91823  -0.20774   -0.71700
 21      -0.57312   +0.88680   +0.04175  -0.21155   -0.71700
 22      +0.65813   +0.01710   +0.90942  -0.20953   -0.71700
 23      -0.65640   +0.90813   +0.01888  -0.21001   -0.71700
 24      +0.65493   +0.01742   +0.90919  -0.20960   -0.71700
 25      -0.66192   +0.90951   +0.01740  -0.20991   -0.71700
 26      +0.65507   +0.01740   +0.90920  -0.20960   -0.71700
];

% TIME 10

% DOT1   -   DOT2   -   DOT3   -   DOT4
driver(:,:,10) = [+3.000000e-03   +9.270000e-01   -2.120000e-01   -7.170000e-01
+9.290000e-01   +0   -2.120000e-01   -7.170000e-01
];

% MOL   -   VOUT   -   DOT1   -   DOT2   -   DOT3   -   DOT4
conf(:,:,10) = [ 1      -0.12735   +0.58048   +0.35668  -0.21996   -0.71800
 2      +0.28700   +0.29838   +0.63838  -0.21880   -0.71800
 3      +0.00150   +0.49471   +0.44329  -0.22000   -0.71800
 4      +0.62742   +0.02010   +0.90717  -0.21028   -0.71700
 5      -0.33097   +0.71940   +0.21527  -0.21767   -0.71767
 6      +0.66113   +0.01681   +0.90964  -0.20945   -0.71700
 7      -0.43435   +0.79378   +0.13877  -0.21555   -0.71700
 8      +0.69234   +0.01376   +0.91193  -0.20869   -0.71700
 9      -0.41070   +0.77577   +0.15749  -0.21626   -0.71702
 10      +0.69894   +0.01311   +0.91241  -0.20853   -0.71700
 11      -0.51527   +0.85577   +0.07426  -0.21303   -0.71700
 12      -0.14524   +0.59241   +0.34459  -0.21984   -0.71800
 13      -0.51853   +0.85827   +0.07165  -0.21292   -0.71700
 14      +0.11975   +0.41293   +0.52334  -0.21923   -0.71800
 15      -0.56071   +0.88326   +0.04553  -0.21179   -0.71700
 16      +0.22599   +0.33986   +0.59714  -0.21954   -0.71800
 17      -0.62374   +0.89994   +0.02767  -0.21061   -0.71700
 18      +0.24531   +0.32688   +0.61012  -0.21931   -0.71800
 19      -0.74258   +0.92224   +0.00396  -0.20920   -0.71700
 20      +0.83066   +0.00615   +0.91911  -0.20827   -0.71700
 21      -0.55390   +0.88131   +0.04761  -0.21192   -0.71700
 22      +0.65852   +0.01706   +0.90945  -0.20952   -0.71700
 23      -0.65536   +0.90787   +0.01916  -0.21003   -0.71700
 24      +0.65524   +0.01739   +0.90921  -0.20960   -0.71700
 25      -0.66168   +0.90945   +0.01746  -0.20992   -0.71700
 26      +0.65516   +0.01739   +0.90920  -0.20960   -0.71700
];

% TIME 11

% DOT1   -   DOT2   -   DOT3   -   DOT4
driver(:,:,11) = [+3.000000e-03   +9.270000e-01   -2.120000e-01   -7.170000e-01
+9.290000e-01   +0   -2.120000e-01   -7.170000e-01
];

% MOL   -   VOUT   -   DOT1   -   DOT2   -   DOT3   -   DOT4
conf(:,:,11) = [ 1      -0.12735   +0.58048   +0.35668  -0.21996   -0.71800
 2      +0.28700   +0.29838   +0.63838  -0.21880   -0.71800
 3      +0.00150   +0.49471   +0.44329  -0.22000   -0.71800
 4      +0.62742   +0.02010   +0.90717  -0.21028   -0.71700
 5      -0.33097   +0.71940   +0.21527  -0.21767   -0.71767
 6      +0.66113   +0.01681   +0.90964  -0.20945   -0.71700
 7      -0.43435   +0.79378   +0.13877  -0.21555   -0.71700
 8      +0.69234   +0.01376   +0.91193  -0.20869   -0.71700
 9      -0.41070   +0.77577   +0.15749  -0.21626   -0.71702
 10      +0.69894   +0.01311   +0.91241  -0.20853   -0.71700
 11      -0.51527   +0.85577   +0.07425  -0.21303   -0.71700
 12      -0.14524   +0.59241   +0.34459  -0.21984   -0.71800
 13      -0.51853   +0.85827   +0.07165  -0.21292   -0.71700
 14      +0.11975   +0.41293   +0.52334  -0.21923   -0.71800
 15      -0.56071   +0.88326   +0.04553  -0.21179   -0.71700
 16      +0.22599   +0.33986   +0.59714  -0.21954   -0.71800
 17      -0.62374   +0.89994   +0.02767  -0.21061   -0.71700
 18      +0.24531   +0.32688   +0.61012  -0.21931   -0.71800
 19      -0.74258   +0.92224   +0.00396  -0.20920   -0.71700
 20      +0.83066   +0.00615   +0.91911  -0.20827   -0.71700
 21      -0.55390   +0.88131   +0.04761  -0.21192   -0.71700
 22      +0.65852   +0.01706   +0.90945  -0.20952   -0.71700
 23      -0.65536   +0.90787   +0.01916  -0.21003   -0.71700
 24      +0.65524   +0.01739   +0.90921  -0.20960   -0.71700
 25      -0.66168   +0.90945   +0.01746  -0.20992   -0.71700
 26      +0.65516   +0.01739   +0.90920  -0.20960   -0.71700
];

% TIME 12

% DOT1   -   DOT2   -   DOT3   -   DOT4
driver(:,:,12) = [+3.000000e-03   +9.270000e-01   -2.120000e-01   -7.170000e-01
+9.290000e-01   +0   -2.120000e-01   -7.170000e-01
];

% MOL   -   VOUT   -   DOT1   -   DOT2   -   DOT3   -   DOT4
conf(:,:,12) = [ 1      -0.12067   +0.50456   +0.27808  -0.11509   -0.66780
 2      +0.25316   +0.23804   +0.54672  -0.11776   -0.66711
 3      -0.00304   +0.49776   +0.44024  -0.22000   -0.71800
 4      +0.62767   +0.02008   +0.90719  -0.21027   -0.71700
 5      -0.34070   +0.72602   +0.20853  -0.21755   -0.71755
 6      +0.66224   +0.01670   +0.90972  -0.20943   -0.71700
 7      -0.45059   +0.80622   +0.12582  -0.21504   -0.71700
 8      +0.69559   +0.01344   +0.91217  -0.20861   -0.71700
 9      -0.43536   +0.79455   +0.13797  -0.21551   -0.71700
 10      +0.70192   +0.01282   +0.91263  -0.20846   -0.71700
 11      -0.51905   +0.85867   +0.07124  -0.21291   -0.71700
 12      -0.13389   +0.58481   +0.35228  -0.21995   -0.71800
 13      -0.52388   +0.86237   +0.06739  -0.21276   -0.71700
 14      +0.14105   +0.39810   +0.53832  -0.21942   -0.71800
 15      -0.56165   +0.88352   +0.04525  -0.21177   -0.71700
 16      +0.25856   +0.31797   +0.61903  -0.21914   -0.71800
 17      -0.59605   +0.89300   +0.03512  -0.21112   -0.71700
 18      +0.29544   +0.29254   +0.64414  -0.21869   -0.71800
 19      -0.72818   +0.85091   +0.00964  -0.18161   -0.67899
 20      +0.75551   +0.01106   +0.90484  -0.23547   -0.68046
 21      -0.44726   +0.73330   +0.07924  -0.14020   -0.67234
 22      +0.51993   +0.08736   +0.73220  -0.13969   -0.67999
 23      -0.49089   +0.77123   +0.05985  -0.15693   -0.67414
 24      +0.57116   +0.04745   +0.76361  -0.13648   -0.67492
 25      -0.55323   +0.85345   +0.03254  -0.20624   -0.67975
 26      +0.63547   +0.02116   +0.81307  -0.16081   -0.67380
];

% TIME 13

% DOT1   -   DOT2   -   DOT3   -   DOT4
driver(:,:,13) = [+3.000000e-03   +9.270000e-01   -2.120000e-01   -7.170000e-01
+9.290000e-01   +0   -2.120000e-01   -7.170000e-01
];

% MOL   -   VOUT   -   DOT1   -   DOT2   -   DOT3   -   DOT4
conf(:,:,13) = [ 1      -0.11867   +0.43150   +0.19644  -0.01005   -0.61763
 2      +0.22688   +0.16894   +0.46133  -0.01374   -0.61653
 3      -0.00924   +0.50192   +0.43608  -0.22000   -0.71800
 4      +0.62789   +0.02006   +0.90721  -0.21026   -0.71700
 5      -0.35363   +0.73483   +0.19957  -0.21740   -0.71740
 6      +0.66333   +0.01660   +0.90980  -0.20940   -0.71700
 7      -0.47129   +0.82208   +0.10932  -0.21440   -0.71700
 8      +0.69758   +0.01325   +0.91231  -0.20856   -0.71700
 9      -0.46365   +0.81623   +0.11541  -0.21463   -0.71700
 10      +0.68910   +0.01408   +0.91169  -0.20877   -0.71700
 11      -0.51961   +0.85909   +0.07080  -0.21289   -0.71700
 12      -0.12861   +0.58131   +0.35583  -0.21996   -0.71800
 13      -0.52441   +0.86277   +0.06697  -0.21274   -0.71700
 14      +0.15160   +0.39075   +0.54579  -0.21955   -0.71800
 15      -0.55670   +0.88211   +0.04676  -0.21187   -0.71700
 16      +0.27587   +0.30608   +0.63079  -0.21893   -0.71800
 17      -0.55806   +0.88250   +0.04635  -0.21184   -0.71700
 18      +0.31935   +0.27592   +0.66048  -0.21840   -0.71800
 19      -0.70989   +0.78385   +0.01502  -0.15700   -0.64189
 20      +0.74014   +0.01470   +0.88335  -0.25478   -0.64339
 21      -0.40637   +0.69090   +0.03073  -0.09073   -0.63088
 22      +0.51113   +0.07162   +0.63833  -0.06592   -0.64408
 23      -0.40365   +0.69239   +0.03084  -0.09215   -0.63106
 24      +0.49925   +0.07017   +0.64290  -0.06927   -0.64379
 25      -0.41567   +0.68581   +0.03035  -0.08586   -0.63029
 26      +0.57532   +0.04083   +0.65076  -0.06055   -0.63177
];

% TIME 14

% DOT1   -   DOT2   -   DOT3   -   DOT4
driver(:,:,14) = [+3.000000e-03   +9.270000e-01   -2.120000e-01   -7.170000e-01
+9.290000e-01   +0   -2.120000e-01   -7.170000e-01
];

% MOL   -   VOUT   -   DOT1   -   DOT2   -   DOT3   -   DOT4
conf(:,:,14) = [ 1      -0.01444   +0.18673   +0.16473  +0.06282   -0.41404
 2      +0.02047   +0.17012   +0.19104  +0.05901   -0.42014
 3      -0.03506   +0.51925   +0.41874  -0.22000   -0.71800
 4      +0.62768   +0.02008   +0.90719  -0.21027   -0.71700
 5      -0.40391   +0.77062   +0.16283  -0.21646   -0.71702
 6      +0.65577   +0.01733   +0.90925  -0.20958   -0.71700
 7      -0.53458   +0.87057   +0.05886  -0.21242   -0.71700
 8      +0.59194   +0.03336   +0.89503  -0.21139   -0.71700
 9      -0.44680   +0.80332   +0.12884  -0.21516   -0.71700
 10      +0.34734   +0.25649   +0.67954  -0.21806   -0.71800
 11      -0.33494   +0.72210   +0.21252  -0.21762   -0.71762
 12      -0.28077   +0.68514   +0.25040  -0.21800   -0.71800
 13      -0.20324   +0.63209   +0.30489  -0.21845   -0.71800
 14      -0.09656   +0.56012   +0.37740  -0.22000   -0.71800
 15      -0.14905   +0.59501   +0.34199  -0.21975   -0.71800
 16      +0.01143   +0.48804   +0.44996  -0.22000   -0.71800
 17      -0.08716   +0.55391   +0.38372  -0.22000   -0.71800
 18      +0.13135   +0.40486   +0.53150  -0.21934   -0.71800
 19      -0.21975   +0.30142   +0.05527  +0.05313   -0.40932
 20      +0.15424   +0.11841   +0.22558  +0.06298   -0.40697
 21      +0.01840   +0.17109   +0.18959  +0.05921   -0.41985
 22      +0.00947   +0.17535   +0.18282  +0.06020   -0.41827
 23      -0.00947   +0.18436   +0.16849  +0.06228   -0.41492
 24      +0.03863   +0.16235   +0.19685  +0.05898   -0.41816
 25      -0.07576   +0.21388   +0.12585  +0.06693   -0.40627
 26      +0.36190   +0.04370   +0.30445  +0.05991   -0.40790
];

% TIME 15

% DOT1   -   DOT2   -   DOT3   -   DOT4
driver(:,:,15) = [+3.000000e-03   +9.270000e-01   -2.120000e-01   -7.170000e-01
+9.290000e-01   +0   -2.120000e-01   -7.170000e-01
];

% MOL   -   VOUT   -   DOT1   -   DOT2   -   DOT3   -   DOT4
conf(:,:,15) = [ 1      -0.00288   +0.02734   +0.02566  +0.14100   -0.19400
 2      -0.01459   +0.02748   +0.02552  +0.14100   -0.19400
 3      +0.28022   +0.30307   +0.63376  -0.21888   -0.71800
 4      +0.29323   +0.29407   +0.64263  -0.21872   -0.71800
 5      +0.08003   +0.44060   +0.49605  -0.21933   -0.71800
 6      +0.09961   +0.42696   +0.50922  -0.21909   -0.71800
 7      -0.03510   +0.51928   +0.41871  -0.22000   -0.71800
 8      -0.01421   +0.50526   +0.43274  -0.22000   -0.71800
 9      -0.17896   +0.61548   +0.32152  -0.21902   -0.71800
 10      -0.16235   +0.60411   +0.33289  -0.21942   -0.71800
 11      -0.28582   +0.68859   +0.24682  -0.21800   -0.71800
 12      -0.29963   +0.69804   +0.23704  -0.21799   -0.71799
 13      -0.10722   +0.56716   +0.37023  -0.21999   -0.71800
 14      -0.12774   +0.58074   +0.35642  -0.21996   -0.71800
 15      +0.00814   +0.49025   +0.44775  -0.22000   -0.71800
 16      -0.01388   +0.50504   +0.43296  -0.22000   -0.71800
 17      +0.16779   +0.37948   +0.55727  -0.21975   -0.71800
 18      +0.15046   +0.39155   +0.54499  -0.21953   -0.71800
 19      -0.04259   +0.02782   +0.02518  +0.14100   -0.19400
 20      -0.04262   +0.02782   +0.02518  +0.14100   -0.19400
 21      -0.01385   +0.02747   +0.02553  +0.14100   -0.19400
 22      -0.00032   +0.02731   +0.02569  +0.14100   -0.19400
 23      +0.00520   +0.02724   +0.02576  +0.14100   -0.19400
 24      +0.01367   +0.02714   +0.02586  +0.14100   -0.19400
 25      +0.04738   +0.02673   +0.02627  +0.14100   -0.19400
 26      +0.32661   +0.02431   +0.02969  +0.14000   -0.19400
];

% TIME 16

% DOT1   -   DOT2   -   DOT3   -   DOT4
driver(:,:,16) = [+3.000000e-03   +9.270000e-01   -2.120000e-01   -7.170000e-01
+9.290000e-01   +0   -2.120000e-01   -7.170000e-01
];

% MOL   -   VOUT   -   DOT1   -   DOT2   -   DOT3   -   DOT4
conf(:,:,16) = [ 1      -0.00288   +0.02734   +0.02566  +0.14100   -0.19400
 2      -0.01459   +0.02748   +0.02552  +0.14100   -0.19400
 3      +0.28023   +0.30306   +0.63377  -0.21888   -0.71800
 4      +0.29322   +0.29408   +0.64262  -0.21872   -0.71800
 5      +0.08004   +0.44059   +0.49607  -0.21933   -0.71800
 6      +0.09959   +0.42697   +0.50920  -0.21909   -0.71800
 7      -0.03508   +0.51927   +0.41872  -0.22000   -0.71800
 8      -0.01423   +0.50527   +0.43273  -0.22000   -0.71800
 9      -0.17895   +0.61547   +0.32153  -0.21902   -0.71800
 10      -0.16236   +0.60412   +0.33288  -0.21942   -0.71800
 11      -0.28581   +0.68859   +0.24682  -0.21800   -0.71800
 12      -0.29964   +0.69805   +0.23703  -0.21799   -0.71799
 13      -0.10720   +0.56715   +0.37024  -0.21999   -0.71800
 14      -0.12775   +0.58075   +0.35641  -0.21996   -0.71800
 15      +0.00815   +0.49024   +0.44776  -0.22000   -0.71800
 16      -0.01390   +0.50505   +0.43295  -0.22000   -0.71800
 17      +0.16780   +0.37947   +0.55727  -0.21975   -0.71800
 18      +0.15045   +0.39155   +0.54498  -0.21953   -0.71800
 19      -0.04258   +0.02782   +0.02518  +0.14100   -0.19400
 20      -0.04263   +0.02782   +0.02518  +0.14100   -0.19400
 21      -0.01385   +0.02747   +0.02553  +0.14100   -0.19400
 22      -0.00032   +0.02731   +0.02569  +0.14100   -0.19400
 23      +0.00520   +0.02724   +0.02576  +0.14100   -0.19400
 24      +0.01367   +0.02714   +0.02586  +0.14100   -0.19400
 25      +0.04738   +0.02673   +0.02627  +0.14100   -0.19400
 26      +0.32661   +0.02431   +0.02969  +0.14000   -0.19400
];

% TIME 17

% DOT1   -   DOT2   -   DOT3   -   DOT4
driver(:,:,17) = [+3.000000e-03   +9.270000e-01   -2.120000e-01   -7.170000e-01
+9.290000e-01   +0   -2.120000e-01   -7.170000e-01
];

% MOL   -   VOUT   -   DOT1   -   DOT2   -   DOT3   -   DOT4
conf(:,:,17) = [ 1      -0.00808   +0.02740   +0.02560  +0.14100   -0.19400
 2      -0.03669   +0.02775   +0.02525  +0.14100   -0.19400
 3      +0.04366   +0.37975   +0.42115  -0.12140   -0.67961
 4      +0.45612   +0.11068   +0.71577  -0.15010   -0.67670
 5      -0.26456   +0.62072   +0.16838  -0.11924   -0.66963
 6      +0.42758   +0.12034   +0.70296  -0.14938   -0.67433
 7      -0.38387   +0.72933   +0.10513  -0.15977   -0.67469
 8      +0.35028   +0.16194   +0.62175  -0.11452   -0.66920
 9      -0.39617   +0.73062   +0.10004  -0.15638   -0.67428
 10      +0.10488   +0.33326   +0.45826  -0.12037   -0.67162
 11      -0.10414   +0.49265   +0.28968  -0.11446   -0.66794
 12      -0.41644   +0.73275   +0.09164  -0.15077   -0.67362
 13      +0.13991   +0.30963   +0.47773  -0.11826   -0.66960
 14      -0.35820   +0.69786   +0.11960  -0.14488   -0.67258
 15      +0.23750   +0.24761   +0.53648  -0.11709   -0.66720
 16      -0.24408   +0.61594   +0.17776  -0.12285   -0.67050
 17      +0.25516   +0.23683   +0.54802  -0.11785   -0.66709
 18      -0.00664   +0.41941   +0.37673  -0.11853   -0.67742
 19      -0.08401   +0.02833   +0.02467  +0.14100   -0.19400
 20      -0.01284   +0.02746   +0.02554  +0.14100   -0.19400
 21      +0.00422   +0.02725   +0.02575  +0.14100   -0.19400
 22      +0.00395   +0.02726   +0.02574  +0.14100   -0.19400
 23      +0.00632   +0.02723   +0.02577  +0.14100   -0.19400
 24      +0.01403   +0.02713   +0.02587  +0.14100   -0.19400
 25      +0.04751   +0.02672   +0.02628  +0.14100   -0.19400
 26      +0.32666   +0.02431   +0.02969  +0.14000   -0.19400
];

% TIME 18

% DOT1   -   DOT2   -   DOT3   -   DOT4
driver(:,:,18) = [+3.000000e-03   +9.270000e-01   -2.120000e-01   -7.170000e-01
+9.290000e-01   +0   -2.120000e-01   -7.170000e-01
];

% MOL   -   VOUT   -   DOT1   -   DOT2   -   DOT3   -   DOT4
conf(:,:,18) = [ 1      -0.00065   +0.02731   +0.02569  +0.14100   -0.19400
 2      -0.00590   +0.02738   +0.02562  +0.14100   -0.19400
 3      -0.01557   +0.34704   +0.30224  -0.01511   -0.63367
 4      +0.46309   +0.04938   +0.67171  -0.08421   -0.63688
 5      -0.29904   +0.56073   +0.06761  -0.00897   -0.61842
 6      +0.45793   +0.04797   +0.67185  -0.08384   -0.63598
 7      -0.42327   +0.68164   +0.03004  -0.08188   -0.62980
 8      +0.38329   +0.05319   +0.60869  -0.03752   -0.62436
 9      -0.40085   +0.69392   +0.03096  -0.09362   -0.63124
 10      +0.17376   +0.19924   +0.43121  -0.01217   -0.61827
 11      -0.02230   +0.35333   +0.29228  -0.01368   -0.63135
 12      -0.43620   +0.67167   +0.03000  -0.07300   -0.62867
 13      +0.24809   +0.15728   +0.47481  -0.01582   -0.61627
 14      -0.44168   +0.66734   +0.03000  -0.06916   -0.62818
 15      +0.39108   +0.05038   +0.62081  -0.04575   -0.62545
 16      -0.42589   +0.67981   +0.03000  -0.08022   -0.62959
 17      +0.43686   +0.04220   +0.67244  -0.08233   -0.63230
 18      -0.19345   +0.53231   +0.11735  -0.02739   -0.62226
 19      -0.02543   +0.02761   +0.02539  +0.14100   -0.19400
 20      -0.04478   +0.02785   +0.02515  +0.14100   -0.19400
 21      -0.01538   +0.02749   +0.02551  +0.14100   -0.19400
 22      +0.00042   +0.02730   +0.02570  +0.14100   -0.19400
 23      +0.00592   +0.02723   +0.02577  +0.14100   -0.19400
 24      +0.01409   +0.02713   +0.02587  +0.14100   -0.19400
 25      +0.04759   +0.02672   +0.02628  +0.14100   -0.19400
 26      +0.32669   +0.02431   +0.02969  +0.14000   -0.19400
];

% TIME 19

% DOT1   -   DOT2   -   DOT3   -   DOT4
driver(:,:,19) = [+3.000000e-03   +9.270000e-01   -2.120000e-01   -7.170000e-01
+9.290000e-01   +0   -2.120000e-01   -7.170000e-01
];

% MOL   -   VOUT   -   DOT1   -   DOT2   -   DOT3   -   DOT4
conf(:,:,19) = [ 1      +0.00086   +0.02729   +0.02571  +0.14100   -0.19400
 2      +0.00083   +0.02729   +0.02571  +0.14100   -0.19400
 3      +0.15921   +0.11683   +0.22658  +0.06335   -0.40676
 4      +0.16558   +0.11481   +0.22786  +0.06381   -0.40648
 5      +0.04306   +0.16045   +0.19827  +0.05897   -0.41768
 6      +0.04672   +0.15889   +0.19944  +0.05896   -0.41728
 7      -0.00283   +0.18120   +0.17352  +0.06155   -0.41609
 8      +0.00028   +0.17972   +0.17587  +0.06120   -0.41664
 9      -0.04932   +0.20306   +0.13936  +0.06629   -0.40829
 10      -0.04976   +0.20326   +0.13904  +0.06633   -0.40822
 11      -0.14208   +0.23967   +0.10151  +0.06450   -0.40566
 12      -0.15887   +0.25331   +0.09136  +0.06193   -0.40648
 13      -0.04743   +0.20218   +0.14073  +0.06611   -0.40860
 14      -0.05949   +0.20780   +0.13203  +0.06728   -0.40664
 15      -0.01091   +0.18505   +0.16739  +0.06243   -0.41466
 16      -0.01958   +0.18918   +0.16083  +0.06339   -0.41313
 17      +0.04737   +0.15861   +0.19965  +0.05896   -0.41721
 18      +0.04559   +0.15937   +0.19908  +0.05897   -0.41740
 19      -0.00090   +0.02731   +0.02569  +0.14100   -0.19400
 20      -0.00106   +0.02732   +0.02568  +0.14100   -0.19400
 21      +0.00134   +0.02729   +0.02571  +0.14100   -0.19400
 22      +0.00328   +0.02726   +0.02574  +0.14100   -0.19400
 23      +0.00600   +0.02723   +0.02577  +0.14100   -0.19400
 24      +0.01370   +0.02714   +0.02586  +0.14100   -0.19400
 25      +0.04717   +0.02673   +0.02627  +0.14100   -0.19400
 26      +0.32633   +0.02432   +0.02968  +0.14000   -0.19400
];

% TIME 20

% DOT1   -   DOT2   -   DOT3   -   DOT4
driver(:,:,20) = [+3.000000e-03   +9.270000e-01   -2.120000e-01   -7.170000e-01
+9.290000e-01   +0   -2.120000e-01   -7.170000e-01
];

% MOL   -   VOUT   -   DOT1   -   DOT2   -   DOT3   -   DOT4
conf(:,:,20) = [ 1      +0.00102   +0.02729   +0.02571  +0.14100   -0.19400
 2      +0.00149   +0.02729   +0.02571  +0.14100   -0.19400
 3      +0.06244   +0.02654   +0.02646  +0.14100   -0.19400
 4      +0.06706   +0.02648   +0.02652  +0.14100   -0.19400
 5      +0.01026   +0.02718   +0.02582  +0.14100   -0.19400
 6      +0.01134   +0.02717   +0.02583  +0.14100   -0.19400
 7      +0.00993   +0.02718   +0.02582  +0.14100   -0.19400
 8      +0.01098   +0.02717   +0.02583  +0.14100   -0.19400
 9      +0.03686   +0.02685   +0.02615  +0.14100   -0.19400
 10      +0.03608   +0.02686   +0.02614  +0.14100   -0.19400
 11      -0.06223   +0.02806   +0.02494  +0.14100   -0.19400
 12      -0.06699   +0.02812   +0.02488  +0.14100   -0.19400
 13      -0.01091   +0.02744   +0.02556  +0.14100   -0.19400
 14      -0.01222   +0.02745   +0.02555  +0.14100   -0.19400
 15      -0.01036   +0.02743   +0.02557  +0.14100   -0.19400
 16      -0.01159   +0.02745   +0.02555  +0.14100   -0.19400
 17      -0.03703   +0.02776   +0.02524  +0.14100   -0.19400
 18      -0.03606   +0.02774   +0.02526  +0.14100   -0.19400
 19      +0.00097   +0.02729   +0.02571  +0.14100   -0.19400
 20      +0.00118   +0.02729   +0.02571  +0.14100   -0.19400
 21      +0.00236   +0.02728   +0.02572  +0.14100   -0.19400
 22      +0.00361   +0.02726   +0.02574  +0.14100   -0.19400
 23      +0.00609   +0.02723   +0.02577  +0.14100   -0.19400
 24      +0.01369   +0.02714   +0.02586  +0.14100   -0.19400
 25      +0.04712   +0.02673   +0.02627  +0.14100   -0.19400
 26      +0.32627   +0.02432   +0.02968  +0.14000   -0.19400
];

% TIME 21

% DOT1   -   DOT2   -   DOT3   -   DOT4
driver(:,:,21) = [+9.290000e-01   +0   -2.120000e-01   -7.170000e-01
+3.000000e-03   +9.270000e-01   -2.120000e-01   -7.170000e-01
];

% MOL   -   VOUT   -   DOT1   -   DOT2   -   DOT3   -   DOT4
conf(:,:,21) = [ 1      +0.00071   +0.02730   +0.02570  +0.14100   -0.19400
 2      +0.00103   +0.02729   +0.02571  +0.14100   -0.19400
 3      +0.06265   +0.02654   +0.02646  +0.14100   -0.19400
 4      +0.06738   +0.02648   +0.02652  +0.14100   -0.19400
 5      +0.01045   +0.02718   +0.02582  +0.14100   -0.19400
 6      +0.01169   +0.02716   +0.02584  +0.14100   -0.19400
 7      +0.00990   +0.02718   +0.02582  +0.14100   -0.19400
 8      +0.01106   +0.02717   +0.02583  +0.14100   -0.19400
 9      +0.03638   +0.02686   +0.02614  +0.14100   -0.19400
 10      +0.03539   +0.02687   +0.02613  +0.14100   -0.19400
 11      -0.06203   +0.02806   +0.02494  +0.14100   -0.19400
 12      -0.06669   +0.02812   +0.02488  +0.14100   -0.19400
 13      -0.01074   +0.02744   +0.02556  +0.14100   -0.19400
 14      -0.01189   +0.02745   +0.02555  +0.14100   -0.19400
 15      -0.01042   +0.02743   +0.02557  +0.14100   -0.19400
 16      -0.01154   +0.02744   +0.02556  +0.14100   -0.19400
 17      -0.03752   +0.02776   +0.02524  +0.14100   -0.19400
 18      -0.03678   +0.02775   +0.02525  +0.14100   -0.19400
 19      +0.00024   +0.02730   +0.02570  +0.14100   -0.19400
 20      -0.00001   +0.02730   +0.02570  +0.14100   -0.19400
 21      +0.00027   +0.02730   +0.02570  +0.14100   -0.19400
 22      -0.00044   +0.02731   +0.02569  +0.14100   -0.19400
 23      -0.00289   +0.02734   +0.02566  +0.14100   -0.19400
 24      -0.01055   +0.02743   +0.02557  +0.14100   -0.19400
 25      -0.04409   +0.02784   +0.02516  +0.14100   -0.19400
 26      -0.32268   +0.03124   +0.02300  +0.14195   -0.19542
];

% TIME 22

% DOT1   -   DOT2   -   DOT3   -   DOT4
driver(:,:,22) = [+9.290000e-01   +0   -2.120000e-01   -7.170000e-01
+3.000000e-03   +9.270000e-01   -2.120000e-01   -7.170000e-01
];

% MOL   -   VOUT   -   DOT1   -   DOT2   -   DOT3   -   DOT4
conf(:,:,22) = [ 1      +0.00115   +0.17931   +0.17653  +0.06111   -0.41680
 2      +0.00175   +0.17902   +0.17698  +0.06104   -0.41690
 3      +0.06520   +0.02651   +0.02649  +0.14100   -0.19400
 4      +0.07009   +0.02645   +0.02655  +0.14100   -0.19400
 5      +0.01734   +0.02709   +0.02591  +0.14100   -0.19400
 6      +0.01907   +0.02707   +0.02593  +0.14100   -0.19400
 7      +0.03516   +0.02687   +0.02613  +0.14100   -0.19400
 8      +0.03778   +0.02684   +0.02616  +0.14100   -0.19400
 9      +0.21101   +0.02502   +0.02827  +0.14070   -0.19400
 10      +0.21217   +0.02502   +0.02829  +0.14069   -0.19400
 11      -0.06465   +0.02809   +0.02491  +0.14100   -0.19400
 12      -0.06957   +0.02815   +0.02485  +0.14100   -0.19400
 13      -0.01751   +0.02752   +0.02548  +0.14100   -0.19400
 14      -0.01928   +0.02754   +0.02546  +0.14100   -0.19400
 15      -0.03516   +0.02773   +0.02527  +0.14100   -0.19400
 16      -0.03776   +0.02777   +0.02523  +0.14100   -0.19400
 17      -0.20985   +0.02987   +0.02399  +0.14100   -0.19400
 18      -0.21180   +0.02989   +0.02399  +0.14100   -0.19400
 19      +0.00326   +0.17830   +0.17812  +0.06088   -0.41717
 20      -0.00169   +0.18066   +0.17438  +0.06142   -0.41629
 21      +0.00817   +0.17596   +0.18184  +0.06034   -0.41804
 22      -0.00868   +0.18399   +0.16909  +0.06219   -0.41506
 23      +0.02051   +0.17010   +0.19105  +0.05901   -0.42014
 24      -0.03063   +0.19434   +0.15284  +0.06447   -0.41132
 25      +0.09964   +0.13649   +0.21414  +0.05941   -0.41004
 26      -0.35456   +0.34147   +0.03369  +0.03765   -0.41242
];

% TIME 23

% DOT1   -   DOT2   -   DOT3   -   DOT4
driver(:,:,23) = [+9.290000e-01   +0   -2.120000e-01   -7.170000e-01
+3.000000e-03   +9.270000e-01   -2.120000e-01   -7.170000e-01
];

% MOL   -   VOUT   -   DOT1   -   DOT2   -   DOT3   -   DOT4
conf(:,:,23) = [ 1      +0.21248   +0.17698   +0.45258  -0.01273   -0.61683
 2      -0.34160   +0.62835   +0.05001  -0.05292   -0.62489
 3      +0.06757   +0.02648   +0.02652  +0.14100   -0.19400
 4      +0.07255   +0.02642   +0.02658  +0.14100   -0.19400
 5      +0.02395   +0.02701   +0.02599  +0.14100   -0.19400
 6      +0.02600   +0.02699   +0.02601  +0.14100   -0.19400
 7      +0.06086   +0.02656   +0.02644  +0.14100   -0.19400
 8      +0.06377   +0.02652   +0.02648  +0.14100   -0.19400
 9      +0.44687   +0.02214   +0.03279  +0.14055   -0.19419
 10      +0.33967   +0.02415   +0.02985  +0.14000   -0.19400
 11      -0.06764   +0.02813   +0.02487  +0.14100   -0.19400
 12      -0.07292   +0.02819   +0.02481  +0.14100   -0.19400
 13      -0.02513   +0.02761   +0.02539  +0.14100   -0.19400
 14      -0.02781   +0.02764   +0.02536  +0.14100   -0.19400
 15      -0.06240   +0.02807   +0.02493  +0.14100   -0.19400
 16      -0.06801   +0.02813   +0.02487  +0.14100   -0.19400
 17      -0.34198   +0.03146   +0.02300  +0.14285   -0.19678
 18      -0.45756   +0.03378   +0.02122  +0.14144   -0.19555
 19      +0.46840   +0.05202   +0.66854  -0.08268   -0.63788
 20      -0.43757   +0.67058   +0.03000  -0.07203   -0.62855
 21      +0.48739   +0.06319   +0.65276  -0.07443   -0.64152
 22      -0.41614   +0.68555   +0.03033  -0.08561   -0.63026
 23      +0.49947   +0.07030   +0.64271  -0.06917   -0.64384
 24      -0.40428   +0.69204   +0.03082  -0.09182   -0.63102
 25      +0.53126   +0.06512   +0.63920  -0.06320   -0.64136
 26      -0.52806   +0.78758   +0.02019  -0.16894   -0.63883
];

% TIME 24

% DOT1   -   DOT2   -   DOT3   -   DOT4
driver(:,:,24) = [+9.290000e-01   +0   -2.120000e-01   -7.170000e-01
+3.000000e-03   +9.270000e-01   -2.120000e-01   -7.170000e-01
];

% MOL   -   VOUT   -   DOT1   -   DOT2   -   DOT3   -   DOT4
conf(:,:,24) = [ 1      +0.17098   +0.28911   +0.49482  -0.11618   -0.66825
 2      -0.29891   +0.62915   +0.15259  -0.11350   -0.66821
 3      +0.06838   +0.02647   +0.02653  +0.14100   -0.19400
 4      +0.07345   +0.02641   +0.02659  +0.14100   -0.19400
 5      +0.02598   +0.02699   +0.02601  +0.14100   -0.19400
 6      +0.02826   +0.02696   +0.02604  +0.14100   -0.19400
 7      +0.06781   +0.02648   +0.02652  +0.14100   -0.19400
 8      +0.07151   +0.02643   +0.02657  +0.14100   -0.19400
 9      +0.49315   +0.02200   +0.03300  +0.13958   -0.19471
 10      +0.38590   +0.02321   +0.03118  +0.14039   -0.19400
 11      -0.06804   +0.02814   +0.02486  +0.14100   -0.19400
 12      -0.07330   +0.02820   +0.02480  +0.14100   -0.19400
 13      -0.02649   +0.02763   +0.02537  +0.14100   -0.19400
 14      -0.02914   +0.02766   +0.02534  +0.14100   -0.19400
 15      -0.06854   +0.02814   +0.02486  +0.14100   -0.19400
 16      -0.07451   +0.02821   +0.02479  +0.14100   -0.19400
 17      -0.38712   +0.03203   +0.02292  +0.14468   -0.19956
 18      -0.50650   +0.03449   +0.02051  +0.14739   -0.20237
 19      +0.43328   +0.11841   +0.70552  -0.14952   -0.67480
 20      -0.44507   +0.73333   +0.08011  -0.14100   -0.67244
 21      +0.48951   +0.10160   +0.72246  -0.14459   -0.67963
 22      -0.45143   +0.73325   +0.07758  -0.13867   -0.67216
 23      +0.50101   +0.09873   +0.72378  -0.14194   -0.68066
 24      -0.47972   +0.75500   +0.06515  -0.14710   -0.67305
 25      +0.56526   +0.05253   +0.75954  -0.13669   -0.67567
 26      -0.58429   +0.85584   +0.02746  -0.20342   -0.67988
];

% TIME 25

% DOT1   -   DOT2   -   DOT3   -   DOT4
driver(:,:,25) = [+9.290000e-01   +0   -2.120000e-01   -7.170000e-01
+3.000000e-03   +9.270000e-01   -2.120000e-01   -7.170000e-01
];

% MOL   -   VOUT   -   DOT1   -   DOT2   -   DOT3   -   DOT4
conf(:,:,25) = [ 1      +0.19036   +0.36394   +0.57300  -0.21985   -0.71800
 2      -0.36077   +0.73969   +0.19462  -0.21732   -0.71732
 3      +0.06935   +0.02646   +0.02654  +0.14100   -0.19400
 4      +0.07449   +0.02639   +0.02661  +0.14100   -0.19400
 5      +0.02842   +0.02696   +0.02604  +0.14100   -0.19400
 6      +0.03091   +0.02693   +0.02607  +0.14100   -0.19400
 7      +0.07699   +0.02636   +0.02664  +0.14100   -0.19400
 8      +0.08087   +0.02632   +0.02668  +0.14100   -0.19400
 9      +0.56146   +0.02144   +0.03411  +0.14567   -0.20223
 10      +0.41897   +0.02244   +0.03234  +0.14078   -0.19400
 11      -0.06855   +0.02814   +0.02486  +0.14100   -0.19400
 12      -0.07377   +0.02821   +0.02479  +0.14100   -0.19400
 13      -0.02804   +0.02765   +0.02535  +0.14100   -0.19400
 14      -0.03061   +0.02768   +0.02532  +0.14100   -0.19400
 15      -0.07501   +0.02822   +0.02478  +0.14100   -0.19400
 16      -0.08101   +0.02829   +0.02471  +0.14100   -0.19400
 17      -0.41944   +0.03282   +0.02218  +0.14334   -0.19792
 18      -0.57073   +0.03556   +0.01987  +0.15182   -0.20808
 19      +0.53585   +0.08892   +0.84205  -0.21397   -0.71703
 20      -0.61445   +0.89761   +0.03017  -0.21078   -0.71700
 21      +0.65288   +0.01762   +0.90904  -0.20965   -0.71700
 22      -0.65719   +0.90833   +0.01867  -0.21000   -0.71700
 23      +0.65658   +0.01725   +0.90931  -0.20956   -0.71700
 24      -0.65606   +0.90804   +0.01898  -0.21002   -0.71700
 25      +0.65902   +0.01702   +0.90949  -0.20950   -0.71700
 26      -0.65356   +0.90742   +0.01965  -0.21007   -0.71700
];

% TIME 26

% DOT1   -   DOT2   -   DOT3   -   DOT4
driver(:,:,26) = [+9.290000e-01   +0   -2.120000e-01   -7.170000e-01
+3.000000e-03   +9.270000e-01   -2.120000e-01   -7.170000e-01
];

% MOL   -   VOUT   -   DOT1   -   DOT2   -   DOT3   -   DOT4
conf(:,:,26) = [ 1      +0.19037   +0.36393   +0.57301  -0.21985   -0.71800
 2      -0.36079   +0.73971   +0.19461  -0.21732   -0.71732
 3      +0.06935   +0.02646   +0.02654  +0.14100   -0.19400
 4      +0.07449   +0.02639   +0.02661  +0.14100   -0.19400
 5      +0.02842   +0.02696   +0.02604  +0.14100   -0.19400
 6      +0.03091   +0.02693   +0.02607  +0.14100   -0.19400
 7      +0.07699   +0.02636   +0.02664  +0.14100   -0.19400
 8      +0.08087   +0.02632   +0.02668  +0.14100   -0.19400
 9      +0.56147   +0.02144   +0.03411  +0.14567   -0.20223
 10      +0.41897   +0.02244   +0.03234  +0.14078   -0.19400
 11      -0.06855   +0.02814   +0.02486  +0.14100   -0.19400
 12      -0.07377   +0.02821   +0.02479  +0.14100   -0.19400
 13      -0.02804   +0.02765   +0.02535  +0.14100   -0.19400
 14      -0.03061   +0.02768   +0.02532  +0.14100   -0.19400
 15      -0.07501   +0.02822   +0.02478  +0.14100   -0.19400
 16      -0.08101   +0.02829   +0.02471  +0.14100   -0.19400
 17      -0.41944   +0.03282   +0.02218  +0.14334   -0.19792
 18      -0.57072   +0.03556   +0.01987  +0.15182   -0.20808
 19      +0.53587   +0.08890   +0.84207  -0.21397   -0.71703
 20      -0.61446   +0.89762   +0.03017  -0.21078   -0.71700
 21      +0.65288   +0.01762   +0.90904  -0.20965   -0.71700
 22      -0.65719   +0.90833   +0.01867  -0.21000   -0.71700
 23      +0.65658   +0.01725   +0.90931  -0.20956   -0.71700
 24      -0.65606   +0.90804   +0.01898  -0.21002   -0.71700
 25      +0.65902   +0.01702   +0.90949  -0.20950   -0.71700
 26      -0.65356   +0.90742   +0.01965  -0.21007   -0.71700
];

% TIME 27

% DOT1   -   DOT2   -   DOT3   -   DOT4
driver(:,:,27) = [+9.290000e-01   +0   -2.120000e-01   -7.170000e-01
+3.000000e-03   +9.270000e-01   -2.120000e-01   -7.170000e-01
];

% MOL   -   VOUT   -   DOT1   -   DOT2   -   DOT3   -   DOT4
conf(:,:,27) = [ 1      +0.20000   +0.35741   +0.57954  -0.21977   -0.71800
 2      -0.38135   +0.75371   +0.18037  -0.21707   -0.71707
 3      +0.17773   +0.11095   +0.23031  +0.06470   -0.40596
 4      +0.18391   +0.10906   +0.23177  +0.06493   -0.40576
 5      +0.09429   +0.13874   +0.21273  +0.05935   -0.41082
 6      +0.09335   +0.13914   +0.21249  +0.05934   -0.41096
 7      +0.15307   +0.11878   +0.22534  +0.06290   -0.40702
 8      +0.11239   +0.13213   +0.21689  +0.06017   -0.40918
 9      +0.43068   +0.03139   +0.35260  +0.02943   -0.41264
 10      +0.19215   +0.10673   +0.23427  +0.06466   -0.40566
 11      -0.15805   +0.25264   +0.09186  +0.06206   -0.40644
 12      -0.18032   +0.27074   +0.07839  +0.05866   -0.40753
 13      -0.09859   +0.22225   +0.11775  +0.06623   -0.40599
 14      -0.12514   +0.23269   +0.10795  +0.06523   -0.40576
 15      -0.11948   +0.23045   +0.11005  +0.06544   -0.40581
 16      -0.17351   +0.26520   +0.08251  +0.05970   -0.40720
 17      -0.20619   +0.29088   +0.06321  +0.05502   -0.40871
 18      -0.41955   +0.35825   +0.02618  +0.02975   -0.41397
 19      +0.55908   +0.06416   +0.86573  -0.21289   -0.71700
 20      -0.66989   +0.91151   +0.01525  -0.20977   -0.71700
 21      +0.64452   +0.01843   +0.90843  -0.20986   -0.71700
 22      -0.65933   +0.90887   +0.01809  -0.20996   -0.71700
 23      +0.65675   +0.01724   +0.90932  -0.20956   -0.71700
 24      -0.65579   +0.90798   +0.01905  -0.21003   -0.71700
 25      +0.65922   +0.01700   +0.90950  -0.20950   -0.71700
 26      -0.65330   +0.90735   +0.01972  -0.21007   -0.71700
];

% TIME 28

% DOT1   -   DOT2   -   DOT3   -   DOT4
driver(:,:,28) = [+9.290000e-01   +0   -2.120000e-01   -7.170000e-01
+3.000000e-03   +9.270000e-01   -2.120000e-01   -7.170000e-01
];

% MOL   -   VOUT   -   DOT1   -   DOT2   -   DOT3   -   DOT4
conf(:,:,28) = [ 1      +0.18750   +0.36587   +0.57106  -0.21987   -0.71800
 2      -0.34163   +0.72666   +0.20789  -0.21754   -0.71754
 3      +0.28564   +0.12846   +0.50298  -0.01450   -0.61695
 4      +0.25280   +0.15469   +0.47780  -0.01628   -0.61622
 5      +0.21965   +0.17294   +0.45685  -0.01314   -0.61665
 6      +0.12395   +0.23079   +0.41143  -0.01917   -0.62304
 7      +0.29345   +0.12140   +0.50940  -0.01356   -0.61724
 8      +0.04280   +0.29435   +0.37015  -0.02306   -0.64141
 9      +0.48868   +0.06395   +0.65168  -0.07387   -0.64177
 10      -0.00605   +0.33809   +0.31653  -0.01720   -0.63704
 11      -0.09458   +0.41310   +0.21382  -0.00830   -0.61808
 12      -0.45806   +0.65441   +0.03000  -0.05769   -0.62672
 13      +0.15715   +0.20958   +0.42471  -0.01461   -0.61969
 14      -0.52737   +0.78602   +0.02030  -0.16764   -0.63868
 15      +0.25282   +0.15468   +0.47781  -0.01628   -0.61622
 16      -0.55771   +0.82519   +0.01716  -0.19982   -0.64253
 17      +0.19962   +0.18421   +0.44494  -0.01200   -0.61714
 18      -0.59685   +0.81812   +0.01640  -0.19183   -0.64270
 19      +0.68231   +0.01474   +0.91120  -0.20893   -0.71700
 20      -0.76641   +0.92267   +0.00367  -0.20933   -0.71700
 21      +0.59941   +0.03050   +0.89765  -0.21115   -0.71700
 22      -0.66369   +0.90996   +0.01692  -0.20988   -0.71700
 23      +0.65488   +0.01742   +0.90918  -0.20961   -0.71700
 24      -0.65690   +0.90826   +0.01875  -0.21001   -0.71700
 25      +0.65888   +0.01703   +0.90948  -0.20951   -0.71700
 26      -0.65360   +0.90743   +0.01964  -0.21007   -0.71700
];

% TIME 29

% DOT1   -   DOT2   -   DOT3   -   DOT4
driver(:,:,29) = [+9.290000e-01   +0   -2.120000e-01   -7.170000e-01
+3.000000e-03   +9.270000e-01   -2.120000e-01   -7.170000e-01
];

% MOL   -   VOUT   -   DOT1   -   DOT2   -   DOT3   -   DOT4
conf(:,:,29) = [ 1      +0.17784   +0.37248   +0.56439  -0.21987   -0.71800
 2      -0.31602   +0.70921   +0.22563  -0.21784   -0.71784
 3      +0.46209   +0.10866   +0.71845  -0.15025   -0.67719
 4      +0.10360   +0.33412   +0.45755  -0.12045   -0.67169
 5      +0.48538   +0.10263   +0.72198  -0.14554   -0.67926
 6      -0.16544   +0.54710   +0.24077  -0.11924   -0.66880
 7      +0.55333   +0.06281   +0.75130  -0.13713   -0.67721
 8      -0.27511   +0.62331   +0.16353  -0.11748   -0.66919
 9      +0.64545   +0.02028   +0.82130  -0.16752   -0.67441
 10      -0.25712   +0.61897   +0.17178  -0.12054   -0.66994
 11      -0.10933   +0.49639   +0.28603  -0.11466   -0.66789
 12      -0.49238   +0.77340   +0.05914  -0.15825   -0.67429
 13      +0.15200   +0.30163   +0.48439  -0.11746   -0.66906
 14      -0.52718   +0.82524   +0.04255  -0.18996   -0.67782
 15      +0.25383   +0.23763   +0.54716  -0.11779   -0.66710
 16      -0.56447   +0.85432   +0.03070  -0.20522   -0.67980
 17      +0.24083   +0.24558   +0.53865  -0.11723   -0.66718
 18      -0.61235   +0.85523   +0.02348  -0.19891   -0.67980
 19      +0.69060   +0.01393   +0.91180  -0.20873   -0.71700
 20      -0.83607   +0.92352   +0.00324  -0.20976   -0.71700
 21      +0.53816   +0.08645   +0.84442  -0.21387   -0.71703
 22      -0.62988   +0.90148   +0.02602  -0.21050   -0.71700
 23      +0.65224   +0.01768   +0.90899  -0.20967   -0.71700
 24      -0.65618   +0.90808   +0.01894  -0.21002   -0.71700
 25      +0.65939   +0.01698   +0.90952  -0.20949   -0.71700
 26      -0.65292   +0.90726   +0.01982  -0.21008   -0.71700
];

% TIME 30

% DOT1   -   DOT2   -   DOT3   -   DOT4
driver(:,:,30) = [+9.290000e-01   +0   -2.120000e-01   -7.170000e-01
+3.000000e-03   +9.270000e-01   -2.120000e-01   -7.170000e-01
];

% MOL   -   VOUT   -   DOT1   -   DOT2   -   DOT3   -   DOT4
conf(:,:,30) = [ 1      +0.16816   +0.37922   +0.55753  -0.21975   -0.71800
 2      -0.28998   +0.69144   +0.24387  -0.21800   -0.71800
 3      +0.62252   +0.02165   +0.90577  -0.21042   -0.71700
 4      +0.01746   +0.48399   +0.45401  -0.22000   -0.71800
 5      +0.65242   +0.01766   +0.90900  -0.20967   -0.71700
 6      -0.30202   +0.69968   +0.23534  -0.21799   -0.71799
 7      +0.67632   +0.01533   +0.91076  -0.20908   -0.71700
 8      -0.39078   +0.76067   +0.17318  -0.21684   -0.71704
 9      +0.69338   +0.01366   +0.91201  -0.20866   -0.71700
 10      -0.35202   +0.73373   +0.20069  -0.21742   -0.71742
 11      -0.11418   +0.57176   +0.36555  -0.21998   -0.71800
 12      -0.53687   +0.87232   +0.05703  -0.21235   -0.71700
 13      +0.16633   +0.38050   +0.55623  -0.21973   -0.71800
 14      -0.54706   +0.87935   +0.04970  -0.21205   -0.71700
 15      +0.27403   +0.30735   +0.62954  -0.21896   -0.71800
 16      -0.58436   +0.89001   +0.03832  -0.21134   -0.71700
 17      +0.30149   +0.28836   +0.64826  -0.21862   -0.71800
 18      -0.62722   +0.90081   +0.02674  -0.21055   -0.71700
 19      +0.71704   +0.01134   +0.91374  -0.20809   -0.71700
 20      -0.85213   +0.92372   +0.00314  -0.20986   -0.71700
 21      +0.51826   +0.10773   +0.82399  -0.21472   -0.71709
 22      -0.61578   +0.89795   +0.02981  -0.21076   -0.71700
 23      +0.65119   +0.01778   +0.90891  -0.20970   -0.71700
 24      -0.65609   +0.90805   +0.01897  -0.21002   -0.71700
 25      +0.65942   +0.01698   +0.90952  -0.20949   -0.71700
 26      -0.65290   +0.90725   +0.01982  -0.21008   -0.71700
];

% TIME 31

% DOT1   -   DOT2   -   DOT3   -   DOT4
driver(:,:,31) = [+9.290000e-01   +0   -2.120000e-01   -7.170000e-01
+3.000000e-03   +9.270000e-01   -2.120000e-01   -7.170000e-01
];

% MOL   -   VOUT   -   DOT1   -   DOT2   -   DOT3   -   DOT4
conf(:,:,31) = [ 1      +0.16816   +0.37922   +0.55753  -0.21975   -0.71800
 2      -0.28998   +0.69144   +0.24387  -0.21800   -0.71800
 3      +0.62252   +0.02165   +0.90577  -0.21042   -0.71700
 4      +0.01746   +0.48399   +0.45401  -0.22000   -0.71800
 5      +0.65242   +0.01766   +0.90900  -0.20967   -0.71700
 6      -0.30202   +0.69968   +0.23534  -0.21799   -0.71799
 7      +0.67632   +0.01533   +0.91076  -0.20908   -0.71700
 8      -0.39078   +0.76067   +0.17318  -0.21684   -0.71704
 9      +0.69338   +0.01366   +0.91201  -0.20866   -0.71700
 10      -0.35202   +0.73373   +0.20069  -0.21742   -0.71742
 11      -0.11418   +0.57176   +0.36555  -0.21998   -0.71800
 12      -0.53687   +0.87232   +0.05703  -0.21235   -0.71700
 13      +0.16633   +0.38050   +0.55623  -0.21973   -0.71800
 14      -0.54706   +0.87935   +0.04970  -0.21205   -0.71700
 15      +0.27403   +0.30735   +0.62954  -0.21896   -0.71800
 16      -0.58436   +0.89001   +0.03832  -0.21134   -0.71700
 17      +0.30149   +0.28836   +0.64826  -0.21862   -0.71800
 18      -0.62722   +0.90081   +0.02674  -0.21055   -0.71700
 19      +0.71704   +0.01134   +0.91374  -0.20809   -0.71700
 20      -0.85213   +0.92372   +0.00314  -0.20986   -0.71700
 21      +0.51826   +0.10773   +0.82399  -0.21472   -0.71709
 22      -0.61578   +0.89795   +0.02981  -0.21076   -0.71700
 23      +0.65119   +0.01778   +0.90891  -0.20970   -0.71700
 24      -0.65609   +0.90805   +0.01897  -0.21002   -0.71700
 25      +0.65942   +0.01698   +0.90952  -0.20949   -0.71700
 26      -0.65290   +0.90725   +0.01982  -0.21008   -0.71700
];

% TIME 32

% DOT1   -   DOT2   -   DOT3   -   DOT4
driver(:,:,32) = [+9.290000e-01   +0   -2.120000e-01   -7.170000e-01
+3.000000e-03   +9.270000e-01   -2.120000e-01   -7.170000e-01
];

% MOL   -   VOUT   -   DOT1   -   DOT2   -   DOT3   -   DOT4
conf(:,:,32) = [ 1      +0.18014   +0.28307   +0.49986  -0.11557   -0.66786
 2      -0.28506   +0.62575   +0.15896  -0.11582   -0.66878
 3      +0.62320   +0.02139   +0.90601  -0.21040   -0.71700
 4      +0.00926   +0.48950   +0.44850  -0.22000   -0.71800
 5      +0.65455   +0.01745   +0.90916  -0.20961   -0.71700
 6      -0.31893   +0.71120   +0.22361  -0.21781   -0.71781
 7      +0.67982   +0.01498   +0.91101  -0.20900   -0.71700
 8      -0.41835   +0.78157   +0.15146  -0.21603   -0.71701
 9      +0.67059   +0.01589   +0.91034  -0.20922   -0.71700
 10      -0.39384   +0.76299   +0.17077  -0.21675   -0.71703
 11      -0.10862   +0.56809   +0.36928  -0.21999   -0.71800
 12      -0.53762   +0.87289   +0.05644  -0.21233   -0.71700
 13      +0.17728   +0.37287   +0.56399  -0.21986   -0.71800
 14      -0.54839   +0.87974   +0.04929  -0.21203   -0.71700
 15      +0.29293   +0.29428   +0.64242  -0.21872   -0.71800
 16      -0.58252   +0.88949   +0.03888  -0.21137   -0.71700
 17      +0.32931   +0.26899   +0.66729  -0.21828   -0.71800
 18      -0.59862   +0.89364   +0.03443  -0.21107   -0.71700
 19      +0.69863   +0.01557   +0.86516  -0.20326   -0.67766
 20      -0.78892   +0.84566   +0.00879  -0.17731   -0.67738
 21      +0.43303   +0.11849   +0.70541  -0.14952   -0.67478
 22      -0.49784   +0.78134   +0.05654  -0.16306   -0.67482
 23      +0.57597   +0.04330   +0.76693  -0.13630   -0.67430
 24      -0.54554   +0.85286   +0.03380  -0.20694   -0.67972
 25      +0.61565   +0.02534   +0.79715  -0.14972   -0.67318
 26      -0.60337   +0.85548   +0.02474  -0.20039   -0.67983
];

% TIME 33

% DOT1   -   DOT2   -   DOT3   -   DOT4
driver(:,:,33) = [+9.290000e-01   +0   -2.120000e-01   -7.170000e-01
+3.000000e-03   +9.270000e-01   -2.120000e-01   -7.170000e-01
];

% MOL   -   VOUT   -   DOT1   -   DOT2   -   DOT3   -   DOT4
conf(:,:,33) = [ 1      +0.19665   +0.18588   +0.44317  -0.01183   -0.61722
 2      -0.26971   +0.56640   +0.07379  -0.01876   -0.62083
 3      +0.62401   +0.02108   +0.90629  -0.21038   -0.71700
 4      -0.00039   +0.49598   +0.44202  -0.22000   -0.71800
 5      +0.65705   +0.01721   +0.90934  -0.20955   -0.71700
 6      -0.33903   +0.72488   +0.20969  -0.21757   -0.71757
 7      +0.68390   +0.01458   +0.91131  -0.20890   -0.71700
 8      -0.45122   +0.80670   +0.12532  -0.21502   -0.71700
 9      +0.63809   +0.01906   +0.90795  -0.21002   -0.71700
 10      -0.44027   +0.79831   +0.13405  -0.21536   -0.71700
 11      -0.10387   +0.56494   +0.37248  -0.22000   -0.71800
 12      -0.53780   +0.87303   +0.05629  -0.21232   -0.71700
 13      +0.18696   +0.36623   +0.57070  -0.21988   -0.71800
 14      -0.54825   +0.87970   +0.04934  -0.21203   -0.71700
 15      +0.30888   +0.28322   +0.65331  -0.21853   -0.71800
 16      -0.57697   +0.88790   +0.04058  -0.21148   -0.71700
 17      +0.35012   +0.25459   +0.68138  -0.21803   -0.71800
 18      -0.55965   +0.88295   +0.04586  -0.21181   -0.71700
 19      +0.67735   +0.01968   +0.78439  -0.16887   -0.63572
 20      -0.74662   +0.77640   +0.01457  -0.15111   -0.64008
 21      +0.37591   +0.05681   +0.59826  -0.03160   -0.62348
 22      -0.43376   +0.67360   +0.03000  -0.07471   -0.62889
 23      +0.48787   +0.06347   +0.65236  -0.07422   -0.64161
 24      -0.41297   +0.68729   +0.03046  -0.08727   -0.63046
 25      +0.52769   +0.06627   +0.63905  -0.06368   -0.64184
 26      -0.52794   +0.78730   +0.02021  -0.16871   -0.63880
];

% TIME 34

% DOT1   -   DOT2   -   DOT3   -   DOT4
driver(:,:,34) = [+9.290000e-01   +0   -2.120000e-01   -7.170000e-01
+3.000000e-03   +9.270000e-01   -2.120000e-01   -7.170000e-01
];

% MOL   -   VOUT   -   DOT1   -   DOT2   -   DOT3   -   DOT4
conf(:,:,34) = [ 1      -0.00105   +0.18036   +0.17486  +0.06135   -0.41641
 2      +0.00580   +0.17709   +0.18005  +0.06060   -0.41762
 3      +0.28660   +0.29865   +0.63811  -0.21880   -0.71800
 4      +0.31152   +0.28137   +0.65512  -0.21850   -0.71800
 5      +0.09651   +0.42912   +0.50713  -0.21912   -0.71800
 6      +0.13621   +0.40147   +0.53492  -0.21938   -0.71800
 7      +0.00737   +0.49077   +0.44723  -0.22000   -0.71800
 8      +0.05045   +0.46117   +0.47618  -0.21967   -0.71800
 9      -0.07589   +0.54647   +0.39130  -0.22000   -0.71800
 10      -0.04363   +0.52500   +0.41298  -0.22000   -0.71800
 11      -0.29674   +0.69607   +0.23908  -0.21799   -0.71799
 12      -0.31838   +0.71082   +0.22399  -0.21781   -0.71781
 13      -0.13310   +0.58429   +0.35281  -0.21995   -0.71800
 14      -0.16722   +0.60745   +0.32955  -0.21931   -0.71800
 15      -0.04924   +0.52876   +0.40921  -0.22000   -0.71800
 16      -0.08782   +0.55435   +0.38328  -0.22000   -0.71800
 17      +0.04146   +0.46741   +0.47013  -0.21977   -0.71800
 18      +0.00990   +0.48907   +0.44893  -0.22000   -0.71800
 19      -0.03634   +0.19700   +0.14872  +0.06503   -0.41040
 20      -0.04094   +0.19915   +0.14540  +0.06548   -0.40965
 21      +0.01231   +0.17399   +0.18498  +0.05988   -0.41877
 22      -0.01149   +0.18532   +0.16696  +0.06250   -0.41456
 23      +0.02213   +0.16941   +0.19157  +0.05901   -0.41996
 24      -0.03026   +0.19416   +0.15311  +0.06443   -0.41138
 25      +0.09995   +0.13636   +0.21422  +0.05942   -0.40999
 26      -0.35399   +0.34096   +0.03381  +0.03797   -0.41235
];

% TIME 35

% DOT1   -   DOT2   -   DOT3   -   DOT4
driver(:,:,35) = [+9.290000e-01   +0   -2.120000e-01   -7.170000e-01
+3.000000e-03   +9.270000e-01   -2.120000e-01   -7.170000e-01
];

% MOL   -   VOUT   -   DOT1   -   DOT2   -   DOT3   -   DOT4
conf(:,:,35) = [ 1      -0.00320   +0.02734   +0.02566  +0.14100   -0.19400
 2      -0.01516   +0.02749   +0.02551  +0.14100   -0.19400
 3      +0.27997   +0.30324   +0.63359  -0.21888   -0.71800
 4      +0.29393   +0.29358   +0.64311  -0.21871   -0.71800
 5      +0.07956   +0.44092   +0.49574  -0.21933   -0.71800
 6      +0.10051   +0.42633   +0.50982  -0.21908   -0.71800
 7      -0.03561   +0.51962   +0.41837  -0.22000   -0.71800
 8      -0.01376   +0.50496   +0.43304  -0.22000   -0.71800
 9      -0.17934   +0.61574   +0.32126  -0.21901   -0.71800
 10      -0.16274   +0.60438   +0.33262  -0.21941   -0.71800
 11      -0.28601   +0.68872   +0.24668  -0.21800   -0.71800
 12      -0.29904   +0.69764   +0.23745  -0.21799   -0.71799
 13      -0.10756   +0.56739   +0.37000  -0.21999   -0.71800
 14      -0.12702   +0.58026   +0.35690  -0.21996   -0.71800
 15      +0.00774   +0.49052   +0.44748  -0.22000   -0.71800
 16      -0.01362   +0.50486   +0.43314  -0.22000   -0.71800
 17      +0.16749   +0.37969   +0.55706  -0.21974   -0.71800
 18      +0.14994   +0.39191   +0.54462  -0.21953   -0.71800
 19      -0.04365   +0.02784   +0.02516  +0.14100   -0.19400
 20      -0.04420   +0.02784   +0.02516  +0.14100   -0.19400
 21      -0.01605   +0.02750   +0.02550  +0.14100   -0.19400
 22      -0.00437   +0.02736   +0.02564  +0.14100   -0.19400
 23      -0.00377   +0.02735   +0.02565  +0.14100   -0.19400
 24      -0.01056   +0.02743   +0.02557  +0.14100   -0.19400
 25      -0.04382   +0.02784   +0.02516  +0.14100   -0.19400
 26      -0.32233   +0.03123   +0.02300  +0.14193   -0.19540
];

% TIME 36

% DOT1   -   DOT2   -   DOT3   -   DOT4
driver(:,:,36) = [+9.290000e-01   +0   -2.120000e-01   -7.170000e-01
+3.000000e-03   +9.270000e-01   -2.120000e-01   -7.170000e-01
];

% MOL   -   VOUT   -   DOT1   -   DOT2   -   DOT3   -   DOT4
conf(:,:,36) = [ 1      -0.00320   +0.02734   +0.02566  +0.14100   -0.19400
 2      -0.01516   +0.02749   +0.02551  +0.14100   -0.19400
 3      +0.27998   +0.30323   +0.63359  -0.21888   -0.71800
 4      +0.29392   +0.29359   +0.64310  -0.21871   -0.71800
 5      +0.07958   +0.44091   +0.49575  -0.21933   -0.71800
 6      +0.10049   +0.42634   +0.50981  -0.21908   -0.71800
 7      -0.03559   +0.51961   +0.41838  -0.22000   -0.71800
 8      -0.01378   +0.50497   +0.43303  -0.22000   -0.71800
 9      -0.17933   +0.61573   +0.32127  -0.21901   -0.71800
 10      -0.16276   +0.60439   +0.33261  -0.21941   -0.71800
 11      -0.28602   +0.68873   +0.24668  -0.21800   -0.71800
 12      -0.29903   +0.69763   +0.23746  -0.21799   -0.71799
 13      -0.10757   +0.56740   +0.36999  -0.21999   -0.71800
 14      -0.12701   +0.58026   +0.35691  -0.21996   -0.71800
 15      +0.00773   +0.49052   +0.44748  -0.22000   -0.71800
 16      -0.01361   +0.50486   +0.43314  -0.22000   -0.71800
 17      +0.16749   +0.37969   +0.55705  -0.21974   -0.71800
 18      +0.14995   +0.39190   +0.54463  -0.21953   -0.71800
 19      -0.04365   +0.02784   +0.02516  +0.14100   -0.19400
 20      -0.04420   +0.02784   +0.02516  +0.14100   -0.19400
 21      -0.01605   +0.02750   +0.02550  +0.14100   -0.19400
 22      -0.00437   +0.02736   +0.02564  +0.14100   -0.19400
 23      -0.00377   +0.02735   +0.02565  +0.14100   -0.19400
 24      -0.01056   +0.02743   +0.02557  +0.14100   -0.19400
 25      -0.04382   +0.02784   +0.02516  +0.14100   -0.19400
 26      -0.32233   +0.03123   +0.02300  +0.14193   -0.19540
];

% TIME 37

% DOT1   -   DOT2   -   DOT3   -   DOT4
driver(:,:,37) = [+9.290000e-01   +0   -2.120000e-01   -7.170000e-01
+3.000000e-03   +9.270000e-01   -2.120000e-01   -7.170000e-01
];

% MOL   -   VOUT   -   DOT1   -   DOT2   -   DOT3   -   DOT4
conf(:,:,37) = [ 1      -0.00838   +0.02741   +0.02559  +0.14100   -0.19400
 2      -0.03717   +0.02776   +0.02524  +0.14100   -0.19400
 3      +0.04382   +0.37963   +0.42125  -0.12140   -0.67959
 4      +0.45642   +0.11058   +0.71590  -0.15011   -0.67672
 5      -0.26444   +0.62069   +0.16843  -0.11926   -0.66963
 6      +0.42792   +0.12022   +0.70311  -0.14939   -0.67436
 7      -0.38394   +0.72933   +0.10511  -0.15976   -0.67468
 8      +0.35022   +0.16197   +0.62169  -0.11450   -0.66919
 9      -0.39631   +0.73063   +0.09998  -0.15634   -0.67428
 10      +0.10416   +0.33375   +0.45786  -0.12042   -0.67166
 11      -0.10401   +0.49256   +0.28977  -0.11446   -0.66794
 12      -0.41599   +0.73270   +0.09183  -0.15090   -0.67364
 13      +0.13974   +0.30974   +0.47764  -0.11827   -0.66961
 14      -0.35773   +0.69729   +0.11986  -0.14461   -0.67254
 15      +0.23739   +0.24768   +0.53641  -0.11709   -0.66720
 16      -0.24416   +0.61596   +0.17773  -0.12283   -0.67049
 17      +0.25529   +0.23675   +0.54811  -0.11785   -0.66709
 18      -0.00748   +0.42009   +0.37582  -0.11844   -0.67727
 19      -0.08495   +0.02834   +0.02466  +0.14100   -0.19400
 20      -0.01469   +0.02748   +0.02552  +0.14100   -0.19400
 21      +0.00188   +0.02728   +0.02572  +0.14100   -0.19400
 22      -0.00013   +0.02731   +0.02569  +0.14100   -0.19400
 23      -0.00266   +0.02734   +0.02566  +0.14100   -0.19400
 24      -0.01021   +0.02743   +0.02557  +0.14100   -0.19400
 25      -0.04370   +0.02784   +0.02516  +0.14100   -0.19400
 26      -0.32229   +0.03123   +0.02300  +0.14193   -0.19539
];

% TIME 38

% DOT1   -   DOT2   -   DOT3   -   DOT4
driver(:,:,38) = [+9.290000e-01   +0   -2.120000e-01   -7.170000e-01
+3.000000e-03   +9.270000e-01   -2.120000e-01   -7.170000e-01
];

% MOL   -   VOUT   -   DOT1   -   DOT2   -   DOT3   -   DOT4
conf(:,:,38) = [ 1      -0.00095   +0.02732   +0.02568  +0.14100   -0.19400
 2      -0.00639   +0.02738   +0.02562  +0.14100   -0.19400
 3      -0.01533   +0.34682   +0.30259  -0.01516   -0.63376
 4      +0.46316   +0.04940   +0.67170  -0.08421   -0.63689
 5      -0.29876   +0.56078   +0.06767  -0.00906   -0.61845
 6      +0.45821   +0.04805   +0.67184  -0.08386   -0.63603
 7      -0.42328   +0.68163   +0.03004  -0.08187   -0.62980
 8      +0.38315   +0.05326   +0.60849  -0.03741   -0.62435
 9      -0.40103   +0.69383   +0.03095  -0.09353   -0.63123
 10      +0.17292   +0.19976   +0.43088  -0.01230   -0.61834
 11      -0.02205   +0.35310   +0.29263  -0.01373   -0.63143
 12      -0.43620   +0.67167   +0.03000  -0.07300   -0.62867
 13      +0.24842   +0.15710   +0.47502  -0.01585   -0.61627
 14      -0.44145   +0.66752   +0.03000  -0.06932   -0.62820
 15      +0.39079   +0.05049   +0.62036  -0.04544   -0.62541
 16      -0.42616   +0.67960   +0.03000  -0.08003   -0.62957
 17      +0.43706   +0.04226   +0.67243  -0.08235   -0.63234
 18      -0.19422   +0.53350   +0.11644  -0.02761   -0.62233
 19      -0.02639   +0.02763   +0.02537  +0.14100   -0.19400
 20      -0.04668   +0.02787   +0.02513  +0.14100   -0.19400
 21      -0.01774   +0.02752   +0.02548  +0.14100   -0.19400
 22      -0.00367   +0.02735   +0.02565  +0.14100   -0.19400
 23      -0.00306   +0.02734   +0.02566  +0.14100   -0.19400
 24      -0.01014   +0.02743   +0.02557  +0.14100   -0.19400
 25      -0.04362   +0.02784   +0.02516  +0.14100   -0.19400
 26      -0.32225   +0.03123   +0.02300  +0.14193   -0.19539
];

% TIME 39

% DOT1   -   DOT2   -   DOT3   -   DOT4
driver(:,:,39) = [+9.290000e-01   +0   -2.120000e-01   -7.170000e-01
+3.000000e-03   +9.270000e-01   -2.120000e-01   -7.170000e-01
];

% MOL   -   VOUT   -   DOT1   -   DOT2   -   DOT3   -   DOT4
conf(:,:,39) = [ 1      +0.00055   +0.02730   +0.02570  +0.14100   -0.19400
 2      +0.00032   +0.02730   +0.02570  +0.14100   -0.19400
 3      +0.15936   +0.11678   +0.22661  +0.06336   -0.40675
 4      +0.16591   +0.11470   +0.22793  +0.06384   -0.40647
 5      +0.04310   +0.16043   +0.19828  +0.05897   -0.41767
 6      +0.04707   +0.15874   +0.19955  +0.05896   -0.41724
 7      -0.00298   +0.18127   +0.17340  +0.06156   -0.41607
 8      +0.00027   +0.17972   +0.17586  +0.06121   -0.41664
 9      -0.04954   +0.20316   +0.13921  +0.06631   -0.40825
 10      -0.05037   +0.20355   +0.13860  +0.06639   -0.40812
 11      -0.14214   +0.23972   +0.10148  +0.06449   -0.40566
 12      -0.15843   +0.25295   +0.09163  +0.06200   -0.40646
 13      -0.04756   +0.20224   +0.14063  +0.06612   -0.40857
 14      -0.05896   +0.20756   +0.13241  +0.06723   -0.40672
 15      -0.01118   +0.18518   +0.16719  +0.06246   -0.41461
 16      -0.01936   +0.18908   +0.16100  +0.06336   -0.41316
 17      +0.04698   +0.15878   +0.19952  +0.05896   -0.41725
 18      +0.04504   +0.15961   +0.19890  +0.05897   -0.41746
 19      -0.00180   +0.02733   +0.02567  +0.14100   -0.19400
 20      -0.00250   +0.02733   +0.02567  +0.14100   -0.19400
 21      -0.00082   +0.02731   +0.02569  +0.14100   -0.19400
 22      -0.00077   +0.02731   +0.02569  +0.14100   -0.19400
 23      -0.00298   +0.02734   +0.02566  +0.14100   -0.19400
 24      -0.01054   +0.02743   +0.02557  +0.14100   -0.19400
 25      -0.04404   +0.02784   +0.02516  +0.14100   -0.19400
 26      -0.32261   +0.03124   +0.02300  +0.14195   -0.19542
];

% TIME 40

% DOT1   -   DOT2   -   DOT3   -   DOT4
driver(:,:,40) = [+9.290000e-01   +0   -2.120000e-01   -7.170000e-01
+3.000000e-03   +9.270000e-01   -2.120000e-01   -7.170000e-01
];

% MOL   -   VOUT   -   DOT1   -   DOT2   -   DOT3   -   DOT4
conf(:,:,40) = [ 1      +0.00071   +0.02730   +0.02570  +0.14100   -0.19400
 2      +0.00103   +0.02729   +0.02571  +0.14100   -0.19400
 3      +0.06265   +0.02654   +0.02646  +0.14100   -0.19400
 4      +0.06738   +0.02648   +0.02652  +0.14100   -0.19400
 5      +0.01045   +0.02718   +0.02582  +0.14100   -0.19400
 6      +0.01169   +0.02716   +0.02584  +0.14100   -0.19400
 7      +0.00990   +0.02718   +0.02582  +0.14100   -0.19400
 8      +0.01106   +0.02717   +0.02583  +0.14100   -0.19400
 9      +0.03638   +0.02686   +0.02614  +0.14100   -0.19400
 10      +0.03539   +0.02687   +0.02613  +0.14100   -0.19400
 11      -0.06203   +0.02806   +0.02494  +0.14100   -0.19400
 12      -0.06669   +0.02812   +0.02488  +0.14100   -0.19400
 13      -0.01074   +0.02744   +0.02556  +0.14100   -0.19400
 14      -0.01189   +0.02745   +0.02555  +0.14100   -0.19400
 15      -0.01042   +0.02743   +0.02557  +0.14100   -0.19400
 16      -0.01154   +0.02744   +0.02556  +0.14100   -0.19400
 17      -0.03752   +0.02776   +0.02524  +0.14100   -0.19400
 18      -0.03678   +0.02775   +0.02525  +0.14100   -0.19400
 19      +0.00024   +0.02730   +0.02570  +0.14100   -0.19400
 20      -0.00001   +0.02730   +0.02570  +0.14100   -0.19400
 21      +0.00027   +0.02730   +0.02570  +0.14100   -0.19400
 22      -0.00044   +0.02731   +0.02569  +0.14100   -0.19400
 23      -0.00289   +0.02734   +0.02566  +0.14100   -0.19400
 24      -0.01055   +0.02743   +0.02557  +0.14100   -0.19400
 25      -0.04409   +0.02784   +0.02516  +0.14100   -0.19400
 26      -0.32268   +0.03124   +0.02300  +0.14195   -0.19542
];

% TIME 41

% DOT1   -   DOT2   -   DOT3   -   DOT4
driver(:,:,41) = [+4.957165e-01   +4.422835e-01   -2.200000e-01   -7.180000e-01
+4.957165e-01   +4.422835e-01   -2.200000e-01   -7.180000e-01
];

% MOL   -   VOUT   -   DOT1   -   DOT2   -   DOT3   -   DOT4
conf(:,:,41) = [ 1      +0.00093   +0.02729   +0.02571  +0.14100   -0.19400
 2      +0.00135   +0.02729   +0.02571  +0.14100   -0.19400
 3      +0.06252   +0.02654   +0.02646  +0.14100   -0.19400
 4      +0.06718   +0.02648   +0.02652  +0.14100   -0.19400
 5      +0.01035   +0.02718   +0.02582  +0.14100   -0.19400
 6      +0.01149   +0.02716   +0.02584  +0.14100   -0.19400
 7      +0.00995   +0.02718   +0.02582  +0.14100   -0.19400
 8      +0.01105   +0.02717   +0.02583  +0.14100   -0.19400
 9      +0.03671   +0.02686   +0.02614  +0.14100   -0.19400
 10      +0.03586   +0.02687   +0.02613  +0.14100   -0.19400
 11      -0.06214   +0.02806   +0.02494  +0.14100   -0.19400
 12      -0.06686   +0.02812   +0.02488  +0.14100   -0.19400
 13      -0.01082   +0.02744   +0.02556  +0.14100   -0.19400
 14      -0.01206   +0.02745   +0.02555  +0.14100   -0.19400
 15      -0.01034   +0.02743   +0.02557  +0.14100   -0.19400
 16      -0.01151   +0.02744   +0.02556  +0.14100   -0.19400
 17      -0.03718   +0.02776   +0.02524  +0.14100   -0.19400
 18      -0.03628   +0.02775   +0.02525  +0.14100   -0.19400
 19      +0.00073   +0.02730   +0.02570  +0.14100   -0.19400
 20      +0.00076   +0.02729   +0.02571  +0.14100   -0.19400
 21      +0.00158   +0.02728   +0.02572  +0.14100   -0.19400
 22      +0.00202   +0.02728   +0.02572  +0.14100   -0.19400
 23      +0.00241   +0.02727   +0.02573  +0.14100   -0.19400
 24      +0.00332   +0.02726   +0.02574  +0.14100   -0.19400
 25      +0.00653   +0.02722   +0.02578  +0.14100   -0.19400
 26      +0.02753   +0.02697   +0.02603  +0.14100   -0.19400
];

% TIME 42

% DOT1   -   DOT2   -   DOT3   -   DOT4
driver(:,:,42) = [+4.957165e-01   +4.422835e-01   -2.200000e-01   -7.180000e-01
+4.957165e-01   +4.422835e-01   -2.200000e-01   -7.180000e-01
];

% MOL   -   VOUT   -   DOT1   -   DOT2   -   DOT3   -   DOT4
conf(:,:,42) = [ 1      +0.00060   +0.17957   +0.17611  +0.06117   -0.41670
 2      +0.00303   +0.17841   +0.17795  +0.06090   -0.41713
 3      +0.06517   +0.02651   +0.02649  +0.14100   -0.19400
 4      +0.07005   +0.02645   +0.02655  +0.14100   -0.19400
 5      +0.01729   +0.02709   +0.02591  +0.14100   -0.19400
 6      +0.01901   +0.02707   +0.02593  +0.14100   -0.19400
 7      +0.03511   +0.02688   +0.02612  +0.14100   -0.19400
 8      +0.03772   +0.02684   +0.02616  +0.14100   -0.19400
 9      +0.21070   +0.02502   +0.02827  +0.14071   -0.19400
 10      +0.21260   +0.02502   +0.02829  +0.14069   -0.19400
 11      -0.06466   +0.02809   +0.02491  +0.14100   -0.19400
 12      -0.06958   +0.02815   +0.02485  +0.14100   -0.19400
 13      -0.01755   +0.02752   +0.02548  +0.14100   -0.19400
 14      -0.01932   +0.02754   +0.02546  +0.14100   -0.19400
 15      -0.03520   +0.02773   +0.02527  +0.14100   -0.19400
 16      -0.03782   +0.02777   +0.02523  +0.14100   -0.19400
 17      -0.21006   +0.02987   +0.02399  +0.14100   -0.19400
 18      -0.21155   +0.02989   +0.02399  +0.14100   -0.19400
 19      +0.00079   +0.17948   +0.17626  +0.06115   -0.41673
 20      +0.00267   +0.17858   +0.17768  +0.06094   -0.41707
 21      +0.00052   +0.17961   +0.17605  +0.06118   -0.41669
 22      +0.00460   +0.17766   +0.17914  +0.06073   -0.41741
 23      -0.00250   +0.18105   +0.17376  +0.06151   -0.41615
 24      +0.00994   +0.17512   +0.18318  +0.06014   -0.41835
 25      -0.01096   +0.18507   +0.16736  +0.06244   -0.41465
 26      +0.03379   +0.16442   +0.19530  +0.05899   -0.41869
];

% TIME 43

% DOT1   -   DOT2   -   DOT3   -   DOT4
driver(:,:,43) = [+4.957165e-01   +4.422835e-01   -2.200000e-01   -7.180000e-01
+4.957165e-01   +4.422835e-01   -2.200000e-01   -7.180000e-01
];

% MOL   -   VOUT   -   DOT1   -   DOT2   -   DOT3   -   DOT4
conf(:,:,43) = [ 1      -0.23225   +0.57445   +0.08159  -0.03189   -0.62401
 2      +0.44062   +0.04323   +0.67233  -0.08260   -0.63296
 3      +0.06752   +0.02648   +0.02652  +0.14100   -0.19400
 4      +0.07269   +0.02642   +0.02658  +0.14100   -0.19400
 5      +0.02387   +0.02701   +0.02599  +0.14100   -0.19400
 6      +0.02640   +0.02698   +0.02602  +0.14100   -0.19400
 7      +0.06062   +0.02656   +0.02644  +0.14100   -0.19400
 8      +0.06634   +0.02649   +0.02651  +0.14100   -0.19400
 9      +0.34129   +0.02413   +0.02987  +0.14000   -0.19400
 10      +0.45446   +0.02208   +0.03288  +0.14045   -0.19426
 11      -0.06758   +0.02813   +0.02487  +0.14100   -0.19400
 12      -0.07262   +0.02819   +0.02481  +0.14100   -0.19400
 13      -0.02501   +0.02761   +0.02539  +0.14100   -0.19400
 14      -0.02711   +0.02764   +0.02536  +0.14100   -0.19400
 15      -0.06192   +0.02806   +0.02494  +0.14100   -0.19400
 16      -0.06500   +0.02810   +0.02490  +0.14100   -0.19400
 17      -0.43877   +0.03330   +0.02170  +0.14240   -0.19675
 18      -0.34196   +0.03146   +0.02300  +0.14285   -0.19678
 19      -0.46067   +0.65235   +0.03000  -0.05586   -0.62649
 20      +0.46279   +0.04930   +0.67171  -0.08418   -0.63683
 21      -0.45491   +0.65689   +0.03000  -0.05989   -0.62700
 22      +0.46709   +0.05125   +0.66963  -0.08325   -0.63762
 23      -0.44884   +0.66169   +0.03000  -0.06415   -0.62755
 24      +0.47264   +0.05451   +0.66502  -0.08084   -0.63869
 25      -0.35686   +0.65540   +0.04338  -0.07084   -0.62758
 26      +0.25287   +0.15465   +0.47785  -0.01628   -0.61621
];

% TIME 44

% DOT1   -   DOT2   -   DOT3   -   DOT4
driver(:,:,44) = [+4.957165e-01   +4.422835e-01   -2.200000e-01   -7.180000e-01
+4.957165e-01   +4.422835e-01   -2.200000e-01   -7.180000e-01
];

% MOL   -   VOUT   -   DOT1   -   DOT2   -   DOT3   -   DOT4
conf(:,:,44) = [ 1      -0.18296   +0.56718   +0.22420  -0.12169   -0.66965
 2      +0.38665   +0.14081   +0.65970  -0.12930   -0.67141
 3      +0.06811   +0.02647   +0.02653  +0.14100   -0.19400
 4      +0.07327   +0.02641   +0.02659  +0.14100   -0.19400
 5      +0.02541   +0.02699   +0.02601  +0.14100   -0.19400
 6      +0.02791   +0.02696   +0.02604  +0.14100   -0.19400
 7      +0.06619   +0.02650   +0.02650  +0.14100   -0.19400
 8      +0.07152   +0.02643   +0.02657  +0.14100   -0.19400
 9      +0.37962   +0.02335   +0.03098  +0.14033   -0.19400
 10      +0.49734   +0.02200   +0.03300  +0.13948   -0.19476
 11      -0.06831   +0.02814   +0.02486  +0.14100   -0.19400
 12      -0.07343   +0.02820   +0.02480  +0.14100   -0.19400
 13      -0.02713   +0.02764   +0.02536  +0.14100   -0.19400
 14      -0.02945   +0.02766   +0.02534  +0.14100   -0.19400
 15      -0.07092   +0.02817   +0.02483  +0.14100   -0.19400
 16      -0.07428   +0.02821   +0.02479  +0.14100   -0.19400
 17      -0.50491   +0.03447   +0.02053  +0.14714   -0.20208
 18      -0.39771   +0.03229   +0.02268  +0.14424   -0.19902
 19      -0.42172   +0.73331   +0.08946  -0.14931   -0.67345
 20      +0.48976   +0.10153   +0.72248  -0.14453   -0.67965
 21      -0.45078   +0.73326   +0.07784  -0.13891   -0.67219
 22      +0.48935   +0.10164   +0.72244  -0.14463   -0.67962
 23      -0.44698   +0.73331   +0.07935  -0.14030   -0.67236
 24      +0.44339   +0.11499   +0.71006  -0.14978   -0.67564
 25      -0.31856   +0.64922   +0.14194  -0.12184   -0.66932
 26      +0.20993   +0.26455   +0.51867  -0.11614   -0.66744
];

% TIME 45

% DOT1   -   DOT2   -   DOT3   -   DOT4
driver(:,:,45) = [+4.957165e-01   +4.422835e-01   -2.200000e-01   -7.180000e-01
+4.957165e-01   +4.422835e-01   -2.200000e-01   -7.180000e-01
];

% MOL   -   VOUT   -   DOT1   -   DOT2   -   DOT3   -   DOT4
conf(:,:,45) = [ 1      -0.16922   +0.60882   +0.32818  -0.21926   -0.71800
 2      +0.40531   +0.21702   +0.71774  -0.21738   -0.71800
 3      +0.06912   +0.02646   +0.02654  +0.14100   -0.19400
 4      +0.07437   +0.02640   +0.02660  +0.14100   -0.19400
 5      +0.02791   +0.02696   +0.02604  +0.14100   -0.19400
 6      +0.03066   +0.02693   +0.02607  +0.14100   -0.19400
 7      +0.07486   +0.02639   +0.02661  +0.14100   -0.19400
 8      +0.08182   +0.02630   +0.02670  +0.14100   -0.19400
 9      +0.41305   +0.02258   +0.03213  +0.14071   -0.19400
 10      +0.57771   +0.02125   +0.03451  +0.14805   -0.20481
 11      -0.06878   +0.02814   +0.02486  +0.14100   -0.19400
 12      -0.07390   +0.02821   +0.02479  +0.14100   -0.19400
 13      -0.02861   +0.02765   +0.02535  +0.14100   -0.19400
 14      -0.03088   +0.02768   +0.02532  +0.14100   -0.19400
 15      -0.07785   +0.02825   +0.02475  +0.14100   -0.19400
 16      -0.07999   +0.02828   +0.02472  +0.14100   -0.19400
 17      -0.56852   +0.03551   +0.01988  +0.15197   -0.20821
 18      -0.41100   +0.03261   +0.02237  +0.14369   -0.19835
 19      -0.52060   +0.85986   +0.07000  -0.21286   -0.71700
 20      +0.63464   +0.01940   +0.90770  -0.21010   -0.71700
 21      -0.65817   +0.90858   +0.01841  -0.20998   -0.71700
 22      +0.65519   +0.01739   +0.90921  -0.20960   -0.71700
 23      -0.65278   +0.90722   +0.01986  -0.21008   -0.71700
 24      +0.58955   +0.03428   +0.89418  -0.21147   -0.71700
 25      -0.44043   +0.79844   +0.13392  -0.21536   -0.71700
 26      +0.26031   +0.31679   +0.62021  -0.21912   -0.71800
];
