%% Files Analysed:
%%    ../Layout/Database/Data_Molecule_1.mat
%%    ../Layout/Database/Data_Driver.mat
%%    ../Layout/Database/Fake_Phases.mat
%%    ../Layout/Database/Values_Driver.mat


%%    Configuration of data output: 
%%    ID - Vin - Q1 ... QN: 

% TIME 1

% DOT1   -   DOT2   -   DOT3   -   DOT4
driver(:,:,1) = [+1.015000e+00   +3.600000e-02   -5.200000e-02   +0
];

% MOL   -   VOUT   -   DOT1   -   DOT2   -   DOT3   -   DOT4
conf(:,:,1) = [ 1      +0.00159   +0.52420   +0.51056  -0.03571   +0.00000
 2      +0.00624   +0.51938   +0.51530  -0.03561   +0.00000
 3      +0.00407   +0.52163   +0.51309  -0.03566   +0.00000
 4      +0.00435   +0.52133   +0.51338  -0.03565   +0.00000
 5      +0.00587   +0.51976   +0.51492  -0.03562   +0.00000
 6      +0.00220   +0.52357   +0.51119  -0.03570   +0.00000
 7      +0.00684   +0.02722   +0.02578  +0.14100   -0.19400
 8      +0.00293   +0.02727   +0.02573  +0.14100   -0.19400
 9      +0.00262   +0.02727   +0.02573  +0.14100   -0.19400
 10      +0.00222   +0.02728   +0.02572  +0.14100   -0.19400
 11      +0.00391   +0.02726   +0.02574  +0.14100   -0.19400
 12      +0.01255   +0.02715   +0.02585  +0.14100   -0.19400
 13      -0.00929   +0.53549   +0.49950  -0.03596   +0.00000
 14      +0.03422   +0.49024   +0.54373  -0.03480   +0.00000
 15      -0.04790   +0.57533   +0.46015  -0.03648   +0.00000
 16      +0.09370   +0.42809   +0.60410  -0.03272   +0.00000
 17      -0.14151   +0.67176   +0.36466  -0.03742   +0.00000
 18      +0.24794   +0.26474   +0.76138  -0.02636   +0.00000
 19      -0.45262   +0.80778   +0.12420  -0.21498   -0.71700
 20      +0.59320   +0.03288   +0.89547  -0.21135   -0.71700
 21      -0.65037   +0.90662   +0.02051  -0.21013   -0.71700
 22      +0.65550   +0.01736   +0.90923  -0.20959   -0.71700
 23      -0.65591   +0.90801   +0.01902  -0.21002   -0.71700
 24      +0.65015   +0.01788   +0.90884  -0.20972   -0.71700
];

% TIME 2

% DOT1   -   DOT2   -   DOT3   -   DOT4
driver(:,:,2) = [+1.015000e+00   +3.600000e-02   -5.200000e-02   +0
];

% MOL   -   VOUT   -   DOT1   -   DOT2   -   DOT3   -   DOT4
conf(:,:,2) = [ 1      +0.00162   +0.52417   +0.51060  -0.03571   +0.00000
 2      +0.00628   +0.51934   +0.51533  -0.03561   +0.00000
 3      +0.00412   +0.52158   +0.51314  -0.03565   +0.00000
 4      +0.00433   +0.52135   +0.51336  -0.03565   +0.00000
 5      +0.00499   +0.52067   +0.51403  -0.03564   +0.00000
 6      +0.01077   +0.51468   +0.51991  -0.03551   +0.00000
 7      +0.01512   +0.48556   +0.45244  -0.22000   -0.71800
 8      +0.02378   +0.47967   +0.45826  -0.21996   -0.71800
 9      +0.02422   +0.47936   +0.45855  -0.21996   -0.71800
 10      +0.02325   +0.48003   +0.45790  -0.21997   -0.71800
 11      +0.02263   +0.48046   +0.45748  -0.21997   -0.71800
 12      +0.02156   +0.48121   +0.45676  -0.21999   -0.71800
 13      -0.00261   +0.52856   +0.50629  -0.03581   +0.00000
 14      +0.03423   +0.49023   +0.54374  -0.03480   +0.00000
 15      -0.04927   +0.57675   +0.45874  -0.03649   +0.00000
 16      +0.09592   +0.42577   +0.60635  -0.03264   +0.00000
 17      -0.14476   +0.67510   +0.36134  -0.03745   +0.00000
 18      +0.25228   +0.26001   +0.76585  -0.02612   +0.00000
 19      -0.45728   +0.81135   +0.12048  -0.21483   -0.71700
 20      +0.59726   +0.03133   +0.89689  -0.21122   -0.71700
 21      -0.65172   +0.90696   +0.02014  -0.21010   -0.71700
 22      +0.65585   +0.01733   +0.90926  -0.20958   -0.71700
 23      -0.65589   +0.90800   +0.01902  -0.21002   -0.71700
 24      +0.65016   +0.01788   +0.90884  -0.20972   -0.71700
];
