%%%%%%%%%%%%%%%%%%%%%%%%%%%%%%%%%%%%%%%%%%%%%%%%%%%%%%%%%%%%%%%%%%%%%%%%%%%%
%
%       Self-Consistent Electrostatic Potential Algorithm (SCERPA)
% 
%       VLSI Nanocomputing Research Group 
%       Dept. of Electronics and Telecommunications  
%       Politecnico di Torino, Turin, Italy 
%       (https://www.vlsilab.polito.it/) 
% 
%       People [people you may contact for info] 
%         Yuri Ardesi (yuri.ardesi@polito.it)
%         Giuliana Beretta (giuliana.beretta@polito.it)
% 
%       Supervision: Gianluca Piccinini, Mariagrazia Graziano 
% 
%       Relevant pubblications doi: 10.1109/TCAD.2019.2960360 
%                                   10.1109/TVLSI.2020.3045198  
% 
%%%%%%%%%%%%%%%%%%%%%%%%%%%%%%%%%%%%%%%%%%%%%%%%%%%%%%%%%%%%%%%%%%%%%%%%%%%%


%% Files Analysed:
%%    ../Layout/Data/Data_Molecule.mat
%%    ../Layout/Data/Data_Driver.mat
%%    ../Layout/Data/Data_Output.mat
%%    ../Layout/Data/Fake_Phases.mat
%%    ../Layout/Data/Values_Driver.mat


%%    Configuration of data output: 
%%    ID - Vin - Q1 ... QN: 

% TIME 1

% DOT1   -   DOT2   -   DOT3   -   DOT4
driver(:,:,1) = [+3.000000e-03   +9.270000e-01   -2.120000e-01   -7.170000e-01
+9.290000e-01   +0   -2.120000e-01   -7.170000e-01
];

% MOL   -   VOUT   -   DOT1   -   DOT2   -   DOT3   -   DOT4
conf(:,:,1) = [ 1      +0.50637   +0.02199   +0.03302  +0.13941   -0.19502
 2      +0.07922   +0.02634   +0.02666  +0.14100   -0.19400
 3      +0.02368   +0.02701   +0.02599  +0.14100   -0.19400
 4      +0.01050   +0.02718   +0.02582  +0.14100   -0.19400
 5      +0.00614   +0.02723   +0.02577  +0.14100   -0.19400
 6      +0.00434   +0.02725   +0.02575  +0.14100   -0.19400
 7      +0.00336   +0.02726   +0.02574  +0.14100   -0.19400
 8      +0.00194   +0.02728   +0.02572  +0.14100   -0.19400
];

% TIME 2

% DOT1   -   DOT2   -   DOT3   -   DOT4
driver(:,:,2) = [+3.000000e-03   +9.270000e-01   -2.120000e-01   -7.170000e-01
+9.290000e-01   +0   -2.120000e-01   -7.170000e-01
];

% MOL   -   VOUT   -   DOT1   -   DOT2   -   DOT3   -   DOT4
conf(:,:,2) = [ 1      +0.66191   +0.02076   +0.39831  -0.00033   -0.41955
 2      -0.25619   +0.29981   +0.05009  +0.05880   -0.40798
 3      +0.21894   +0.09918   +0.24240  +0.06376   -0.40533
 4      -0.12750   +0.23362   +0.10708  +0.06514   -0.40574
 5      +0.13778   +0.12369   +0.22223  +0.06181   -0.40773
 6      -0.09911   +0.22244   +0.11757  +0.06621   -0.40599
 7      +0.09928   +0.13664   +0.21404  +0.05941   -0.41009
 8      -0.04135   +0.19934   +0.14511  +0.06552   -0.40958
];

% TIME 3

% DOT1   -   DOT2   -   DOT3   -   DOT4
driver(:,:,3) = [+3.000000e-03   +9.270000e-01   -2.120000e-01   -7.170000e-01
+9.290000e-01   +0   -2.120000e-01   -7.170000e-01
];

% MOL   -   VOUT   -   DOT1   -   DOT2   -   DOT3   -   DOT4
conf(:,:,3) = [ 1      +0.92778   +0.01806   +0.74481  -0.13661   -0.62626
 2      -0.87350   +0.75410   +0.01297  -0.13452   -0.63352
 3      +0.85940   +0.01659   +0.80575  -0.18950   -0.63284
 4      -0.92171   +0.76332   +0.01187  -0.14092   -0.63526
 5      +0.85990   +0.01661   +0.80517  -0.18901   -0.63277
 6      -0.91970   +0.76283   +0.01192  -0.14058   -0.63517
 7      +0.85463   +0.01641   +0.81116  -0.19409   -0.63348
 8      -0.46713   +0.65452   +0.02962  -0.05752   -0.62662
];

% TIME 4

% DOT1   -   DOT2   -   DOT3   -   DOT4
driver(:,:,4) = [+3.000000e-03   +9.270000e-01   -2.120000e-01   -7.170000e-01
+9.290000e-01   +0   -2.120000e-01   -7.170000e-01
];

% MOL   -   VOUT   -   DOT1   -   DOT2   -   DOT3   -   DOT4
conf(:,:,4) = [ 1      +0.99576   +0.03205   +0.81658  -0.17490   -0.67395
 2      -0.90257   +0.84181   +0.00758  -0.17416   -0.67572
 3      +0.97541   +0.02627   +0.81944  -0.17291   -0.67295
 4      -0.90496   +0.84203   +0.00754  -0.17432   -0.67576
 5      +0.97710   +0.02675   +0.81921  -0.17307   -0.67304
 6      -0.91413   +0.84309   +0.00741  -0.17505   -0.67595
 7      +0.94065   +0.01735   +0.82578  -0.17152   -0.67166
 8      -0.46279   +0.73312   +0.07305  -0.13452   -0.67165
];

% TIME 5

% DOT1   -   DOT2   -   DOT3   -   DOT4
driver(:,:,5) = [+3.000000e-03   +9.270000e-01   -2.120000e-01   -7.170000e-01
+9.290000e-01   +0   -2.120000e-01   -7.170000e-01
];

% MOL   -   VOUT   -   DOT1   -   DOT2   -   DOT3   -   DOT4
conf(:,:,5) = [ 1      +1.06800   +0.09398   +0.83127  -0.20913   -0.71700
 2      -0.81744   +0.92329   +0.00335  -0.20965   -0.71700
 3      +1.11062   +0.09292   +0.83275  -0.20940   -0.71700
 4      -0.80563   +0.92315   +0.00343  -0.20957   -0.71700
 5      +1.10718   +0.09316   +0.83247  -0.20938   -0.71700
 6      -0.85607   +0.92376   +0.00312  -0.20988   -0.71700
 7      +1.01635   +0.06180   +0.86408  -0.20944   -0.71700
 8      -0.44110   +0.79895   +0.13339  -0.21534   -0.71700
];

% TIME 6

% DOT1   -   DOT2   -   DOT3   -   DOT4
driver(:,:,6) = [+3.000000e-03   +9.270000e-01   -2.120000e-01   -7.170000e-01
+9.290000e-01   +0   -2.120000e-01   -7.170000e-01
];

% MOL   -   VOUT   -   DOT1   -   DOT2   -   DOT3   -   DOT4
conf(:,:,6) = [ 1      +1.06800   +0.09398   +0.83127  -0.20913   -0.71700
 2      -0.81744   +0.92329   +0.00335  -0.20965   -0.71700
 3      +1.11062   +0.09292   +0.83275  -0.20940   -0.71700
 4      -0.80563   +0.92315   +0.00343  -0.20957   -0.71700
 5      +1.10718   +0.09316   +0.83247  -0.20938   -0.71700
 6      -0.85607   +0.92376   +0.00312  -0.20988   -0.71700
 7      +1.01636   +0.06180   +0.86408  -0.20944   -0.71700
 8      -0.44110   +0.79895   +0.13339  -0.21534   -0.71700
];

% TIME 7

% DOT1   -   DOT2   -   DOT3   -   DOT4
driver(:,:,7) = [+3.000000e-03   +9.270000e-01   -2.120000e-01   -7.170000e-01
+9.290000e-01   +0   -2.120000e-01   -7.170000e-01
];

% MOL   -   VOUT   -   DOT1   -   DOT2   -   DOT3   -   DOT4
conf(:,:,7) = [ 1      +1.06800   +0.09398   +0.83127  -0.20913   -0.71700
 2      -0.81744   +0.92329   +0.00335  -0.20965   -0.71700
 3      +1.11062   +0.09292   +0.83275  -0.20940   -0.71700
 4      -0.80563   +0.92315   +0.00343  -0.20957   -0.71700
 5      +1.10718   +0.09316   +0.83247  -0.20938   -0.71700
 6      -0.85607   +0.92376   +0.00312  -0.20988   -0.71700
 7      +1.01636   +0.06180   +0.86408  -0.20944   -0.71700
 8      -0.44110   +0.79895   +0.13339  -0.21534   -0.71700
];

% TIME 8

% DOT1   -   DOT2   -   DOT3   -   DOT4
driver(:,:,8) = [+3.000000e-03   +9.270000e-01   -2.120000e-01   -7.170000e-01
+9.290000e-01   +0   -2.120000e-01   -7.170000e-01
];

% MOL   -   VOUT   -   DOT1   -   DOT2   -   DOT3   -   DOT4
conf(:,:,8) = [ 1      +1.06800   +0.09398   +0.83127  -0.20913   -0.71700
 2      -0.81744   +0.92329   +0.00335  -0.20965   -0.71700
 3      +1.11062   +0.09292   +0.83275  -0.20940   -0.71700
 4      -0.80563   +0.92315   +0.00343  -0.20957   -0.71700
 5      +1.10718   +0.09316   +0.83247  -0.20938   -0.71700
 6      -0.85607   +0.92376   +0.00312  -0.20988   -0.71700
 7      +1.01636   +0.06180   +0.86408  -0.20944   -0.71700
 8      -0.44110   +0.79895   +0.13339  -0.21534   -0.71700
];

% TIME 9

% DOT1   -   DOT2   -   DOT3   -   DOT4
driver(:,:,9) = [+3.000000e-03   +9.270000e-01   -2.120000e-01   -7.170000e-01
+9.290000e-01   +0   -2.120000e-01   -7.170000e-01
];

% MOL   -   VOUT   -   DOT1   -   DOT2   -   DOT3   -   DOT4
conf(:,:,9) = [ 1      +1.06800   +0.09398   +0.83127  -0.20913   -0.71700
 2      -0.81744   +0.92329   +0.00335  -0.20965   -0.71700
 3      +1.11062   +0.09292   +0.83275  -0.20940   -0.71700
 4      -0.80563   +0.92315   +0.00343  -0.20957   -0.71700
 5      +1.10718   +0.09316   +0.83247  -0.20938   -0.71700
 6      -0.85607   +0.92376   +0.00312  -0.20988   -0.71700
 7      +1.01636   +0.06180   +0.86408  -0.20944   -0.71700
 8      -0.44110   +0.79895   +0.13339  -0.21534   -0.71700
];

% TIME 10

% DOT1   -   DOT2   -   DOT3   -   DOT4
driver(:,:,10) = [+3.000000e-03   +9.270000e-01   -2.120000e-01   -7.170000e-01
+9.290000e-01   +0   -2.120000e-01   -7.170000e-01
];

% MOL   -   VOUT   -   DOT1   -   DOT2   -   DOT3   -   DOT4
conf(:,:,10) = [ 1      +1.06800   +0.09398   +0.83127  -0.20913   -0.71700
 2      -0.81744   +0.92329   +0.00335  -0.20965   -0.71700
 3      +1.11062   +0.09292   +0.83275  -0.20940   -0.71700
 4      -0.80563   +0.92315   +0.00343  -0.20957   -0.71700
 5      +1.10718   +0.09316   +0.83247  -0.20938   -0.71700
 6      -0.85607   +0.92376   +0.00312  -0.20988   -0.71700
 7      +1.01636   +0.06180   +0.86408  -0.20944   -0.71700
 8      -0.44110   +0.79895   +0.13339  -0.21534   -0.71700
];

% TIME 11

% DOT1   -   DOT2   -   DOT3   -   DOT4
driver(:,:,11) = [+3.000000e-03   +9.270000e-01   -2.120000e-01   -7.170000e-01
+9.290000e-01   +0   -2.120000e-01   -7.170000e-01
];

% MOL   -   VOUT   -   DOT1   -   DOT2   -   DOT3   -   DOT4
conf(:,:,11) = [ 1      +1.06800   +0.09398   +0.83127  -0.20913   -0.71700
 2      -0.81744   +0.92329   +0.00335  -0.20965   -0.71700
 3      +1.11062   +0.09292   +0.83275  -0.20940   -0.71700
 4      -0.80563   +0.92315   +0.00343  -0.20957   -0.71700
 5      +1.10718   +0.09316   +0.83247  -0.20938   -0.71700
 6      -0.85607   +0.92376   +0.00312  -0.20988   -0.71700
 7      +1.01636   +0.06180   +0.86408  -0.20944   -0.71700
 8      -0.44110   +0.79895   +0.13339  -0.21534   -0.71700
];

% TIME 12

% DOT1   -   DOT2   -   DOT3   -   DOT4
driver(:,:,12) = [+3.000000e-03   +9.270000e-01   -2.120000e-01   -7.170000e-01
+9.290000e-01   +0   -2.120000e-01   -7.170000e-01
];

% MOL   -   VOUT   -   DOT1   -   DOT2   -   DOT3   -   DOT4
conf(:,:,12) = [ 1      +0.99576   +0.03205   +0.81658  -0.17490   -0.67395
 2      -0.90258   +0.84181   +0.00758  -0.17416   -0.67572
 3      +0.97541   +0.02627   +0.81944  -0.17291   -0.67295
 4      -0.90496   +0.84203   +0.00754  -0.17432   -0.67576
 5      +0.97711   +0.02675   +0.81921  -0.17307   -0.67304
 6      -0.91413   +0.84309   +0.00741  -0.17505   -0.67595
 7      +0.94065   +0.01735   +0.82578  -0.17152   -0.67166
 8      -0.46279   +0.73312   +0.07305  -0.13452   -0.67165
];

% TIME 13

% DOT1   -   DOT2   -   DOT3   -   DOT4
driver(:,:,13) = [+3.000000e-03   +9.270000e-01   -2.120000e-01   -7.170000e-01
+9.290000e-01   +0   -2.120000e-01   -7.170000e-01
];

% MOL   -   VOUT   -   DOT1   -   DOT2   -   DOT3   -   DOT4
conf(:,:,13) = [ 1      +0.92778   +0.01806   +0.74481  -0.13661   -0.62626
 2      -0.87350   +0.75410   +0.01297  -0.13452   -0.63352
 3      +0.85940   +0.01659   +0.80575  -0.18950   -0.63284
 4      -0.92171   +0.76332   +0.01187  -0.14092   -0.63526
 5      +0.85990   +0.01661   +0.80517  -0.18901   -0.63277
 6      -0.91971   +0.76283   +0.01192  -0.14058   -0.63517
 7      +0.85463   +0.01641   +0.81116  -0.19410   -0.63348
 8      -0.46713   +0.65452   +0.02962  -0.05752   -0.62662
];

% TIME 14

% DOT1   -   DOT2   -   DOT3   -   DOT4
driver(:,:,14) = [+3.000000e-03   +9.270000e-01   -2.120000e-01   -7.170000e-01
+9.290000e-01   +0   -2.120000e-01   -7.170000e-01
];

% MOL   -   VOUT   -   DOT1   -   DOT2   -   DOT3   -   DOT4
conf(:,:,14) = [ 1      +0.66191   +0.02076   +0.39831  -0.00033   -0.41955
 2      -0.25619   +0.29981   +0.05009  +0.05880   -0.40798
 3      +0.21894   +0.09918   +0.24240  +0.06376   -0.40533
 4      -0.12751   +0.23362   +0.10707  +0.06514   -0.40574
 5      +0.13780   +0.12368   +0.22223  +0.06181   -0.40772
 6      -0.09914   +0.22245   +0.11756  +0.06621   -0.40598
 7      +0.09931   +0.13663   +0.21405  +0.05941   -0.41009
 8      -0.04137   +0.19935   +0.14509  +0.06552   -0.40958
];

% TIME 15

% DOT1   -   DOT2   -   DOT3   -   DOT4
driver(:,:,15) = [+3.000000e-03   +9.270000e-01   -2.120000e-01   -7.170000e-01
+9.290000e-01   +0   -2.120000e-01   -7.170000e-01
];

% MOL   -   VOUT   -   DOT1   -   DOT2   -   DOT3   -   DOT4
conf(:,:,15) = [ 1      +0.50637   +0.02199   +0.03302  +0.13941   -0.19502
 2      +0.07922   +0.02634   +0.02666  +0.14100   -0.19400
 3      +0.02369   +0.02701   +0.02599  +0.14100   -0.19400
 4      +0.01049   +0.02718   +0.02582  +0.14100   -0.19400
 5      +0.00614   +0.02723   +0.02577  +0.14100   -0.19400
 6      +0.00434   +0.02725   +0.02575  +0.14100   -0.19400
 7      +0.00336   +0.02726   +0.02574  +0.14100   -0.19400
 8      +0.00194   +0.02728   +0.02572  +0.14100   -0.19400
];

% TIME 16

% DOT1   -   DOT2   -   DOT3   -   DOT4
driver(:,:,16) = [+3.000000e-03   +9.270000e-01   -2.120000e-01   -7.170000e-01
+9.290000e-01   +0   -2.120000e-01   -7.170000e-01
];

% MOL   -   VOUT   -   DOT1   -   DOT2   -   DOT3   -   DOT4
conf(:,:,16) = [ 1      +0.50637   +0.02199   +0.03302  +0.13941   -0.19502
 2      +0.07922   +0.02634   +0.02666  +0.14100   -0.19400
 3      +0.02368   +0.02701   +0.02599  +0.14100   -0.19400
 4      +0.01050   +0.02718   +0.02582  +0.14100   -0.19400
 5      +0.00614   +0.02723   +0.02577  +0.14100   -0.19400
 6      +0.00434   +0.02725   +0.02575  +0.14100   -0.19400
 7      +0.00336   +0.02726   +0.02574  +0.14100   -0.19400
 8      +0.00194   +0.02728   +0.02572  +0.14100   -0.19400
];

% TIME 17

% DOT1   -   DOT2   -   DOT3   -   DOT4
driver(:,:,17) = [+3.000000e-03   +9.270000e-01   -2.120000e-01   -7.170000e-01
+9.290000e-01   +0   -2.120000e-01   -7.170000e-01
];

% MOL   -   VOUT   -   DOT1   -   DOT2   -   DOT3   -   DOT4
conf(:,:,17) = [ 1      +0.50637   +0.02199   +0.03302  +0.13941   -0.19502
 2      +0.07922   +0.02634   +0.02666  +0.14100   -0.19400
 3      +0.02368   +0.02701   +0.02599  +0.14100   -0.19400
 4      +0.01050   +0.02718   +0.02582  +0.14100   -0.19400
 5      +0.00614   +0.02723   +0.02577  +0.14100   -0.19400
 6      +0.00434   +0.02725   +0.02575  +0.14100   -0.19400
 7      +0.00336   +0.02726   +0.02574  +0.14100   -0.19400
 8      +0.00194   +0.02728   +0.02572  +0.14100   -0.19400
];

% TIME 18

% DOT1   -   DOT2   -   DOT3   -   DOT4
driver(:,:,18) = [+3.000000e-03   +9.270000e-01   -2.120000e-01   -7.170000e-01
+9.290000e-01   +0   -2.120000e-01   -7.170000e-01
];

% MOL   -   VOUT   -   DOT1   -   DOT2   -   DOT3   -   DOT4
conf(:,:,18) = [ 1      +0.50637   +0.02199   +0.03302  +0.13941   -0.19502
 2      +0.07922   +0.02634   +0.02666  +0.14100   -0.19400
 3      +0.02368   +0.02701   +0.02599  +0.14100   -0.19400
 4      +0.01050   +0.02718   +0.02582  +0.14100   -0.19400
 5      +0.00614   +0.02723   +0.02577  +0.14100   -0.19400
 6      +0.00434   +0.02725   +0.02575  +0.14100   -0.19400
 7      +0.00336   +0.02726   +0.02574  +0.14100   -0.19400
 8      +0.00194   +0.02728   +0.02572  +0.14100   -0.19400
];

% TIME 19

% DOT1   -   DOT2   -   DOT3   -   DOT4
driver(:,:,19) = [+3.000000e-03   +9.270000e-01   -2.120000e-01   -7.170000e-01
+9.290000e-01   +0   -2.120000e-01   -7.170000e-01
];

% MOL   -   VOUT   -   DOT1   -   DOT2   -   DOT3   -   DOT4
conf(:,:,19) = [ 1      +0.50637   +0.02199   +0.03302  +0.13941   -0.19502
 2      +0.07922   +0.02634   +0.02666  +0.14100   -0.19400
 3      +0.02368   +0.02701   +0.02599  +0.14100   -0.19400
 4      +0.01050   +0.02718   +0.02582  +0.14100   -0.19400
 5      +0.00614   +0.02723   +0.02577  +0.14100   -0.19400
 6      +0.00434   +0.02725   +0.02575  +0.14100   -0.19400
 7      +0.00336   +0.02726   +0.02574  +0.14100   -0.19400
 8      +0.00194   +0.02728   +0.02572  +0.14100   -0.19400
];

% TIME 20

% DOT1   -   DOT2   -   DOT3   -   DOT4
driver(:,:,20) = [+3.000000e-03   +9.270000e-01   -2.120000e-01   -7.170000e-01
+9.290000e-01   +0   -2.120000e-01   -7.170000e-01
];

% MOL   -   VOUT   -   DOT1   -   DOT2   -   DOT3   -   DOT4
conf(:,:,20) = [ 1      +0.50637   +0.02199   +0.03302  +0.13941   -0.19502
 2      +0.07922   +0.02634   +0.02666  +0.14100   -0.19400
 3      +0.02368   +0.02701   +0.02599  +0.14100   -0.19400
 4      +0.01050   +0.02718   +0.02582  +0.14100   -0.19400
 5      +0.00614   +0.02723   +0.02577  +0.14100   -0.19400
 6      +0.00434   +0.02725   +0.02575  +0.14100   -0.19400
 7      +0.00336   +0.02726   +0.02574  +0.14100   -0.19400
 8      +0.00194   +0.02728   +0.02572  +0.14100   -0.19400
];

% TIME 21

% DOT1   -   DOT2   -   DOT3   -   DOT4
driver(:,:,21) = [+9.290000e-01   +0   -2.120000e-01   -7.170000e-01
+3.000000e-03   +9.270000e-01   -2.120000e-01   -7.170000e-01
];

% MOL   -   VOUT   -   DOT1   -   DOT2   -   DOT3   -   DOT4
conf(:,:,21) = [ 1      -0.50036   +0.03441   +0.02059  +0.14646   -0.20130
 2      -0.07429   +0.02821   +0.02479  +0.14100   -0.19400
 3      -0.01866   +0.02753   +0.02547  +0.14100   -0.19400
 4      -0.00545   +0.02737   +0.02563  +0.14100   -0.19400
 5      -0.00112   +0.02732   +0.02568  +0.14100   -0.19400
 6      +0.00058   +0.02730   +0.02570  +0.14100   -0.19400
 7      +0.00123   +0.02729   +0.02571  +0.14100   -0.19400
 8      +0.00063   +0.02730   +0.02570  +0.14100   -0.19400
];

% TIME 22

% DOT1   -   DOT2   -   DOT3   -   DOT4
driver(:,:,22) = [+9.290000e-01   +0   -2.120000e-01   -7.170000e-01
+3.000000e-03   +9.270000e-01   -2.120000e-01   -7.170000e-01
];

% MOL   -   VOUT   -   DOT1   -   DOT2   -   DOT3   -   DOT4
conf(:,:,22) = [ 1      -0.63508   +0.42178   +0.01770  -0.01667   -0.42305
 2      +0.33273   +0.05379   +0.28640  +0.06633   -0.40652
 3      -0.20680   +0.29136   +0.06285  +0.05494   -0.40873
 4      +0.20752   +0.10240   +0.23893  +0.06414   -0.40547
 5      -0.12238   +0.23160   +0.10897  +0.06533   -0.40579
 6      +0.12968   +0.12638   +0.22053  +0.06128   -0.40819
 7      -0.08257   +0.21638   +0.12344  +0.06672   -0.40619
 8      +0.05504   +0.15532   +0.20210  +0.05895   -0.41637
];

% TIME 23

% DOT1   -   DOT2   -   DOT3   -   DOT4
driver(:,:,23) = [+9.290000e-01   +0   -2.120000e-01   -7.170000e-01
+3.000000e-03   +9.270000e-01   -2.120000e-01   -7.170000e-01
];

% MOL   -   VOUT   -   DOT1   -   DOT2   -   DOT3   -   DOT4
conf(:,:,23) = [ 1      -0.96390   +0.77362   +0.01084  -0.14814   -0.63732
 2      +0.86293   +0.01672   +0.80174  -0.18609   -0.63237
 3      -0.92066   +0.76306   +0.01189  -0.14074   -0.63521
 4      +0.85783   +0.01653   +0.80753  -0.19101   -0.63305
 5      -0.93345   +0.76618   +0.01158  -0.14293   -0.63584
 6      +0.85301   +0.01635   +0.81301  -0.19567   -0.63370
 7      -0.90049   +0.75875   +0.01237  -0.13774   -0.63437
 8      +0.42382   +0.03890   +0.67212  -0.08098   -0.63004
];

% TIME 24

% DOT1   -   DOT2   -   DOT3   -   DOT4
driver(:,:,24) = [+9.290000e-01   +0   -2.120000e-01   -7.170000e-01
+3.000000e-03   +9.270000e-01   -2.120000e-01   -7.170000e-01
];

% MOL   -   VOUT   -   DOT1   -   DOT2   -   DOT3   -   DOT4
conf(:,:,24) = [ 1      -0.95481   +0.84843   +0.00679  -0.17878   -0.67694
 2      +0.97834   +0.02710   +0.81903  -0.17320   -0.67310
 3      -0.90225   +0.84178   +0.00758  -0.17414   -0.67572
 4      +0.97687   +0.02668   +0.81924  -0.17305   -0.67303
 5      -0.90764   +0.84229   +0.00751  -0.17449   -0.67580
 6      +0.97232   +0.02539   +0.81988  -0.17261   -0.67280
 7      -0.87671   +0.83935   +0.00795  -0.17247   -0.67531
 8      +0.48725   +0.10216   +0.72220  -0.14511   -0.67943
];

% TIME 25

% DOT1   -   DOT2   -   DOT3   -   DOT4
driver(:,:,25) = [+9.290000e-01   +0   -2.120000e-01   -7.170000e-01
+3.000000e-03   +9.270000e-01   -2.120000e-01   -7.170000e-01
];

% MOL   -   VOUT   -   DOT1   -   DOT2   -   DOT3   -   DOT4
conf(:,:,25) = [ 1      -0.90191   +0.92449   +0.00284  -0.21033   -0.71700
 2      +1.10360   +0.09341   +0.83219  -0.20935   -0.71700
 3      -0.80622   +0.92315   +0.00342  -0.20958   -0.71700
 4      +1.11337   +0.09145   +0.83430  -0.20945   -0.71700
 5      -0.81326   +0.92324   +0.00338  -0.20962   -0.71700
 6      +1.07908   +0.09509   +0.83023  -0.20917   -0.71700
 7      -0.95137   +0.92539   +0.00254  -0.21093   -0.71700
 8      +0.56480   +0.05808   +0.87153  -0.21261   -0.71700
];

% TIME 26

% DOT1   -   DOT2   -   DOT3   -   DOT4
driver(:,:,26) = [+9.290000e-01   +0   -2.120000e-01   -7.170000e-01
+3.000000e-03   +9.270000e-01   -2.120000e-01   -7.170000e-01
];

% MOL   -   VOUT   -   DOT1   -   DOT2   -   DOT3   -   DOT4
conf(:,:,26) = [ 1      -0.90191   +0.92449   +0.00284  -0.21033   -0.71700
 2      +1.10360   +0.09341   +0.83219  -0.20935   -0.71700
 3      -0.80622   +0.92315   +0.00342  -0.20958   -0.71700
 4      +1.11337   +0.09145   +0.83430  -0.20945   -0.71700
 5      -0.81326   +0.92324   +0.00338  -0.20962   -0.71700
 6      +1.07908   +0.09509   +0.83023  -0.20917   -0.71700
 7      -0.95137   +0.92539   +0.00254  -0.21093   -0.71700
 8      +0.56480   +0.05808   +0.87153  -0.21261   -0.71700
];

% TIME 27

% DOT1   -   DOT2   -   DOT3   -   DOT4
driver(:,:,27) = [+9.290000e-01   +0   -2.120000e-01   -7.170000e-01
+3.000000e-03   +9.270000e-01   -2.120000e-01   -7.170000e-01
];

% MOL   -   VOUT   -   DOT1   -   DOT2   -   DOT3   -   DOT4
conf(:,:,27) = [ 1      -0.90191   +0.92449   +0.00284  -0.21033   -0.71700
 2      +1.10360   +0.09341   +0.83219  -0.20935   -0.71700
 3      -0.80622   +0.92315   +0.00342  -0.20958   -0.71700
 4      +1.11337   +0.09145   +0.83430  -0.20945   -0.71700
 5      -0.81326   +0.92324   +0.00338  -0.20962   -0.71700
 6      +1.07908   +0.09509   +0.83023  -0.20917   -0.71700
 7      -0.95137   +0.92539   +0.00254  -0.21093   -0.71700
 8      +0.56480   +0.05808   +0.87153  -0.21261   -0.71700
];

% TIME 28

% DOT1   -   DOT2   -   DOT3   -   DOT4
driver(:,:,28) = [+9.290000e-01   +0   -2.120000e-01   -7.170000e-01
+3.000000e-03   +9.270000e-01   -2.120000e-01   -7.170000e-01
];

% MOL   -   VOUT   -   DOT1   -   DOT2   -   DOT3   -   DOT4
conf(:,:,28) = [ 1      -0.90191   +0.92449   +0.00284  -0.21033   -0.71700
 2      +1.10360   +0.09341   +0.83219  -0.20935   -0.71700
 3      -0.80622   +0.92315   +0.00342  -0.20958   -0.71700
 4      +1.11337   +0.09145   +0.83430  -0.20945   -0.71700
 5      -0.81326   +0.92324   +0.00338  -0.20962   -0.71700
 6      +1.07908   +0.09509   +0.83023  -0.20917   -0.71700
 7      -0.95137   +0.92539   +0.00254  -0.21093   -0.71700
 8      +0.56480   +0.05808   +0.87153  -0.21261   -0.71700
];

% TIME 29

% DOT1   -   DOT2   -   DOT3   -   DOT4
driver(:,:,29) = [+9.290000e-01   +0   -2.120000e-01   -7.170000e-01
+3.000000e-03   +9.270000e-01   -2.120000e-01   -7.170000e-01
];

% MOL   -   VOUT   -   DOT1   -   DOT2   -   DOT3   -   DOT4
conf(:,:,29) = [ 1      -0.90191   +0.92449   +0.00284  -0.21033   -0.71700
 2      +1.10360   +0.09341   +0.83219  -0.20935   -0.71700
 3      -0.80622   +0.92315   +0.00342  -0.20958   -0.71700
 4      +1.11337   +0.09145   +0.83430  -0.20945   -0.71700
 5      -0.81326   +0.92324   +0.00338  -0.20962   -0.71700
 6      +1.07908   +0.09509   +0.83023  -0.20917   -0.71700
 7      -0.95137   +0.92539   +0.00254  -0.21093   -0.71700
 8      +0.56480   +0.05808   +0.87153  -0.21261   -0.71700
];

% TIME 30

% DOT1   -   DOT2   -   DOT3   -   DOT4
driver(:,:,30) = [+9.290000e-01   +0   -2.120000e-01   -7.170000e-01
+3.000000e-03   +9.270000e-01   -2.120000e-01   -7.170000e-01
];

% MOL   -   VOUT   -   DOT1   -   DOT2   -   DOT3   -   DOT4
conf(:,:,30) = [ 1      -0.90191   +0.92449   +0.00284  -0.21033   -0.71700
 2      +1.10360   +0.09341   +0.83219  -0.20935   -0.71700
 3      -0.80622   +0.92315   +0.00342  -0.20958   -0.71700
 4      +1.11337   +0.09145   +0.83430  -0.20945   -0.71700
 5      -0.81326   +0.92324   +0.00338  -0.20962   -0.71700
 6      +1.07908   +0.09509   +0.83023  -0.20917   -0.71700
 7      -0.95137   +0.92539   +0.00254  -0.21093   -0.71700
 8      +0.56480   +0.05808   +0.87153  -0.21261   -0.71700
];

% TIME 31

% DOT1   -   DOT2   -   DOT3   -   DOT4
driver(:,:,31) = [+9.290000e-01   +0   -2.120000e-01   -7.170000e-01
+3.000000e-03   +9.270000e-01   -2.120000e-01   -7.170000e-01
];

% MOL   -   VOUT   -   DOT1   -   DOT2   -   DOT3   -   DOT4
conf(:,:,31) = [ 1      -0.90191   +0.92449   +0.00284  -0.21033   -0.71700
 2      +1.10360   +0.09341   +0.83219  -0.20935   -0.71700
 3      -0.80622   +0.92315   +0.00342  -0.20958   -0.71700
 4      +1.11337   +0.09145   +0.83430  -0.20945   -0.71700
 5      -0.81326   +0.92324   +0.00338  -0.20962   -0.71700
 6      +1.07908   +0.09509   +0.83023  -0.20917   -0.71700
 7      -0.95137   +0.92539   +0.00254  -0.21093   -0.71700
 8      +0.56480   +0.05808   +0.87153  -0.21261   -0.71700
];

% TIME 32

% DOT1   -   DOT2   -   DOT3   -   DOT4
driver(:,:,32) = [+9.290000e-01   +0   -2.120000e-01   -7.170000e-01
+3.000000e-03   +9.270000e-01   -2.120000e-01   -7.170000e-01
];

% MOL   -   VOUT   -   DOT1   -   DOT2   -   DOT3   -   DOT4
conf(:,:,32) = [ 1      -0.95481   +0.84843   +0.00679  -0.17878   -0.67694
 2      +0.97834   +0.02710   +0.81903  -0.17320   -0.67310
 3      -0.90225   +0.84178   +0.00758  -0.17414   -0.67572
 4      +0.97687   +0.02668   +0.81924  -0.17305   -0.67303
 5      -0.90765   +0.84229   +0.00751  -0.17449   -0.67580
 6      +0.97232   +0.02539   +0.81988  -0.17261   -0.67280
 7      -0.87671   +0.83936   +0.00795  -0.17247   -0.67531
 8      +0.48725   +0.10216   +0.72220  -0.14511   -0.67943
];

% TIME 33

% DOT1   -   DOT2   -   DOT3   -   DOT4
driver(:,:,33) = [+9.290000e-01   +0   -2.120000e-01   -7.170000e-01
+3.000000e-03   +9.270000e-01   -2.120000e-01   -7.170000e-01
];

% MOL   -   VOUT   -   DOT1   -   DOT2   -   DOT3   -   DOT4
conf(:,:,33) = [ 1      -0.96389   +0.77362   +0.01084  -0.14814   -0.63732
 2      +0.86293   +0.01672   +0.80174  -0.18609   -0.63237
 3      -0.92066   +0.76306   +0.01189  -0.14074   -0.63521
 4      +0.85783   +0.01653   +0.80752  -0.19100   -0.63305
 5      -0.93345   +0.76618   +0.01158  -0.14293   -0.63584
 6      +0.85301   +0.01635   +0.81301  -0.19566   -0.63370
 7      -0.90049   +0.75875   +0.01237  -0.13774   -0.63437
 8      +0.42382   +0.03890   +0.67212  -0.08098   -0.63004
];

% TIME 34

% DOT1   -   DOT2   -   DOT3   -   DOT4
driver(:,:,34) = [+9.290000e-01   +0   -2.120000e-01   -7.170000e-01
+3.000000e-03   +9.270000e-01   -2.120000e-01   -7.170000e-01
];

% MOL   -   VOUT   -   DOT1   -   DOT2   -   DOT3   -   DOT4
conf(:,:,34) = [ 1      -0.63515   +0.42177   +0.01770  -0.01666   -0.42304
 2      +0.33288   +0.05371   +0.28647  +0.06634   -0.40653
 3      -0.20698   +0.29150   +0.06275  +0.05491   -0.40874
 4      +0.20771   +0.10235   +0.23899  +0.06414   -0.40547
 5      -0.12244   +0.23162   +0.10895  +0.06533   -0.40578
 6      +0.12971   +0.12637   +0.22053  +0.06129   -0.40819
 7      -0.08258   +0.21638   +0.12343  +0.06672   -0.40619
 8      +0.05505   +0.15532   +0.20210  +0.05895   -0.41637
];

% TIME 35

% DOT1   -   DOT2   -   DOT3   -   DOT4
driver(:,:,35) = [+9.290000e-01   +0   -2.120000e-01   -7.170000e-01
+3.000000e-03   +9.270000e-01   -2.120000e-01   -7.170000e-01
];

% MOL   -   VOUT   -   DOT1   -   DOT2   -   DOT3   -   DOT4
conf(:,:,35) = [ 1      -0.50036   +0.03441   +0.02059  +0.14646   -0.20130
 2      -0.07429   +0.02821   +0.02479  +0.14100   -0.19400
 3      -0.01866   +0.02753   +0.02547  +0.14100   -0.19400
 4      -0.00545   +0.02737   +0.02563  +0.14100   -0.19400
 5      -0.00112   +0.02732   +0.02568  +0.14100   -0.19400
 6      +0.00058   +0.02730   +0.02570  +0.14100   -0.19400
 7      +0.00123   +0.02729   +0.02571  +0.14100   -0.19400
 8      +0.00063   +0.02730   +0.02570  +0.14100   -0.19400
];

% TIME 36

% DOT1   -   DOT2   -   DOT3   -   DOT4
driver(:,:,36) = [+9.290000e-01   +0   -2.120000e-01   -7.170000e-01
+3.000000e-03   +9.270000e-01   -2.120000e-01   -7.170000e-01
];

% MOL   -   VOUT   -   DOT1   -   DOT2   -   DOT3   -   DOT4
conf(:,:,36) = [ 1      -0.50036   +0.03441   +0.02059  +0.14646   -0.20130
 2      -0.07429   +0.02821   +0.02479  +0.14100   -0.19400
 3      -0.01866   +0.02753   +0.02547  +0.14100   -0.19400
 4      -0.00545   +0.02737   +0.02563  +0.14100   -0.19400
 5      -0.00112   +0.02732   +0.02568  +0.14100   -0.19400
 6      +0.00058   +0.02730   +0.02570  +0.14100   -0.19400
 7      +0.00123   +0.02729   +0.02571  +0.14100   -0.19400
 8      +0.00063   +0.02730   +0.02570  +0.14100   -0.19400
];

% TIME 37

% DOT1   -   DOT2   -   DOT3   -   DOT4
driver(:,:,37) = [+9.290000e-01   +0   -2.120000e-01   -7.170000e-01
+3.000000e-03   +9.270000e-01   -2.120000e-01   -7.170000e-01
];

% MOL   -   VOUT   -   DOT1   -   DOT2   -   DOT3   -   DOT4
conf(:,:,37) = [ 1      -0.50036   +0.03441   +0.02059  +0.14646   -0.20130
 2      -0.07429   +0.02821   +0.02479  +0.14100   -0.19400
 3      -0.01866   +0.02753   +0.02547  +0.14100   -0.19400
 4      -0.00545   +0.02737   +0.02563  +0.14100   -0.19400
 5      -0.00112   +0.02732   +0.02568  +0.14100   -0.19400
 6      +0.00058   +0.02730   +0.02570  +0.14100   -0.19400
 7      +0.00123   +0.02729   +0.02571  +0.14100   -0.19400
 8      +0.00063   +0.02730   +0.02570  +0.14100   -0.19400
];

% TIME 38

% DOT1   -   DOT2   -   DOT3   -   DOT4
driver(:,:,38) = [+9.290000e-01   +0   -2.120000e-01   -7.170000e-01
+3.000000e-03   +9.270000e-01   -2.120000e-01   -7.170000e-01
];

% MOL   -   VOUT   -   DOT1   -   DOT2   -   DOT3   -   DOT4
conf(:,:,38) = [ 1      -0.50036   +0.03441   +0.02059  +0.14646   -0.20130
 2      -0.07429   +0.02821   +0.02479  +0.14100   -0.19400
 3      -0.01866   +0.02753   +0.02547  +0.14100   -0.19400
 4      -0.00545   +0.02737   +0.02563  +0.14100   -0.19400
 5      -0.00112   +0.02732   +0.02568  +0.14100   -0.19400
 6      +0.00058   +0.02730   +0.02570  +0.14100   -0.19400
 7      +0.00123   +0.02729   +0.02571  +0.14100   -0.19400
 8      +0.00063   +0.02730   +0.02570  +0.14100   -0.19400
];

% TIME 39

% DOT1   -   DOT2   -   DOT3   -   DOT4
driver(:,:,39) = [+9.290000e-01   +0   -2.120000e-01   -7.170000e-01
+3.000000e-03   +9.270000e-01   -2.120000e-01   -7.170000e-01
];

% MOL   -   VOUT   -   DOT1   -   DOT2   -   DOT3   -   DOT4
conf(:,:,39) = [ 1      -0.50036   +0.03441   +0.02059  +0.14646   -0.20130
 2      -0.07429   +0.02821   +0.02479  +0.14100   -0.19400
 3      -0.01866   +0.02753   +0.02547  +0.14100   -0.19400
 4      -0.00545   +0.02737   +0.02563  +0.14100   -0.19400
 5      -0.00112   +0.02732   +0.02568  +0.14100   -0.19400
 6      +0.00058   +0.02730   +0.02570  +0.14100   -0.19400
 7      +0.00123   +0.02729   +0.02571  +0.14100   -0.19400
 8      +0.00063   +0.02730   +0.02570  +0.14100   -0.19400
];

% TIME 40

% DOT1   -   DOT2   -   DOT3   -   DOT4
driver(:,:,40) = [+9.290000e-01   +0   -2.120000e-01   -7.170000e-01
+3.000000e-03   +9.270000e-01   -2.120000e-01   -7.170000e-01
];

% MOL   -   VOUT   -   DOT1   -   DOT2   -   DOT3   -   DOT4
conf(:,:,40) = [ 1      -0.50036   +0.03441   +0.02059  +0.14646   -0.20130
 2      -0.07429   +0.02821   +0.02479  +0.14100   -0.19400
 3      -0.01866   +0.02753   +0.02547  +0.14100   -0.19400
 4      -0.00545   +0.02737   +0.02563  +0.14100   -0.19400
 5      -0.00112   +0.02732   +0.02568  +0.14100   -0.19400
 6      +0.00058   +0.02730   +0.02570  +0.14100   -0.19400
 7      +0.00123   +0.02729   +0.02571  +0.14100   -0.19400
 8      +0.00063   +0.02730   +0.02570  +0.14100   -0.19400
];
