%% Files Analysed:
%%    ../Layout/Database/Data_Molecule_1.mat
%%    ../Layout/Database/Data_Driver.mat
%%    ../Layout/Database/Fake_Phases.mat
%%    ../Layout/Database/Values_Driver.mat


%%    Configuration of data output: 
%%    ID - Vin - Q1 ... QN: 

driver(:,:,2) = [+3.000000e-03   +9.270000e-01   -2.120000e-01   -7.170000e-01
+9.290000e-01   +0   -2.120000e-01   -7.170000e-01
+9.290000e-01   +0   -2.120000e-01   -7.170000e-01
];

conf(:,:,2) = [ 1      -0.45271   +0.03366   +0.02134  +0.14169   -0.19586
 2      -0.13085   +0.02890   +0.02412  +0.14100   -0.19400
 3      -0.10340   +0.02857   +0.02443  +0.14100   -0.19400
 4      -0.08097   +0.02829   +0.02471  +0.14100   -0.19400
 5      -0.04083   +0.02780   +0.02520  +0.14100   -0.19400
 6      -0.01830   +0.02753   +0.02547  +0.14100   -0.19400
 7      -0.00883   +0.02741   +0.02559  +0.14100   -0.19400
 8      -0.00467   +0.02736   +0.02564  +0.14100   -0.19400
 9      -0.01394   +0.02747   +0.02553  +0.14100   -0.19400
 10      -0.00944   +0.02742   +0.02558  +0.14100   -0.19400
 11      +0.39836   +0.02292   +0.03162  +0.14054   -0.19400
 12      +0.06898   +0.02646   +0.02654  +0.14100   -0.19400
 13      +0.02259   +0.02703   +0.02597  +0.14100   -0.19400
 14      +0.01032   +0.02718   +0.02582  +0.14100   -0.19400
 15      +0.00632   +0.02723   +0.02577  +0.14100   -0.19400
 16      +0.00383   +0.02726   +0.02574  +0.14100   -0.19400
 17      +0.01790   +0.02709   +0.02591  +0.14100   -0.19400
 18      +0.01535   +0.02712   +0.02588  +0.14100   -0.19400
 19      +0.42056   +0.02240   +0.03240  +0.14080   -0.19400
 20      +0.11279   +0.02593   +0.02707  +0.14100   -0.19400
 21      +0.09648   +0.02613   +0.02687  +0.14100   -0.19400
 22      +0.08003   +0.02633   +0.02667  +0.14100   -0.19400
 23      +0.04316   +0.02678   +0.02622  +0.14100   -0.19400
 24      +0.02179   +0.02704   +0.02596  +0.14100   -0.19400
 25      +0.01246   +0.02715   +0.02585  +0.14100   -0.19400
 26      +0.00709   +0.02722   +0.02578  +0.14100   -0.19400
];

driver(:,:,3) = [+3.000000e-03   +9.270000e-01   -2.120000e-01   -7.170000e-01
+9.290000e-01   +0   -2.120000e-01   -7.170000e-01
+9.290000e-01   +0   -2.120000e-01   -7.170000e-01
];

conf(:,:,3) = [ 1      -0.71305   +0.92107   +0.00503  -0.20910   -0.71700
 2      +0.48318   +0.14563   +0.78720  -0.21584   -0.71742
 3      -0.71867   +0.92130   +0.00483  -0.20912   -0.71700
 4      +0.18968   +0.36439   +0.57254  -0.21985   -0.71800
 5      -0.22079   +0.64410   +0.29286  -0.21803   -0.71800
 6      +0.16703   +0.38000   +0.55673  -0.21974   -0.71800
 7      -0.07902   +0.54854   +0.38919  -0.22000   -0.71800
 8      +0.04920   +0.46204   +0.47534  -0.21969   -0.71800
 9      -0.12889   +0.58150   +0.35564  -0.21996   -0.71800
 10      +0.40204   +0.21924   +0.71560  -0.21742   -0.71800
 11      +0.60518   +0.02829   +0.89968  -0.21097   -0.71700
 12      -0.32184   +0.71318   +0.22159  -0.21777   -0.71777
 13      +0.11441   +0.02591   +0.02709  +0.14100   -0.19400
 14      -0.00464   +0.02736   +0.02564  +0.14100   -0.19400
 15      +0.00068   +0.02730   +0.02570  +0.14100   -0.19400
 16      +0.00206   +0.02728   +0.02572  +0.14100   -0.19400
 17      +0.06164   +0.45341   +0.48370  -0.21955   -0.71800
 18      -0.36327   +0.74140   +0.19289  -0.21729   -0.71729
 19      +0.74859   +0.00832   +0.91602  -0.20735   -0.71700
 20      -0.49384   +0.83935   +0.09134  -0.21369   -0.71700
 21      +0.76845   +0.00749   +0.91692  -0.20742   -0.71700
 22      -0.22569   +0.64745   +0.28942  -0.21800   -0.71800
 23      +0.33174   +0.26730   +0.66896  -0.21825   -0.71800
 24      -0.18573   +0.62011   +0.31689  -0.21886   -0.71800
 25      +0.18191   +0.36965   +0.56727  -0.21992   -0.71800
 26      -0.05508   +0.53267   +0.40529  -0.22000   -0.71800
];

driver(:,:,4) = [+3.000000e-03   +9.270000e-01   -2.120000e-01   -7.170000e-01
+9.290000e-01   +0   -2.120000e-01   -7.170000e-01
+9.290000e-01   +0   -2.120000e-01   -7.170000e-01
];

conf(:,:,4) = [ 1      -0.71046   +0.92097   +0.00513  -0.20910   -0.71700
 2      +0.48173   +0.14721   +0.78566  -0.21588   -0.71744
 3      -0.59314   +0.89227   +0.03591  -0.21118   -0.71700
 4      -0.14838   +0.59456   +0.34244  -0.21977   -0.71800
 5      -0.08425   +0.55199   +0.38568  -0.22000   -0.71800
 6      +0.03360   +0.47286   +0.46485  -0.21986   -0.71800
 7      -0.00409   +0.49846   +0.43954  -0.22000   -0.71800
 8      +0.00941   +0.48940   +0.44860  -0.22000   -0.71800
 9      +0.04164   +0.46728   +0.47026  -0.21977   -0.71800
 10      -0.28099   +0.68529   +0.25024  -0.21800   -0.71800
 11      +0.72427   +0.01064   +0.91427  -0.20791   -0.71700
 12      -0.60028   +0.89406   +0.03399  -0.21104   -0.71700
 13      +0.73162   +0.00992   +0.91481  -0.20773   -0.71700
 14      -0.65143   +0.90688   +0.02022  -0.21011   -0.71700
 15      +0.36350   +0.24546   +0.69022  -0.21787   -0.71800
 16      -0.15281   +0.59759   +0.33941  -0.21966   -0.71800
 17      +0.44032   +0.18891   +0.74501  -0.21682   -0.71786
 18      -0.23900   +0.65656   +0.27999  -0.21800   -0.71800
 19      +0.72127   +0.01093   +0.91405  -0.20798   -0.71700
 20      -0.43464   +0.79400   +0.13854  -0.21554   -0.71700
 21      +0.81871   +0.00630   +0.91875  -0.20805   -0.71700
 22      -0.06414   +0.53871   +0.39920  -0.22000   -0.71800
 23      +0.25119   +0.32292   +0.61408  -0.21923   -0.71800
 24      -0.10107   +0.56309   +0.37437  -0.22000   -0.71800
 25      +0.13708   +0.40087   +0.53553  -0.21939   -0.71800
 26      -0.02937   +0.51543   +0.42256  -0.22000   -0.71800
];
