%%%%%%%%%%%%%%%%%%%%%%%%%%%%%%%%%%%%%%%%%%%%%%%%%%%%%%%%%%%%%%%%%%%%%%%%%%%%
%
%       Self-Consistent Electrostatic Potential Algorithm (SCERPA)
% 
%       VLSI Nanocomputing Research Group 
%       Dept. of Electronics and Telecommunications  
%       Politecnico di Torino, Turin, Italy 
%       (https://www.vlsilab.polito.it/) 
% 
%       People [people you may contact for info] 
%         Yuri Ardesi (yuri.ardesi@polito.it)
%         Giuliana Beretta (giuliana.beretta@polito.it)
% 
%       Supervision: Gianluca Piccinini, Mariagrazia Graziano 
% 
%       Relevant pubblications doi: 10.1109/TCAD.2019.2960360 
%                                   10.1109/TVLSI.2020.3045198  
% 
%%%%%%%%%%%%%%%%%%%%%%%%%%%%%%%%%%%%%%%%%%%%%%%%%%%%%%%%%%%%%%%%%%%%%%%%%%%%


%% Files Analysed:
%%    ../Layout/Data/Data_Molecule.mat
%%    ../Layout/Data/Data_Driver.mat
%%    ../Layout/Data/Data_Output.mat
%%    ../Layout/Data/Fake_Phases.mat
%%    ../Layout/Data/Values_Driver.mat


%%    Configuration of data output: 
%%    ID - Vin - Q1 ... QN: 

% TIME 1

% DOT1   -   DOT2   -   DOT3   -   DOT4
driver(:,:,1) = [+3.000000e-03   +9.270000e-01   -2.120000e-01   -7.170000e-01
+9.290000e-01   +0   -2.120000e-01   -7.170000e-01
];

% MOL   -   VOUT   -   DOT1   -   DOT2   -   DOT3   -   DOT4
conf(:,:,1) = [ 1      +0.32624   +0.02432   +0.02968  +0.14000   -0.19400
 2      +0.04709   +0.02673   +0.02627  +0.14100   -0.19400
 3      +0.01365   +0.02714   +0.02586  +0.14100   -0.19400
 4      +0.00603   +0.02723   +0.02577  +0.14100   -0.19400
 5      +0.00357   +0.02726   +0.02574  +0.14100   -0.19400
 6      +0.00259   +0.02727   +0.02573  +0.14100   -0.19400
 7      +0.00214   +0.02728   +0.02572  +0.14100   -0.19400
 8      +0.00191   +0.02728   +0.02572  +0.14100   -0.19400
 9      +0.00178   +0.02728   +0.02572  +0.14100   -0.19400
 10      +0.00170   +0.02728   +0.02572  +0.14100   -0.19400
 11      +0.00165   +0.02728   +0.02572  +0.14100   -0.19400
 12      +0.00162   +0.02728   +0.02572  +0.14100   -0.19400
 13      +0.00158   +0.02728   +0.02572  +0.14100   -0.19400
 14      +0.00154   +0.02729   +0.02571  +0.14100   -0.19400
 15      +0.00144   +0.02729   +0.02571  +0.14100   -0.19400
 16      +0.00080   +0.02729   +0.02571  +0.14100   -0.19400
];

% TIME 2

% DOT1   -   DOT2   -   DOT3   -   DOT4
driver(:,:,2) = [+3.000000e-03   +9.270000e-01   -2.120000e-01   -7.170000e-01
+9.290000e-01   +0   -2.120000e-01   -7.170000e-01
];

% MOL   -   VOUT   -   DOT1   -   DOT2   -   DOT3   -   DOT4
conf(:,:,2) = [ 1      +0.36150   +0.04381   +0.30416  +0.06007   -0.40787
 2      -0.07648   +0.21414   +0.12559  +0.06690   -0.40626
 3      +0.03892   +0.16222   +0.19694  +0.05898   -0.41813
 4      -0.01333   +0.18620   +0.16556  +0.06270   -0.41423
 5      +0.01093   +0.17465   +0.18393  +0.06003   -0.41853
 6      -0.00337   +0.18146   +0.17310  +0.06161   -0.41600
 7      +0.00482   +0.17756   +0.17931  +0.06071   -0.41745
 8      +0.00005   +0.17983   +0.17570  +0.06123   -0.41660
 9      +0.00280   +0.17852   +0.17778  +0.06093   -0.41709
 10      +0.00119   +0.17929   +0.17656  +0.06110   -0.41680
 11      +0.00217   +0.17882   +0.17730  +0.06100   -0.41698
 12      +0.00149   +0.17914   +0.17679  +0.06107   -0.41686
 13      +0.00210   +0.17885   +0.17724  +0.06100   -0.41696
 14      +0.00135   +0.17921   +0.17668  +0.06109   -0.41683
 15      +0.00249   +0.17867   +0.17754  +0.06096   -0.41703
 16      +0.00055   +0.17959   +0.17607  +0.06117   -0.41669
];

% TIME 3

% DOT1   -   DOT2   -   DOT3   -   DOT4
driver(:,:,3) = [+3.000000e-03   +9.270000e-01   -2.120000e-01   -7.170000e-01
+9.290000e-01   +0   -2.120000e-01   -7.170000e-01
];

% MOL   -   VOUT   -   DOT1   -   DOT2   -   DOT3   -   DOT4
conf(:,:,3) = [ 1      +0.57527   +0.04087   +0.65074  -0.06055   -0.63178
 2      -0.41613   +0.68556   +0.03033  -0.08562   -0.63026
 3      +0.49841   +0.06968   +0.64359  -0.06963   -0.64363
 4      -0.40597   +0.69112   +0.03075  -0.09094   -0.63091
 5      +0.50335   +0.07258   +0.63949  -0.06749   -0.64458
 6      -0.40093   +0.69388   +0.03096  -0.09358   -0.63123
 7      +0.50522   +0.07353   +0.63808  -0.06672   -0.64488
 8      -0.40072   +0.69400   +0.03096  -0.09369   -0.63125
 9      +0.50352   +0.07268   +0.63934  -0.06741   -0.64461
 10      -0.40620   +0.69099   +0.03074  -0.09082   -0.63089
 11      +0.49746   +0.06912   +0.64438  -0.07005   -0.64345
 12      -0.41967   +0.68361   +0.03019  -0.08376   -0.63003
 13      +0.48451   +0.06149   +0.65515  -0.07568   -0.64097
 14      -0.44293   +0.66636   +0.03000  -0.06828   -0.62807
 15      +0.45040   +0.04591   +0.67206  -0.08330   -0.63467
 16      -0.22852   +0.57527   +0.08236  -0.03321   -0.62433
];

% TIME 4

% DOT1   -   DOT2   -   DOT3   -   DOT4
driver(:,:,4) = [+3.000000e-03   +9.270000e-01   -2.120000e-01   -7.170000e-01
+9.290000e-01   +0   -2.120000e-01   -7.170000e-01
];

% MOL   -   VOUT   -   DOT1   -   DOT2   -   DOT3   -   DOT4
conf(:,:,4) = [ 1      +0.63559   +0.02115   +0.81317  -0.16090   -0.67381
 2      -0.54870   +0.85310   +0.03328  -0.20665   -0.67973
 3      +0.56180   +0.05551   +0.75715  -0.13682   -0.67612
 4      -0.47975   +0.75504   +0.06514  -0.14713   -0.67305
 5      +0.49985   +0.09902   +0.72364  -0.14221   -0.68056
 6      -0.45225   +0.73324   +0.07725  -0.13837   -0.67212
 7      +0.48944   +0.10161   +0.72245  -0.14461   -0.67963
 8      -0.45191   +0.73325   +0.07738  -0.13850   -0.67214
 9      +0.48945   +0.10161   +0.72245  -0.14460   -0.67963
 10      -0.45181   +0.73325   +0.07742  -0.13853   -0.67214
 11      +0.48958   +0.10158   +0.72246  -0.14457   -0.67964
 12      -0.45145   +0.73325   +0.07757  -0.13866   -0.67216
 13      +0.48857   +0.10183   +0.72235  -0.14481   -0.67955
 14      -0.42159   +0.73329   +0.08951  -0.14935   -0.67346
 15      +0.38643   +0.14092   +0.65945  -0.12918   -0.67140
 16      -0.18301   +0.56724   +0.22415  -0.12170   -0.66966
];

% TIME 5

% DOT1   -   DOT2   -   DOT3   -   DOT4
driver(:,:,5) = [+3.000000e-03   +9.270000e-01   -2.120000e-01   -7.170000e-01
+9.290000e-01   +0   -2.120000e-01   -7.170000e-01
];

% MOL   -   VOUT   -   DOT1   -   DOT2   -   DOT3   -   DOT4
conf(:,:,5) = [ 1      +0.65471   +0.01744   +0.90917  -0.20961   -0.71700
 2      -0.66262   +0.90969   +0.01721  -0.20990   -0.71700
 3      +0.65414   +0.01749   +0.90913  -0.20962   -0.71700
 4      -0.65976   +0.90897   +0.01798  -0.20995   -0.71700
 5      +0.65502   +0.01741   +0.90919  -0.20960   -0.71700
 6      -0.65901   +0.90879   +0.01818  -0.20997   -0.71700
 7      +0.65533   +0.01738   +0.90922  -0.20959   -0.71700
 8      -0.65869   +0.90871   +0.01827  -0.20997   -0.71700
 9      +0.65551   +0.01736   +0.90923  -0.20959   -0.71700
 10      -0.65842   +0.90864   +0.01834  -0.20998   -0.71700
 11      +0.65575   +0.01734   +0.90925  -0.20958   -0.71700
 12      -0.65847   +0.90865   +0.01833  -0.20998   -0.71700
 13      +0.63401   +0.01946   +0.90765  -0.21012   -0.71700
 14      -0.52062   +0.85987   +0.06999  -0.21286   -0.71700
 15      +0.40500   +0.21723   +0.71753  -0.21738   -0.71800
 16      -0.16927   +0.60885   +0.32815  -0.21926   -0.71800
];

% TIME 6

% DOT1   -   DOT2   -   DOT3   -   DOT4
driver(:,:,6) = [+3.000000e-03   +9.270000e-01   -2.120000e-01   -7.170000e-01
+9.290000e-01   +0   -2.120000e-01   -7.170000e-01
];

% MOL   -   VOUT   -   DOT1   -   DOT2   -   DOT3   -   DOT4
conf(:,:,6) = [ 1      +0.65471   +0.01744   +0.90917  -0.20961   -0.71700
 2      -0.66262   +0.90969   +0.01721  -0.20990   -0.71700
 3      +0.65414   +0.01749   +0.90913  -0.20962   -0.71700
 4      -0.65976   +0.90897   +0.01798  -0.20995   -0.71700
 5      +0.65502   +0.01741   +0.90919  -0.20960   -0.71700
 6      -0.65901   +0.90879   +0.01818  -0.20997   -0.71700
 7      +0.65533   +0.01738   +0.90922  -0.20959   -0.71700
 8      -0.65869   +0.90871   +0.01827  -0.20997   -0.71700
 9      +0.65551   +0.01736   +0.90923  -0.20959   -0.71700
 10      -0.65842   +0.90864   +0.01834  -0.20998   -0.71700
 11      +0.65575   +0.01734   +0.90925  -0.20958   -0.71700
 12      -0.65847   +0.90865   +0.01833  -0.20998   -0.71700
 13      +0.63401   +0.01946   +0.90765  -0.21012   -0.71700
 14      -0.52062   +0.85987   +0.06999  -0.21286   -0.71700
 15      +0.40500   +0.21723   +0.71754  -0.21738   -0.71800
 16      -0.16927   +0.60885   +0.32815  -0.21926   -0.71800
];

% TIME 7

% DOT1   -   DOT2   -   DOT3   -   DOT4
driver(:,:,7) = [+3.000000e-03   +9.270000e-01   -2.120000e-01   -7.170000e-01
+9.290000e-01   +0   -2.120000e-01   -7.170000e-01
];

% MOL   -   VOUT   -   DOT1   -   DOT2   -   DOT3   -   DOT4
conf(:,:,7) = [ 1      +0.65471   +0.01744   +0.90917  -0.20961   -0.71700
 2      -0.66262   +0.90969   +0.01721  -0.20990   -0.71700
 3      +0.65414   +0.01749   +0.90913  -0.20962   -0.71700
 4      -0.65976   +0.90897   +0.01798  -0.20995   -0.71700
 5      +0.65502   +0.01741   +0.90919  -0.20960   -0.71700
 6      -0.65901   +0.90879   +0.01818  -0.20997   -0.71700
 7      +0.65533   +0.01738   +0.90922  -0.20959   -0.71700
 8      -0.65869   +0.90871   +0.01827  -0.20997   -0.71700
 9      +0.65551   +0.01736   +0.90923  -0.20959   -0.71700
 10      -0.65842   +0.90864   +0.01834  -0.20998   -0.71700
 11      +0.65575   +0.01734   +0.90925  -0.20958   -0.71700
 12      -0.65847   +0.90865   +0.01833  -0.20998   -0.71700
 13      +0.63401   +0.01946   +0.90765  -0.21012   -0.71700
 14      -0.52062   +0.85987   +0.06999  -0.21286   -0.71700
 15      +0.40500   +0.21723   +0.71754  -0.21738   -0.71800
 16      -0.16927   +0.60885   +0.32815  -0.21926   -0.71800
];

% TIME 8

% DOT1   -   DOT2   -   DOT3   -   DOT4
driver(:,:,8) = [+3.000000e-03   +9.270000e-01   -2.120000e-01   -7.170000e-01
+9.290000e-01   +0   -2.120000e-01   -7.170000e-01
];

% MOL   -   VOUT   -   DOT1   -   DOT2   -   DOT3   -   DOT4
conf(:,:,8) = [ 1      +0.65471   +0.01744   +0.90917  -0.20961   -0.71700
 2      -0.66262   +0.90969   +0.01721  -0.20990   -0.71700
 3      +0.65414   +0.01749   +0.90913  -0.20962   -0.71700
 4      -0.65976   +0.90897   +0.01798  -0.20995   -0.71700
 5      +0.65502   +0.01741   +0.90919  -0.20960   -0.71700
 6      -0.65901   +0.90879   +0.01818  -0.20997   -0.71700
 7      +0.65533   +0.01738   +0.90922  -0.20959   -0.71700
 8      -0.65869   +0.90871   +0.01827  -0.20997   -0.71700
 9      +0.65551   +0.01736   +0.90923  -0.20959   -0.71700
 10      -0.65842   +0.90864   +0.01834  -0.20998   -0.71700
 11      +0.65575   +0.01734   +0.90925  -0.20958   -0.71700
 12      -0.65847   +0.90865   +0.01833  -0.20998   -0.71700
 13      +0.63401   +0.01946   +0.90765  -0.21012   -0.71700
 14      -0.52062   +0.85987   +0.06999  -0.21286   -0.71700
 15      +0.40500   +0.21723   +0.71754  -0.21738   -0.71800
 16      -0.16927   +0.60885   +0.32815  -0.21926   -0.71800
];

% TIME 9

% DOT1   -   DOT2   -   DOT3   -   DOT4
driver(:,:,9) = [+3.000000e-03   +9.270000e-01   -2.120000e-01   -7.170000e-01
+9.290000e-01   +0   -2.120000e-01   -7.170000e-01
];

% MOL   -   VOUT   -   DOT1   -   DOT2   -   DOT3   -   DOT4
conf(:,:,9) = [ 1      +0.65471   +0.01744   +0.90917  -0.20961   -0.71700
 2      -0.66262   +0.90969   +0.01721  -0.20990   -0.71700
 3      +0.65414   +0.01749   +0.90913  -0.20962   -0.71700
 4      -0.65976   +0.90897   +0.01798  -0.20995   -0.71700
 5      +0.65502   +0.01741   +0.90919  -0.20960   -0.71700
 6      -0.65901   +0.90879   +0.01818  -0.20997   -0.71700
 7      +0.65533   +0.01738   +0.90922  -0.20959   -0.71700
 8      -0.65869   +0.90871   +0.01827  -0.20997   -0.71700
 9      +0.65551   +0.01736   +0.90923  -0.20959   -0.71700
 10      -0.65842   +0.90864   +0.01834  -0.20998   -0.71700
 11      +0.65575   +0.01734   +0.90925  -0.20958   -0.71700
 12      -0.65847   +0.90865   +0.01833  -0.20998   -0.71700
 13      +0.63401   +0.01946   +0.90765  -0.21012   -0.71700
 14      -0.52062   +0.85987   +0.06999  -0.21286   -0.71700
 15      +0.40500   +0.21723   +0.71754  -0.21738   -0.71800
 16      -0.16927   +0.60885   +0.32815  -0.21926   -0.71800
];

% TIME 10

% DOT1   -   DOT2   -   DOT3   -   DOT4
driver(:,:,10) = [+3.000000e-03   +9.270000e-01   -2.120000e-01   -7.170000e-01
+9.290000e-01   +0   -2.120000e-01   -7.170000e-01
];

% MOL   -   VOUT   -   DOT1   -   DOT2   -   DOT3   -   DOT4
conf(:,:,10) = [ 1      +0.65471   +0.01744   +0.90917  -0.20961   -0.71700
 2      -0.66262   +0.90969   +0.01721  -0.20990   -0.71700
 3      +0.65414   +0.01749   +0.90913  -0.20962   -0.71700
 4      -0.65976   +0.90897   +0.01798  -0.20995   -0.71700
 5      +0.65502   +0.01741   +0.90919  -0.20960   -0.71700
 6      -0.65901   +0.90879   +0.01818  -0.20997   -0.71700
 7      +0.65533   +0.01738   +0.90922  -0.20959   -0.71700
 8      -0.65869   +0.90871   +0.01827  -0.20997   -0.71700
 9      +0.65551   +0.01736   +0.90923  -0.20959   -0.71700
 10      -0.65842   +0.90864   +0.01834  -0.20998   -0.71700
 11      +0.65575   +0.01734   +0.90925  -0.20958   -0.71700
 12      -0.65847   +0.90865   +0.01833  -0.20998   -0.71700
 13      +0.63401   +0.01946   +0.90765  -0.21012   -0.71700
 14      -0.52062   +0.85987   +0.06999  -0.21286   -0.71700
 15      +0.40500   +0.21723   +0.71754  -0.21738   -0.71800
 16      -0.16927   +0.60885   +0.32815  -0.21926   -0.71800
];

% TIME 11

% DOT1   -   DOT2   -   DOT3   -   DOT4
driver(:,:,11) = [+3.000000e-03   +9.270000e-01   -2.120000e-01   -7.170000e-01
+9.290000e-01   +0   -2.120000e-01   -7.170000e-01
];

% MOL   -   VOUT   -   DOT1   -   DOT2   -   DOT3   -   DOT4
conf(:,:,11) = [ 1      +0.65471   +0.01744   +0.90917  -0.20961   -0.71700
 2      -0.66262   +0.90969   +0.01721  -0.20990   -0.71700
 3      +0.65414   +0.01749   +0.90913  -0.20962   -0.71700
 4      -0.65976   +0.90897   +0.01798  -0.20995   -0.71700
 5      +0.65502   +0.01741   +0.90919  -0.20960   -0.71700
 6      -0.65901   +0.90879   +0.01818  -0.20997   -0.71700
 7      +0.65533   +0.01738   +0.90922  -0.20959   -0.71700
 8      -0.65869   +0.90871   +0.01827  -0.20997   -0.71700
 9      +0.65551   +0.01736   +0.90923  -0.20959   -0.71700
 10      -0.65842   +0.90864   +0.01834  -0.20998   -0.71700
 11      +0.65575   +0.01734   +0.90925  -0.20958   -0.71700
 12      -0.65847   +0.90865   +0.01833  -0.20998   -0.71700
 13      +0.63401   +0.01946   +0.90765  -0.21012   -0.71700
 14      -0.52062   +0.85987   +0.06999  -0.21286   -0.71700
 15      +0.40500   +0.21723   +0.71754  -0.21738   -0.71800
 16      -0.16927   +0.60885   +0.32815  -0.21926   -0.71800
];

% TIME 12

% DOT1   -   DOT2   -   DOT3   -   DOT4
driver(:,:,12) = [+3.000000e-03   +9.270000e-01   -2.120000e-01   -7.170000e-01
+9.290000e-01   +0   -2.120000e-01   -7.170000e-01
];

% MOL   -   VOUT   -   DOT1   -   DOT2   -   DOT3   -   DOT4
conf(:,:,12) = [ 1      +0.63559   +0.02115   +0.81317  -0.16090   -0.67381
 2      -0.54871   +0.85310   +0.03328  -0.20665   -0.67973
 3      +0.56182   +0.05550   +0.75716  -0.13682   -0.67612
 4      -0.47976   +0.75506   +0.06513  -0.14714   -0.67305
 5      +0.49986   +0.09902   +0.72365  -0.14221   -0.68056
 6      -0.45225   +0.73324   +0.07725  -0.13837   -0.67212
 7      +0.48944   +0.10161   +0.72245  -0.14461   -0.67963
 8      -0.45191   +0.73325   +0.07738  -0.13850   -0.67214
 9      +0.48945   +0.10161   +0.72245  -0.14460   -0.67963
 10      -0.45181   +0.73325   +0.07742  -0.13853   -0.67214
 11      +0.48958   +0.10158   +0.72246  -0.14457   -0.67964
 12      -0.45145   +0.73325   +0.07757  -0.13866   -0.67216
 13      +0.48857   +0.10183   +0.72235  -0.14481   -0.67955
 14      -0.42157   +0.73329   +0.08952  -0.14935   -0.67346
 15      +0.38640   +0.14094   +0.65942  -0.12916   -0.67139
 16      -0.18299   +0.56722   +0.22417  -0.12170   -0.66966
];

% TIME 13

% DOT1   -   DOT2   -   DOT3   -   DOT4
driver(:,:,13) = [+3.000000e-03   +9.270000e-01   -2.120000e-01   -7.170000e-01
+9.290000e-01   +0   -2.120000e-01   -7.170000e-01
];

% MOL   -   VOUT   -   DOT1   -   DOT2   -   DOT3   -   DOT4
conf(:,:,13) = [ 1      +0.57527   +0.04087   +0.65074  -0.06055   -0.63178
 2      -0.41613   +0.68556   +0.03033  -0.08562   -0.63026
 3      +0.49841   +0.06968   +0.64359  -0.06963   -0.64363
 4      -0.40597   +0.69112   +0.03075  -0.09094   -0.63091
 5      +0.50335   +0.07258   +0.63949  -0.06749   -0.64458
 6      -0.40093   +0.69388   +0.03096  -0.09358   -0.63123
 7      +0.50522   +0.07353   +0.63808  -0.06672   -0.64488
 8      -0.40072   +0.69400   +0.03096  -0.09369   -0.63125
 9      +0.50352   +0.07268   +0.63934  -0.06741   -0.64461
 10      -0.40620   +0.69099   +0.03074  -0.09082   -0.63089
 11      +0.49746   +0.06912   +0.64438  -0.07005   -0.64345
 12      -0.41967   +0.68361   +0.03019  -0.08376   -0.63003
 13      +0.48451   +0.06149   +0.65515  -0.07568   -0.64097
 14      -0.44293   +0.66636   +0.03000  -0.06828   -0.62807
 15      +0.45040   +0.04591   +0.67206  -0.08330   -0.63467
 16      -0.22852   +0.57527   +0.08236  -0.03321   -0.62433
];

% TIME 14

% DOT1   -   DOT2   -   DOT3   -   DOT4
driver(:,:,14) = [+3.000000e-03   +9.270000e-01   -2.120000e-01   -7.170000e-01
+9.290000e-01   +0   -2.120000e-01   -7.170000e-01
];

% MOL   -   VOUT   -   DOT1   -   DOT2   -   DOT3   -   DOT4
conf(:,:,14) = [ 1      +0.36150   +0.04381   +0.30416  +0.06007   -0.40787
 2      -0.07648   +0.21415   +0.12559  +0.06690   -0.40626
 3      +0.03892   +0.16222   +0.19694  +0.05898   -0.41813
 4      -0.01334   +0.18621   +0.16556  +0.06270   -0.41423
 5      +0.01094   +0.17464   +0.18394  +0.06003   -0.41853
 6      -0.00339   +0.18147   +0.17309  +0.06161   -0.41599
 7      +0.00484   +0.17755   +0.17932  +0.06070   -0.41745
 8      +0.00004   +0.17983   +0.17569  +0.06123   -0.41660
 9      +0.00281   +0.17851   +0.17779  +0.06093   -0.41709
 10      +0.00118   +0.17929   +0.17655  +0.06111   -0.41680
 11      +0.00217   +0.17882   +0.17730  +0.06100   -0.41698
 12      +0.00149   +0.17914   +0.17679  +0.06107   -0.41686
 13      +0.00210   +0.17885   +0.17725  +0.06100   -0.41696
 14      +0.00135   +0.17921   +0.17668  +0.06109   -0.41683
 15      +0.00249   +0.17867   +0.17754  +0.06096   -0.41703
 16      +0.00055   +0.17959   +0.17607  +0.06117   -0.41669
];

% TIME 15

% DOT1   -   DOT2   -   DOT3   -   DOT4
driver(:,:,15) = [+3.000000e-03   +9.270000e-01   -2.120000e-01   -7.170000e-01
+9.290000e-01   +0   -2.120000e-01   -7.170000e-01
];

% MOL   -   VOUT   -   DOT1   -   DOT2   -   DOT3   -   DOT4
conf(:,:,15) = [ 1      +0.32625   +0.02432   +0.02968  +0.14000   -0.19400
 2      +0.04709   +0.02673   +0.02627  +0.14100   -0.19400
 3      +0.01365   +0.02714   +0.02586  +0.14100   -0.19400
 4      +0.00603   +0.02723   +0.02577  +0.14100   -0.19400
 5      +0.00357   +0.02726   +0.02574  +0.14100   -0.19400
 6      +0.00259   +0.02727   +0.02573  +0.14100   -0.19400
 7      +0.00214   +0.02728   +0.02572  +0.14100   -0.19400
 8      +0.00191   +0.02728   +0.02572  +0.14100   -0.19400
 9      +0.00178   +0.02728   +0.02572  +0.14100   -0.19400
 10      +0.00170   +0.02728   +0.02572  +0.14100   -0.19400
 11      +0.00165   +0.02728   +0.02572  +0.14100   -0.19400
 12      +0.00162   +0.02728   +0.02572  +0.14100   -0.19400
 13      +0.00158   +0.02728   +0.02572  +0.14100   -0.19400
 14      +0.00154   +0.02729   +0.02571  +0.14100   -0.19400
 15      +0.00144   +0.02729   +0.02571  +0.14100   -0.19400
 16      +0.00080   +0.02729   +0.02571  +0.14100   -0.19400
];

% TIME 16

% DOT1   -   DOT2   -   DOT3   -   DOT4
driver(:,:,16) = [+3.000000e-03   +9.270000e-01   -2.120000e-01   -7.170000e-01
+9.290000e-01   +0   -2.120000e-01   -7.170000e-01
];

% MOL   -   VOUT   -   DOT1   -   DOT2   -   DOT3   -   DOT4
conf(:,:,16) = [ 1      +0.32625   +0.02432   +0.02968  +0.14000   -0.19400
 2      +0.04709   +0.02673   +0.02627  +0.14100   -0.19400
 3      +0.01365   +0.02714   +0.02586  +0.14100   -0.19400
 4      +0.00603   +0.02723   +0.02577  +0.14100   -0.19400
 5      +0.00357   +0.02726   +0.02574  +0.14100   -0.19400
 6      +0.00259   +0.02727   +0.02573  +0.14100   -0.19400
 7      +0.00214   +0.02728   +0.02572  +0.14100   -0.19400
 8      +0.00191   +0.02728   +0.02572  +0.14100   -0.19400
 9      +0.00178   +0.02728   +0.02572  +0.14100   -0.19400
 10      +0.00170   +0.02728   +0.02572  +0.14100   -0.19400
 11      +0.00165   +0.02728   +0.02572  +0.14100   -0.19400
 12      +0.00162   +0.02728   +0.02572  +0.14100   -0.19400
 13      +0.00158   +0.02728   +0.02572  +0.14100   -0.19400
 14      +0.00154   +0.02729   +0.02571  +0.14100   -0.19400
 15      +0.00144   +0.02729   +0.02571  +0.14100   -0.19400
 16      +0.00080   +0.02729   +0.02571  +0.14100   -0.19400
];

% TIME 17

% DOT1   -   DOT2   -   DOT3   -   DOT4
driver(:,:,17) = [+3.000000e-03   +9.270000e-01   -2.120000e-01   -7.170000e-01
+9.290000e-01   +0   -2.120000e-01   -7.170000e-01
];

% MOL   -   VOUT   -   DOT1   -   DOT2   -   DOT3   -   DOT4
conf(:,:,17) = [ 1      +0.32625   +0.02432   +0.02968  +0.14000   -0.19400
 2      +0.04709   +0.02673   +0.02627  +0.14100   -0.19400
 3      +0.01365   +0.02714   +0.02586  +0.14100   -0.19400
 4      +0.00603   +0.02723   +0.02577  +0.14100   -0.19400
 5      +0.00357   +0.02726   +0.02574  +0.14100   -0.19400
 6      +0.00259   +0.02727   +0.02573  +0.14100   -0.19400
 7      +0.00214   +0.02728   +0.02572  +0.14100   -0.19400
 8      +0.00191   +0.02728   +0.02572  +0.14100   -0.19400
 9      +0.00178   +0.02728   +0.02572  +0.14100   -0.19400
 10      +0.00170   +0.02728   +0.02572  +0.14100   -0.19400
 11      +0.00165   +0.02728   +0.02572  +0.14100   -0.19400
 12      +0.00162   +0.02728   +0.02572  +0.14100   -0.19400
 13      +0.00158   +0.02728   +0.02572  +0.14100   -0.19400
 14      +0.00154   +0.02729   +0.02571  +0.14100   -0.19400
 15      +0.00144   +0.02729   +0.02571  +0.14100   -0.19400
 16      +0.00080   +0.02729   +0.02571  +0.14100   -0.19400
];

% TIME 18

% DOT1   -   DOT2   -   DOT3   -   DOT4
driver(:,:,18) = [+3.000000e-03   +9.270000e-01   -2.120000e-01   -7.170000e-01
+9.290000e-01   +0   -2.120000e-01   -7.170000e-01
];

% MOL   -   VOUT   -   DOT1   -   DOT2   -   DOT3   -   DOT4
conf(:,:,18) = [ 1      +0.32625   +0.02432   +0.02968  +0.14000   -0.19400
 2      +0.04709   +0.02673   +0.02627  +0.14100   -0.19400
 3      +0.01365   +0.02714   +0.02586  +0.14100   -0.19400
 4      +0.00603   +0.02723   +0.02577  +0.14100   -0.19400
 5      +0.00357   +0.02726   +0.02574  +0.14100   -0.19400
 6      +0.00259   +0.02727   +0.02573  +0.14100   -0.19400
 7      +0.00214   +0.02728   +0.02572  +0.14100   -0.19400
 8      +0.00191   +0.02728   +0.02572  +0.14100   -0.19400
 9      +0.00178   +0.02728   +0.02572  +0.14100   -0.19400
 10      +0.00170   +0.02728   +0.02572  +0.14100   -0.19400
 11      +0.00165   +0.02728   +0.02572  +0.14100   -0.19400
 12      +0.00162   +0.02728   +0.02572  +0.14100   -0.19400
 13      +0.00158   +0.02728   +0.02572  +0.14100   -0.19400
 14      +0.00154   +0.02729   +0.02571  +0.14100   -0.19400
 15      +0.00144   +0.02729   +0.02571  +0.14100   -0.19400
 16      +0.00080   +0.02729   +0.02571  +0.14100   -0.19400
];

% TIME 19

% DOT1   -   DOT2   -   DOT3   -   DOT4
driver(:,:,19) = [+3.000000e-03   +9.270000e-01   -2.120000e-01   -7.170000e-01
+9.290000e-01   +0   -2.120000e-01   -7.170000e-01
];

% MOL   -   VOUT   -   DOT1   -   DOT2   -   DOT3   -   DOT4
conf(:,:,19) = [ 1      +0.32625   +0.02432   +0.02968  +0.14000   -0.19400
 2      +0.04709   +0.02673   +0.02627  +0.14100   -0.19400
 3      +0.01365   +0.02714   +0.02586  +0.14100   -0.19400
 4      +0.00603   +0.02723   +0.02577  +0.14100   -0.19400
 5      +0.00357   +0.02726   +0.02574  +0.14100   -0.19400
 6      +0.00259   +0.02727   +0.02573  +0.14100   -0.19400
 7      +0.00214   +0.02728   +0.02572  +0.14100   -0.19400
 8      +0.00191   +0.02728   +0.02572  +0.14100   -0.19400
 9      +0.00178   +0.02728   +0.02572  +0.14100   -0.19400
 10      +0.00170   +0.02728   +0.02572  +0.14100   -0.19400
 11      +0.00165   +0.02728   +0.02572  +0.14100   -0.19400
 12      +0.00162   +0.02728   +0.02572  +0.14100   -0.19400
 13      +0.00158   +0.02728   +0.02572  +0.14100   -0.19400
 14      +0.00154   +0.02729   +0.02571  +0.14100   -0.19400
 15      +0.00144   +0.02729   +0.02571  +0.14100   -0.19400
 16      +0.00080   +0.02729   +0.02571  +0.14100   -0.19400
];

% TIME 20

% DOT1   -   DOT2   -   DOT3   -   DOT4
driver(:,:,20) = [+3.000000e-03   +9.270000e-01   -2.120000e-01   -7.170000e-01
+9.290000e-01   +0   -2.120000e-01   -7.170000e-01
];

% MOL   -   VOUT   -   DOT1   -   DOT2   -   DOT3   -   DOT4
conf(:,:,20) = [ 1      +0.32625   +0.02432   +0.02968  +0.14000   -0.19400
 2      +0.04709   +0.02673   +0.02627  +0.14100   -0.19400
 3      +0.01365   +0.02714   +0.02586  +0.14100   -0.19400
 4      +0.00603   +0.02723   +0.02577  +0.14100   -0.19400
 5      +0.00357   +0.02726   +0.02574  +0.14100   -0.19400
 6      +0.00259   +0.02727   +0.02573  +0.14100   -0.19400
 7      +0.00214   +0.02728   +0.02572  +0.14100   -0.19400
 8      +0.00191   +0.02728   +0.02572  +0.14100   -0.19400
 9      +0.00178   +0.02728   +0.02572  +0.14100   -0.19400
 10      +0.00170   +0.02728   +0.02572  +0.14100   -0.19400
 11      +0.00165   +0.02728   +0.02572  +0.14100   -0.19400
 12      +0.00162   +0.02728   +0.02572  +0.14100   -0.19400
 13      +0.00158   +0.02728   +0.02572  +0.14100   -0.19400
 14      +0.00154   +0.02729   +0.02571  +0.14100   -0.19400
 15      +0.00144   +0.02729   +0.02571  +0.14100   -0.19400
 16      +0.00080   +0.02729   +0.02571  +0.14100   -0.19400
];

% TIME 21

% DOT1   -   DOT2   -   DOT3   -   DOT4
driver(:,:,21) = [+9.290000e-01   +0   -2.120000e-01   -7.170000e-01
+3.000000e-03   +9.270000e-01   -2.120000e-01   -7.170000e-01
];

% MOL   -   VOUT   -   DOT1   -   DOT2   -   DOT3   -   DOT4
conf(:,:,21) = [ 1      -0.32270   +0.03124   +0.02300  +0.14195   -0.19542
 2      -0.04413   +0.02784   +0.02516  +0.14100   -0.19400
 3      -0.01060   +0.02743   +0.02557  +0.14100   -0.19400
 4      -0.00295   +0.02734   +0.02566  +0.14100   -0.19400
 5      -0.00048   +0.02731   +0.02569  +0.14100   -0.19400
 6      +0.00050   +0.02730   +0.02570  +0.14100   -0.19400
 7      +0.00096   +0.02729   +0.02571  +0.14100   -0.19400
 8      +0.00119   +0.02729   +0.02571  +0.14100   -0.19400
 9      +0.00132   +0.02729   +0.02571  +0.14100   -0.19400
 10      +0.00139   +0.02729   +0.02571  +0.14100   -0.19400
 11      +0.00144   +0.02729   +0.02571  +0.14100   -0.19400
 12      +0.00146   +0.02729   +0.02571  +0.14100   -0.19400
 13      +0.00147   +0.02729   +0.02571  +0.14100   -0.19400
 14      +0.00145   +0.02729   +0.02571  +0.14100   -0.19400
 15      +0.00137   +0.02729   +0.02571  +0.14100   -0.19400
 16      +0.00075   +0.02729   +0.02571  +0.14100   -0.19400
];

% TIME 22

% DOT1   -   DOT2   -   DOT3   -   DOT4
driver(:,:,22) = [+9.290000e-01   +0   -2.120000e-01   -7.170000e-01
+3.000000e-03   +9.270000e-01   -2.120000e-01   -7.170000e-01
];

% MOL   -   VOUT   -   DOT1   -   DOT2   -   DOT3   -   DOT4
conf(:,:,22) = [ 1      -0.35459   +0.34150   +0.03368  +0.03763   -0.41242
 2      +0.09964   +0.13649   +0.21414  +0.05941   -0.41004
 3      -0.03069   +0.19437   +0.15280  +0.06448   -0.41131
 4      +0.02049   +0.17011   +0.19104  +0.05901   -0.42014
 5      -0.00881   +0.18405   +0.16898  +0.06220   -0.41503
 6      +0.00805   +0.17602   +0.18175  +0.06035   -0.41802
 7      -0.00172   +0.18067   +0.17436  +0.06142   -0.41629
 8      +0.00388   +0.17800   +0.17860  +0.06081   -0.41728
 9      +0.00068   +0.17953   +0.17617  +0.06116   -0.41671
 10      +0.00244   +0.17869   +0.17751  +0.06097   -0.41703
 11      +0.00154   +0.17912   +0.17682  +0.06107   -0.41686
 12      +0.00187   +0.17896   +0.17708  +0.06103   -0.41692
 13      +0.00195   +0.17893   +0.17713  +0.06102   -0.41694
 14      +0.00145   +0.17916   +0.17675  +0.06108   -0.41685
 15      +0.00247   +0.17868   +0.17753  +0.06096   -0.41703
 16      +0.00059   +0.17957   +0.17610  +0.06117   -0.41670
];

% TIME 23

% DOT1   -   DOT2   -   DOT3   -   DOT4
driver(:,:,23) = [+9.290000e-01   +0   -2.120000e-01   -7.170000e-01
+3.000000e-03   +9.270000e-01   -2.120000e-01   -7.170000e-01
];

% MOL   -   VOUT   -   DOT1   -   DOT2   -   DOT3   -   DOT4
conf(:,:,23) = [ 1      -0.52747   +0.78625   +0.02029  -0.16783   -0.63870
 2      +0.53314   +0.06452   +0.63928  -0.06295   -0.64110
 3      -0.39964   +0.69459   +0.03101  -0.09425   -0.63132
 4      +0.50749   +0.07279   +0.63818  -0.06642   -0.64458
 5      -0.39889   +0.69499   +0.03104  -0.09464   -0.63136
 6      +0.50724   +0.07287   +0.63816  -0.06645   -0.64461
 7      -0.39923   +0.69481   +0.03103  -0.09447   -0.63134
 8      +0.50503   +0.07357   +0.63809  -0.06675   -0.64490
 9      -0.40361   +0.69241   +0.03085  -0.09218   -0.63106
 10      +0.49942   +0.07027   +0.64275  -0.06919   -0.64383
 11      -0.41612   +0.68556   +0.03033  -0.08562   -0.63026
 12      +0.48776   +0.06341   +0.65244  -0.07426   -0.64159
 13      -0.43661   +0.67135   +0.03000  -0.07271   -0.62864
 14      +0.46859   +0.05213   +0.66838  -0.08260   -0.63791
 15      -0.34201   +0.62908   +0.04983  -0.05341   -0.62496
 16      +0.21272   +0.17685   +0.45272  -0.01275   -0.61682
];

% TIME 24

% DOT1   -   DOT2   -   DOT3   -   DOT4
driver(:,:,24) = [+9.290000e-01   +0   -2.120000e-01   -7.170000e-01
+3.000000e-03   +9.270000e-01   -2.120000e-01   -7.170000e-01
];

% MOL   -   VOUT   -   DOT1   -   DOT2   -   DOT3   -   DOT4
conf(:,:,24) = [ 1      -0.58425   +0.85584   +0.02747  -0.20343   -0.67988
 2      +0.56525   +0.05254   +0.75953  -0.13669   -0.67568
 3      -0.47965   +0.75490   +0.06518  -0.14704   -0.67304
 4      +0.50101   +0.09873   +0.72378  -0.14194   -0.68066
 5      -0.45145   +0.73325   +0.07757  -0.13867   -0.67216
 6      +0.48998   +0.10148   +0.72251  -0.14448   -0.67967
 7      -0.45154   +0.73325   +0.07753  -0.13863   -0.67215
 8      +0.48967   +0.10156   +0.72247  -0.14455   -0.67965
 9      -0.45174   +0.73325   +0.07745  -0.13856   -0.67214
 10      +0.48949   +0.10160   +0.72245  -0.14459   -0.67963
 11      -0.45192   +0.73325   +0.07738  -0.13849   -0.67214
 12      +0.48875   +0.10179   +0.72237  -0.14476   -0.67956
 13      -0.44519   +0.73333   +0.08006  -0.14096   -0.67244
 14      +0.43189   +0.11888   +0.70489  -0.14949   -0.67469
 15      -0.29931   +0.62925   +0.15241  -0.11344   -0.66820
 16      +0.17077   +0.28925   +0.49471  -0.11620   -0.66826
];

% TIME 25

% DOT1   -   DOT2   -   DOT3   -   DOT4
driver(:,:,25) = [+9.290000e-01   +0   -2.120000e-01   -7.170000e-01
+3.000000e-03   +9.270000e-01   -2.120000e-01   -7.170000e-01
];

% MOL   -   VOUT   -   DOT1   -   DOT2   -   DOT3   -   DOT4
conf(:,:,25) = [ 1      -0.65361   +0.90743   +0.01963  -0.21007   -0.71700
 2      +0.65897   +0.01702   +0.90948  -0.20951   -0.71700
 3      -0.65618   +0.90808   +0.01894  -0.21002   -0.71700
 4      +0.65643   +0.01727   +0.90930  -0.20957   -0.71700
 5      -0.65769   +0.90845   +0.01854  -0.20999   -0.71700
 6      +0.65592   +0.01732   +0.90926  -0.20958   -0.71700
 7      -0.65812   +0.90856   +0.01842  -0.20998   -0.71700
 8      +0.65576   +0.01734   +0.90925  -0.20958   -0.71700
 9      -0.65824   +0.90859   +0.01839  -0.20998   -0.71700
 10      +0.65574   +0.01734   +0.90925  -0.20958   -0.71700
 11      -0.65813   +0.90857   +0.01842  -0.20998   -0.71700
 12      +0.65209   +0.01769   +0.90898  -0.20967   -0.71700
 13      -0.61330   +0.89732   +0.03048  -0.21081   -0.71700
 14      +0.53393   +0.09098   +0.84007  -0.21405   -0.71704
 15      -0.35902   +0.73850   +0.19584  -0.21734   -0.71734
 16      +0.18931   +0.36465   +0.57229  -0.21986   -0.71800
];

% TIME 26

% DOT1   -   DOT2   -   DOT3   -   DOT4
driver(:,:,26) = [+9.290000e-01   +0   -2.120000e-01   -7.170000e-01
+3.000000e-03   +9.270000e-01   -2.120000e-01   -7.170000e-01
];

% MOL   -   VOUT   -   DOT1   -   DOT2   -   DOT3   -   DOT4
conf(:,:,26) = [ 1      -0.65361   +0.90743   +0.01963  -0.21007   -0.71700
 2      +0.65897   +0.01702   +0.90948  -0.20951   -0.71700
 3      -0.65618   +0.90808   +0.01894  -0.21002   -0.71700
 4      +0.65643   +0.01727   +0.90930  -0.20957   -0.71700
 5      -0.65769   +0.90845   +0.01854  -0.20999   -0.71700
 6      +0.65592   +0.01732   +0.90926  -0.20958   -0.71700
 7      -0.65812   +0.90856   +0.01842  -0.20998   -0.71700
 8      +0.65576   +0.01734   +0.90925  -0.20958   -0.71700
 9      -0.65824   +0.90859   +0.01839  -0.20998   -0.71700
 10      +0.65574   +0.01734   +0.90925  -0.20958   -0.71700
 11      -0.65813   +0.90857   +0.01842  -0.20998   -0.71700
 12      +0.65209   +0.01769   +0.90898  -0.20967   -0.71700
 13      -0.61330   +0.89732   +0.03048  -0.21081   -0.71700
 14      +0.53393   +0.09097   +0.84007  -0.21405   -0.71704
 15      -0.35902   +0.73850   +0.19584  -0.21734   -0.71734
 16      +0.18931   +0.36465   +0.57229  -0.21986   -0.71800
];

% TIME 27

% DOT1   -   DOT2   -   DOT3   -   DOT4
driver(:,:,27) = [+9.290000e-01   +0   -2.120000e-01   -7.170000e-01
+3.000000e-03   +9.270000e-01   -2.120000e-01   -7.170000e-01
];

% MOL   -   VOUT   -   DOT1   -   DOT2   -   DOT3   -   DOT4
conf(:,:,27) = [ 1      -0.65361   +0.90743   +0.01963  -0.21007   -0.71700
 2      +0.65897   +0.01702   +0.90948  -0.20951   -0.71700
 3      -0.65618   +0.90808   +0.01894  -0.21002   -0.71700
 4      +0.65643   +0.01727   +0.90930  -0.20957   -0.71700
 5      -0.65769   +0.90845   +0.01854  -0.20999   -0.71700
 6      +0.65592   +0.01732   +0.90926  -0.20958   -0.71700
 7      -0.65812   +0.90856   +0.01842  -0.20998   -0.71700
 8      +0.65576   +0.01734   +0.90925  -0.20958   -0.71700
 9      -0.65824   +0.90859   +0.01839  -0.20998   -0.71700
 10      +0.65574   +0.01734   +0.90925  -0.20958   -0.71700
 11      -0.65813   +0.90857   +0.01842  -0.20998   -0.71700
 12      +0.65209   +0.01769   +0.90898  -0.20967   -0.71700
 13      -0.61330   +0.89732   +0.03048  -0.21081   -0.71700
 14      +0.53393   +0.09097   +0.84007  -0.21405   -0.71704
 15      -0.35902   +0.73850   +0.19584  -0.21734   -0.71734
 16      +0.18931   +0.36465   +0.57229  -0.21986   -0.71800
];

% TIME 28

% DOT1   -   DOT2   -   DOT3   -   DOT4
driver(:,:,28) = [+9.290000e-01   +0   -2.120000e-01   -7.170000e-01
+3.000000e-03   +9.270000e-01   -2.120000e-01   -7.170000e-01
];

% MOL   -   VOUT   -   DOT1   -   DOT2   -   DOT3   -   DOT4
conf(:,:,28) = [ 1      -0.65361   +0.90743   +0.01963  -0.21007   -0.71700
 2      +0.65897   +0.01702   +0.90948  -0.20951   -0.71700
 3      -0.65618   +0.90808   +0.01894  -0.21002   -0.71700
 4      +0.65643   +0.01727   +0.90930  -0.20957   -0.71700
 5      -0.65769   +0.90845   +0.01854  -0.20999   -0.71700
 6      +0.65592   +0.01732   +0.90926  -0.20958   -0.71700
 7      -0.65812   +0.90856   +0.01842  -0.20998   -0.71700
 8      +0.65576   +0.01734   +0.90925  -0.20958   -0.71700
 9      -0.65824   +0.90859   +0.01839  -0.20998   -0.71700
 10      +0.65574   +0.01734   +0.90925  -0.20958   -0.71700
 11      -0.65813   +0.90857   +0.01842  -0.20998   -0.71700
 12      +0.65209   +0.01769   +0.90898  -0.20967   -0.71700
 13      -0.61330   +0.89732   +0.03048  -0.21081   -0.71700
 14      +0.53393   +0.09097   +0.84007  -0.21405   -0.71704
 15      -0.35902   +0.73850   +0.19584  -0.21734   -0.71734
 16      +0.18931   +0.36465   +0.57229  -0.21986   -0.71800
];

% TIME 29

% DOT1   -   DOT2   -   DOT3   -   DOT4
driver(:,:,29) = [+9.290000e-01   +0   -2.120000e-01   -7.170000e-01
+3.000000e-03   +9.270000e-01   -2.120000e-01   -7.170000e-01
];

% MOL   -   VOUT   -   DOT1   -   DOT2   -   DOT3   -   DOT4
conf(:,:,29) = [ 1      -0.65361   +0.90743   +0.01963  -0.21007   -0.71700
 2      +0.65897   +0.01702   +0.90948  -0.20951   -0.71700
 3      -0.65618   +0.90808   +0.01894  -0.21002   -0.71700
 4      +0.65643   +0.01727   +0.90930  -0.20957   -0.71700
 5      -0.65769   +0.90845   +0.01854  -0.20999   -0.71700
 6      +0.65592   +0.01732   +0.90926  -0.20958   -0.71700
 7      -0.65812   +0.90856   +0.01842  -0.20998   -0.71700
 8      +0.65576   +0.01734   +0.90925  -0.20958   -0.71700
 9      -0.65824   +0.90859   +0.01839  -0.20998   -0.71700
 10      +0.65574   +0.01734   +0.90925  -0.20958   -0.71700
 11      -0.65813   +0.90857   +0.01842  -0.20998   -0.71700
 12      +0.65209   +0.01769   +0.90898  -0.20967   -0.71700
 13      -0.61330   +0.89732   +0.03048  -0.21081   -0.71700
 14      +0.53393   +0.09097   +0.84007  -0.21405   -0.71704
 15      -0.35902   +0.73850   +0.19584  -0.21734   -0.71734
 16      +0.18931   +0.36465   +0.57229  -0.21986   -0.71800
];

% TIME 30

% DOT1   -   DOT2   -   DOT3   -   DOT4
driver(:,:,30) = [+9.290000e-01   +0   -2.120000e-01   -7.170000e-01
+3.000000e-03   +9.270000e-01   -2.120000e-01   -7.170000e-01
];

% MOL   -   VOUT   -   DOT1   -   DOT2   -   DOT3   -   DOT4
conf(:,:,30) = [ 1      -0.65361   +0.90743   +0.01963  -0.21007   -0.71700
 2      +0.65897   +0.01702   +0.90948  -0.20951   -0.71700
 3      -0.65618   +0.90808   +0.01894  -0.21002   -0.71700
 4      +0.65643   +0.01727   +0.90930  -0.20957   -0.71700
 5      -0.65769   +0.90845   +0.01854  -0.20999   -0.71700
 6      +0.65592   +0.01732   +0.90926  -0.20958   -0.71700
 7      -0.65812   +0.90856   +0.01842  -0.20998   -0.71700
 8      +0.65576   +0.01734   +0.90925  -0.20958   -0.71700
 9      -0.65824   +0.90859   +0.01839  -0.20998   -0.71700
 10      +0.65574   +0.01734   +0.90925  -0.20958   -0.71700
 11      -0.65813   +0.90857   +0.01842  -0.20998   -0.71700
 12      +0.65209   +0.01769   +0.90898  -0.20967   -0.71700
 13      -0.61330   +0.89732   +0.03048  -0.21081   -0.71700
 14      +0.53393   +0.09097   +0.84007  -0.21405   -0.71704
 15      -0.35902   +0.73850   +0.19584  -0.21734   -0.71734
 16      +0.18931   +0.36465   +0.57229  -0.21986   -0.71800
];

% TIME 31

% DOT1   -   DOT2   -   DOT3   -   DOT4
driver(:,:,31) = [+9.290000e-01   +0   -2.120000e-01   -7.170000e-01
+3.000000e-03   +9.270000e-01   -2.120000e-01   -7.170000e-01
];

% MOL   -   VOUT   -   DOT1   -   DOT2   -   DOT3   -   DOT4
conf(:,:,31) = [ 1      -0.65361   +0.90743   +0.01963  -0.21007   -0.71700
 2      +0.65897   +0.01702   +0.90948  -0.20951   -0.71700
 3      -0.65618   +0.90808   +0.01894  -0.21002   -0.71700
 4      +0.65643   +0.01727   +0.90930  -0.20957   -0.71700
 5      -0.65769   +0.90845   +0.01854  -0.20999   -0.71700
 6      +0.65592   +0.01732   +0.90926  -0.20958   -0.71700
 7      -0.65812   +0.90856   +0.01842  -0.20998   -0.71700
 8      +0.65576   +0.01734   +0.90925  -0.20958   -0.71700
 9      -0.65824   +0.90859   +0.01839  -0.20998   -0.71700
 10      +0.65574   +0.01734   +0.90925  -0.20958   -0.71700
 11      -0.65813   +0.90857   +0.01842  -0.20998   -0.71700
 12      +0.65209   +0.01769   +0.90898  -0.20967   -0.71700
 13      -0.61330   +0.89732   +0.03048  -0.21081   -0.71700
 14      +0.53393   +0.09097   +0.84007  -0.21405   -0.71704
 15      -0.35902   +0.73850   +0.19584  -0.21734   -0.71734
 16      +0.18931   +0.36465   +0.57229  -0.21986   -0.71800
];

% TIME 32

% DOT1   -   DOT2   -   DOT3   -   DOT4
driver(:,:,32) = [+9.290000e-01   +0   -2.120000e-01   -7.170000e-01
+3.000000e-03   +9.270000e-01   -2.120000e-01   -7.170000e-01
];

% MOL   -   VOUT   -   DOT1   -   DOT2   -   DOT3   -   DOT4
conf(:,:,32) = [ 1      -0.58425   +0.85584   +0.02747  -0.20343   -0.67988
 2      +0.56525   +0.05254   +0.75953  -0.13669   -0.67568
 3      -0.47965   +0.75490   +0.06518  -0.14704   -0.67304
 4      +0.50101   +0.09873   +0.72378  -0.14194   -0.68066
 5      -0.45145   +0.73325   +0.07757  -0.13867   -0.67216
 6      +0.48998   +0.10148   +0.72251  -0.14448   -0.67967
 7      -0.45154   +0.73325   +0.07753  -0.13863   -0.67215
 8      +0.48967   +0.10156   +0.72247  -0.14455   -0.67965
 9      -0.45174   +0.73325   +0.07745  -0.13856   -0.67214
 10      +0.48949   +0.10160   +0.72245  -0.14459   -0.67963
 11      -0.45192   +0.73325   +0.07738  -0.13849   -0.67214
 12      +0.48875   +0.10179   +0.72237  -0.14476   -0.67956
 13      -0.44519   +0.73333   +0.08006  -0.14096   -0.67244
 14      +0.43189   +0.11888   +0.70489  -0.14949   -0.67469
 15      -0.29931   +0.62925   +0.15241  -0.11344   -0.66820
 16      +0.17077   +0.28925   +0.49471  -0.11620   -0.66826
];

% TIME 33

% DOT1   -   DOT2   -   DOT3   -   DOT4
driver(:,:,33) = [+9.290000e-01   +0   -2.120000e-01   -7.170000e-01
+3.000000e-03   +9.270000e-01   -2.120000e-01   -7.170000e-01
];

% MOL   -   VOUT   -   DOT1   -   DOT2   -   DOT3   -   DOT4
conf(:,:,33) = [ 1      -0.52747   +0.78625   +0.02029  -0.16783   -0.63870
 2      +0.53314   +0.06452   +0.63928  -0.06295   -0.64110
 3      -0.39964   +0.69459   +0.03101  -0.09425   -0.63132
 4      +0.50749   +0.07279   +0.63818  -0.06642   -0.64458
 5      -0.39889   +0.69499   +0.03104  -0.09464   -0.63136
 6      +0.50724   +0.07287   +0.63816  -0.06645   -0.64461
 7      -0.39923   +0.69481   +0.03103  -0.09447   -0.63134
 8      +0.50503   +0.07357   +0.63809  -0.06675   -0.64490
 9      -0.40361   +0.69241   +0.03085  -0.09218   -0.63106
 10      +0.49942   +0.07027   +0.64275  -0.06919   -0.64383
 11      -0.41612   +0.68556   +0.03033  -0.08562   -0.63026
 12      +0.48776   +0.06341   +0.65244  -0.07426   -0.64159
 13      -0.43661   +0.67135   +0.03000  -0.07271   -0.62864
 14      +0.46859   +0.05213   +0.66838  -0.08260   -0.63791
 15      -0.34201   +0.62908   +0.04983  -0.05341   -0.62496
 16      +0.21272   +0.17685   +0.45272  -0.01275   -0.61682
];

% TIME 34

% DOT1   -   DOT2   -   DOT3   -   DOT4
driver(:,:,34) = [+9.290000e-01   +0   -2.120000e-01   -7.170000e-01
+3.000000e-03   +9.270000e-01   -2.120000e-01   -7.170000e-01
];

% MOL   -   VOUT   -   DOT1   -   DOT2   -   DOT3   -   DOT4
conf(:,:,34) = [ 1      -0.35459   +0.34150   +0.03368  +0.03763   -0.41242
 2      +0.09964   +0.13649   +0.21414  +0.05941   -0.41004
 3      -0.03069   +0.19437   +0.15280  +0.06448   -0.41131
 4      +0.02049   +0.17011   +0.19104  +0.05901   -0.42014
 5      -0.00882   +0.18405   +0.16898  +0.06220   -0.41503
 6      +0.00805   +0.17602   +0.18175  +0.06035   -0.41802
 7      -0.00172   +0.18067   +0.17435  +0.06142   -0.41629
 8      +0.00389   +0.17800   +0.17860  +0.06081   -0.41728
 9      +0.00068   +0.17953   +0.17617  +0.06116   -0.41671
 10      +0.00245   +0.17869   +0.17751  +0.06097   -0.41703
 11      +0.00153   +0.17912   +0.17681  +0.06107   -0.41686
 12      +0.00188   +0.17896   +0.17708  +0.06103   -0.41693
 13      +0.00195   +0.17893   +0.17713  +0.06102   -0.41694
 14      +0.00145   +0.17916   +0.17675  +0.06108   -0.41685
 15      +0.00247   +0.17868   +0.17753  +0.06096   -0.41703
 16      +0.00059   +0.17957   +0.17610  +0.06117   -0.41670
];

% TIME 35

% DOT1   -   DOT2   -   DOT3   -   DOT4
driver(:,:,35) = [+9.290000e-01   +0   -2.120000e-01   -7.170000e-01
+3.000000e-03   +9.270000e-01   -2.120000e-01   -7.170000e-01
];

% MOL   -   VOUT   -   DOT1   -   DOT2   -   DOT3   -   DOT4
conf(:,:,35) = [ 1      -0.32271   +0.03124   +0.02300  +0.14195   -0.19542
 2      -0.04412   +0.02784   +0.02516  +0.14100   -0.19400
 3      -0.01060   +0.02743   +0.02557  +0.14100   -0.19400
 4      -0.00295   +0.02734   +0.02566  +0.14100   -0.19400
 5      -0.00048   +0.02731   +0.02569  +0.14100   -0.19400
 6      +0.00050   +0.02730   +0.02570  +0.14100   -0.19400
 7      +0.00096   +0.02729   +0.02571  +0.14100   -0.19400
 8      +0.00119   +0.02729   +0.02571  +0.14100   -0.19400
 9      +0.00132   +0.02729   +0.02571  +0.14100   -0.19400
 10      +0.00139   +0.02729   +0.02571  +0.14100   -0.19400
 11      +0.00144   +0.02729   +0.02571  +0.14100   -0.19400
 12      +0.00146   +0.02729   +0.02571  +0.14100   -0.19400
 13      +0.00147   +0.02729   +0.02571  +0.14100   -0.19400
 14      +0.00145   +0.02729   +0.02571  +0.14100   -0.19400
 15      +0.00137   +0.02729   +0.02571  +0.14100   -0.19400
 16      +0.00075   +0.02729   +0.02571  +0.14100   -0.19400
];

% TIME 36

% DOT1   -   DOT2   -   DOT3   -   DOT4
driver(:,:,36) = [+9.290000e-01   +0   -2.120000e-01   -7.170000e-01
+3.000000e-03   +9.270000e-01   -2.120000e-01   -7.170000e-01
];

% MOL   -   VOUT   -   DOT1   -   DOT2   -   DOT3   -   DOT4
conf(:,:,36) = [ 1      -0.32271   +0.03124   +0.02300  +0.14195   -0.19542
 2      -0.04413   +0.02784   +0.02516  +0.14100   -0.19400
 3      -0.01060   +0.02743   +0.02557  +0.14100   -0.19400
 4      -0.00295   +0.02734   +0.02566  +0.14100   -0.19400
 5      -0.00048   +0.02731   +0.02569  +0.14100   -0.19400
 6      +0.00050   +0.02730   +0.02570  +0.14100   -0.19400
 7      +0.00096   +0.02729   +0.02571  +0.14100   -0.19400
 8      +0.00119   +0.02729   +0.02571  +0.14100   -0.19400
 9      +0.00132   +0.02729   +0.02571  +0.14100   -0.19400
 10      +0.00139   +0.02729   +0.02571  +0.14100   -0.19400
 11      +0.00144   +0.02729   +0.02571  +0.14100   -0.19400
 12      +0.00146   +0.02729   +0.02571  +0.14100   -0.19400
 13      +0.00147   +0.02729   +0.02571  +0.14100   -0.19400
 14      +0.00145   +0.02729   +0.02571  +0.14100   -0.19400
 15      +0.00137   +0.02729   +0.02571  +0.14100   -0.19400
 16      +0.00075   +0.02729   +0.02571  +0.14100   -0.19400
];

% TIME 37

% DOT1   -   DOT2   -   DOT3   -   DOT4
driver(:,:,37) = [+9.290000e-01   +0   -2.120000e-01   -7.170000e-01
+3.000000e-03   +9.270000e-01   -2.120000e-01   -7.170000e-01
];

% MOL   -   VOUT   -   DOT1   -   DOT2   -   DOT3   -   DOT4
conf(:,:,37) = [ 1      -0.32271   +0.03124   +0.02300  +0.14195   -0.19542
 2      -0.04413   +0.02784   +0.02516  +0.14100   -0.19400
 3      -0.01060   +0.02743   +0.02557  +0.14100   -0.19400
 4      -0.00295   +0.02734   +0.02566  +0.14100   -0.19400
 5      -0.00048   +0.02731   +0.02569  +0.14100   -0.19400
 6      +0.00050   +0.02730   +0.02570  +0.14100   -0.19400
 7      +0.00096   +0.02729   +0.02571  +0.14100   -0.19400
 8      +0.00119   +0.02729   +0.02571  +0.14100   -0.19400
 9      +0.00132   +0.02729   +0.02571  +0.14100   -0.19400
 10      +0.00139   +0.02729   +0.02571  +0.14100   -0.19400
 11      +0.00144   +0.02729   +0.02571  +0.14100   -0.19400
 12      +0.00146   +0.02729   +0.02571  +0.14100   -0.19400
 13      +0.00147   +0.02729   +0.02571  +0.14100   -0.19400
 14      +0.00145   +0.02729   +0.02571  +0.14100   -0.19400
 15      +0.00137   +0.02729   +0.02571  +0.14100   -0.19400
 16      +0.00075   +0.02729   +0.02571  +0.14100   -0.19400
];

% TIME 38

% DOT1   -   DOT2   -   DOT3   -   DOT4
driver(:,:,38) = [+9.290000e-01   +0   -2.120000e-01   -7.170000e-01
+3.000000e-03   +9.270000e-01   -2.120000e-01   -7.170000e-01
];

% MOL   -   VOUT   -   DOT1   -   DOT2   -   DOT3   -   DOT4
conf(:,:,38) = [ 1      -0.32271   +0.03124   +0.02300  +0.14195   -0.19542
 2      -0.04413   +0.02784   +0.02516  +0.14100   -0.19400
 3      -0.01060   +0.02743   +0.02557  +0.14100   -0.19400
 4      -0.00295   +0.02734   +0.02566  +0.14100   -0.19400
 5      -0.00048   +0.02731   +0.02569  +0.14100   -0.19400
 6      +0.00050   +0.02730   +0.02570  +0.14100   -0.19400
 7      +0.00096   +0.02729   +0.02571  +0.14100   -0.19400
 8      +0.00119   +0.02729   +0.02571  +0.14100   -0.19400
 9      +0.00132   +0.02729   +0.02571  +0.14100   -0.19400
 10      +0.00139   +0.02729   +0.02571  +0.14100   -0.19400
 11      +0.00144   +0.02729   +0.02571  +0.14100   -0.19400
 12      +0.00146   +0.02729   +0.02571  +0.14100   -0.19400
 13      +0.00147   +0.02729   +0.02571  +0.14100   -0.19400
 14      +0.00145   +0.02729   +0.02571  +0.14100   -0.19400
 15      +0.00137   +0.02729   +0.02571  +0.14100   -0.19400
 16      +0.00075   +0.02729   +0.02571  +0.14100   -0.19400
];

% TIME 39

% DOT1   -   DOT2   -   DOT3   -   DOT4
driver(:,:,39) = [+9.290000e-01   +0   -2.120000e-01   -7.170000e-01
+3.000000e-03   +9.270000e-01   -2.120000e-01   -7.170000e-01
];

% MOL   -   VOUT   -   DOT1   -   DOT2   -   DOT3   -   DOT4
conf(:,:,39) = [ 1      -0.32271   +0.03124   +0.02300  +0.14195   -0.19542
 2      -0.04413   +0.02784   +0.02516  +0.14100   -0.19400
 3      -0.01060   +0.02743   +0.02557  +0.14100   -0.19400
 4      -0.00295   +0.02734   +0.02566  +0.14100   -0.19400
 5      -0.00048   +0.02731   +0.02569  +0.14100   -0.19400
 6      +0.00050   +0.02730   +0.02570  +0.14100   -0.19400
 7      +0.00096   +0.02729   +0.02571  +0.14100   -0.19400
 8      +0.00119   +0.02729   +0.02571  +0.14100   -0.19400
 9      +0.00132   +0.02729   +0.02571  +0.14100   -0.19400
 10      +0.00139   +0.02729   +0.02571  +0.14100   -0.19400
 11      +0.00144   +0.02729   +0.02571  +0.14100   -0.19400
 12      +0.00146   +0.02729   +0.02571  +0.14100   -0.19400
 13      +0.00147   +0.02729   +0.02571  +0.14100   -0.19400
 14      +0.00145   +0.02729   +0.02571  +0.14100   -0.19400
 15      +0.00137   +0.02729   +0.02571  +0.14100   -0.19400
 16      +0.00075   +0.02729   +0.02571  +0.14100   -0.19400
];

% TIME 40

% DOT1   -   DOT2   -   DOT3   -   DOT4
driver(:,:,40) = [+9.290000e-01   +0   -2.120000e-01   -7.170000e-01
+3.000000e-03   +9.270000e-01   -2.120000e-01   -7.170000e-01
];

% MOL   -   VOUT   -   DOT1   -   DOT2   -   DOT3   -   DOT4
conf(:,:,40) = [ 1      -0.32270   +0.03124   +0.02300  +0.14195   -0.19542
 2      -0.04413   +0.02784   +0.02516  +0.14100   -0.19400
 3      -0.01060   +0.02743   +0.02557  +0.14100   -0.19400
 4      -0.00295   +0.02734   +0.02566  +0.14100   -0.19400
 5      -0.00048   +0.02731   +0.02569  +0.14100   -0.19400
 6      +0.00050   +0.02730   +0.02570  +0.14100   -0.19400
 7      +0.00096   +0.02729   +0.02571  +0.14100   -0.19400
 8      +0.00119   +0.02729   +0.02571  +0.14100   -0.19400
 9      +0.00132   +0.02729   +0.02571  +0.14100   -0.19400
 10      +0.00139   +0.02729   +0.02571  +0.14100   -0.19400
 11      +0.00144   +0.02729   +0.02571  +0.14100   -0.19400
 12      +0.00146   +0.02729   +0.02571  +0.14100   -0.19400
 13      +0.00147   +0.02729   +0.02571  +0.14100   -0.19400
 14      +0.00145   +0.02729   +0.02571  +0.14100   -0.19400
 15      +0.00137   +0.02729   +0.02571  +0.14100   -0.19400
 16      +0.00075   +0.02729   +0.02571  +0.14100   -0.19400
];
