%%%%%%%%%%%%%%%%%%%%%%%%%%%%%%%%%%%%%%%%%%%%%%%%%%%%%%%%%%%%%%%%%%%%%%%%%%%%
%
%       Self-Consistent Electrostatic Potential Algorithm (SCERPA)
% 
%       VLSI Nanocomputing Research Group 
%       Dept. of Electronics and Telecommunications  
%       Politecnico di Torino, Turin, Italy 
%       (https://www.vlsilab.polito.it/) 
% 
%       People [people you may contact for info] 
%         Yuri Ardesi (yuri.ardesi@polito.it)
%         Giuliana Beretta (giuliana.beretta@polito.it)
% 
%       Supervision: Gianluca Piccinini, Mariagrazia Graziano 
% 
%       Relevant pubblications doi: 10.1109/TCAD.2019.2960360 
%                                   10.1109/TVLSI.2020.3045198  
% 
%%%%%%%%%%%%%%%%%%%%%%%%%%%%%%%%%%%%%%%%%%%%%%%%%%%%%%%%%%%%%%%%%%%%%%%%%%%%


%% Files Analysed:
%%    ../Layout/Data/Data_Molecule.mat
%%    ../Layout/Data/Data_Driver.mat
%%    ../Layout/Data/Data_Output.mat
%%    ../Layout/Data/Fake_Phases.mat
%%    ../Layout/Data/Values_Driver.mat


%%    Configuration of data output: 
%%    ID - Vin - Q1 ... QN: 

% TIME 1

% DOT1   -   DOT2   -   DOT3   -   DOT4
driver(:,:,1) = [+3.000000e-03   +9.270000e-01   -2.120000e-01   -7.170000e-01
+9.290000e-01   +0   -2.120000e-01   -7.170000e-01
];

% MOL   -   VOUT   -   DOT1   -   DOT2   -   DOT3   -   DOT4
conf(:,:,1) = [ 1      -0.00865   +0.02741   +0.02559  +0.14100   -0.19400
 2      -0.00996   +0.02743   +0.02557  +0.14100   -0.19400
 3      -0.00303   +0.02734   +0.02566  +0.14100   -0.19400
 4      -0.00566   +0.02737   +0.02563  +0.14100   -0.19400
 5      +0.00012   +0.02730   +0.02570  +0.14100   -0.19400
 6      -0.01742   +0.02752   +0.02548  +0.14100   -0.19400
 7      +0.06119   +0.02656   +0.02644  +0.14100   -0.19400
 8      +0.06588   +0.02650   +0.02650  +0.14100   -0.19400
 9      +0.00925   +0.02719   +0.02581  +0.14100   -0.19400
 10      +0.00701   +0.02722   +0.02578  +0.14100   -0.19400
 11      +0.00799   +0.02721   +0.02579  +0.14100   -0.19400
 12      +0.01485   +0.02712   +0.02588  +0.14100   -0.19400
 13      +0.04786   +0.02672   +0.02628  +0.14100   -0.19400
 14      +0.32677   +0.02431   +0.02969  +0.14000   -0.19400
 15      +0.03679   +0.02685   +0.02615  +0.14100   -0.19400
 16      +0.01674   +0.02710   +0.02590  +0.14100   -0.19400
 17      -0.06128   +0.02805   +0.02495  +0.14100   -0.19400
 18      -0.06597   +0.02811   +0.02489  +0.14100   -0.19400
];

% TIME 2

% DOT1   -   DOT2   -   DOT3   -   DOT4
driver(:,:,2) = [+3.000000e-03   +9.270000e-01   -2.120000e-01   -7.170000e-01
+9.290000e-01   +0   -2.120000e-01   -7.170000e-01
];

% MOL   -   VOUT   -   DOT1   -   DOT2   -   DOT3   -   DOT4
conf(:,:,2) = [ 1      -0.01275   +0.02746   +0.02554  +0.14100   -0.19400
 2      -0.01510   +0.02749   +0.02551  +0.14100   -0.19400
 3      -0.01798   +0.02752   +0.02548  +0.14100   -0.19400
 4      -0.02538   +0.02761   +0.02539  +0.14100   -0.19400
 5      -0.11623   +0.02872   +0.02429  +0.14100   -0.19400
 6      -0.16864   +0.02936   +0.02400  +0.14100   -0.19400
 7      +0.04301   +0.16047   +0.19825  +0.05897   -0.41768
 8      +0.04125   +0.16123   +0.19769  +0.05897   -0.41787
 9      -0.00010   +0.17990   +0.17558  +0.06125   -0.41657
 10      +0.01101   +0.17461   +0.18399  +0.06003   -0.41854
 11      -0.01228   +0.18570   +0.16636  +0.06258   -0.41442
 12      +0.03907   +0.16216   +0.19699  +0.05898   -0.41811
 13      -0.07617   +0.21403   +0.12571  +0.06691   -0.40627
 14      +0.36175   +0.04374   +0.30434  +0.05997   -0.40789
 15      +0.01548   +0.17248   +0.18737  +0.05953   -0.41933
 16      +0.00619   +0.17691   +0.18034  +0.06056   -0.41769
 17      -0.06284   +0.02807   +0.02493  +0.14100   -0.19400
 18      -0.06784   +0.02813   +0.02487  +0.14100   -0.19400
];

% TIME 3

% DOT1   -   DOT2   -   DOT3   -   DOT4
driver(:,:,3) = [+3.000000e-03   +9.270000e-01   -2.120000e-01   -7.170000e-01
+9.290000e-01   +0   -2.120000e-01   -7.170000e-01
];

% MOL   -   VOUT   -   DOT1   -   DOT2   -   DOT3   -   DOT4
conf(:,:,3) = [ 1      -0.01908   +0.02754   +0.02546  +0.14100   -0.19400
 2      -0.02270   +0.02758   +0.02542  +0.14100   -0.19400
 3      -0.03882   +0.02778   +0.02522  +0.14100   -0.19400
 4      -0.05073   +0.02792   +0.02508  +0.14100   -0.19400
 5      -0.28760   +0.03082   +0.02319  +0.14102   -0.19402
 6      -0.28818   +0.03082   +0.02318  +0.14102   -0.19402
 7      -0.16510   +0.48742   +0.15118  -0.01903   -0.61957
 8      +0.45977   +0.04847   +0.67180  -0.08397   -0.63630
 9      -0.39734   +0.69585   +0.03110  -0.09546   -0.63146
 10      +0.50696   +0.07297   +0.63815  -0.06649   -0.64465
 11      -0.40275   +0.69288   +0.03088  -0.09263   -0.63112
 12      +0.50027   +0.07077   +0.64205  -0.06883   -0.64399
 13      -0.41472   +0.68632   +0.03039  -0.08636   -0.63035
 14      +0.57616   +0.04028   +0.65107  -0.06053   -0.63155
 15      -0.40602   +0.69109   +0.03075  -0.09091   -0.63091
 16      +0.51147   +0.07151   +0.63835  -0.06588   -0.64404
 17      -0.06552   +0.02810   +0.02490  +0.14100   -0.19400
 18      -0.07094   +0.02817   +0.02483  +0.14100   -0.19400
];

% TIME 4

% DOT1   -   DOT2   -   DOT3   -   DOT4
driver(:,:,4) = [+3.000000e-03   +9.270000e-01   -2.120000e-01   -7.170000e-01
+9.290000e-01   +0   -2.120000e-01   -7.170000e-01
];

% MOL   -   VOUT   -   DOT1   -   DOT2   -   DOT3   -   DOT4
conf(:,:,4) = [ 1      -0.01980   +0.02755   +0.02545  +0.14100   -0.19400
 2      -0.02354   +0.02759   +0.02541  +0.14100   -0.19400
 3      -0.04237   +0.02782   +0.02518  +0.14100   -0.19400
 4      -0.05544   +0.02798   +0.02502  +0.14100   -0.19400
 5      -0.31559   +0.03115   +0.02300  +0.14162   -0.19492
 6      -0.33872   +0.03143   +0.02300  +0.14270   -0.19655
 7      -0.13999   +0.51848   +0.26452  -0.11581   -0.66764
 8      +0.40945   +0.12908   +0.68503  -0.14143   -0.67301
 9      -0.44857   +0.73329   +0.07872  -0.13972   -0.67228
 10      +0.50047   +0.09886   +0.72372  -0.14207   -0.68061
 11      -0.47799   +0.75249   +0.06597  -0.14558   -0.67288
 12      +0.56119   +0.05604   +0.75673  -0.13684   -0.67620
 13      -0.54808   +0.85305   +0.03338  -0.20671   -0.67973
 14      +0.63593   +0.02112   +0.81344  -0.16112   -0.67383
 15      -0.41018   +0.73209   +0.09424  -0.15250   -0.67383
 16      +0.49552   +0.10010   +0.72315  -0.14321   -0.68017
 17      -0.06569   +0.02811   +0.02489  +0.14100   -0.19400
 18      -0.07113   +0.02817   +0.02483  +0.14100   -0.19400
];

% TIME 5

% DOT1   -   DOT2   -   DOT3   -   DOT4
driver(:,:,5) = [+3.000000e-03   +9.270000e-01   -2.120000e-01   -7.170000e-01
+9.290000e-01   +0   -2.120000e-01   -7.170000e-01
];

% MOL   -   VOUT   -   DOT1   -   DOT2   -   DOT3   -   DOT4
conf(:,:,5) = [ 1      -0.02110   +0.02756   +0.02544  +0.14100   -0.19400
 2      -0.02497   +0.02761   +0.02539  +0.14100   -0.19400
 3      -0.04792   +0.02789   +0.02511  +0.14100   -0.19400
 4      -0.06189   +0.02806   +0.02494  +0.14100   -0.19400
 5      -0.36306   +0.03171   +0.02300  +0.14385   -0.19827
 6      -0.38280   +0.03194   +0.02300  +0.14477   -0.19966
 7      -0.17196   +0.61069   +0.32631  -0.21919   -0.71800
 8      +0.48893   +0.13938   +0.79331  -0.21569   -0.71735
 9      -0.65398   +0.90752   +0.01954  -0.21006   -0.71700
 10      +0.65675   +0.01724   +0.90932  -0.20956   -0.71700
 11      -0.65824   +0.90859   +0.01839  -0.20998   -0.71700
 12      +0.65478   +0.01743   +0.90918  -0.20961   -0.71700
 13      -0.66200   +0.90954   +0.01738  -0.20991   -0.71700
 14      +0.65505   +0.01740   +0.90920  -0.20960   -0.71700
 15      -0.55216   +0.88081   +0.04814  -0.21196   -0.71700
 16      +0.65455   +0.01745   +0.90916  -0.20961   -0.71700
 17      -0.06611   +0.02811   +0.02489  +0.14100   -0.19400
 18      -0.07157   +0.02818   +0.02482  +0.14100   -0.19400
];

% TIME 6

% DOT1   -   DOT2   -   DOT3   -   DOT4
driver(:,:,6) = [+3.000000e-03   +9.270000e-01   -2.120000e-01   -7.170000e-01
+9.290000e-01   +0   -2.120000e-01   -7.170000e-01
];

% MOL   -   VOUT   -   DOT1   -   DOT2   -   DOT3   -   DOT4
conf(:,:,6) = [ 1      -0.02110   +0.02756   +0.02544  +0.14100   -0.19400
 2      -0.02497   +0.02761   +0.02539  +0.14100   -0.19400
 3      -0.04792   +0.02789   +0.02511  +0.14100   -0.19400
 4      -0.06189   +0.02806   +0.02494  +0.14100   -0.19400
 5      -0.36307   +0.03171   +0.02300  +0.14385   -0.19827
 6      -0.38279   +0.03194   +0.02300  +0.14477   -0.19966
 7      -0.17197   +0.61070   +0.32630  -0.21919   -0.71800
 8      +0.48895   +0.13937   +0.79332  -0.21569   -0.71735
 9      -0.65398   +0.90752   +0.01954  -0.21006   -0.71700
 10      +0.65675   +0.01724   +0.90932  -0.20956   -0.71700
 11      -0.65824   +0.90859   +0.01839  -0.20998   -0.71700
 12      +0.65478   +0.01743   +0.90918  -0.20961   -0.71700
 13      -0.66200   +0.90954   +0.01738  -0.20991   -0.71700
 14      +0.65505   +0.01740   +0.90920  -0.20960   -0.71700
 15      -0.55217   +0.88082   +0.04814  -0.21196   -0.71700
 16      +0.65455   +0.01745   +0.90916  -0.20961   -0.71700
 17      -0.06611   +0.02811   +0.02489  +0.14100   -0.19400
 18      -0.07157   +0.02818   +0.02482  +0.14100   -0.19400
];

% TIME 7

% DOT1   -   DOT2   -   DOT3   -   DOT4
driver(:,:,7) = [+3.000000e-03   +9.270000e-01   -2.120000e-01   -7.170000e-01
+9.290000e-01   +0   -2.120000e-01   -7.170000e-01
];

% MOL   -   VOUT   -   DOT1   -   DOT2   -   DOT3   -   DOT4
conf(:,:,7) = [ 1      -0.08202   +0.21618   +0.12363  +0.06674   -0.40619
 2      -0.09872   +0.22230   +0.11771  +0.06622   -0.40599
 3      -0.08778   +0.21829   +0.12159  +0.06656   -0.40612
 4      -0.12090   +0.23101   +0.10952  +0.06539   -0.40580
 5      -0.17255   +0.26442   +0.08309  +0.05985   -0.40715
 6      -0.20381   +0.28903   +0.06461  +0.05536   -0.40860
 7      -0.15603   +0.59979   +0.33721  -0.21958   -0.71800
 8      +0.53404   +0.09085   +0.84019  -0.21404   -0.71704
 9      -0.65040   +0.90663   +0.02050  -0.21012   -0.71700
 10      +0.65818   +0.01710   +0.90943  -0.20952   -0.71700
 11      -0.65686   +0.90825   +0.01876  -0.21001   -0.71700
 12      +0.65543   +0.01737   +0.90923  -0.20959   -0.71700
 13      -0.66130   +0.90936   +0.01757  -0.20992   -0.71700
 14      +0.65551   +0.01736   +0.90923  -0.20959   -0.71700
 15      -0.57090   +0.88617   +0.04243  -0.21160   -0.71700
 16      +0.66192   +0.01673   +0.90970  -0.20943   -0.71700
 17      -0.15306   +0.24859   +0.09487  +0.06282   -0.40620
 18      -0.17197   +0.26395   +0.08344  +0.05993   -0.40712
];

% TIME 8

% DOT1   -   DOT2   -   DOT3   -   DOT4
driver(:,:,8) = [+3.000000e-03   +9.270000e-01   -2.120000e-01   -7.170000e-01
+9.290000e-01   +0   -2.120000e-01   -7.170000e-01
];

% MOL   -   VOUT   -   DOT1   -   DOT2   -   DOT3   -   DOT4
conf(:,:,8) = [ 1      +0.17205   +0.20030   +0.43054  -0.01242   -0.61841
 2      -0.43726   +0.67083   +0.03000  -0.07226   -0.62858
 3      +0.26929   +0.14326   +0.48953  -0.01644   -0.61634
 4      -0.45723   +0.65507   +0.03000  -0.05827   -0.62680
 5      +0.28900   +0.12542   +0.50575  -0.01409   -0.61707
 6      -0.42958   +0.67690   +0.03000  -0.07764   -0.62926
 7      +0.22217   +0.34242   +0.59458  -0.21959   -0.71800
 8      +0.30200   +0.28800   +0.64861  -0.21861   -0.71800
 9      -0.64692   +0.90576   +0.02143  -0.21019   -0.71700
 10      +0.65690   +0.01722   +0.90933  -0.20956   -0.71700
 11      -0.65739   +0.90838   +0.01862  -0.21000   -0.71700
 12      +0.65526   +0.01738   +0.90921  -0.20960   -0.71700
 13      -0.66143   +0.90939   +0.01753  -0.20992   -0.71700
 14      +0.65547   +0.01736   +0.90923  -0.20959   -0.71700
 15      -0.41474   +0.77883   +0.15431  -0.21614   -0.71701
 16      +0.58963   +0.03425   +0.89421  -0.21146   -0.71700
 17      -0.04989   +0.37873   +0.25282  -0.00831   -0.62239
 18      -0.42659   +0.67926   +0.03000  -0.07973   -0.62953
];

% TIME 9

% DOT1   -   DOT2   -   DOT3   -   DOT4
driver(:,:,9) = [+3.000000e-03   +9.270000e-01   -2.120000e-01   -7.170000e-01
+9.290000e-01   +0   -2.120000e-01   -7.170000e-01
];

% MOL   -   VOUT   -   DOT1   -   DOT2   -   DOT3   -   DOT4
conf(:,:,9) = [ 1      +0.16145   +0.29540   +0.48959  -0.11682   -0.66866
 2      -0.43962   +0.73339   +0.08228  -0.14299   -0.67268
 3      +0.30598   +0.19753   +0.58558  -0.11524   -0.66787
 4      -0.46734   +0.73702   +0.07103  -0.13621   -0.67183
 5      +0.36594   +0.15275   +0.63800  -0.12071   -0.67014
 6      -0.42696   +0.73354   +0.08733  -0.14762   -0.67325
 7      +0.29149   +0.29527   +0.64145  -0.21874   -0.71800
 8      +0.31126   +0.28156   +0.65494  -0.21850   -0.71800
 9      -0.64732   +0.90585   +0.02133  -0.21018   -0.71700
 10      +0.65643   +0.01727   +0.90930  -0.20957   -0.71700
 11      -0.65782   +0.90849   +0.01850  -0.20999   -0.71700
 12      +0.65506   +0.01740   +0.90920  -0.20960   -0.71700
 13      -0.66164   +0.90945   +0.01747  -0.20992   -0.71700
 14      +0.65534   +0.01738   +0.90922  -0.20959   -0.71700
 15      -0.41152   +0.77639   +0.15684  -0.21623   -0.71701
 16      +0.58730   +0.03514   +0.89340  -0.21154   -0.71700
 17      -0.10502   +0.49328   +0.28906  -0.11450   -0.66793
 18      -0.43907   +0.73340   +0.08250  -0.14319   -0.67271
];

% TIME 10

% DOT1   -   DOT2   -   DOT3   -   DOT4
driver(:,:,10) = [+3.000000e-03   +9.270000e-01   -2.120000e-01   -7.170000e-01
+9.290000e-01   +0   -2.120000e-01   -7.170000e-01
];

% MOL   -   VOUT   -   DOT1   -   DOT2   -   DOT3   -   DOT4
conf(:,:,10) = [ 1      -0.06073   +0.53646   +0.40149  -0.22000   -0.71800
 2      -0.22900   +0.64972   +0.28708  -0.21800   -0.71800
 3      +0.04741   +0.46328   +0.47413  -0.21971   -0.71800
 4      -0.17262   +0.61114   +0.32586  -0.21917   -0.71800
 5      +0.12390   +0.41004   +0.52626  -0.21927   -0.71800
 6      -0.08242   +0.55078   +0.38691  -0.22000   -0.71800
 7      +0.08382   +0.43795   +0.49861  -0.21928   -0.71800
 8      +0.65383   +0.01752   +0.90911  -0.20963   -0.71700
 9      -0.65193   +0.90701   +0.02009  -0.21010   -0.71700
 10      +0.65698   +0.01722   +0.90934  -0.20955   -0.71700
 11      -0.65810   +0.90856   +0.01843  -0.20998   -0.71700
 12      +0.65482   +0.01743   +0.90918  -0.20961   -0.71700
 13      -0.66192   +0.90952   +0.01740  -0.20991   -0.71700
 14      +0.65514   +0.01739   +0.90920  -0.20960   -0.71700
 15      -0.56706   +0.88507   +0.04360  -0.21167   -0.71700
 16      +0.66380   +0.01655   +0.90984  -0.20939   -0.71700
 17      -0.25834   +0.66979   +0.26629  -0.21800   -0.71800
 18      -0.35259   +0.73412   +0.20029  -0.21741   -0.71741
];

% TIME 11

% DOT1   -   DOT2   -   DOT3   -   DOT4
driver(:,:,11) = [+3.000000e-03   +9.270000e-01   -2.120000e-01   -7.170000e-01
+9.290000e-01   +0   -2.120000e-01   -7.170000e-01
];

% MOL   -   VOUT   -   DOT1   -   DOT2   -   DOT3   -   DOT4
conf(:,:,11) = [ 1      -0.06073   +0.53646   +0.40149  -0.22000   -0.71800
 2      -0.22900   +0.64972   +0.28708  -0.21800   -0.71800
 3      +0.04741   +0.46328   +0.47413  -0.21971   -0.71800
 4      -0.17262   +0.61114   +0.32586  -0.21917   -0.71800
 5      +0.12390   +0.41004   +0.52626  -0.21927   -0.71800
 6      -0.08242   +0.55078   +0.38691  -0.22000   -0.71800
 7      +0.08382   +0.43795   +0.49861  -0.21928   -0.71800
 8      +0.65383   +0.01752   +0.90911  -0.20963   -0.71700
 9      -0.65193   +0.90701   +0.02009  -0.21010   -0.71700
 10      +0.65698   +0.01722   +0.90934  -0.20955   -0.71700
 11      -0.65810   +0.90856   +0.01843  -0.20998   -0.71700
 12      +0.65482   +0.01743   +0.90918  -0.20961   -0.71700
 13      -0.66192   +0.90952   +0.01740  -0.20991   -0.71700
 14      +0.65514   +0.01739   +0.90920  -0.20960   -0.71700
 15      -0.56706   +0.88507   +0.04360  -0.21167   -0.71700
 16      +0.66380   +0.01655   +0.90984  -0.20939   -0.71700
 17      -0.25834   +0.66979   +0.26629  -0.21800   -0.71800
 18      -0.35259   +0.73412   +0.20029  -0.21741   -0.71741
];

% TIME 12

% DOT1   -   DOT2   -   DOT3   -   DOT4
driver(:,:,12) = [+3.000000e-03   +9.270000e-01   -2.120000e-01   -7.170000e-01
+9.290000e-01   +0   -2.120000e-01   -7.170000e-01
];

% MOL   -   VOUT   -   DOT1   -   DOT2   -   DOT3   -   DOT4
conf(:,:,12) = [ 1      +0.03320   +0.47313   +0.46458  -0.21986   -0.71800
 2      -0.30401   +0.70103   +0.23395  -0.21798   -0.71798
 3      +0.17724   +0.37290   +0.56397  -0.21986   -0.71800
 4      -0.26989   +0.67770   +0.25810  -0.21800   -0.71800
 5      +0.29152   +0.29525   +0.64146  -0.21874   -0.71800
 6      -0.18005   +0.61623   +0.32077  -0.21899   -0.71800
 7      +0.23967   +0.24629   +0.53790  -0.11718   -0.66719
 8      +0.45768   +0.11016   +0.71646  -0.15014   -0.67683
 9      -0.44735   +0.73330   +0.07920  -0.14016   -0.67234
 10      +0.50058   +0.09884   +0.72373  -0.14204   -0.68062
 11      -0.47814   +0.75271   +0.06590  -0.14572   -0.67289
 12      +0.56122   +0.05601   +0.75675  -0.13684   -0.67619
 13      -0.54813   +0.85306   +0.03337  -0.20671   -0.67973
 14      +0.63594   +0.02112   +0.81345  -0.16113   -0.67383
 15      -0.36889   +0.71098   +0.11357  -0.15110   -0.67346
 16      +0.49064   +0.10132   +0.72258  -0.14433   -0.67973
 17      -0.20790   +0.63528   +0.30169  -0.21834   -0.71800
 18      -0.39412   +0.76320   +0.17054  -0.21674   -0.71703
];

% TIME 13

% DOT1   -   DOT2   -   DOT3   -   DOT4
driver(:,:,13) = [+3.000000e-03   +9.270000e-01   -2.120000e-01   -7.170000e-01
+9.290000e-01   +0   -2.120000e-01   -7.170000e-01
];

% MOL   -   VOUT   -   DOT1   -   DOT2   -   DOT3   -   DOT4
conf(:,:,13) = [ 1      +0.03757   +0.47010   +0.46752  -0.21981   -0.71800
 2      -0.28915   +0.69087   +0.24446  -0.21800   -0.71800
 3      +0.19096   +0.36353   +0.57341  -0.21984   -0.71800
 4      -0.24475   +0.66050   +0.27591  -0.21800   -0.71800
 5      +0.32957   +0.26881   +0.66747  -0.21828   -0.71800
 6      -0.13479   +0.58540   +0.35167  -0.21995   -0.71800
 7      +0.25583   +0.15302   +0.47973  -0.01657   -0.61618
 8      +0.46685   +0.05111   +0.66983  -0.08336   -0.63758
 9      -0.40478   +0.69177   +0.03080  -0.09156   -0.63099
 10      +0.50257   +0.07212   +0.64013  -0.06782   -0.64443
 11      -0.40648   +0.69084   +0.03073  -0.09067   -0.63088
 12      +0.49826   +0.06958   +0.64372  -0.06970   -0.64360
 13      -0.41622   +0.68551   +0.03033  -0.08557   -0.63025
 14      +0.57526   +0.04087   +0.65074  -0.06055   -0.63178
 15      -0.34828   +0.64019   +0.04711  -0.06077   -0.62606
 16      +0.49602   +0.06827   +0.64558  -0.07067   -0.64317
 17      -0.20714   +0.63476   +0.30221  -0.21835   -0.71800
 18      -0.38652   +0.75743   +0.17653  -0.21697   -0.71704
];

% TIME 14

% DOT1   -   DOT2   -   DOT3   -   DOT4
driver(:,:,14) = [+3.000000e-03   +9.270000e-01   -2.120000e-01   -7.170000e-01
+9.290000e-01   +0   -2.120000e-01   -7.170000e-01
];

% MOL   -   VOUT   -   DOT1   -   DOT2   -   DOT3   -   DOT4
conf(:,:,14) = [ 1      -0.00382   +0.49828   +0.43972  -0.22000   -0.71800
 2      -0.20649   +0.63432   +0.30266  -0.21837   -0.71800
 3      +0.15073   +0.39136   +0.54518  -0.21954   -0.71800
 4      -0.12393   +0.57822   +0.35898  -0.21996   -0.71800
 5      +0.32990   +0.26858   +0.66769  -0.21827   -0.71800
 6      +0.02411   +0.47944   +0.45848  -0.21996   -0.71800
 7      +0.42349   +0.03067   +0.35205  +0.03010   -0.41200
 8      +0.28028   +0.07907   +0.26384  +0.06246   -0.40537
 9      +0.00233   +0.17874   +0.17742  +0.06098   -0.41701
 10      +0.00979   +0.17519   +0.18307  +0.06016   -0.41833
 11      -0.01207   +0.18560   +0.16652  +0.06256   -0.41446
 12      +0.03866   +0.16233   +0.19686  +0.05898   -0.41816
 13      -0.07631   +0.21408   +0.12566  +0.06691   -0.40626
 14      +0.36157   +0.04379   +0.30421  +0.06004   -0.40788
 15      +0.06571   +0.15079   +0.20522  +0.05900   -0.41501
 16      +0.00607   +0.17696   +0.18025  +0.06057   -0.41767
 17      -0.23132   +0.65131   +0.28543  -0.21800   -0.71800
 18      -0.34301   +0.72760   +0.20693  -0.21752   -0.71752
];

% TIME 15

% DOT1   -   DOT2   -   DOT3   -   DOT4
driver(:,:,15) = [+3.000000e-03   +9.270000e-01   -2.120000e-01   -7.170000e-01
+9.290000e-01   +0   -2.120000e-01   -7.170000e-01
];

% MOL   -   VOUT   -   DOT1   -   DOT2   -   DOT3   -   DOT4
conf(:,:,15) = [ 1      -0.06450   +0.53895   +0.39896  -0.22000   -0.71800
 2      -0.12803   +0.58093   +0.35622  -0.21996   -0.71800
 3      +0.07583   +0.44352   +0.49323  -0.21938   -0.71800
 4      -0.00749   +0.50075   +0.43725  -0.22000   -0.71800
 5      +0.26640   +0.31263   +0.62434  -0.21905   -0.71800
 6      +0.17559   +0.37405   +0.56279  -0.21984   -0.71800
 7      +0.50114   +0.02200   +0.03300  +0.13938   -0.19481
 8      +0.48155   +0.02200   +0.03300  +0.13988   -0.19456
 9      +0.02050   +0.02705   +0.02595  +0.14100   -0.19400
 10      +0.01085   +0.02717   +0.02583  +0.14100   -0.19400
 11      +0.00942   +0.02719   +0.02581  +0.14100   -0.19400
 12      +0.01542   +0.02712   +0.02588  +0.14100   -0.19400
 13      +0.04811   +0.02672   +0.02628  +0.14100   -0.19400
 14      +0.32689   +0.02431   +0.02969  +0.14000   -0.19400
 15      +0.18736   +0.02507   +0.02799  +0.14094   -0.19400
 16      +0.05494   +0.02663   +0.02637  +0.14100   -0.19400
 17      -0.26447   +0.67399   +0.26194  -0.21800   -0.71800
 18      -0.30081   +0.69885   +0.23620  -0.21799   -0.71799
];

% TIME 16

% DOT1   -   DOT2   -   DOT3   -   DOT4
driver(:,:,16) = [+3.000000e-03   +9.270000e-01   -2.120000e-01   -7.170000e-01
+9.290000e-01   +0   -2.120000e-01   -7.170000e-01
];

% MOL   -   VOUT   -   DOT1   -   DOT2   -   DOT3   -   DOT4
conf(:,:,16) = [ 1      -0.06453   +0.53897   +0.39894  -0.22000   -0.71800
 2      -0.12800   +0.58091   +0.35624  -0.21996   -0.71800
 3      +0.07580   +0.44354   +0.49322  -0.21938   -0.71800
 4      -0.00747   +0.50073   +0.43727  -0.22000   -0.71800
 5      +0.26639   +0.31264   +0.62433  -0.21905   -0.71800
 6      +0.17560   +0.37404   +0.56280  -0.21984   -0.71800
 7      +0.50114   +0.02200   +0.03300  +0.13938   -0.19481
 8      +0.48155   +0.02200   +0.03300  +0.13988   -0.19456
 9      +0.02051   +0.02705   +0.02595  +0.14100   -0.19400
 10      +0.01085   +0.02717   +0.02583  +0.14100   -0.19400
 11      +0.00942   +0.02719   +0.02581  +0.14100   -0.19400
 12      +0.01542   +0.02712   +0.02588  +0.14100   -0.19400
 13      +0.04811   +0.02672   +0.02628  +0.14100   -0.19400
 14      +0.32689   +0.02431   +0.02969  +0.14000   -0.19400
 15      +0.18736   +0.02507   +0.02799  +0.14094   -0.19400
 16      +0.05494   +0.02663   +0.02637  +0.14100   -0.19400
 17      -0.26449   +0.67400   +0.26193  -0.21800   -0.71800
 18      -0.30079   +0.69884   +0.23621  -0.21799   -0.71799
];

% TIME 17

% DOT1   -   DOT2   -   DOT3   -   DOT4
driver(:,:,17) = [+3.000000e-03   +9.270000e-01   -2.120000e-01   -7.170000e-01
+9.290000e-01   +0   -2.120000e-01   -7.170000e-01
];

% MOL   -   VOUT   -   DOT1   -   DOT2   -   DOT3   -   DOT4
conf(:,:,17) = [ 1      +0.19754   +0.27223   +0.51079  -0.11584   -0.66760
 2      -0.36738   +0.70913   +0.11442  -0.15022   -0.67333
 3      +0.32558   +0.18100   +0.60079  -0.11345   -0.66835
 4      -0.26834   +0.62165   +0.16664  -0.11861   -0.66947
 5      +0.38787   +0.14018   +0.66105  -0.12994   -0.67150
 6      -0.02603   +0.43498   +0.35587  -0.11648   -0.67407
 7      +0.48442   +0.02200   +0.03300  +0.13981   -0.19460
 8      +0.38742   +0.02318   +0.03123  +0.14041   -0.19400
 9      +0.01762   +0.02709   +0.02591  +0.14100   -0.19400
 10      +0.00993   +0.02718   +0.02582  +0.14100   -0.19400
 11      +0.00917   +0.02719   +0.02581  +0.14100   -0.19400
 12      +0.01541   +0.02712   +0.02588  +0.14100   -0.19400
 13      +0.04819   +0.02672   +0.02628  +0.14100   -0.19400
 14      +0.32699   +0.02431   +0.02969  +0.14000   -0.19400
 15      +0.14626   +0.02552   +0.02748  +0.14100   -0.19400
 16      +0.04485   +0.02676   +0.02624  +0.14100   -0.19400
 17      -0.07910   +0.47526   +0.30687  -0.11368   -0.66823
 18      -0.42315   +0.73346   +0.08886  -0.14892   -0.67340
];

% TIME 18

% DOT1   -   DOT2   -   DOT3   -   DOT4
driver(:,:,18) = [+3.000000e-03   +9.270000e-01   -2.120000e-01   -7.170000e-01
+9.290000e-01   +0   -2.120000e-01   -7.170000e-01
];

% MOL   -   VOUT   -   DOT1   -   DOT2   -   DOT3   -   DOT4
conf(:,:,18) = [ 1      +0.26637   +0.14590   +0.48713  -0.01679   -0.61623
 2      -0.44494   +0.66477   +0.03000  -0.06687   -0.62789
 3      +0.43628   +0.04204   +0.67245  -0.08229   -0.63220
 4      -0.38906   +0.70038   +0.03144  -0.09979   -0.63199
 5      +0.46652   +0.05091   +0.67011  -0.08350   -0.63751
 6      -0.12554   +0.43685   +0.19142  -0.01058   -0.61752
 7      +0.46049   +0.02203   +0.03295  +0.14037   -0.19431
 8      +0.31024   +0.02451   +0.02949  +0.14000   -0.19400
 9      +0.01609   +0.02711   +0.02589  +0.14100   -0.19400
 10      +0.00963   +0.02719   +0.02581  +0.14100   -0.19400
 11      +0.00920   +0.02719   +0.02581  +0.14100   -0.19400
 12      +0.01551   +0.02711   +0.02589  +0.14100   -0.19400
 13      +0.04829   +0.02671   +0.02629  +0.14100   -0.19400
 14      +0.32708   +0.02431   +0.02969  +0.14000   -0.19400
 15      +0.11534   +0.02589   +0.02711  +0.14100   -0.19400
 16      +0.03814   +0.02684   +0.02616  +0.14100   -0.19400
 17      -0.01294   +0.34457   +0.30617  -0.01568   -0.63460
 18      -0.43870   +0.66970   +0.03000  -0.07125   -0.62845
];

% TIME 19

% DOT1   -   DOT2   -   DOT3   -   DOT4
driver(:,:,19) = [+3.000000e-03   +9.270000e-01   -2.120000e-01   -7.170000e-01
+9.290000e-01   +0   -2.120000e-01   -7.170000e-01
];

% MOL   -   VOUT   -   DOT1   -   DOT2   -   DOT3   -   DOT4
conf(:,:,19) = [ 1      -0.03766   +0.19762   +0.14777  +0.06516   -0.41018
 2      -0.05275   +0.20466   +0.13689  +0.06662   -0.40773
 3      +0.01307   +0.17363   +0.18555  +0.05980   -0.41891
 4      -0.00751   +0.18343   +0.16997  +0.06206   -0.41526
 5      +0.10413   +0.13488   +0.21515  +0.05963   -0.40966
 6      +0.07320   +0.14763   +0.20719  +0.05909   -0.41392
 7      +0.21417   +0.02502   +0.02831  +0.14067   -0.19400
 8      +0.21580   +0.02501   +0.02833  +0.14065   -0.19400
 9      +0.01479   +0.02712   +0.02588  +0.14100   -0.19400
 10      +0.00926   +0.02719   +0.02581  +0.14100   -0.19400
 11      +0.00904   +0.02719   +0.02581  +0.14100   -0.19400
 12      +0.01540   +0.02712   +0.02588  +0.14100   -0.19400
 13      +0.04818   +0.02672   +0.02628  +0.14100   -0.19400
 14      +0.32697   +0.02431   +0.02969  +0.14000   -0.19400
 15      +0.09495   +0.02614   +0.02686  +0.14100   -0.19400
 16      +0.03315   +0.02690   +0.02610  +0.14100   -0.19400
 17      -0.13879   +0.23809   +0.10289  +0.06470   -0.40565
 18      -0.15479   +0.24999   +0.09383  +0.06256   -0.40628
];

% TIME 20

% DOT1   -   DOT2   -   DOT3   -   DOT4
driver(:,:,20) = [+3.000000e-03   +9.270000e-01   -2.120000e-01   -7.170000e-01
+9.290000e-01   +0   -2.120000e-01   -7.170000e-01
];

% MOL   -   VOUT   -   DOT1   -   DOT2   -   DOT3   -   DOT4
conf(:,:,20) = [ 1      -0.00865   +0.02741   +0.02559  +0.14100   -0.19400
 2      -0.00996   +0.02743   +0.02557  +0.14100   -0.19400
 3      -0.00303   +0.02734   +0.02566  +0.14100   -0.19400
 4      -0.00566   +0.02737   +0.02563  +0.14100   -0.19400
 5      +0.00012   +0.02730   +0.02570  +0.14100   -0.19400
 6      -0.01742   +0.02752   +0.02548  +0.14100   -0.19400
 7      +0.06119   +0.02656   +0.02644  +0.14100   -0.19400
 8      +0.06588   +0.02650   +0.02650  +0.14100   -0.19400
 9      +0.00925   +0.02719   +0.02581  +0.14100   -0.19400
 10      +0.00701   +0.02722   +0.02578  +0.14100   -0.19400
 11      +0.00799   +0.02721   +0.02579  +0.14100   -0.19400
 12      +0.01485   +0.02712   +0.02588  +0.14100   -0.19400
 13      +0.04786   +0.02672   +0.02628  +0.14100   -0.19400
 14      +0.32677   +0.02431   +0.02969  +0.14000   -0.19400
 15      +0.03679   +0.02685   +0.02615  +0.14100   -0.19400
 16      +0.01674   +0.02710   +0.02590  +0.14100   -0.19400
 17      -0.06128   +0.02805   +0.02495  +0.14100   -0.19400
 18      -0.06597   +0.02811   +0.02489  +0.14100   -0.19400
];

% TIME 21

% DOT1   -   DOT2   -   DOT3   -   DOT4
driver(:,:,21) = [+9.290000e-01   +0   -2.120000e-01   -7.170000e-01
+3.000000e-03   +9.270000e-01   -2.120000e-01   -7.170000e-01
];

% MOL   -   VOUT   -   DOT1   -   DOT2   -   DOT3   -   DOT4
conf(:,:,21) = [ 1      -0.00861   +0.02741   +0.02559  +0.14100   -0.19400
 2      -0.00988   +0.02742   +0.02558  +0.14100   -0.19400
 3      -0.00312   +0.02734   +0.02566  +0.14100   -0.19400
 4      -0.00575   +0.02737   +0.02563  +0.14100   -0.19400
 5      -0.00012   +0.02731   +0.02569  +0.14100   -0.19400
 6      -0.01776   +0.02752   +0.02548  +0.14100   -0.19400
 7      +0.06088   +0.02656   +0.02644  +0.14100   -0.19400
 8      +0.06542   +0.02650   +0.02650  +0.14100   -0.19400
 9      +0.00716   +0.02722   +0.02578  +0.14100   -0.19400
 10      +0.00296   +0.02727   +0.02573  +0.14100   -0.19400
 11      -0.00099   +0.02732   +0.02568  +0.14100   -0.19400
 12      -0.00940   +0.02742   +0.02558  +0.14100   -0.19400
 13      -0.04335   +0.02783   +0.02517  +0.14100   -0.19400
 14      -0.32218   +0.03123   +0.02300  +0.14192   -0.19539
 15      +0.03607   +0.02686   +0.02614  +0.14100   -0.19400
 16      +0.01556   +0.02711   +0.02589  +0.14100   -0.19400
 17      -0.06120   +0.02805   +0.02495  +0.14100   -0.19400
 18      -0.06584   +0.02811   +0.02489  +0.14100   -0.19400
];

% TIME 22

% DOT1   -   DOT2   -   DOT3   -   DOT4
driver(:,:,22) = [+9.290000e-01   +0   -2.120000e-01   -7.170000e-01
+3.000000e-03   +9.270000e-01   -2.120000e-01   -7.170000e-01
];

% MOL   -   VOUT   -   DOT1   -   DOT2   -   DOT3   -   DOT4
conf(:,:,22) = [ 1      -0.01269   +0.02746   +0.02554  +0.14100   -0.19400
 2      -0.01503   +0.02749   +0.02551  +0.14100   -0.19400
 3      -0.01790   +0.02752   +0.02548  +0.14100   -0.19400
 4      -0.02527   +0.02761   +0.02539  +0.14100   -0.19400
 5      -0.11615   +0.02872   +0.02429  +0.14100   -0.19400
 6      -0.16857   +0.02936   +0.02400  +0.14100   -0.19400
 7      +0.04330   +0.16035   +0.19834  +0.05897   -0.41765
 8      +0.04011   +0.16171   +0.19732  +0.05898   -0.41800
 9      +0.01079   +0.17472   +0.18382  +0.06005   -0.41850
 10      -0.00816   +0.18374   +0.16948  +0.06213   -0.41515
 11      +0.02106   +0.16987   +0.19123  +0.05901   -0.42008
 12      -0.03015   +0.19412   +0.15319  +0.06442   -0.41140
 13      +0.09975   +0.13644   +0.21417  +0.05941   -0.41002
 14      -0.35430   +0.34124   +0.03374  +0.03780   -0.41239
 15      +0.01835   +0.17112   +0.18955  +0.05922   -0.41984
 16      +0.00029   +0.17971   +0.17588  +0.06120   -0.41664
 17      -0.06280   +0.02807   +0.02493  +0.14100   -0.19400
 18      -0.06780   +0.02813   +0.02487  +0.14100   -0.19400
];

% TIME 23

% DOT1   -   DOT2   -   DOT3   -   DOT4
driver(:,:,23) = [+9.290000e-01   +0   -2.120000e-01   -7.170000e-01
+3.000000e-03   +9.270000e-01   -2.120000e-01   -7.170000e-01
];

% MOL   -   VOUT   -   DOT1   -   DOT2   -   DOT3   -   DOT4
conf(:,:,23) = [ 1      -0.01761   +0.02752   +0.02548  +0.14100   -0.19400
 2      -0.02152   +0.02757   +0.02543  +0.14100   -0.19400
 3      -0.03416   +0.02772   +0.02528  +0.14100   -0.19400
 4      -0.04894   +0.02790   +0.02510  +0.14100   -0.19400
 5      -0.20907   +0.02986   +0.02399  +0.14100   -0.19400
 6      -0.38337   +0.03195   +0.02300  +0.14480   -0.19970
 7      +0.23714   +0.16330   +0.46785  -0.01475   -0.61641
 8      -0.28506   +0.56343   +0.07055  -0.01364   -0.61957
 9      +0.50328   +0.07254   +0.63954  -0.06751   -0.64457
 10      -0.39954   +0.69464   +0.03101  -0.09430   -0.63132
 11      +0.50765   +0.07274   +0.63818  -0.06639   -0.64455
 12      -0.39944   +0.69470   +0.03102  -0.09436   -0.63133
 13      +0.53325   +0.06448   +0.63929  -0.06293   -0.64109
 14      -0.52734   +0.78595   +0.02031  -0.16758   -0.63868
 15      +0.47341   +0.05496   +0.66438  -0.08051   -0.63884
 16      -0.41537   +0.68597   +0.03036  -0.08602   -0.63031
 17      -0.06492   +0.02810   +0.02490  +0.14100   -0.19400
 18      -0.07043   +0.02816   +0.02484  +0.14100   -0.19400
];

% TIME 24

% DOT1   -   DOT2   -   DOT3   -   DOT4
driver(:,:,24) = [+9.290000e-01   +0   -2.120000e-01   -7.170000e-01
+3.000000e-03   +9.270000e-01   -2.120000e-01   -7.170000e-01
];

% MOL   -   VOUT   -   DOT1   -   DOT2   -   DOT3   -   DOT4
conf(:,:,24) = [ 1      -0.01897   +0.02754   +0.02546  +0.14100   -0.19400
 2      -0.02293   +0.02758   +0.02542  +0.14100   -0.19400
 3      -0.03981   +0.02779   +0.02521  +0.14100   -0.19400
 4      -0.05514   +0.02798   +0.02502  +0.14100   -0.19400
 5      -0.26288   +0.03052   +0.02348  +0.14100   -0.19400
 6      -0.43464   +0.03320   +0.02180  +0.14261   -0.19701
 7      +0.22009   +0.25826   +0.52514  -0.11639   -0.66732
 8      -0.26911   +0.62184   +0.16629  -0.11848   -0.66944
 9      +0.49268   +0.10081   +0.72282  -0.14386   -0.67992
 10      -0.44982   +0.73327   +0.07822  -0.13926   -0.67223
 11      +0.50130   +0.09866   +0.72381  -0.14187   -0.68069
 12      -0.47874   +0.75358   +0.06561  -0.14624   -0.67295
 13      +0.56497   +0.05278   +0.75934  -0.13670   -0.67571
 14      -0.58385   +0.85581   +0.02753  -0.20346   -0.67988
 15      +0.45283   +0.11180   +0.71429  -0.15002   -0.67642
 16      -0.44047   +0.73338   +0.08194  -0.14268   -0.67265
 17      -0.06535   +0.02810   +0.02490  +0.14100   -0.19400
 18      -0.07086   +0.02817   +0.02483  +0.14100   -0.19400
];

% TIME 25

% DOT1   -   DOT2   -   DOT3   -   DOT4
driver(:,:,25) = [+9.290000e-01   +0   -2.120000e-01   -7.170000e-01
+3.000000e-03   +9.270000e-01   -2.120000e-01   -7.170000e-01
];

% MOL   -   VOUT   -   DOT1   -   DOT2   -   DOT3   -   DOT4
conf(:,:,25) = [ 1      -0.02021   +0.02755   +0.02545  +0.14100   -0.19400
 2      -0.02428   +0.02760   +0.02540  +0.14100   -0.19400
 3      -0.04526   +0.02786   +0.02514  +0.14100   -0.19400
 4      -0.06131   +0.02805   +0.02495  +0.14100   -0.19400
 5      -0.31335   +0.03113   +0.02300  +0.14151   -0.19476
 6      -0.48994   +0.03428   +0.02072  +0.14489   -0.19949
 7      +0.23574   +0.33331   +0.60369  -0.21942   -0.71800
 8      -0.34294   +0.72755   +0.20698  -0.21753   -0.71753
 9      +0.65611   +0.01730   +0.90927  -0.20958   -0.71700
 10      -0.65550   +0.90791   +0.01913  -0.21003   -0.71700
 11      +0.65728   +0.01719   +0.90936  -0.20955   -0.71700
 12      -0.65540   +0.90788   +0.01915  -0.21003   -0.71700
 13      +0.65931   +0.01699   +0.90951  -0.20950   -0.71700
 14      -0.65325   +0.90734   +0.01973  -0.21007   -0.71700
 15      +0.55725   +0.06610   +0.86388  -0.21298   -0.71700
 16      -0.62208   +0.89953   +0.02812  -0.21064   -0.71700
 17      -0.06576   +0.02811   +0.02489  +0.14100   -0.19400
 18      -0.07129   +0.02817   +0.02483  +0.14100   -0.19400
];

% TIME 26

% DOT1   -   DOT2   -   DOT3   -   DOT4
driver(:,:,26) = [+9.290000e-01   +0   -2.120000e-01   -7.170000e-01
+3.000000e-03   +9.270000e-01   -2.120000e-01   -7.170000e-01
];

% MOL   -   VOUT   -   DOT1   -   DOT2   -   DOT3   -   DOT4
conf(:,:,26) = [ 1      -0.02021   +0.02755   +0.02545  +0.14100   -0.19400
 2      -0.02428   +0.02760   +0.02540  +0.14100   -0.19400
 3      -0.04526   +0.02786   +0.02514  +0.14100   -0.19400
 4      -0.06131   +0.02805   +0.02495  +0.14100   -0.19400
 5      -0.31335   +0.03113   +0.02300  +0.14151   -0.19476
 6      -0.48995   +0.03428   +0.02072  +0.14489   -0.19949
 7      +0.23575   +0.33330   +0.60370  -0.21942   -0.71800
 8      -0.34296   +0.72756   +0.20696  -0.21752   -0.71752
 9      +0.65611   +0.01730   +0.90927  -0.20958   -0.71700
 10      -0.65550   +0.90791   +0.01913  -0.21003   -0.71700
 11      +0.65728   +0.01719   +0.90936  -0.20955   -0.71700
 12      -0.65540   +0.90788   +0.01915  -0.21003   -0.71700
 13      +0.65931   +0.01699   +0.90951  -0.20950   -0.71700
 14      -0.65325   +0.90734   +0.01973  -0.21007   -0.71700
 15      +0.55727   +0.06609   +0.86389  -0.21298   -0.71700
 16      -0.62209   +0.89953   +0.02812  -0.21064   -0.71700
 17      -0.06576   +0.02811   +0.02489  +0.14100   -0.19400
 18      -0.07129   +0.02817   +0.02483  +0.14100   -0.19400
];

% TIME 27

% DOT1   -   DOT2   -   DOT3   -   DOT4
driver(:,:,27) = [+9.290000e-01   +0   -2.120000e-01   -7.170000e-01
+3.000000e-03   +9.270000e-01   -2.120000e-01   -7.170000e-01
];

% MOL   -   VOUT   -   DOT1   -   DOT2   -   DOT3   -   DOT4
conf(:,:,27) = [ 1      -0.07405   +0.21325   +0.12646  +0.06698   -0.40629
 2      -0.11120   +0.22717   +0.11312  +0.06576   -0.40588
 3      -0.05247   +0.20453   +0.13709  +0.06660   -0.40778
 4      -0.16009   +0.25430   +0.09062  +0.06175   -0.40654
 5      -0.05834   +0.20727   +0.13286  +0.06717   -0.40682
 6      -0.38479   +0.36735   +0.02730  +0.02138   -0.41598
 7      +0.33053   +0.26814   +0.66813  -0.21827   -0.71800
 8      -0.38618   +0.75718   +0.17680  -0.21698   -0.71704
 9      +0.66023   +0.01690   +0.90958  -0.20947   -0.71700
 10      -0.65342   +0.90738   +0.01968  -0.21007   -0.71700
 11      +0.65823   +0.01709   +0.90943  -0.20952   -0.71700
 12      -0.65442   +0.90763   +0.01942  -0.21005   -0.71700
 13      +0.65981   +0.01694   +0.90955  -0.20948   -0.71700
 14      -0.65267   +0.90720   +0.01989  -0.21008   -0.71700
 15      +0.59390   +0.03262   +0.89571  -0.21133   -0.71700
 16      -0.63936   +0.90386   +0.02347  -0.21033   -0.71700
 17      -0.14984   +0.24597   +0.09682  +0.06331   -0.40604
 18      -0.17617   +0.26736   +0.08090  +0.05929   -0.40733
];

% TIME 28

% DOT1   -   DOT2   -   DOT3   -   DOT4
driver(:,:,28) = [+9.290000e-01   +0   -2.120000e-01   -7.170000e-01
+3.000000e-03   +9.270000e-01   -2.120000e-01   -7.170000e-01
];

% MOL   -   VOUT   -   DOT1   -   DOT2   -   DOT3   -   DOT4
conf(:,:,28) = [ 1      +0.23397   +0.16504   +0.46584  -0.01444   -0.61645
 2      -0.52362   +0.77756   +0.02090  -0.16055   -0.63791
 3      +0.37858   +0.05551   +0.60203  -0.03374   -0.62380
 4      -0.58912   +0.82049   +0.01650  -0.19424   -0.64275
 5      +0.47751   +0.05737   +0.66097  -0.07872   -0.63962
 6      -0.61646   +0.81213   +0.01617  -0.18571   -0.64258
 7      +0.68985   +0.01400   +0.91175  -0.20875   -0.71700
 8      -0.50625   +0.84886   +0.08144  -0.21331   -0.71700
 9      +0.65999   +0.01692   +0.90956  -0.20948   -0.71700
 10      -0.65423   +0.90759   +0.01947  -0.21005   -0.71700
 11      +0.65785   +0.01713   +0.90940  -0.20953   -0.71700
 12      -0.65476   +0.90772   +0.01933  -0.21004   -0.71700
 13      +0.65968   +0.01695   +0.90954  -0.20949   -0.71700
 14      -0.65278   +0.90722   +0.01986  -0.21008   -0.71700
 15      +0.65599   +0.01731   +0.90927  -0.20958   -0.71700
 16      -0.64512   +0.90530   +0.02192  -0.21022   -0.71700
 17      -0.05993   +0.38798   +0.23846  -0.00635   -0.61913
 18      -0.45769   +0.65470   +0.03000  -0.05794   -0.62676
];

% TIME 29

% DOT1   -   DOT2   -   DOT3   -   DOT4
driver(:,:,29) = [+9.290000e-01   +0   -2.120000e-01   -7.170000e-01
+3.000000e-03   +9.270000e-01   -2.120000e-01   -7.170000e-01
];

% MOL   -   VOUT   -   DOT1   -   DOT2   -   DOT3   -   DOT4
conf(:,:,29) = [ 1      +0.28494   +0.21445   +0.56969  -0.11670   -0.66746
 2      -0.55978   +0.85396   +0.03147  -0.20565   -0.67978
 3      +0.43140   +0.11905   +0.70467  -0.14948   -0.67464
 4      -0.60532   +0.85543   +0.02447  -0.20007   -0.67983
 5      +0.54904   +0.06650   +0.74834  -0.13729   -0.67776
 6      -0.61682   +0.85511   +0.02285  -0.19817   -0.67979
 7      +0.72309   +0.01075   +0.91419  -0.20794   -0.71700
 8      -0.48478   +0.83241   +0.09857  -0.21398   -0.71700
 9      +0.65991   +0.01693   +0.90955  -0.20948   -0.71700
 10      -0.65438   +0.90762   +0.01943  -0.21005   -0.71700
 11      +0.65775   +0.01714   +0.90939  -0.20954   -0.71700
 12      -0.65487   +0.90775   +0.01929  -0.21004   -0.71700
 13      +0.65961   +0.01696   +0.90953  -0.20949   -0.71700
 14      -0.65286   +0.90724   +0.01984  -0.21008   -0.71700
 15      +0.64805   +0.01809   +0.90868  -0.20977   -0.71700
 16      -0.64521   +0.90532   +0.02190  -0.21022   -0.71700
 17      -0.01675   +0.42756   +0.36574  -0.11742   -0.67563
 18      -0.54105   +0.84620   +0.03592  -0.20286   -0.67926
];

% TIME 30

% DOT1   -   DOT2   -   DOT3   -   DOT4
driver(:,:,30) = [+9.290000e-01   +0   -2.120000e-01   -7.170000e-01
+3.000000e-03   +9.270000e-01   -2.120000e-01   -7.170000e-01
];

% MOL   -   VOUT   -   DOT1   -   DOT2   -   DOT3   -   DOT4
conf(:,:,30) = [ 1      +0.31636   +0.27801   +0.65843  -0.21844   -0.71800
 2      -0.58019   +0.88882   +0.03960  -0.21142   -0.71700
 3      +0.51571   +0.11046   +0.82137  -0.21483   -0.71710
 4      -0.65553   +0.90791   +0.01912  -0.21003   -0.71700
 5      +0.64174   +0.01871   +0.90822  -0.20993   -0.71700
 6      -0.67241   +0.91215   +0.01457  -0.20972   -0.71700
 7      +0.78554   +0.00678   +0.91770  -0.20748   -0.71700
 8      -0.45721   +0.81129   +0.12055  -0.21483   -0.71700
 9      +0.65961   +0.01696   +0.90953  -0.20949   -0.71700
 10      -0.65472   +0.90771   +0.01934  -0.21005   -0.71700
 11      +0.65757   +0.01716   +0.90938  -0.20954   -0.71700
 12      -0.65507   +0.90780   +0.01924  -0.21004   -0.71700
 13      +0.65950   +0.01697   +0.90952  -0.20949   -0.71700
 14      -0.65299   +0.90727   +0.01980  -0.21008   -0.71700
 15      +0.63536   +0.01933   +0.90775  -0.21008   -0.71700
 16      -0.64616   +0.90556   +0.02164  -0.21020   -0.71700
 17      -0.04175   +0.52374   +0.41424  -0.22000   -0.71800
 18      -0.54943   +0.88003   +0.04898  -0.21201   -0.71700
];

% TIME 31

% DOT1   -   DOT2   -   DOT3   -   DOT4
driver(:,:,31) = [+9.290000e-01   +0   -2.120000e-01   -7.170000e-01
+3.000000e-03   +9.270000e-01   -2.120000e-01   -7.170000e-01
];

% MOL   -   VOUT   -   DOT1   -   DOT2   -   DOT3   -   DOT4
conf(:,:,31) = [ 1      +0.31636   +0.27801   +0.65843  -0.21844   -0.71800
 2      -0.58019   +0.88882   +0.03960  -0.21142   -0.71700
 3      +0.51571   +0.11046   +0.82137  -0.21483   -0.71710
 4      -0.65553   +0.90791   +0.01912  -0.21003   -0.71700
 5      +0.64174   +0.01871   +0.90822  -0.20993   -0.71700
 6      -0.67241   +0.91215   +0.01457  -0.20972   -0.71700
 7      +0.78554   +0.00678   +0.91770  -0.20748   -0.71700
 8      -0.45721   +0.81129   +0.12055  -0.21483   -0.71700
 9      +0.65961   +0.01696   +0.90953  -0.20949   -0.71700
 10      -0.65472   +0.90771   +0.01934  -0.21005   -0.71700
 11      +0.65757   +0.01716   +0.90938  -0.20954   -0.71700
 12      -0.65507   +0.90780   +0.01924  -0.21004   -0.71700
 13      +0.65950   +0.01697   +0.90952  -0.20949   -0.71700
 14      -0.65299   +0.90727   +0.01980  -0.21008   -0.71700
 15      +0.63536   +0.01933   +0.90775  -0.21008   -0.71700
 16      -0.64616   +0.90556   +0.02164  -0.21020   -0.71700
 17      -0.04175   +0.52374   +0.41424  -0.22000   -0.71800
 18      -0.54943   +0.88003   +0.04898  -0.21201   -0.71700
];

% TIME 32

% DOT1   -   DOT2   -   DOT3   -   DOT4
driver(:,:,32) = [+9.290000e-01   +0   -2.120000e-01   -7.170000e-01
+3.000000e-03   +9.270000e-01   -2.120000e-01   -7.170000e-01
];

% MOL   -   VOUT   -   DOT1   -   DOT2   -   DOT3   -   DOT4
conf(:,:,32) = [ 1      +0.32433   +0.27246   +0.66388  -0.21834   -0.71800
 2      -0.58007   +0.88879   +0.03963  -0.21142   -0.71700
 3      +0.52488   +0.10066   +0.83078  -0.21443   -0.71707
 4      -0.65043   +0.90664   +0.02049  -0.21012   -0.71700
 5      +0.66115   +0.01681   +0.90964  -0.20945   -0.71700
 6      -0.61430   +0.89757   +0.03021  -0.21079   -0.71700
 7      +0.74403   +0.01155   +0.90260  -0.23377   -0.68043
 8      -0.33900   +0.67431   +0.13042  -0.13372   -0.67100
 9      +0.49438   +0.10038   +0.72302  -0.14347   -0.68007
 10      -0.44917   +0.73328   +0.07847  -0.13950   -0.67226
 11      +0.50148   +0.09861   +0.72383  -0.14183   -0.68070
 12      -0.47848   +0.75320   +0.06574  -0.14602   -0.67292
 13      +0.56504   +0.05272   +0.75938  -0.13670   -0.67570
 14      -0.58368   +0.85580   +0.02756  -0.20348   -0.67988
 15      +0.49496   +0.10024   +0.72308  -0.14334   -0.68012
 16      -0.43976   +0.73339   +0.08223  -0.14294   -0.67268
 17      -0.03789   +0.52115   +0.41683  -0.22000   -0.71800
 18      -0.54955   +0.88007   +0.04894  -0.21201   -0.71700
];

% TIME 33

% DOT1   -   DOT2   -   DOT3   -   DOT4
driver(:,:,33) = [+9.290000e-01   +0   -2.120000e-01   -7.170000e-01
+3.000000e-03   +9.270000e-01   -2.120000e-01   -7.170000e-01
];

% MOL   -   VOUT   -   DOT1   -   DOT2   -   DOT3   -   DOT4
conf(:,:,33) = [ 1      +0.33181   +0.26725   +0.66900  -0.21825   -0.71800
 2      -0.57970   +0.88868   +0.03974  -0.21143   -0.71700
 3      +0.53341   +0.09153   +0.83955  -0.21407   -0.71704
 4      -0.64378   +0.90497   +0.02228  -0.21025   -0.71700
 5      +0.67484   +0.01547   +0.91065  -0.20912   -0.71700
 6      -0.55319   +0.88111   +0.04783  -0.21194   -0.71700
 7      +0.73092   +0.01543   +0.86881  -0.24216   -0.64226
 8      -0.29425   +0.56165   +0.06862  -0.01057   -0.61882
 9      +0.51119   +0.07160   +0.63833  -0.06591   -0.64408
 10      -0.39751   +0.69575   +0.03110  -0.09537   -0.63145
 11      +0.50908   +0.07228   +0.63824  -0.06620   -0.64436
 12      -0.39913   +0.69487   +0.03103  -0.09452   -0.63135
 13      +0.53337   +0.06444   +0.63929  -0.06291   -0.64107
 14      -0.52705   +0.78529   +0.02035  -0.16703   -0.63862
 15      +0.49060   +0.06508   +0.65008  -0.07303   -0.64213
 16      -0.39940   +0.69472   +0.03102  -0.09438   -0.63133
 17      -0.03429   +0.51873   +0.41925  -0.22000   -0.71800
 18      -0.54965   +0.88010   +0.04891  -0.21200   -0.71700
];

% TIME 34

% DOT1   -   DOT2   -   DOT3   -   DOT4
driver(:,:,34) = [+9.290000e-01   +0   -2.120000e-01   -7.170000e-01
+3.000000e-03   +9.270000e-01   -2.120000e-01   -7.170000e-01
];

% MOL   -   VOUT   -   DOT1   -   DOT2   -   DOT3   -   DOT4
conf(:,:,34) = [ 1      +0.37145   +0.24004   +0.69548  -0.21778   -0.71800
 2      -0.56488   +0.88445   +0.04426  -0.21171   -0.71700
 3      +0.57190   +0.05053   +0.87874  -0.21227   -0.71700
 4      -0.55399   +0.88134   +0.04758  -0.21192   -0.71700
 5      +0.60861   +0.02698   +0.90088  -0.21086   -0.71700
 6      -0.28477   +0.68788   +0.24756  -0.21800   -0.71800
 7      +0.51861   +0.04554   +0.33595  +0.03786   -0.41977
 8      +0.23885   +0.09368   +0.24878  +0.06274   -0.40519
 9      +0.01092   +0.17465   +0.18392  +0.06004   -0.41853
 10      -0.00858   +0.18394   +0.16916  +0.06218   -0.41507
 11      +0.02093   +0.16992   +0.19119  +0.05901   -0.42009
 12      -0.03043   +0.19425   +0.15298  +0.06445   -0.41135
 13      +0.09971   +0.13646   +0.21415  +0.05941   -0.41003
 14      -0.35441   +0.34134   +0.03372  +0.03774   -0.41240
 15      +0.04301   +0.16047   +0.19825  +0.05897   -0.41768
 16      +0.00200   +0.17890   +0.17717  +0.06102   -0.41695
 17      -0.01358   +0.50484   +0.43316  -0.22000   -0.71800
 18      -0.54643   +0.87918   +0.04989  -0.21207   -0.71700
];

% TIME 35

% DOT1   -   DOT2   -   DOT3   -   DOT4
driver(:,:,35) = [+9.290000e-01   +0   -2.120000e-01   -7.170000e-01
+3.000000e-03   +9.270000e-01   -2.120000e-01   -7.170000e-01
];

% MOL   -   VOUT   -   DOT1   -   DOT2   -   DOT3   -   DOT4
conf(:,:,35) = [ 1      -0.06461   +0.53902   +0.39888  -0.22000   -0.71800
 2      -0.12790   +0.58085   +0.35631  -0.21996   -0.71800
 3      +0.07571   +0.44360   +0.49315  -0.21938   -0.71800
 4      -0.00761   +0.50083   +0.43717  -0.22000   -0.71800
 5      +0.26631   +0.31269   +0.62427  -0.21905   -0.71800
 6      +0.17524   +0.37429   +0.56255  -0.21984   -0.71800
 7      +0.50074   +0.02200   +0.03300  +0.13939   -0.19481
 8      +0.48094   +0.02200   +0.03300  +0.13990   -0.19455
 9      +0.01842   +0.02708   +0.02592  +0.14100   -0.19400
 10      +0.00679   +0.02722   +0.02578  +0.14100   -0.19400
 11      +0.00044   +0.02730   +0.02570  +0.14100   -0.19400
 12      -0.00883   +0.02741   +0.02559  +0.14100   -0.19400
 13      -0.04310   +0.02783   +0.02517  +0.14100   -0.19400
 14      -0.32206   +0.03123   +0.02300  +0.14192   -0.19538
 15      +0.18659   +0.02507   +0.02798  +0.14095   -0.19400
 16      +0.05374   +0.02665   +0.02635  +0.14100   -0.19400
 17      -0.26453   +0.67403   +0.26190  -0.21800   -0.71800
 18      -0.30063   +0.69872   +0.23633  -0.21799   -0.71799
];

% TIME 36

% DOT1   -   DOT2   -   DOT3   -   DOT4
driver(:,:,36) = [+9.290000e-01   +0   -2.120000e-01   -7.170000e-01
+3.000000e-03   +9.270000e-01   -2.120000e-01   -7.170000e-01
];

% MOL   -   VOUT   -   DOT1   -   DOT2   -   DOT3   -   DOT4
conf(:,:,36) = [ 1      -0.06463   +0.53904   +0.39887  -0.22000   -0.71800
 2      -0.12788   +0.58083   +0.35632  -0.21996   -0.71800
 3      +0.07569   +0.44362   +0.49314  -0.21938   -0.71800
 4      -0.00759   +0.50081   +0.43719  -0.22000   -0.71800
 5      +0.26629   +0.31270   +0.62426  -0.21905   -0.71800
 6      +0.17525   +0.37428   +0.56256  -0.21984   -0.71800
 7      +0.50073   +0.02200   +0.03300  +0.13939   -0.19481
 8      +0.48094   +0.02200   +0.03300  +0.13990   -0.19455
 9      +0.01842   +0.02708   +0.02592  +0.14100   -0.19400
 10      +0.00679   +0.02722   +0.02578  +0.14100   -0.19400
 11      +0.00044   +0.02730   +0.02570  +0.14100   -0.19400
 12      -0.00883   +0.02741   +0.02559  +0.14100   -0.19400
 13      -0.04310   +0.02783   +0.02517  +0.14100   -0.19400
 14      -0.32206   +0.03123   +0.02300  +0.14192   -0.19538
 15      +0.18659   +0.02507   +0.02798  +0.14095   -0.19400
 16      +0.05374   +0.02665   +0.02635  +0.14100   -0.19400
 17      -0.26455   +0.67404   +0.26189  -0.21800   -0.71800
 18      -0.30061   +0.69871   +0.23634  -0.21799   -0.71799
];

% TIME 37

% DOT1   -   DOT2   -   DOT3   -   DOT4
driver(:,:,37) = [+9.290000e-01   +0   -2.120000e-01   -7.170000e-01
+3.000000e-03   +9.270000e-01   -2.120000e-01   -7.170000e-01
];

% MOL   -   VOUT   -   DOT1   -   DOT2   -   DOT3   -   DOT4
conf(:,:,37) = [ 1      +0.19744   +0.27229   +0.51072  -0.11583   -0.66760
 2      -0.36727   +0.70899   +0.11449  -0.15015   -0.67332
 3      +0.32546   +0.18110   +0.60070  -0.11346   -0.66834
 4      -0.26848   +0.62168   +0.16657  -0.11858   -0.66946
 5      +0.38789   +0.14017   +0.66108  -0.12995   -0.67150
 6      -0.02644   +0.43530   +0.35544  -0.11644   -0.67400
 7      +0.48404   +0.02200   +0.03300  +0.13982   -0.19459
 8      +0.38674   +0.02319   +0.03121  +0.14040   -0.19400
 9      +0.01553   +0.02711   +0.02589  +0.14100   -0.19400
 10      +0.00588   +0.02723   +0.02577  +0.14100   -0.19400
 11      +0.00019   +0.02730   +0.02570  +0.14100   -0.19400
 12      -0.00884   +0.02741   +0.02559  +0.14100   -0.19400
 13      -0.04302   +0.02783   +0.02517  +0.14100   -0.19400
 14      -0.32196   +0.03123   +0.02300  +0.14191   -0.19537
 15      +0.14547   +0.02553   +0.02747  +0.14100   -0.19400
 16      +0.04365   +0.02677   +0.02623  +0.14100   -0.19400
 17      -0.07907   +0.47524   +0.30689  -0.11367   -0.66823
 18      -0.42300   +0.73344   +0.08893  -0.14896   -0.67341
];

% TIME 38

% DOT1   -   DOT2   -   DOT3   -   DOT4
driver(:,:,38) = [+9.290000e-01   +0   -2.120000e-01   -7.170000e-01
+3.000000e-03   +9.270000e-01   -2.120000e-01   -7.170000e-01
];

% MOL   -   VOUT   -   DOT1   -   DOT2   -   DOT3   -   DOT4
conf(:,:,38) = [ 1      +0.26655   +0.14574   +0.48727  -0.01677   -0.61624
 2      -0.44491   +0.66479   +0.03000  -0.06690   -0.62790
 3      +0.43619   +0.04202   +0.67245  -0.08229   -0.63219
 4      -0.38925   +0.70028   +0.03143  -0.09969   -0.63198
 5      +0.46650   +0.05090   +0.67012  -0.08351   -0.63751
 6      -0.12589   +0.43712   +0.19117  -0.01060   -0.61751
 7      +0.46014   +0.02204   +0.03295  +0.14037   -0.19431
 8      +0.30966   +0.02452   +0.02948  +0.14000   -0.19400
 9      +0.01400   +0.02713   +0.02587  +0.14100   -0.19400
 10      +0.00558   +0.02724   +0.02576  +0.14100   -0.19400
 11      +0.00021   +0.02730   +0.02570  +0.14100   -0.19400
 12      -0.00873   +0.02741   +0.02559  +0.14100   -0.19400
 13      -0.04292   +0.02783   +0.02517  +0.14100   -0.19400
 14      -0.32187   +0.03123   +0.02300  +0.14191   -0.19537
 15      +0.11457   +0.02590   +0.02710  +0.14100   -0.19400
 16      +0.03695   +0.02685   +0.02615  +0.14100   -0.19400
 17      -0.01279   +0.34443   +0.30640  -0.01572   -0.63466
 18      -0.43871   +0.66969   +0.03000  -0.07124   -0.62845
];

% TIME 39

% DOT1   -   DOT2   -   DOT3   -   DOT4
driver(:,:,39) = [+9.290000e-01   +0   -2.120000e-01   -7.170000e-01
+3.000000e-03   +9.270000e-01   -2.120000e-01   -7.170000e-01
];

% MOL   -   VOUT   -   DOT1   -   DOT2   -   DOT3   -   DOT4
conf(:,:,39) = [ 1      -0.03772   +0.19765   +0.14773  +0.06516   -0.41017
 2      -0.05263   +0.20460   +0.13697  +0.06661   -0.40775
 3      +0.01296   +0.17368   +0.18547  +0.05981   -0.41889
 4      -0.00759   +0.18347   +0.16991  +0.06207   -0.41525
 5      +0.10393   +0.13494   +0.21511  +0.05962   -0.40967
 6      +0.07286   +0.14778   +0.20710  +0.05909   -0.41397
 7      +0.21382   +0.02502   +0.02831  +0.14067   -0.19400
 8      +0.21528   +0.02501   +0.02833  +0.14066   -0.19400
 9      +0.01270   +0.02715   +0.02585  +0.14100   -0.19400
 10      +0.00520   +0.02724   +0.02576  +0.14100   -0.19400
 11      +0.00005   +0.02730   +0.02570  +0.14100   -0.19400
 12      -0.00885   +0.02741   +0.02559  +0.14100   -0.19400
 13      -0.04303   +0.02783   +0.02517  +0.14100   -0.19400
 14      -0.32198   +0.03123   +0.02300  +0.14192   -0.19537
 15      +0.09422   +0.02615   +0.02685  +0.14100   -0.19400
 16      +0.03197   +0.02691   +0.02609  +0.14100   -0.19400
 17      -0.13881   +0.23809   +0.10288  +0.06470   -0.40565
 18      -0.15464   +0.24987   +0.09392  +0.06258   -0.40627
];

% TIME 40

% DOT1   -   DOT2   -   DOT3   -   DOT4
driver(:,:,40) = [+9.290000e-01   +0   -2.120000e-01   -7.170000e-01
+3.000000e-03   +9.270000e-01   -2.120000e-01   -7.170000e-01
];

% MOL   -   VOUT   -   DOT1   -   DOT2   -   DOT3   -   DOT4
conf(:,:,40) = [ 1      -0.00861   +0.02741   +0.02559  +0.14100   -0.19400
 2      -0.00988   +0.02742   +0.02558  +0.14100   -0.19400
 3      -0.00312   +0.02734   +0.02566  +0.14100   -0.19400
 4      -0.00575   +0.02737   +0.02563  +0.14100   -0.19400
 5      -0.00012   +0.02731   +0.02569  +0.14100   -0.19400
 6      -0.01776   +0.02752   +0.02548  +0.14100   -0.19400
 7      +0.06088   +0.02656   +0.02644  +0.14100   -0.19400
 8      +0.06542   +0.02650   +0.02650  +0.14100   -0.19400
 9      +0.00716   +0.02722   +0.02578  +0.14100   -0.19400
 10      +0.00296   +0.02727   +0.02573  +0.14100   -0.19400
 11      -0.00099   +0.02732   +0.02568  +0.14100   -0.19400
 12      -0.00940   +0.02742   +0.02558  +0.14100   -0.19400
 13      -0.04335   +0.02783   +0.02517  +0.14100   -0.19400
 14      -0.32218   +0.03123   +0.02300  +0.14192   -0.19539
 15      +0.03607   +0.02686   +0.02614  +0.14100   -0.19400
 16      +0.01556   +0.02711   +0.02589  +0.14100   -0.19400
 17      -0.06120   +0.02805   +0.02495  +0.14100   -0.19400
 18      -0.06584   +0.02811   +0.02489  +0.14100   -0.19400
];

% TIME 41

% DOT1   -   DOT2   -   DOT3   -   DOT4
driver(:,:,41) = [+4.957165e-01   +4.422835e-01   -2.200000e-01   -7.180000e-01
+4.957165e-01   +4.422835e-01   -2.200000e-01   -7.180000e-01
];

% MOL   -   VOUT   -   DOT1   -   DOT2   -   DOT3   -   DOT4
conf(:,:,41) = [ 1      -0.00861   +0.02741   +0.02559  +0.14100   -0.19400
 2      -0.00991   +0.02742   +0.02558  +0.14100   -0.19400
 3      -0.00304   +0.02734   +0.02566  +0.14100   -0.19400
 4      -0.00566   +0.02737   +0.02563  +0.14100   -0.19400
 5      +0.00006   +0.02730   +0.02570  +0.14100   -0.19400
 6      -0.01751   +0.02752   +0.02548  +0.14100   -0.19400
 7      +0.06110   +0.02656   +0.02644  +0.14100   -0.19400
 8      +0.06573   +0.02650   +0.02650  +0.14100   -0.19400
 9      +0.00847   +0.02720   +0.02580  +0.14100   -0.19400
 10      +0.00543   +0.02724   +0.02576  +0.14100   -0.19400
 11      +0.00431   +0.02725   +0.02575  +0.14100   -0.19400
 12      +0.00447   +0.02725   +0.02575  +0.14100   -0.19400
 13      +0.00727   +0.02722   +0.02578  +0.14100   -0.19400
 14      +0.02802   +0.02696   +0.02604  +0.14100   -0.19400
 15      +0.03655   +0.02686   +0.02614  +0.14100   -0.19400
 16      +0.01633   +0.02710   +0.02590  +0.14100   -0.19400
 17      -0.06123   +0.02805   +0.02495  +0.14100   -0.19400
 18      -0.06590   +0.02811   +0.02489  +0.14100   -0.19400
];

% TIME 42

% DOT1   -   DOT2   -   DOT3   -   DOT4
driver(:,:,42) = [+4.957165e-01   +4.422835e-01   -2.200000e-01   -7.180000e-01
+4.957165e-01   +4.422835e-01   -2.200000e-01   -7.180000e-01
];

% MOL   -   VOUT   -   DOT1   -   DOT2   -   DOT3   -   DOT4
conf(:,:,42) = [ 1      -0.01271   +0.02746   +0.02554  +0.14100   -0.19400
 2      -0.01505   +0.02749   +0.02551  +0.14100   -0.19400
 3      -0.01792   +0.02752   +0.02548  +0.14100   -0.19400
 4      -0.02530   +0.02761   +0.02539  +0.14100   -0.19400
 5      -0.11617   +0.02872   +0.02429  +0.14100   -0.19400
 6      -0.16857   +0.02936   +0.02400  +0.14100   -0.19400
 7      +0.04313   +0.16042   +0.19829  +0.05897   -0.41767
 8      +0.04088   +0.16138   +0.19757  +0.05897   -0.41791
 9      +0.00352   +0.17818   +0.17832  +0.06085   -0.41722
 10      +0.00464   +0.17764   +0.17917  +0.06073   -0.41741
 11      -0.00153   +0.18058   +0.17449  +0.06140   -0.41632
 12      +0.00998   +0.17510   +0.18321  +0.06014   -0.41836
 13      -0.01060   +0.18490   +0.16763  +0.06240   -0.41472
 14      +0.03392   +0.16436   +0.19534  +0.05899   -0.41867
 15      +0.01645   +0.17202   +0.18811  +0.05943   -0.41951
 16      +0.00425   +0.17783   +0.17887  +0.06077   -0.41734
 17      -0.06281   +0.02807   +0.02493  +0.14100   -0.19400
 18      -0.06781   +0.02813   +0.02487  +0.14100   -0.19400
];

% TIME 43

% DOT1   -   DOT2   -   DOT3   -   DOT4
driver(:,:,43) = [+4.957165e-01   +4.422835e-01   -2.200000e-01   -7.180000e-01
+4.957165e-01   +4.422835e-01   -2.200000e-01   -7.180000e-01
];

% MOL   -   VOUT   -   DOT1   -   DOT2   -   DOT3   -   DOT4
conf(:,:,43) = [ 1      -0.01900   +0.02754   +0.02546  +0.14100   -0.19400
 2      -0.02258   +0.02758   +0.02542  +0.14100   -0.19400
 3      -0.03875   +0.02778   +0.02522  +0.14100   -0.19400
 4      -0.05061   +0.02792   +0.02508  +0.14100   -0.19400
 5      -0.28765   +0.03082   +0.02319  +0.14102   -0.19402
 6      -0.28818   +0.03083   +0.02318  +0.14102   -0.19402
 7      -0.16517   +0.48754   +0.15110  -0.01906   -0.61958
 8      +0.45968   +0.04845   +0.67180  -0.08396   -0.63629
 9      -0.40178   +0.69342   +0.03092  -0.09313   -0.63118
 10      +0.49918   +0.07013   +0.64295  -0.06930   -0.64378
 11      -0.42188   +0.68240   +0.03010  -0.08261   -0.62989
 12      +0.47759   +0.05742   +0.66090  -0.07869   -0.63964
 13      -0.34536   +0.63502   +0.04837  -0.05734   -0.62555
 14      +0.24443   +0.15929   +0.47249  -0.01546   -0.61632
 15      -0.40622   +0.69098   +0.03074  -0.09081   -0.63089
 16      +0.50940   +0.07218   +0.63826  -0.06616   -0.64432
 17      -0.06546   +0.02810   +0.02490  +0.14100   -0.19400
 18      -0.07087   +0.02817   +0.02483  +0.14100   -0.19400
];

% TIME 44

% DOT1   -   DOT2   -   DOT3   -   DOT4
driver(:,:,44) = [+4.957165e-01   +4.422835e-01   -2.200000e-01   -7.180000e-01
+4.957165e-01   +4.422835e-01   -2.200000e-01   -7.180000e-01
];

% MOL   -   VOUT   -   DOT1   -   DOT2   -   DOT3   -   DOT4
conf(:,:,44) = [ 1      -0.01971   +0.02754   +0.02546  +0.14100   -0.19400
 2      -0.02343   +0.02759   +0.02541  +0.14100   -0.19400
 3      -0.04224   +0.02782   +0.02518  +0.14100   -0.19400
 4      -0.05527   +0.02798   +0.02502  +0.14100   -0.19400
 5      -0.31543   +0.03115   +0.02300  +0.14161   -0.19491
 6      -0.33852   +0.03142   +0.02300  +0.14269   -0.19654
 7      -0.13994   +0.51844   +0.26456  -0.11581   -0.66764
 8      +0.40954   +0.12903   +0.68513  -0.14148   -0.67302
 9      -0.44819   +0.73329   +0.07887  -0.13986   -0.67230
 10      +0.49079   +0.10128   +0.72260  -0.14430   -0.67975
 11      -0.44616   +0.73332   +0.07968  -0.14060   -0.67239
 12      +0.44377   +0.11486   +0.71022  -0.14979   -0.67567
 13      -0.31823   +0.64881   +0.14213  -0.12165   -0.66929
 14      +0.21001   +0.26451   +0.51872  -0.11614   -0.66744
 15      -0.41011   +0.73209   +0.09427  -0.15252   -0.67383
 16      +0.49558   +0.10008   +0.72315  -0.14319   -0.68018
 17      -0.06564   +0.02811   +0.02489  +0.14100   -0.19400
 18      -0.07108   +0.02817   +0.02483  +0.14100   -0.19400
];

% TIME 45

% DOT1   -   DOT2   -   DOT3   -   DOT4
driver(:,:,45) = [+4.957165e-01   +4.422835e-01   -2.200000e-01   -7.180000e-01
+4.957165e-01   +4.422835e-01   -2.200000e-01   -7.180000e-01
];

% MOL   -   VOUT   -   DOT1   -   DOT2   -   DOT3   -   DOT4
conf(:,:,45) = [ 1      -0.02102   +0.02756   +0.02544  +0.14100   -0.19400
 2      -0.02490   +0.02761   +0.02539  +0.14100   -0.19400
 3      -0.04777   +0.02789   +0.02511  +0.14100   -0.19400
 4      -0.06171   +0.02806   +0.02494  +0.14100   -0.19400
 5      -0.36283   +0.03171   +0.02300  +0.14383   -0.19825
 6      -0.38240   +0.03194   +0.02300  +0.14475   -0.19963
 7      -0.17201   +0.61072   +0.32628  -0.21919   -0.71800
 8      +0.48921   +0.13909   +0.79360  -0.21568   -0.71734
 9      -0.65347   +0.90740   +0.01967  -0.21007   -0.71700
 10      +0.65659   +0.01725   +0.90931  -0.20956   -0.71700
 11      -0.65167   +0.90694   +0.02016  -0.21010   -0.71700
 12      +0.58994   +0.03413   +0.89432  -0.21145   -0.71700
 13      -0.44009   +0.79817   +0.13419  -0.21537   -0.71700
 14      +0.26044   +0.31671   +0.62029  -0.21912   -0.71800
 15      -0.55209   +0.88079   +0.04817  -0.21196   -0.71700
 16      +0.65483   +0.01743   +0.90918  -0.20961   -0.71700
 17      -0.06610   +0.02811   +0.02489  +0.14100   -0.19400
 18      -0.07157   +0.02818   +0.02482  +0.14100   -0.19400
];
