%% Files Analysed:
%%    ../Layout/Database/Data_Molecule_1.mat
%%    ../Layout/Database/Data_Driver.mat
%%    ../Layout/Database/Fake_Phases.mat
%%    ../Layout/Database/Values_Driver.mat


%%    Configuration of data output: 
%%    ID - Vin - Q1 ... QN: 

driver(:,:,2) = [+9.290000e-01   +0   -2.120000e-01   -7.170000e-01
+3.000000e-03   +9.270000e-01   -2.120000e-01   -7.170000e-01
+9.290000e-01   +0   -2.120000e-01   -7.170000e-01
+3.000000e-03   +9.270000e-01   -2.120000e-01   -7.170000e-01
+9.290000e-01   +0   -2.120000e-01   -7.170000e-01
+3.000000e-03   +9.270000e-01   -2.120000e-01   -7.170000e-01
];

conf(:,:,2) = [ 1      -0.52404   +0.86249   +0.06726  -0.21275   -0.71700
 2      +0.83399   +0.00611   +0.91921  -0.20833   -0.71700
 3      -0.58355   +0.88978   +0.03857  -0.21135   -0.71700
 4      +0.22798   +0.33852   +0.59848  -0.21952   -0.71800
 5      -0.36381   +0.03172   +0.02300  +0.14388   -0.19832
 6      +0.20670   +0.02503   +0.02822  +0.14075   -0.19400
 7      +0.14414   +0.02554   +0.02746  +0.14100   -0.19400
 8      +0.04145   +0.02680   +0.02620  +0.14100   -0.19400
 9      -0.46703   +0.81882   +0.11271  -0.21453   -0.71700
 10      +0.31119   +0.28161   +0.65489  -0.21850   -0.71800
];

driver(:,:,3) = [+9.290000e-01   +0   -2.120000e-01   -7.170000e-01
+3.000000e-03   +9.270000e-01   -2.120000e-01   -7.170000e-01
+9.290000e-01   +0   -2.120000e-01   -7.170000e-01
+3.000000e-03   +9.270000e-01   -2.120000e-01   -7.170000e-01
+9.290000e-01   +0   -2.120000e-01   -7.170000e-01
+3.000000e-03   +9.270000e-01   -2.120000e-01   -7.170000e-01
];

conf(:,:,3) = [ 1      -0.89826   +0.92443   +0.00286  -0.21029   -0.71700
 2      +0.73637   +0.00945   +0.91516  -0.20761   -0.71700
 3      -0.85937   +0.92380   +0.00310  -0.20990   -0.71700
 4      +0.59761   +0.03119   +0.89702  -0.21121   -0.71700
 5      -1.11047   +0.81118   +0.00769  -0.17582   -0.64362
 6      +0.71584   +0.01663   +0.84504  -0.22153   -0.64042
 7      -0.17524   +0.02945   +0.02400  +0.14100   -0.19400
 8      -0.01047   +0.02743   +0.02557  +0.14100   -0.19400
 9      -0.49424   +0.83966   +0.09102  -0.21368   -0.71700
 10      +0.82892   +0.00618   +0.91906  -0.20824   -0.71700
];

driver(:,:,4) = [+9.290000e-01   +0   -2.120000e-01   -7.170000e-01
+3.000000e-03   +9.270000e-01   -2.120000e-01   -7.170000e-01
+9.290000e-01   +0   -2.120000e-01   -7.170000e-01
+3.000000e-03   +9.270000e-01   -2.120000e-01   -7.170000e-01
+9.290000e-01   +0   -2.120000e-01   -7.170000e-01
+3.000000e-03   +9.270000e-01   -2.120000e-01   -7.170000e-01
];

conf(:,:,4) = [ 1      -0.89445   +0.92436   +0.00288  -0.21025   -0.71700
 2      +0.49543   +0.13232   +0.80021  -0.21553   -0.71726
 3      -0.85542   +0.92376   +0.00312  -0.20988   -0.71700
 4      +0.68023   +0.01494   +0.91104  -0.20899   -0.71700
 5      -1.08294   +0.92754   +0.00146  -0.21200   -0.71700
 6      +1.01150   +0.05878   +0.86717  -0.20947   -0.71700
 7      -0.43046   +0.67620   +0.03000  -0.07702   -0.62918
 8      +0.33506   +0.08104   +0.54507  -0.00694   -0.61916
 9      -0.47009   +0.82116   +0.11027  -0.21443   -0.71700
 10      +0.86978   +0.00568   +0.92031  -0.20898   -0.71700
];

driver(:,:,5) = [+9.290000e-01   +0   -2.120000e-01   -7.170000e-01
+3.000000e-03   +9.270000e-01   -2.120000e-01   -7.170000e-01
+9.290000e-01   +0   -2.120000e-01   -7.170000e-01
+3.000000e-03   +9.270000e-01   -2.120000e-01   -7.170000e-01
+9.290000e-01   +0   -2.120000e-01   -7.170000e-01
+3.000000e-03   +9.270000e-01   -2.120000e-01   -7.170000e-01
];

conf(:,:,5) = [ 1      -0.87614   +0.92405   +0.00300  -0.21004   -0.71700
 2      +0.47854   +0.15069   +0.78227  -0.21596   -0.71748
 3      -0.85586   +0.92376   +0.00312  -0.20988   -0.71700
 4      +0.67823   +0.01514   +0.91090  -0.20903   -0.71700
 5      -1.10064   +0.92775   +0.00125  -0.21200   -0.71700
 6      +0.98739   +0.04376   +0.88248  -0.20962   -0.71700
 7      -0.39749   +0.76575   +0.16789  -0.21664   -0.71703
 8      +0.30524   +0.28575   +0.65082  -0.21857   -0.71800
 9      -0.46086   +0.81409   +0.11763  -0.21472   -0.71700
 10      +0.90400   +0.00526   +0.92135  -0.20961   -0.71700
];

driver(:,:,6) = [+3.000000e-03   +9.270000e-01   -2.120000e-01   -7.170000e-01
+9.290000e-01   +0   -2.120000e-01   -7.170000e-01
+3.000000e-03   +9.270000e-01   -2.120000e-01   -7.170000e-01
+9.290000e-01   +0   -2.120000e-01   -7.170000e-01
+3.000000e-03   +9.270000e-01   -2.120000e-01   -7.170000e-01
+9.290000e-01   +0   -2.120000e-01   -7.170000e-01
];

conf(:,:,6) = [ 1      +0.46310   +0.02201   +0.03298  +0.14033   -0.19433
 2      +0.14937   +0.02548   +0.02752  +0.14100   -0.19400
 3      +0.41821   +0.02246   +0.03231  +0.14077   -0.19400
 4      +0.07777   +0.02635   +0.02665  +0.14100   -0.19400
 5      +0.02765   +0.02697   +0.02603  +0.14100   -0.19400
 6      -0.00311   +0.02734   +0.02566  +0.14100   -0.19400
 7      -0.01316   +0.02746   +0.02554  +0.14100   -0.19400
 8      -0.01092   +0.02744   +0.02556  +0.14100   -0.19400
 9      -0.13787   +0.02899   +0.02404  +0.14100   -0.19400
 10      -0.47389   +0.03408   +0.02092  +0.14247   -0.19670
];

driver(:,:,7) = [+3.000000e-03   +9.270000e-01   -2.120000e-01   -7.170000e-01
+9.290000e-01   +0   -2.120000e-01   -7.170000e-01
+3.000000e-03   +9.270000e-01   -2.120000e-01   -7.170000e-01
+9.290000e-01   +0   -2.120000e-01   -7.170000e-01
+3.000000e-03   +9.270000e-01   -2.120000e-01   -7.170000e-01
+9.290000e-01   +0   -2.120000e-01   -7.170000e-01
];

conf(:,:,7) = [ 1      +0.49042   +0.13776   +0.79489  -0.21565   -0.71733
 2      -0.28863   +0.69051   +0.24483  -0.21800   -0.71800
 3      +0.66724   +0.01621   +0.91009  -0.20930   -0.71700
 4      -0.26452   +0.67402   +0.26190  -0.21800   -0.71800
 5      +0.39870   +0.02291   +0.03163  +0.14054   -0.19400
 6      -0.22367   +0.03004   +0.02396  +0.14100   -0.19400
 7      -0.14410   +0.02906   +0.02400  +0.14100   -0.19400
 8      -0.03674   +0.02775   +0.02525  +0.14100   -0.19400
 9      +0.51079   +0.11572   +0.81631  -0.21503   -0.71712
 10      -0.78664   +0.92292   +0.00354  -0.20946   -0.71700
];

driver(:,:,8) = [+3.000000e-03   +9.270000e-01   -2.120000e-01   -7.170000e-01
+9.290000e-01   +0   -2.120000e-01   -7.170000e-01
+3.000000e-03   +9.270000e-01   -2.120000e-01   -7.170000e-01
+9.290000e-01   +0   -2.120000e-01   -7.170000e-01
+3.000000e-03   +9.270000e-01   -2.120000e-01   -7.170000e-01
+9.290000e-01   +0   -2.120000e-01   -7.170000e-01
];

conf(:,:,8) = [ 1      +0.51307   +0.11328   +0.81865  -0.21494   -0.71711
 2      -0.77296   +0.92275   +0.00363  -0.20937   -0.71700
 3      +0.85634   +0.00584   +0.91990  -0.20874   -0.71700
 4      -0.58272   +0.88955   +0.03882  -0.21137   -0.71700
 5      +1.06416   +0.01136   +0.78024  -0.15401   -0.63758
 6      -0.69984   +0.78663   +0.01515  -0.15970   -0.64207
 7      +0.15090   +0.02546   +0.02754  +0.14100   -0.19400
 8      +0.00920   +0.02719   +0.02581  +0.14100   -0.19400
 9      +0.89903   +0.00532   +0.92120  -0.20952   -0.71700
 10      -0.73020   +0.92175   +0.00441  -0.20916   -0.71700
];

driver(:,:,9) = [+3.000000e-03   +9.270000e-01   -2.120000e-01   -7.170000e-01
+9.290000e-01   +0   -2.120000e-01   -7.170000e-01
+3.000000e-03   +9.270000e-01   -2.120000e-01   -7.170000e-01
+9.290000e-01   +0   -2.120000e-01   -7.170000e-01
+3.000000e-03   +9.270000e-01   -2.120000e-01   -7.170000e-01
+9.290000e-01   +0   -2.120000e-01   -7.170000e-01
];

conf(:,:,9) = [ 1      +0.41514   +0.21036   +0.72417  -0.21726   -0.71800
 2      -0.82747   +0.92341   +0.00329  -0.20971   -0.71700
 3      +0.85727   +0.00583   +0.91993  -0.20876   -0.71700
 4      -0.59082   +0.89169   +0.03653  -0.21122   -0.71700
 5      +1.05841   +0.08800   +0.83737  -0.20919   -0.71700
 6      -0.93992   +0.92518   +0.00261  -0.21079   -0.71700
 7      +0.50459   +0.07331   +0.63845  -0.06694   -0.64482
 8      -0.27541   +0.56530   +0.07259  -0.01686   -0.62036
 9      +0.92158   +0.00982   +0.91689  -0.20975   -0.71700
 10      -0.54591   +0.87903   +0.05005  -0.21208   -0.71700
];

driver(:,:,10) = [+3.000000e-03   +9.270000e-01   -2.120000e-01   -7.170000e-01
+9.290000e-01   +0   -2.120000e-01   -7.170000e-01
+3.000000e-03   +9.270000e-01   -2.120000e-01   -7.170000e-01
+9.290000e-01   +0   -2.120000e-01   -7.170000e-01
+3.000000e-03   +9.270000e-01   -2.120000e-01   -7.170000e-01
+9.290000e-01   +0   -2.120000e-01   -7.170000e-01
];

conf(:,:,10) = [ 1      +0.41987   +0.20715   +0.72727  -0.21721   -0.71800
 2      -0.82162   +0.92334   +0.00333  -0.20967   -0.71700
 3      +0.85581   +0.00585   +0.91988  -0.20873   -0.71700
 4      -0.59968   +0.89391   +0.03415  -0.21106   -0.71700
 5      +1.05144   +0.08366   +0.84180  -0.20923   -0.71700
 6      -1.06479   +0.92731   +0.00168  -0.21198   -0.71700
 7      +0.60756   +0.02738   +0.90051  -0.21090   -0.71700
 8      -0.43922   +0.79751   +0.13488  -0.21539   -0.71700
 9      +0.88736   +0.00546   +0.92084  -0.20931   -0.71700
 10      -0.48888   +0.83555   +0.09529  -0.21385   -0.71700
];
