%%%%%%%%%%%%%%%%%%%%%%%%%%%%%%%%%%%%%%%%%%%%%%%%%%%%%%%%%%%%%%%%%%%%%%%%%%%%
%
%       Self-Consistent Electrostatic Potential Algorithm (SCERPA)
% 
%       VLSI Nanocomputing Research Group 
%       Dept. of Electronics and Telecommunications  
%       Politecnico di Torino, Turin, Italy 
%       (https://www.vlsilab.polito.it/) 
% 
%       People [people you may contact for info] 
%         Yuri Ardesi (yuri.ardesi@polito.it)
%         Giuliana Beretta (giuliana.beretta@polito.it)
% 
%       Supervision: Gianluca Piccinini, Mariagrazia Graziano 
% 
%       Relevant pubblications doi: 10.1109/TCAD.2019.2960360 
%                                   10.1109/TVLSI.2020.3045198  
% 
%%%%%%%%%%%%%%%%%%%%%%%%%%%%%%%%%%%%%%%%%%%%%%%%%%%%%%%%%%%%%%%%%%%%%%%%%%%%


%% Files Analysed:
%%    ../Layout/Data/Data_Molecule.mat
%%    ../Layout/Data/Data_Driver.mat
%%    ../Layout/Data/Data_Output.mat
%%    ../Layout/Data/Fake_Phases.mat
%%    ../Layout/Data/Values_Driver.mat


%%    Configuration of data output: 
%%    ID - Vin - Q1 ... QN: 

% TIME 1

% DOT1   -   DOT2   -   DOT3   -   DOT4
driver(:,:,1) = [+3.000000e-03   +9.270000e-01   -2.120000e-01   -7.170000e-01
+9.290000e-01   +0   -2.120000e-01   -7.170000e-01
];

% MOL   -   VOUT   -   DOT1   -   DOT2   -   DOT3   -   DOT4
conf(:,:,1) = [ 1      +0.50638   +0.02199   +0.03302  +0.13941   -0.19502
 2      +0.07923   +0.02634   +0.02666  +0.14100   -0.19400
 3      +0.02370   +0.02701   +0.02599  +0.14100   -0.19400
 4      +0.01053   +0.02718   +0.02582  +0.14100   -0.19400
 5      +0.00619   +0.02723   +0.02577  +0.14100   -0.19400
 6      +0.00445   +0.02725   +0.02575  +0.14100   -0.19400
 7      +0.00364   +0.02726   +0.02574  +0.14100   -0.19400
 8      +0.00322   +0.02726   +0.02574  +0.14100   -0.19400
 9      +0.00299   +0.02727   +0.02573  +0.14100   -0.19400
 10      +0.00285   +0.02727   +0.02573  +0.14100   -0.19400
 11      +0.00275   +0.02727   +0.02573  +0.14100   -0.19400
 12      +0.00269   +0.02727   +0.02573  +0.14100   -0.19400
 13      +0.00263   +0.02727   +0.02573  +0.14100   -0.19400
 14      +0.00255   +0.02727   +0.02573  +0.14100   -0.19400
 15      +0.00236   +0.02728   +0.02572  +0.14100   -0.19400
 16      +0.00134   +0.02729   +0.02571  +0.14100   -0.19400
];

% TIME 2

% DOT1   -   DOT2   -   DOT3   -   DOT4
driver(:,:,2) = [+3.000000e-03   +9.270000e-01   -2.120000e-01   -7.170000e-01
+9.290000e-01   +0   -2.120000e-01   -7.170000e-01
];

% MOL   -   VOUT   -   DOT1   -   DOT2   -   DOT3   -   DOT4
conf(:,:,2) = [ 1      +0.66195   +0.02076   +0.39833  -0.00035   -0.41955
 2      -0.25626   +0.29980   +0.05008  +0.05881   -0.40798
 3      +0.21940   +0.09905   +0.24254  +0.06374   -0.40533
 4      -0.12846   +0.23400   +0.10672  +0.06510   -0.40573
 5      +0.14182   +0.12235   +0.22307  +0.06207   -0.40750
 6      -0.10796   +0.22589   +0.11432  +0.06589   -0.40590
 7      +0.13230   +0.12551   +0.22108  +0.06145   -0.40804
 8      -0.10559   +0.22495   +0.11520  +0.06598   -0.40592
 9      +0.13112   +0.12591   +0.22083  +0.06138   -0.40811
 10      -0.10522   +0.22481   +0.11534  +0.06599   -0.40593
 11      +0.13055   +0.12609   +0.22071  +0.06134   -0.40814
 12      -0.10430   +0.22444   +0.11568  +0.06603   -0.40593
 13      +0.12701   +0.12727   +0.21996  +0.06111   -0.40834
 14      -0.09619   +0.22137   +0.11861  +0.06630   -0.40602
 15      +0.09770   +0.13731   +0.21363  +0.05939   -0.41032
 16      -0.04078   +0.19907   +0.14552  +0.06546   -0.40967
];

% TIME 3

% DOT1   -   DOT2   -   DOT3   -   DOT4
driver(:,:,3) = [+3.000000e-03   +9.270000e-01   -2.120000e-01   -7.170000e-01
+9.290000e-01   +0   -2.120000e-01   -7.170000e-01
];

% MOL   -   VOUT   -   DOT1   -   DOT2   -   DOT3   -   DOT4
conf(:,:,3) = [ 1      +0.92710   +0.01808   +0.74497  -0.13679   -0.62626
 2      -0.87545   +0.75444   +0.01293  -0.13475   -0.63358
 3      +0.85847   +0.01655   +0.80680  -0.19039   -0.63297
 4      -0.92713   +0.76464   +0.01174  -0.14185   -0.63553
 5      +0.85737   +0.01651   +0.80805  -0.19146   -0.63311
 6      -0.92885   +0.76506   +0.01169  -0.14214   -0.63561
 7      +0.85735   +0.01651   +0.80808  -0.19148   -0.63312
 8      -0.92853   +0.76498   +0.01170  -0.14209   -0.63560
 9      +0.85755   +0.01652   +0.80785  -0.19128   -0.63309
 10      -0.92737   +0.76470   +0.01173  -0.14189   -0.63554
 11      +0.85805   +0.01654   +0.80728  -0.19080   -0.63302
 12      -0.92393   +0.76386   +0.01181  -0.14130   -0.63537
 13      +0.85979   +0.01660   +0.80531  -0.18912   -0.63279
 14      -0.91988   +0.76287   +0.01191  -0.14061   -0.63517
 15      +0.85462   +0.01641   +0.81118  -0.19411   -0.63348
 16      -0.46710   +0.65447   +0.02963  -0.05747   -0.62662
];

% TIME 4

% DOT1   -   DOT2   -   DOT3   -   DOT4
driver(:,:,4) = [+3.000000e-03   +9.270000e-01   -2.120000e-01   -7.170000e-01
+9.290000e-01   +0   -2.120000e-01   -7.170000e-01
];

% MOL   -   VOUT   -   DOT1   -   DOT2   -   DOT3   -   DOT4
conf(:,:,4) = [ 1      +0.99551   +0.03198   +0.81662  -0.17487   -0.67394
 2      -0.90317   +0.84186   +0.00757  -0.17420   -0.67573
 3      +0.97492   +0.02613   +0.81951  -0.17286   -0.67293
 4      -0.90603   +0.84213   +0.00753  -0.17439   -0.67577
 5      +0.97654   +0.02659   +0.81929  -0.17302   -0.67301
 6      -0.90389   +0.84193   +0.00756  -0.17425   -0.67574
 7      +0.97742   +0.02684   +0.81916  -0.17311   -0.67305
 8      -0.90276   +0.84182   +0.00758  -0.17417   -0.67572
 9      +0.97794   +0.02698   +0.81909  -0.17316   -0.67308
 10      -0.90195   +0.84175   +0.00759  -0.17412   -0.67571
 11      +0.97840   +0.02712   +0.81902  -0.17320   -0.67310
 12      -0.90121   +0.84168   +0.00760  -0.17407   -0.67570
 13      +0.97857   +0.02717   +0.81900  -0.17322   -0.67311
 14      -0.91236   +0.84285   +0.00744  -0.17489   -0.67590
 15      +0.94121   +0.01745   +0.82561  -0.17145   -0.67167
 16      -0.46199   +0.73313   +0.07337  -0.13481   -0.67169
];

% TIME 5

% DOT1   -   DOT2   -   DOT3   -   DOT4
driver(:,:,5) = [+3.000000e-03   +9.270000e-01   -2.120000e-01   -7.170000e-01
+9.290000e-01   +0   -2.120000e-01   -7.170000e-01
];

% MOL   -   VOUT   -   DOT1   -   DOT2   -   DOT3   -   DOT4
conf(:,:,5) = [ 1      +1.06854   +0.09432   +0.83093  -0.20912   -0.71700
 2      -0.81656   +0.92328   +0.00336  -0.20964   -0.71700
 3      +1.11149   +0.09265   +0.83304  -0.20941   -0.71700
 4      -0.80855   +0.92318   +0.00341  -0.20959   -0.71700
 5      +1.11839   +0.08826   +0.83764  -0.20954   -0.71700
 6      -0.81172   +0.92322   +0.00339  -0.20961   -0.71700
 7      +1.11923   +0.08773   +0.83820  -0.20956   -0.71700
 8      -0.81194   +0.92322   +0.00339  -0.20961   -0.71700
 9      +1.11952   +0.08755   +0.83839  -0.20956   -0.71700
 10      -0.81226   +0.92323   +0.00339  -0.20961   -0.71700
 11      +1.11980   +0.08737   +0.83857  -0.20957   -0.71700
 12      -0.80795   +0.92318   +0.00341  -0.20959   -0.71700
 13      +1.10919   +0.09302   +0.83264  -0.20939   -0.71700
 14      -0.85451   +0.92374   +0.00313  -0.20987   -0.71700
 15      +1.01648   +0.06188   +0.86400  -0.20944   -0.71700
 16      -0.43988   +0.79801   +0.13436  -0.21537   -0.71700
];

% TIME 6

% DOT1   -   DOT2   -   DOT3   -   DOT4
driver(:,:,6) = [+3.000000e-03   +9.270000e-01   -2.120000e-01   -7.170000e-01
+9.290000e-01   +0   -2.120000e-01   -7.170000e-01
];

% MOL   -   VOUT   -   DOT1   -   DOT2   -   DOT3   -   DOT4
conf(:,:,6) = [ 1      +1.06854   +0.09432   +0.83093  -0.20912   -0.71700
 2      -0.81656   +0.92328   +0.00336  -0.20964   -0.71700
 3      +1.11149   +0.09265   +0.83304  -0.20941   -0.71700
 4      -0.80855   +0.92318   +0.00341  -0.20959   -0.71700
 5      +1.11839   +0.08826   +0.83764  -0.20954   -0.71700
 6      -0.81172   +0.92322   +0.00339  -0.20961   -0.71700
 7      +1.11923   +0.08773   +0.83820  -0.20956   -0.71700
 8      -0.81194   +0.92322   +0.00339  -0.20961   -0.71700
 9      +1.11952   +0.08755   +0.83839  -0.20956   -0.71700
 10      -0.81226   +0.92323   +0.00339  -0.20961   -0.71700
 11      +1.11980   +0.08737   +0.83857  -0.20957   -0.71700
 12      -0.80795   +0.92318   +0.00341  -0.20959   -0.71700
 13      +1.10919   +0.09302   +0.83264  -0.20939   -0.71700
 14      -0.85451   +0.92374   +0.00313  -0.20987   -0.71700
 15      +1.01648   +0.06188   +0.86400  -0.20944   -0.71700
 16      -0.43988   +0.79801   +0.13436  -0.21537   -0.71700
];

% TIME 7

% DOT1   -   DOT2   -   DOT3   -   DOT4
driver(:,:,7) = [+3.000000e-03   +9.270000e-01   -2.120000e-01   -7.170000e-01
+9.290000e-01   +0   -2.120000e-01   -7.170000e-01
];

% MOL   -   VOUT   -   DOT1   -   DOT2   -   DOT3   -   DOT4
conf(:,:,7) = [ 1      +1.06854   +0.09432   +0.83093  -0.20912   -0.71700
 2      -0.81656   +0.92328   +0.00336  -0.20964   -0.71700
 3      +1.11149   +0.09265   +0.83304  -0.20941   -0.71700
 4      -0.80855   +0.92318   +0.00341  -0.20959   -0.71700
 5      +1.11839   +0.08826   +0.83764  -0.20954   -0.71700
 6      -0.81172   +0.92322   +0.00339  -0.20961   -0.71700
 7      +1.11923   +0.08773   +0.83820  -0.20956   -0.71700
 8      -0.81194   +0.92322   +0.00339  -0.20961   -0.71700
 9      +1.11952   +0.08755   +0.83839  -0.20956   -0.71700
 10      -0.81226   +0.92323   +0.00339  -0.20961   -0.71700
 11      +1.11980   +0.08737   +0.83857  -0.20957   -0.71700
 12      -0.80795   +0.92318   +0.00341  -0.20959   -0.71700
 13      +1.10919   +0.09302   +0.83264  -0.20939   -0.71700
 14      -0.85451   +0.92374   +0.00313  -0.20987   -0.71700
 15      +1.01648   +0.06188   +0.86400  -0.20944   -0.71700
 16      -0.43988   +0.79801   +0.13436  -0.21537   -0.71700
];

% TIME 8

% DOT1   -   DOT2   -   DOT3   -   DOT4
driver(:,:,8) = [+3.000000e-03   +9.270000e-01   -2.120000e-01   -7.170000e-01
+9.290000e-01   +0   -2.120000e-01   -7.170000e-01
];

% MOL   -   VOUT   -   DOT1   -   DOT2   -   DOT3   -   DOT4
conf(:,:,8) = [ 1      +1.06854   +0.09432   +0.83093  -0.20912   -0.71700
 2      -0.81656   +0.92328   +0.00336  -0.20964   -0.71700
 3      +1.11149   +0.09265   +0.83304  -0.20941   -0.71700
 4      -0.80855   +0.92318   +0.00341  -0.20959   -0.71700
 5      +1.11839   +0.08826   +0.83764  -0.20954   -0.71700
 6      -0.81172   +0.92322   +0.00339  -0.20961   -0.71700
 7      +1.11923   +0.08773   +0.83820  -0.20956   -0.71700
 8      -0.81194   +0.92322   +0.00339  -0.20961   -0.71700
 9      +1.11952   +0.08755   +0.83839  -0.20956   -0.71700
 10      -0.81226   +0.92323   +0.00339  -0.20961   -0.71700
 11      +1.11980   +0.08737   +0.83857  -0.20957   -0.71700
 12      -0.80795   +0.92318   +0.00341  -0.20959   -0.71700
 13      +1.10919   +0.09302   +0.83264  -0.20939   -0.71700
 14      -0.85451   +0.92374   +0.00313  -0.20987   -0.71700
 15      +1.01648   +0.06188   +0.86400  -0.20944   -0.71700
 16      -0.43988   +0.79801   +0.13436  -0.21537   -0.71700
];

% TIME 9

% DOT1   -   DOT2   -   DOT3   -   DOT4
driver(:,:,9) = [+3.000000e-03   +9.270000e-01   -2.120000e-01   -7.170000e-01
+9.290000e-01   +0   -2.120000e-01   -7.170000e-01
];

% MOL   -   VOUT   -   DOT1   -   DOT2   -   DOT3   -   DOT4
conf(:,:,9) = [ 1      +1.06854   +0.09432   +0.83093  -0.20912   -0.71700
 2      -0.81656   +0.92328   +0.00336  -0.20964   -0.71700
 3      +1.11149   +0.09265   +0.83304  -0.20941   -0.71700
 4      -0.80855   +0.92318   +0.00341  -0.20959   -0.71700
 5      +1.11839   +0.08826   +0.83764  -0.20954   -0.71700
 6      -0.81172   +0.92322   +0.00339  -0.20961   -0.71700
 7      +1.11923   +0.08773   +0.83820  -0.20956   -0.71700
 8      -0.81194   +0.92322   +0.00339  -0.20961   -0.71700
 9      +1.11952   +0.08755   +0.83839  -0.20956   -0.71700
 10      -0.81226   +0.92323   +0.00339  -0.20961   -0.71700
 11      +1.11980   +0.08737   +0.83857  -0.20957   -0.71700
 12      -0.80795   +0.92318   +0.00341  -0.20959   -0.71700
 13      +1.10919   +0.09302   +0.83264  -0.20939   -0.71700
 14      -0.85451   +0.92374   +0.00313  -0.20987   -0.71700
 15      +1.01648   +0.06188   +0.86400  -0.20944   -0.71700
 16      -0.43988   +0.79801   +0.13436  -0.21537   -0.71700
];

% TIME 10

% DOT1   -   DOT2   -   DOT3   -   DOT4
driver(:,:,10) = [+3.000000e-03   +9.270000e-01   -2.120000e-01   -7.170000e-01
+9.290000e-01   +0   -2.120000e-01   -7.170000e-01
];

% MOL   -   VOUT   -   DOT1   -   DOT2   -   DOT3   -   DOT4
conf(:,:,10) = [ 1      +1.06854   +0.09432   +0.83093  -0.20912   -0.71700
 2      -0.81656   +0.92328   +0.00336  -0.20964   -0.71700
 3      +1.11149   +0.09265   +0.83304  -0.20941   -0.71700
 4      -0.80855   +0.92318   +0.00341  -0.20959   -0.71700
 5      +1.11839   +0.08826   +0.83764  -0.20954   -0.71700
 6      -0.81172   +0.92322   +0.00339  -0.20961   -0.71700
 7      +1.11923   +0.08773   +0.83820  -0.20956   -0.71700
 8      -0.81194   +0.92322   +0.00339  -0.20961   -0.71700
 9      +1.11952   +0.08755   +0.83839  -0.20956   -0.71700
 10      -0.81226   +0.92323   +0.00339  -0.20961   -0.71700
 11      +1.11980   +0.08737   +0.83857  -0.20957   -0.71700
 12      -0.80795   +0.92318   +0.00341  -0.20959   -0.71700
 13      +1.10919   +0.09302   +0.83264  -0.20939   -0.71700
 14      -0.85451   +0.92374   +0.00313  -0.20987   -0.71700
 15      +1.01648   +0.06188   +0.86400  -0.20944   -0.71700
 16      -0.43988   +0.79801   +0.13436  -0.21537   -0.71700
];

% TIME 11

% DOT1   -   DOT2   -   DOT3   -   DOT4
driver(:,:,11) = [+3.000000e-03   +9.270000e-01   -2.120000e-01   -7.170000e-01
+9.290000e-01   +0   -2.120000e-01   -7.170000e-01
];

% MOL   -   VOUT   -   DOT1   -   DOT2   -   DOT3   -   DOT4
conf(:,:,11) = [ 1      +1.06854   +0.09432   +0.83093  -0.20912   -0.71700
 2      -0.81656   +0.92328   +0.00336  -0.20964   -0.71700
 3      +1.11149   +0.09265   +0.83304  -0.20941   -0.71700
 4      -0.80855   +0.92318   +0.00341  -0.20959   -0.71700
 5      +1.11839   +0.08826   +0.83764  -0.20954   -0.71700
 6      -0.81172   +0.92322   +0.00339  -0.20961   -0.71700
 7      +1.11923   +0.08773   +0.83820  -0.20956   -0.71700
 8      -0.81194   +0.92322   +0.00339  -0.20961   -0.71700
 9      +1.11952   +0.08755   +0.83839  -0.20956   -0.71700
 10      -0.81226   +0.92323   +0.00339  -0.20961   -0.71700
 11      +1.11980   +0.08737   +0.83857  -0.20957   -0.71700
 12      -0.80795   +0.92318   +0.00341  -0.20959   -0.71700
 13      +1.10919   +0.09302   +0.83264  -0.20939   -0.71700
 14      -0.85451   +0.92374   +0.00313  -0.20987   -0.71700
 15      +1.01648   +0.06188   +0.86400  -0.20944   -0.71700
 16      -0.43988   +0.79801   +0.13436  -0.21537   -0.71700
];

% TIME 12

% DOT1   -   DOT2   -   DOT3   -   DOT4
driver(:,:,12) = [+3.000000e-03   +9.270000e-01   -2.120000e-01   -7.170000e-01
+9.290000e-01   +0   -2.120000e-01   -7.170000e-01
];

% MOL   -   VOUT   -   DOT1   -   DOT2   -   DOT3   -   DOT4
conf(:,:,12) = [ 1      +0.99551   +0.03198   +0.81662  -0.17487   -0.67394
 2      -0.90317   +0.84186   +0.00757  -0.17420   -0.67573
 3      +0.97492   +0.02613   +0.81951  -0.17286   -0.67293
 4      -0.90603   +0.84213   +0.00753  -0.17439   -0.67577
 5      +0.97654   +0.02659   +0.81929  -0.17302   -0.67301
 6      -0.90389   +0.84193   +0.00756  -0.17425   -0.67574
 7      +0.97742   +0.02684   +0.81916  -0.17311   -0.67305
 8      -0.90276   +0.84182   +0.00758  -0.17417   -0.67572
 9      +0.97794   +0.02698   +0.81909  -0.17316   -0.67308
 10      -0.90195   +0.84175   +0.00759  -0.17412   -0.67571
 11      +0.97840   +0.02712   +0.81902  -0.17320   -0.67310
 12      -0.90121   +0.84168   +0.00760  -0.17407   -0.67570
 13      +0.97857   +0.02717   +0.81900  -0.17322   -0.67311
 14      -0.91236   +0.84285   +0.00744  -0.17489   -0.67590
 15      +0.94121   +0.01745   +0.82561  -0.17145   -0.67167
 16      -0.46199   +0.73313   +0.07337  -0.13481   -0.67169
];

% TIME 13

% DOT1   -   DOT2   -   DOT3   -   DOT4
driver(:,:,13) = [+3.000000e-03   +9.270000e-01   -2.120000e-01   -7.170000e-01
+9.290000e-01   +0   -2.120000e-01   -7.170000e-01
];

% MOL   -   VOUT   -   DOT1   -   DOT2   -   DOT3   -   DOT4
conf(:,:,13) = [ 1      +0.92710   +0.01808   +0.74497  -0.13679   -0.62626
 2      -0.87545   +0.75444   +0.01293  -0.13475   -0.63358
 3      +0.85847   +0.01655   +0.80680  -0.19039   -0.63297
 4      -0.92713   +0.76464   +0.01174  -0.14185   -0.63553
 5      +0.85737   +0.01651   +0.80805  -0.19146   -0.63311
 6      -0.92885   +0.76506   +0.01169  -0.14214   -0.63561
 7      +0.85735   +0.01651   +0.80808  -0.19148   -0.63312
 8      -0.92853   +0.76498   +0.01170  -0.14209   -0.63560
 9      +0.85755   +0.01652   +0.80785  -0.19128   -0.63309
 10      -0.92737   +0.76470   +0.01173  -0.14189   -0.63554
 11      +0.85805   +0.01654   +0.80728  -0.19080   -0.63302
 12      -0.92393   +0.76386   +0.01181  -0.14130   -0.63537
 13      +0.85979   +0.01660   +0.80531  -0.18912   -0.63279
 14      -0.91988   +0.76287   +0.01191  -0.14061   -0.63517
 15      +0.85462   +0.01641   +0.81118  -0.19411   -0.63348
 16      -0.46710   +0.65447   +0.02963  -0.05747   -0.62662
];

% TIME 14

% DOT1   -   DOT2   -   DOT3   -   DOT4
driver(:,:,14) = [+3.000000e-03   +9.270000e-01   -2.120000e-01   -7.170000e-01
+9.290000e-01   +0   -2.120000e-01   -7.170000e-01
];

% MOL   -   VOUT   -   DOT1   -   DOT2   -   DOT3   -   DOT4
conf(:,:,14) = [ 1      +0.66195   +0.02076   +0.39833  -0.00035   -0.41955
 2      -0.25626   +0.29980   +0.05008  +0.05881   -0.40798
 3      +0.21940   +0.09905   +0.24254  +0.06374   -0.40533
 4      -0.12846   +0.23400   +0.10672  +0.06510   -0.40573
 5      +0.14182   +0.12235   +0.22307  +0.06207   -0.40750
 6      -0.10796   +0.22589   +0.11432  +0.06589   -0.40590
 7      +0.13230   +0.12551   +0.22108  +0.06145   -0.40804
 8      -0.10559   +0.22495   +0.11520  +0.06598   -0.40592
 9      +0.13112   +0.12591   +0.22083  +0.06138   -0.40811
 10      -0.10522   +0.22481   +0.11534  +0.06599   -0.40593
 11      +0.13055   +0.12609   +0.22071  +0.06134   -0.40814
 12      -0.10430   +0.22444   +0.11568  +0.06603   -0.40593
 13      +0.12701   +0.12727   +0.21996  +0.06111   -0.40834
 14      -0.09619   +0.22137   +0.11861  +0.06630   -0.40602
 15      +0.09770   +0.13731   +0.21363  +0.05939   -0.41032
 16      -0.04078   +0.19908   +0.14552  +0.06546   -0.40967
];

% TIME 15

% DOT1   -   DOT2   -   DOT3   -   DOT4
driver(:,:,15) = [+3.000000e-03   +9.270000e-01   -2.120000e-01   -7.170000e-01
+9.290000e-01   +0   -2.120000e-01   -7.170000e-01
];

% MOL   -   VOUT   -   DOT1   -   DOT2   -   DOT3   -   DOT4
conf(:,:,15) = [ 1      +0.50638   +0.02199   +0.03302  +0.13941   -0.19502
 2      +0.07923   +0.02634   +0.02666  +0.14100   -0.19400
 3      +0.02370   +0.02701   +0.02599  +0.14100   -0.19400
 4      +0.01053   +0.02718   +0.02582  +0.14100   -0.19400
 5      +0.00619   +0.02723   +0.02577  +0.14100   -0.19400
 6      +0.00445   +0.02725   +0.02575  +0.14100   -0.19400
 7      +0.00364   +0.02726   +0.02574  +0.14100   -0.19400
 8      +0.00322   +0.02726   +0.02574  +0.14100   -0.19400
 9      +0.00299   +0.02727   +0.02573  +0.14100   -0.19400
 10      +0.00284   +0.02727   +0.02573  +0.14100   -0.19400
 11      +0.00275   +0.02727   +0.02573  +0.14100   -0.19400
 12      +0.00269   +0.02727   +0.02573  +0.14100   -0.19400
 13      +0.00263   +0.02727   +0.02573  +0.14100   -0.19400
 14      +0.00255   +0.02727   +0.02573  +0.14100   -0.19400
 15      +0.00237   +0.02728   +0.02572  +0.14100   -0.19400
 16      +0.00134   +0.02729   +0.02571  +0.14100   -0.19400
];

% TIME 16

% DOT1   -   DOT2   -   DOT3   -   DOT4
driver(:,:,16) = [+3.000000e-03   +9.270000e-01   -2.120000e-01   -7.170000e-01
+9.290000e-01   +0   -2.120000e-01   -7.170000e-01
];

% MOL   -   VOUT   -   DOT1   -   DOT2   -   DOT3   -   DOT4
conf(:,:,16) = [ 1      +0.50638   +0.02199   +0.03302  +0.13941   -0.19502
 2      +0.07923   +0.02634   +0.02666  +0.14100   -0.19400
 3      +0.02370   +0.02701   +0.02599  +0.14100   -0.19400
 4      +0.01053   +0.02718   +0.02582  +0.14100   -0.19400
 5      +0.00619   +0.02723   +0.02577  +0.14100   -0.19400
 6      +0.00445   +0.02725   +0.02575  +0.14100   -0.19400
 7      +0.00364   +0.02726   +0.02574  +0.14100   -0.19400
 8      +0.00322   +0.02726   +0.02574  +0.14100   -0.19400
 9      +0.00299   +0.02727   +0.02573  +0.14100   -0.19400
 10      +0.00285   +0.02727   +0.02573  +0.14100   -0.19400
 11      +0.00275   +0.02727   +0.02573  +0.14100   -0.19400
 12      +0.00269   +0.02727   +0.02573  +0.14100   -0.19400
 13      +0.00263   +0.02727   +0.02573  +0.14100   -0.19400
 14      +0.00255   +0.02727   +0.02573  +0.14100   -0.19400
 15      +0.00236   +0.02728   +0.02572  +0.14100   -0.19400
 16      +0.00134   +0.02729   +0.02571  +0.14100   -0.19400
];

% TIME 17

% DOT1   -   DOT2   -   DOT3   -   DOT4
driver(:,:,17) = [+3.000000e-03   +9.270000e-01   -2.120000e-01   -7.170000e-01
+9.290000e-01   +0   -2.120000e-01   -7.170000e-01
];

% MOL   -   VOUT   -   DOT1   -   DOT2   -   DOT3   -   DOT4
conf(:,:,17) = [ 1      +0.50638   +0.02199   +0.03302  +0.13941   -0.19502
 2      +0.07923   +0.02634   +0.02666  +0.14100   -0.19400
 3      +0.02370   +0.02701   +0.02599  +0.14100   -0.19400
 4      +0.01053   +0.02718   +0.02582  +0.14100   -0.19400
 5      +0.00619   +0.02723   +0.02577  +0.14100   -0.19400
 6      +0.00445   +0.02725   +0.02575  +0.14100   -0.19400
 7      +0.00364   +0.02726   +0.02574  +0.14100   -0.19400
 8      +0.00322   +0.02726   +0.02574  +0.14100   -0.19400
 9      +0.00299   +0.02727   +0.02573  +0.14100   -0.19400
 10      +0.00285   +0.02727   +0.02573  +0.14100   -0.19400
 11      +0.00275   +0.02727   +0.02573  +0.14100   -0.19400
 12      +0.00269   +0.02727   +0.02573  +0.14100   -0.19400
 13      +0.00263   +0.02727   +0.02573  +0.14100   -0.19400
 14      +0.00255   +0.02727   +0.02573  +0.14100   -0.19400
 15      +0.00236   +0.02728   +0.02572  +0.14100   -0.19400
 16      +0.00134   +0.02729   +0.02571  +0.14100   -0.19400
];

% TIME 18

% DOT1   -   DOT2   -   DOT3   -   DOT4
driver(:,:,18) = [+3.000000e-03   +9.270000e-01   -2.120000e-01   -7.170000e-01
+9.290000e-01   +0   -2.120000e-01   -7.170000e-01
];

% MOL   -   VOUT   -   DOT1   -   DOT2   -   DOT3   -   DOT4
conf(:,:,18) = [ 1      +0.50638   +0.02199   +0.03302  +0.13941   -0.19502
 2      +0.07923   +0.02634   +0.02666  +0.14100   -0.19400
 3      +0.02370   +0.02701   +0.02599  +0.14100   -0.19400
 4      +0.01053   +0.02718   +0.02582  +0.14100   -0.19400
 5      +0.00619   +0.02723   +0.02577  +0.14100   -0.19400
 6      +0.00445   +0.02725   +0.02575  +0.14100   -0.19400
 7      +0.00364   +0.02726   +0.02574  +0.14100   -0.19400
 8      +0.00322   +0.02726   +0.02574  +0.14100   -0.19400
 9      +0.00299   +0.02727   +0.02573  +0.14100   -0.19400
 10      +0.00285   +0.02727   +0.02573  +0.14100   -0.19400
 11      +0.00275   +0.02727   +0.02573  +0.14100   -0.19400
 12      +0.00269   +0.02727   +0.02573  +0.14100   -0.19400
 13      +0.00263   +0.02727   +0.02573  +0.14100   -0.19400
 14      +0.00255   +0.02727   +0.02573  +0.14100   -0.19400
 15      +0.00236   +0.02728   +0.02572  +0.14100   -0.19400
 16      +0.00134   +0.02729   +0.02571  +0.14100   -0.19400
];

% TIME 19

% DOT1   -   DOT2   -   DOT3   -   DOT4
driver(:,:,19) = [+3.000000e-03   +9.270000e-01   -2.120000e-01   -7.170000e-01
+9.290000e-01   +0   -2.120000e-01   -7.170000e-01
];

% MOL   -   VOUT   -   DOT1   -   DOT2   -   DOT3   -   DOT4
conf(:,:,19) = [ 1      +0.50638   +0.02199   +0.03302  +0.13941   -0.19502
 2      +0.07923   +0.02634   +0.02666  +0.14100   -0.19400
 3      +0.02370   +0.02701   +0.02599  +0.14100   -0.19400
 4      +0.01053   +0.02718   +0.02582  +0.14100   -0.19400
 5      +0.00619   +0.02723   +0.02577  +0.14100   -0.19400
 6      +0.00445   +0.02725   +0.02575  +0.14100   -0.19400
 7      +0.00364   +0.02726   +0.02574  +0.14100   -0.19400
 8      +0.00322   +0.02726   +0.02574  +0.14100   -0.19400
 9      +0.00299   +0.02727   +0.02573  +0.14100   -0.19400
 10      +0.00285   +0.02727   +0.02573  +0.14100   -0.19400
 11      +0.00275   +0.02727   +0.02573  +0.14100   -0.19400
 12      +0.00269   +0.02727   +0.02573  +0.14100   -0.19400
 13      +0.00263   +0.02727   +0.02573  +0.14100   -0.19400
 14      +0.00255   +0.02727   +0.02573  +0.14100   -0.19400
 15      +0.00236   +0.02728   +0.02572  +0.14100   -0.19400
 16      +0.00134   +0.02729   +0.02571  +0.14100   -0.19400
];

% TIME 20

% DOT1   -   DOT2   -   DOT3   -   DOT4
driver(:,:,20) = [+3.000000e-03   +9.270000e-01   -2.120000e-01   -7.170000e-01
+9.290000e-01   +0   -2.120000e-01   -7.170000e-01
];

% MOL   -   VOUT   -   DOT1   -   DOT2   -   DOT3   -   DOT4
conf(:,:,20) = [ 1      +0.50638   +0.02199   +0.03302  +0.13941   -0.19502
 2      +0.07923   +0.02634   +0.02666  +0.14100   -0.19400
 3      +0.02370   +0.02701   +0.02599  +0.14100   -0.19400
 4      +0.01053   +0.02718   +0.02582  +0.14100   -0.19400
 5      +0.00619   +0.02723   +0.02577  +0.14100   -0.19400
 6      +0.00445   +0.02725   +0.02575  +0.14100   -0.19400
 7      +0.00364   +0.02726   +0.02574  +0.14100   -0.19400
 8      +0.00322   +0.02726   +0.02574  +0.14100   -0.19400
 9      +0.00299   +0.02727   +0.02573  +0.14100   -0.19400
 10      +0.00285   +0.02727   +0.02573  +0.14100   -0.19400
 11      +0.00275   +0.02727   +0.02573  +0.14100   -0.19400
 12      +0.00269   +0.02727   +0.02573  +0.14100   -0.19400
 13      +0.00263   +0.02727   +0.02573  +0.14100   -0.19400
 14      +0.00255   +0.02727   +0.02573  +0.14100   -0.19400
 15      +0.00236   +0.02728   +0.02572  +0.14100   -0.19400
 16      +0.00134   +0.02729   +0.02571  +0.14100   -0.19400
];

% TIME 21

% DOT1   -   DOT2   -   DOT3   -   DOT4
driver(:,:,21) = [+9.290000e-01   +0   -2.120000e-01   -7.170000e-01
+3.000000e-03   +9.270000e-01   -2.120000e-01   -7.170000e-01
];

% MOL   -   VOUT   -   DOT1   -   DOT2   -   DOT3   -   DOT4
conf(:,:,21) = [ 1      -0.50035   +0.03441   +0.02059  +0.14645   -0.20129
 2      -0.07427   +0.02821   +0.02479  +0.14100   -0.19400
 3      -0.01864   +0.02753   +0.02547  +0.14100   -0.19400
 4      -0.00542   +0.02737   +0.02563  +0.14100   -0.19400
 5      -0.00107   +0.02732   +0.02568  +0.14100   -0.19400
 6      +0.00069   +0.02730   +0.02570  +0.14100   -0.19400
 7      +0.00150   +0.02729   +0.02571  +0.14100   -0.19400
 8      +0.00192   +0.02728   +0.02572  +0.14100   -0.19400
 9      +0.00215   +0.02728   +0.02572  +0.14100   -0.19400
 10      +0.00229   +0.02728   +0.02572  +0.14100   -0.19400
 11      +0.00237   +0.02728   +0.02572  +0.14100   -0.19400
 12      +0.00241   +0.02727   +0.02573  +0.14100   -0.19400
 13      +0.00243   +0.02727   +0.02573  +0.14100   -0.19400
 14      +0.00240   +0.02727   +0.02573  +0.14100   -0.19400
 15      +0.00225   +0.02728   +0.02572  +0.14100   -0.19400
 16      +0.00125   +0.02729   +0.02571  +0.14100   -0.19400
];

% TIME 22

% DOT1   -   DOT2   -   DOT3   -   DOT4
driver(:,:,22) = [+9.290000e-01   +0   -2.120000e-01   -7.170000e-01
+3.000000e-03   +9.270000e-01   -2.120000e-01   -7.170000e-01
];

% MOL   -   VOUT   -   DOT1   -   DOT2   -   DOT3   -   DOT4
conf(:,:,22) = [ 1      -0.63571   +0.42169   +0.01770  -0.01660   -0.42302
 2      +0.33428   +0.05301   +0.28709  +0.06646   -0.40656
 3      -0.20858   +0.29274   +0.06181  +0.05469   -0.40881
 4      +0.21029   +0.10162   +0.23977  +0.06405   -0.40544
 5      -0.12507   +0.23266   +0.10798  +0.06523   -0.40576
 6      +0.13908   +0.12326   +0.22250  +0.06189   -0.40765
 7      -0.10381   +0.22425   +0.11586  +0.06605   -0.40594
 8      +0.11848   +0.13011   +0.21817  +0.06056   -0.40883
 9      -0.07248   +0.21268   +0.12701  +0.06703   -0.40631
 10      +0.03716   +0.16297   +0.19638  +0.05898   -0.41832
 11      +0.03613   +0.16342   +0.19605  +0.05898   -0.41843
 12      -0.07105   +0.21215   +0.12752  +0.06707   -0.40633
 13      +0.11325   +0.13184   +0.21707  +0.06022   -0.40914
 14      -0.09234   +0.21996   +0.11997  +0.06642   -0.40607
 15      +0.09568   +0.13816   +0.21310  +0.05936   -0.41062
 16      -0.04009   +0.19875   +0.14602  +0.06539   -0.40979
];

% TIME 23

% DOT1   -   DOT2   -   DOT3   -   DOT4
driver(:,:,23) = [+9.290000e-01   +0   -2.120000e-01   -7.170000e-01
+3.000000e-03   +9.270000e-01   -2.120000e-01   -7.170000e-01
];

% MOL   -   VOUT   -   DOT1   -   DOT2   -   DOT3   -   DOT4
conf(:,:,23) = [ 1      -0.96239   +0.77325   +0.01087  -0.14788   -0.63725
 2      +0.86363   +0.01674   +0.80093  -0.18541   -0.63227
 3      -0.91667   +0.76208   +0.01199  -0.14006   -0.63502
 4      +0.85954   +0.01659   +0.80559  -0.18936   -0.63282
 5      -0.91947   +0.76277   +0.01192  -0.14054   -0.63515
 6      +0.86103   +0.01665   +0.80389  -0.18792   -0.63262
 7      -0.88007   +0.75523   +0.01283  -0.13530   -0.63373
 8      +0.89852   +0.01802   +0.76130  -0.15174   -0.62758
 9      -0.68784   +0.79030   +0.01529  -0.16344   -0.64215
 10      +0.25764   +0.15203   +0.48088  -0.01675   -0.61616
 11      +0.30064   +0.11489   +0.51532  -0.01271   -0.61750
 12      -0.73139   +0.77949   +0.01476  -0.15355   -0.64083
 13      +0.88956   +0.01769   +0.77148  -0.16038   -0.62879
 14      -0.88769   +0.75655   +0.01266  -0.13621   -0.63397
 15      +0.85452   +0.01641   +0.81129  -0.19420   -0.63350
 16      -0.46474   +0.64942   +0.02999  -0.05325   -0.62616
];

% TIME 24

% DOT1   -   DOT2   -   DOT3   -   DOT4
driver(:,:,24) = [+9.290000e-01   +0   -2.120000e-01   -7.170000e-01
+3.000000e-03   +9.270000e-01   -2.120000e-01   -7.170000e-01
];

% MOL   -   VOUT   -   DOT1   -   DOT2   -   DOT3   -   DOT4
conf(:,:,24) = [ 1      -0.95336   +0.84824   +0.00681  -0.17864   -0.67690
 2      +0.97966   +0.02747   +0.81885  -0.17332   -0.67316
 3      -0.89860   +0.84143   +0.00763  -0.17390   -0.67566
 4      +0.98019   +0.02762   +0.81877  -0.17338   -0.67319
 5      -0.89750   +0.84133   +0.00765  -0.17383   -0.67564
 6      +0.98225   +0.02821   +0.81848  -0.17358   -0.67329
 7      -0.88099   +0.83976   +0.00789  -0.17275   -0.67538
 8      +1.01368   +0.03714   +0.81407  -0.17665   -0.67482
 9      -0.64490   +0.85434   +0.01890  -0.19353   -0.67970
 10      +0.18413   +0.28053   +0.50225  -0.11551   -0.66776
 11      +0.42873   +0.11995   +0.70348  -0.14941   -0.67442
 12      -0.85083   +0.84018   +0.00823  -0.17315   -0.67568
 13      +0.97962   +0.02746   +0.81885  -0.17332   -0.67316
 14      -0.91293   +0.84293   +0.00743  -0.17494   -0.67592
 15      +0.94087   +0.01739   +0.82571  -0.17149   -0.67167
 16      -0.46236   +0.73313   +0.07322  -0.13467   -0.67167
];

% TIME 25

% DOT1   -   DOT2   -   DOT3   -   DOT4
driver(:,:,25) = [+9.290000e-01   +0   -2.120000e-01   -7.170000e-01
+3.000000e-03   +9.270000e-01   -2.120000e-01   -7.170000e-01
];

% MOL   -   VOUT   -   DOT1   -   DOT2   -   DOT3   -   DOT4
conf(:,:,25) = [ 1      -0.90101   +0.92448   +0.00284  -0.21032   -0.71700
 2      +1.10464   +0.09333   +0.83227  -0.20936   -0.71700
 3      -0.80724   +0.92317   +0.00342  -0.20958   -0.71700
 4      +1.11728   +0.08897   +0.83690  -0.20952   -0.71700
 5      -0.81090   +0.92321   +0.00339  -0.20961   -0.71700
 6      +1.08996   +0.09434   +0.83110  -0.20925   -0.71700
 7      -0.94784   +0.92533   +0.00256  -0.21089   -0.71700
 8      +0.91162   +0.00613   +0.92057  -0.20971   -0.71700
 9      -0.29491   +0.69481   +0.24038  -0.21799   -0.71799
 10      -0.29755   +0.69662   +0.23851  -0.21799   -0.71799
 11      +0.91227   +0.00637   +0.92033  -0.20972   -0.71700
 12      -0.94998   +0.92537   +0.00254  -0.21091   -0.71700
 13      +1.07909   +0.09509   +0.83023  -0.20917   -0.71700
 14      -0.86256   +0.92384   +0.00308  -0.20992   -0.71700
 15      +1.01559   +0.06133   +0.86457  -0.20945   -0.71700
 16      -0.44313   +0.80050   +0.13177  -0.21527   -0.71700
];

% TIME 26

% DOT1   -   DOT2   -   DOT3   -   DOT4
driver(:,:,26) = [+9.290000e-01   +0   -2.120000e-01   -7.170000e-01
+3.000000e-03   +9.270000e-01   -2.120000e-01   -7.170000e-01
];

% MOL   -   VOUT   -   DOT1   -   DOT2   -   DOT3   -   DOT4
conf(:,:,26) = [ 1      -0.90101   +0.92448   +0.00284  -0.21032   -0.71700
 2      +1.10464   +0.09333   +0.83227  -0.20936   -0.71700
 3      -0.80724   +0.92317   +0.00342  -0.20958   -0.71700
 4      +1.11728   +0.08897   +0.83690  -0.20952   -0.71700
 5      -0.81090   +0.92321   +0.00339  -0.20961   -0.71700
 6      +1.08996   +0.09434   +0.83110  -0.20925   -0.71700
 7      -0.94784   +0.92533   +0.00256  -0.21089   -0.71700
 8      +0.91162   +0.00613   +0.92057  -0.20971   -0.71700
 9      -0.29491   +0.69481   +0.24038  -0.21799   -0.71799
 10      -0.29755   +0.69662   +0.23851  -0.21799   -0.71799
 11      +0.91227   +0.00637   +0.92033  -0.20972   -0.71700
 12      -0.94998   +0.92537   +0.00254  -0.21091   -0.71700
 13      +1.07909   +0.09509   +0.83023  -0.20917   -0.71700
 14      -0.86256   +0.92384   +0.00308  -0.20992   -0.71700
 15      +1.01559   +0.06133   +0.86457  -0.20945   -0.71700
 16      -0.44313   +0.80050   +0.13177  -0.21527   -0.71700
];

% TIME 27

% DOT1   -   DOT2   -   DOT3   -   DOT4
driver(:,:,27) = [+9.290000e-01   +0   -2.120000e-01   -7.170000e-01
+3.000000e-03   +9.270000e-01   -2.120000e-01   -7.170000e-01
];

% MOL   -   VOUT   -   DOT1   -   DOT2   -   DOT3   -   DOT4
conf(:,:,27) = [ 1      -0.90101   +0.92448   +0.00284  -0.21032   -0.71700
 2      +1.10464   +0.09333   +0.83227  -0.20936   -0.71700
 3      -0.80724   +0.92317   +0.00342  -0.20958   -0.71700
 4      +1.11728   +0.08897   +0.83690  -0.20952   -0.71700
 5      -0.81090   +0.92321   +0.00339  -0.20961   -0.71700
 6      +1.08996   +0.09434   +0.83110  -0.20925   -0.71700
 7      -0.94784   +0.92533   +0.00256  -0.21089   -0.71700
 8      +0.91162   +0.00613   +0.92057  -0.20971   -0.71700
 9      -0.29491   +0.69481   +0.24038  -0.21799   -0.71799
 10      -0.29755   +0.69662   +0.23851  -0.21799   -0.71799
 11      +0.91227   +0.00637   +0.92033  -0.20972   -0.71700
 12      -0.94998   +0.92537   +0.00254  -0.21091   -0.71700
 13      +1.07909   +0.09509   +0.83023  -0.20917   -0.71700
 14      -0.86256   +0.92384   +0.00308  -0.20992   -0.71700
 15      +1.01559   +0.06133   +0.86457  -0.20945   -0.71700
 16      -0.44313   +0.80050   +0.13177  -0.21527   -0.71700
];

% TIME 28

% DOT1   -   DOT2   -   DOT3   -   DOT4
driver(:,:,28) = [+9.290000e-01   +0   -2.120000e-01   -7.170000e-01
+3.000000e-03   +9.270000e-01   -2.120000e-01   -7.170000e-01
];

% MOL   -   VOUT   -   DOT1   -   DOT2   -   DOT3   -   DOT4
conf(:,:,28) = [ 1      -0.90101   +0.92448   +0.00284  -0.21032   -0.71700
 2      +1.10464   +0.09333   +0.83227  -0.20936   -0.71700
 3      -0.80724   +0.92317   +0.00342  -0.20958   -0.71700
 4      +1.11728   +0.08897   +0.83690  -0.20952   -0.71700
 5      -0.81090   +0.92321   +0.00339  -0.20961   -0.71700
 6      +1.08996   +0.09434   +0.83110  -0.20925   -0.71700
 7      -0.94784   +0.92533   +0.00256  -0.21089   -0.71700
 8      +0.91162   +0.00613   +0.92057  -0.20971   -0.71700
 9      -0.29491   +0.69481   +0.24038  -0.21799   -0.71799
 10      -0.29755   +0.69662   +0.23851  -0.21799   -0.71799
 11      +0.91227   +0.00637   +0.92033  -0.20972   -0.71700
 12      -0.94998   +0.92537   +0.00254  -0.21091   -0.71700
 13      +1.07909   +0.09509   +0.83023  -0.20917   -0.71700
 14      -0.86256   +0.92384   +0.00308  -0.20992   -0.71700
 15      +1.01559   +0.06133   +0.86457  -0.20945   -0.71700
 16      -0.44313   +0.80050   +0.13177  -0.21527   -0.71700
];

% TIME 29

% DOT1   -   DOT2   -   DOT3   -   DOT4
driver(:,:,29) = [+9.290000e-01   +0   -2.120000e-01   -7.170000e-01
+3.000000e-03   +9.270000e-01   -2.120000e-01   -7.170000e-01
];

% MOL   -   VOUT   -   DOT1   -   DOT2   -   DOT3   -   DOT4
conf(:,:,29) = [ 1      -0.90101   +0.92448   +0.00284  -0.21032   -0.71700
 2      +1.10464   +0.09333   +0.83227  -0.20936   -0.71700
 3      -0.80724   +0.92317   +0.00342  -0.20958   -0.71700
 4      +1.11728   +0.08897   +0.83690  -0.20952   -0.71700
 5      -0.81090   +0.92321   +0.00339  -0.20961   -0.71700
 6      +1.08996   +0.09434   +0.83110  -0.20925   -0.71700
 7      -0.94784   +0.92533   +0.00256  -0.21089   -0.71700
 8      +0.91162   +0.00613   +0.92057  -0.20971   -0.71700
 9      -0.29491   +0.69481   +0.24038  -0.21799   -0.71799
 10      -0.29755   +0.69662   +0.23851  -0.21799   -0.71799
 11      +0.91227   +0.00637   +0.92033  -0.20972   -0.71700
 12      -0.94998   +0.92537   +0.00254  -0.21091   -0.71700
 13      +1.07909   +0.09509   +0.83023  -0.20917   -0.71700
 14      -0.86256   +0.92384   +0.00308  -0.20992   -0.71700
 15      +1.01559   +0.06133   +0.86457  -0.20945   -0.71700
 16      -0.44313   +0.80050   +0.13177  -0.21527   -0.71700
];

% TIME 30

% DOT1   -   DOT2   -   DOT3   -   DOT4
driver(:,:,30) = [+9.290000e-01   +0   -2.120000e-01   -7.170000e-01
+3.000000e-03   +9.270000e-01   -2.120000e-01   -7.170000e-01
];

% MOL   -   VOUT   -   DOT1   -   DOT2   -   DOT3   -   DOT4
conf(:,:,30) = [ 1      -0.90101   +0.92448   +0.00284  -0.21032   -0.71700
 2      +1.10464   +0.09333   +0.83227  -0.20936   -0.71700
 3      -0.80724   +0.92317   +0.00342  -0.20958   -0.71700
 4      +1.11728   +0.08897   +0.83690  -0.20952   -0.71700
 5      -0.81090   +0.92321   +0.00339  -0.20961   -0.71700
 6      +1.08996   +0.09434   +0.83110  -0.20925   -0.71700
 7      -0.94784   +0.92533   +0.00256  -0.21089   -0.71700
 8      +0.91162   +0.00613   +0.92057  -0.20971   -0.71700
 9      -0.29491   +0.69481   +0.24038  -0.21799   -0.71799
 10      -0.29755   +0.69662   +0.23851  -0.21799   -0.71799
 11      +0.91227   +0.00637   +0.92033  -0.20972   -0.71700
 12      -0.94998   +0.92537   +0.00254  -0.21091   -0.71700
 13      +1.07909   +0.09509   +0.83023  -0.20917   -0.71700
 14      -0.86256   +0.92384   +0.00308  -0.20992   -0.71700
 15      +1.01559   +0.06133   +0.86457  -0.20945   -0.71700
 16      -0.44313   +0.80050   +0.13177  -0.21527   -0.71700
];

% TIME 31

% DOT1   -   DOT2   -   DOT3   -   DOT4
driver(:,:,31) = [+9.290000e-01   +0   -2.120000e-01   -7.170000e-01
+3.000000e-03   +9.270000e-01   -2.120000e-01   -7.170000e-01
];

% MOL   -   VOUT   -   DOT1   -   DOT2   -   DOT3   -   DOT4
conf(:,:,31) = [ 1      -0.90101   +0.92448   +0.00284  -0.21032   -0.71700
 2      +1.10464   +0.09333   +0.83227  -0.20936   -0.71700
 3      -0.80724   +0.92317   +0.00342  -0.20958   -0.71700
 4      +1.11728   +0.08897   +0.83690  -0.20952   -0.71700
 5      -0.81090   +0.92321   +0.00339  -0.20961   -0.71700
 6      +1.08996   +0.09434   +0.83110  -0.20925   -0.71700
 7      -0.94784   +0.92533   +0.00256  -0.21089   -0.71700
 8      +0.91162   +0.00613   +0.92057  -0.20971   -0.71700
 9      -0.29491   +0.69481   +0.24038  -0.21799   -0.71799
 10      -0.29755   +0.69662   +0.23851  -0.21799   -0.71799
 11      +0.91227   +0.00637   +0.92033  -0.20972   -0.71700
 12      -0.94998   +0.92537   +0.00254  -0.21091   -0.71700
 13      +1.07909   +0.09509   +0.83023  -0.20917   -0.71700
 14      -0.86256   +0.92384   +0.00308  -0.20992   -0.71700
 15      +1.01559   +0.06133   +0.86457  -0.20945   -0.71700
 16      -0.44313   +0.80050   +0.13177  -0.21527   -0.71700
];

% TIME 32

% DOT1   -   DOT2   -   DOT3   -   DOT4
driver(:,:,32) = [+9.290000e-01   +0   -2.120000e-01   -7.170000e-01
+3.000000e-03   +9.270000e-01   -2.120000e-01   -7.170000e-01
];

% MOL   -   VOUT   -   DOT1   -   DOT2   -   DOT3   -   DOT4
conf(:,:,32) = [ 1      -0.95393   +0.84831   +0.00680  -0.17870   -0.67692
 2      +0.97909   +0.02731   +0.81893  -0.17327   -0.67313
 3      -0.90046   +0.84161   +0.00761  -0.17402   -0.67569
 4      +0.97824   +0.02707   +0.81905  -0.17319   -0.67309
 5      -0.90537   +0.84207   +0.00754  -0.17434   -0.67576
 6      +0.97250   +0.02544   +0.81985  -0.17262   -0.67281
 7      -0.96673   +0.84999   +0.00661  -0.17987   -0.67723
 8      +0.84498   +0.01102   +0.87084  -0.20597   -0.67589
 9      -0.27297   +0.62278   +0.16451  -0.11784   -0.66928
 10      -0.27279   +0.62274   +0.16460  -0.11787   -0.66929
 11      +0.84508   +0.01102   +0.87078  -0.20592   -0.67588
 12      -0.96637   +0.84995   +0.00661  -0.17984   -0.67722
 13      +0.97256   +0.02546   +0.81984  -0.17263   -0.67282
 14      -0.91695   +0.84346   +0.00737  -0.17531   -0.67602
 15      +0.94043   +0.01731   +0.82584  -0.17155   -0.67166
 16      -0.46274   +0.73312   +0.07307  -0.13454   -0.67165
];

% TIME 33

% DOT1   -   DOT2   -   DOT3   -   DOT4
driver(:,:,33) = [+9.290000e-01   +0   -2.120000e-01   -7.170000e-01
+3.000000e-03   +9.270000e-01   -2.120000e-01   -7.170000e-01
];

% MOL   -   VOUT   -   DOT1   -   DOT2   -   DOT3   -   DOT4
conf(:,:,33) = [ 1      -0.96259   +0.77330   +0.01087  -0.14791   -0.63726
 2      +0.86353   +0.01674   +0.80105  -0.18551   -0.63229
 3      -0.91744   +0.76227   +0.01197  -0.14019   -0.63505
 4      +0.85915   +0.01658   +0.80603  -0.18973   -0.63287
 5      -0.92279   +0.76358   +0.01184  -0.14111   -0.63532
 6      +0.85964   +0.01660   +0.80547  -0.18926   -0.63281
 7      -0.96089   +0.77289   +0.01091  -0.14762   -0.63718
 8      +0.81178   +0.01484   +0.85985  -0.23545   -0.63924
 9      -0.25536   +0.56936   +0.07679  -0.02370   -0.62203
 10      -0.25484   +0.56948   +0.07690  -0.02388   -0.62208
 11      +0.81226   +0.01486   +0.85931  -0.23500   -0.63918
 12      -0.95737   +0.77203   +0.01100  -0.14702   -0.63701
 13      +0.86150   +0.01667   +0.80336  -0.18747   -0.63256
 14      -0.91765   +0.76232   +0.01197  -0.14023   -0.63506
 15      +0.85447   +0.01641   +0.81134  -0.19425   -0.63350
 16      -0.46650   +0.65318   +0.02972  -0.05640   -0.62650
];

% TIME 34

% DOT1   -   DOT2   -   DOT3   -   DOT4
driver(:,:,34) = [+9.290000e-01   +0   -2.120000e-01   -7.170000e-01
+3.000000e-03   +9.270000e-01   -2.120000e-01   -7.170000e-01
];

% MOL   -   VOUT   -   DOT1   -   DOT2   -   DOT3   -   DOT4
conf(:,:,34) = [ 1      -0.63571   +0.42169   +0.01770  -0.01660   -0.42302
 2      +0.33428   +0.05301   +0.28709  +0.06646   -0.40656
 3      -0.20858   +0.29274   +0.06181  +0.05469   -0.40881
 4      +0.21029   +0.10162   +0.23977  +0.06405   -0.40544
 5      -0.12507   +0.23266   +0.10798  +0.06523   -0.40576
 6      +0.13908   +0.12326   +0.22250  +0.06189   -0.40765
 7      -0.10381   +0.22425   +0.11586  +0.06605   -0.40594
 8      +0.11848   +0.13011   +0.21817  +0.06056   -0.40883
 9      -0.07248   +0.21268   +0.12701  +0.06703   -0.40631
 10      +0.03716   +0.16297   +0.19638  +0.05898   -0.41832
 11      +0.03613   +0.16342   +0.19605  +0.05898   -0.41843
 12      -0.07105   +0.21215   +0.12752  +0.06707   -0.40633
 13      +0.11325   +0.13184   +0.21707  +0.06022   -0.40914
 14      -0.09234   +0.21996   +0.11997  +0.06642   -0.40607
 15      +0.09568   +0.13816   +0.21310  +0.05936   -0.41062
 16      -0.04009   +0.19875   +0.14602  +0.06539   -0.40979
];

% TIME 35

% DOT1   -   DOT2   -   DOT3   -   DOT4
driver(:,:,35) = [+9.290000e-01   +0   -2.120000e-01   -7.170000e-01
+3.000000e-03   +9.270000e-01   -2.120000e-01   -7.170000e-01
];

% MOL   -   VOUT   -   DOT1   -   DOT2   -   DOT3   -   DOT4
conf(:,:,35) = [ 1      -0.50035   +0.03441   +0.02059  +0.14645   -0.20129
 2      -0.07427   +0.02821   +0.02479  +0.14100   -0.19400
 3      -0.01864   +0.02753   +0.02547  +0.14100   -0.19400
 4      -0.00542   +0.02737   +0.02563  +0.14100   -0.19400
 5      -0.00107   +0.02732   +0.02568  +0.14100   -0.19400
 6      +0.00069   +0.02730   +0.02570  +0.14100   -0.19400
 7      +0.00150   +0.02729   +0.02571  +0.14100   -0.19400
 8      +0.00192   +0.02728   +0.02572  +0.14100   -0.19400
 9      +0.00215   +0.02728   +0.02572  +0.14100   -0.19400
 10      +0.00229   +0.02728   +0.02572  +0.14100   -0.19400
 11      +0.00237   +0.02728   +0.02572  +0.14100   -0.19400
 12      +0.00241   +0.02727   +0.02573  +0.14100   -0.19400
 13      +0.00243   +0.02727   +0.02573  +0.14100   -0.19400
 14      +0.00240   +0.02727   +0.02573  +0.14100   -0.19400
 15      +0.00225   +0.02728   +0.02572  +0.14100   -0.19400
 16      +0.00125   +0.02729   +0.02571  +0.14100   -0.19400
];

% TIME 36

% DOT1   -   DOT2   -   DOT3   -   DOT4
driver(:,:,36) = [+9.290000e-01   +0   -2.120000e-01   -7.170000e-01
+3.000000e-03   +9.270000e-01   -2.120000e-01   -7.170000e-01
];

% MOL   -   VOUT   -   DOT1   -   DOT2   -   DOT3   -   DOT4
conf(:,:,36) = [ 1      -0.50035   +0.03441   +0.02059  +0.14645   -0.20129
 2      -0.07427   +0.02821   +0.02479  +0.14100   -0.19400
 3      -0.01864   +0.02753   +0.02547  +0.14100   -0.19400
 4      -0.00542   +0.02737   +0.02563  +0.14100   -0.19400
 5      -0.00107   +0.02732   +0.02568  +0.14100   -0.19400
 6      +0.00069   +0.02730   +0.02570  +0.14100   -0.19400
 7      +0.00150   +0.02729   +0.02571  +0.14100   -0.19400
 8      +0.00192   +0.02728   +0.02572  +0.14100   -0.19400
 9      +0.00215   +0.02728   +0.02572  +0.14100   -0.19400
 10      +0.00229   +0.02728   +0.02572  +0.14100   -0.19400
 11      +0.00237   +0.02728   +0.02572  +0.14100   -0.19400
 12      +0.00241   +0.02727   +0.02573  +0.14100   -0.19400
 13      +0.00243   +0.02727   +0.02573  +0.14100   -0.19400
 14      +0.00240   +0.02727   +0.02573  +0.14100   -0.19400
 15      +0.00225   +0.02728   +0.02572  +0.14100   -0.19400
 16      +0.00125   +0.02729   +0.02571  +0.14100   -0.19400
];

% TIME 37

% DOT1   -   DOT2   -   DOT3   -   DOT4
driver(:,:,37) = [+9.290000e-01   +0   -2.120000e-01   -7.170000e-01
+3.000000e-03   +9.270000e-01   -2.120000e-01   -7.170000e-01
];

% MOL   -   VOUT   -   DOT1   -   DOT2   -   DOT3   -   DOT4
conf(:,:,37) = [ 1      -0.50035   +0.03441   +0.02059  +0.14645   -0.20129
 2      -0.07427   +0.02821   +0.02479  +0.14100   -0.19400
 3      -0.01864   +0.02753   +0.02547  +0.14100   -0.19400
 4      -0.00542   +0.02737   +0.02563  +0.14100   -0.19400
 5      -0.00107   +0.02732   +0.02568  +0.14100   -0.19400
 6      +0.00069   +0.02730   +0.02570  +0.14100   -0.19400
 7      +0.00150   +0.02729   +0.02571  +0.14100   -0.19400
 8      +0.00192   +0.02728   +0.02572  +0.14100   -0.19400
 9      +0.00215   +0.02728   +0.02572  +0.14100   -0.19400
 10      +0.00229   +0.02728   +0.02572  +0.14100   -0.19400
 11      +0.00237   +0.02728   +0.02572  +0.14100   -0.19400
 12      +0.00241   +0.02727   +0.02573  +0.14100   -0.19400
 13      +0.00243   +0.02727   +0.02573  +0.14100   -0.19400
 14      +0.00240   +0.02727   +0.02573  +0.14100   -0.19400
 15      +0.00225   +0.02728   +0.02572  +0.14100   -0.19400
 16      +0.00125   +0.02729   +0.02571  +0.14100   -0.19400
];

% TIME 38

% DOT1   -   DOT2   -   DOT3   -   DOT4
driver(:,:,38) = [+9.290000e-01   +0   -2.120000e-01   -7.170000e-01
+3.000000e-03   +9.270000e-01   -2.120000e-01   -7.170000e-01
];

% MOL   -   VOUT   -   DOT1   -   DOT2   -   DOT3   -   DOT4
conf(:,:,38) = [ 1      -0.50035   +0.03441   +0.02059  +0.14645   -0.20129
 2      -0.07427   +0.02821   +0.02479  +0.14100   -0.19400
 3      -0.01864   +0.02753   +0.02547  +0.14100   -0.19400
 4      -0.00542   +0.02737   +0.02563  +0.14100   -0.19400
 5      -0.00107   +0.02732   +0.02568  +0.14100   -0.19400
 6      +0.00069   +0.02730   +0.02570  +0.14100   -0.19400
 7      +0.00150   +0.02729   +0.02571  +0.14100   -0.19400
 8      +0.00192   +0.02728   +0.02572  +0.14100   -0.19400
 9      +0.00215   +0.02728   +0.02572  +0.14100   -0.19400
 10      +0.00229   +0.02728   +0.02572  +0.14100   -0.19400
 11      +0.00237   +0.02728   +0.02572  +0.14100   -0.19400
 12      +0.00241   +0.02727   +0.02573  +0.14100   -0.19400
 13      +0.00243   +0.02727   +0.02573  +0.14100   -0.19400
 14      +0.00240   +0.02727   +0.02573  +0.14100   -0.19400
 15      +0.00225   +0.02728   +0.02572  +0.14100   -0.19400
 16      +0.00125   +0.02729   +0.02571  +0.14100   -0.19400
];

% TIME 39

% DOT1   -   DOT2   -   DOT3   -   DOT4
driver(:,:,39) = [+9.290000e-01   +0   -2.120000e-01   -7.170000e-01
+3.000000e-03   +9.270000e-01   -2.120000e-01   -7.170000e-01
];

% MOL   -   VOUT   -   DOT1   -   DOT2   -   DOT3   -   DOT4
conf(:,:,39) = [ 1      -0.50035   +0.03441   +0.02059  +0.14645   -0.20129
 2      -0.07427   +0.02821   +0.02479  +0.14100   -0.19400
 3      -0.01864   +0.02753   +0.02547  +0.14100   -0.19400
 4      -0.00542   +0.02737   +0.02563  +0.14100   -0.19400
 5      -0.00107   +0.02732   +0.02568  +0.14100   -0.19400
 6      +0.00069   +0.02730   +0.02570  +0.14100   -0.19400
 7      +0.00150   +0.02729   +0.02571  +0.14100   -0.19400
 8      +0.00192   +0.02728   +0.02572  +0.14100   -0.19400
 9      +0.00215   +0.02728   +0.02572  +0.14100   -0.19400
 10      +0.00229   +0.02728   +0.02572  +0.14100   -0.19400
 11      +0.00237   +0.02728   +0.02572  +0.14100   -0.19400
 12      +0.00241   +0.02727   +0.02573  +0.14100   -0.19400
 13      +0.00243   +0.02727   +0.02573  +0.14100   -0.19400
 14      +0.00240   +0.02727   +0.02573  +0.14100   -0.19400
 15      +0.00225   +0.02728   +0.02572  +0.14100   -0.19400
 16      +0.00125   +0.02729   +0.02571  +0.14100   -0.19400
];

% TIME 40

% DOT1   -   DOT2   -   DOT3   -   DOT4
driver(:,:,40) = [+9.290000e-01   +0   -2.120000e-01   -7.170000e-01
+3.000000e-03   +9.270000e-01   -2.120000e-01   -7.170000e-01
];

% MOL   -   VOUT   -   DOT1   -   DOT2   -   DOT3   -   DOT4
conf(:,:,40) = [ 1      -0.50035   +0.03441   +0.02059  +0.14645   -0.20129
 2      -0.07427   +0.02821   +0.02479  +0.14100   -0.19400
 3      -0.01864   +0.02753   +0.02547  +0.14100   -0.19400
 4      -0.00542   +0.02737   +0.02563  +0.14100   -0.19400
 5      -0.00107   +0.02732   +0.02568  +0.14100   -0.19400
 6      +0.00069   +0.02730   +0.02570  +0.14100   -0.19400
 7      +0.00150   +0.02729   +0.02571  +0.14100   -0.19400
 8      +0.00192   +0.02728   +0.02572  +0.14100   -0.19400
 9      +0.00215   +0.02728   +0.02572  +0.14100   -0.19400
 10      +0.00229   +0.02728   +0.02572  +0.14100   -0.19400
 11      +0.00237   +0.02728   +0.02572  +0.14100   -0.19400
 12      +0.00241   +0.02727   +0.02573  +0.14100   -0.19400
 13      +0.00243   +0.02727   +0.02573  +0.14100   -0.19400
 14      +0.00240   +0.02727   +0.02573  +0.14100   -0.19400
 15      +0.00225   +0.02728   +0.02572  +0.14100   -0.19400
 16      +0.00125   +0.02729   +0.02571  +0.14100   -0.19400
];
