%% Files Analysed:
%%    ../Layout/Database/Data_Molecule_1.mat
%%    ../Layout/Database/Data_Driver.mat
%%    ../Layout/Database/Fake_Phases.mat
%%    ../Layout/Database/Values_Driver.mat


%%    Configuration of data output: 
%%    ID - Vin - Q1 ... QN: 

% TIME 1

% DOT1   -   DOT2   -   DOT3   -   DOT4
driver(:,:,1) = [+0   +1   +0   +0
+1   +0   +0   +0
+1   +0   +0   +0
+0   +1   +0   +0
+0   +1   +0   +0
+1   +0   +0   +0
];

% MOL   -   VOUT   -   DOT1   -   DOT2   -   DOT3   -   DOT4
conf(:,:,1) = [ 1      +0.04349   +0.46600   +0.47150  -1.21975   +0.28200
 2      -0.35731   +0.73734   +0.19702  -1.21736   +0.28264
 3      +0.07422   +0.02640   +0.02660  +0.14100   -0.19400
 4      +0.01487   +0.02712   +0.02588  +0.14100   -0.19400
];

% TIME 2

% DOT1   -   DOT2   -   DOT3   -   DOT4
driver(:,:,2) = [+0   +1   +0   +0
+1   +0   +0   +0
+1   +0   +0   +0
+0   +1   +0   +0
+0   +1   +0   +0
+1   +0   +0   +0
];

% MOL   -   VOUT   -   DOT1   -   DOT2   -   DOT3   -   DOT4
conf(:,:,2) = [ 1      +0.12603   +0.40856   +0.52776  -1.21929   +0.28200
 2      -0.50949   +0.85135   +0.07886  -1.21321   +0.28300
 3      +0.23672   +0.33265   +0.60435  -0.21941   -0.71800
 4      -0.08642   +0.55342   +0.38422  -0.22000   -0.71800
];
