%%%%%%%%%%%%%%%%%%%%%%%%%%%%%%%%%%%%%%%%%%%%%%%%%%%%%%%%%%%%%%%%%%%%%%%%%%%%
%
%       Self-Consistent Electrostatic Potential Algorithm (SCERPA)
% 
%       VLSI Nanocomputing Research Group 
%       Dept. of Electronics and Telecommunications  
%       Politecnico di Torino, Turin, Italy 
%       (https://www.vlsilab.polito.it/) 
% 
%       People [people you may contact for info] 
%         Yuri Ardesi (yuri.ardesi@polito.it)
%         Giuliana Beretta (giuliana.beretta@polito.it)
% 
%       Supervision: Gianluca Piccinini, Mariagrazia Graziano 
% 
%       Relevant pubblications doi: 10.1109/TCAD.2019.2960360 
%                                   10.1109/TVLSI.2020.3045198  
% 
%%%%%%%%%%%%%%%%%%%%%%%%%%%%%%%%%%%%%%%%%%%%%%%%%%%%%%%%%%%%%%%%%%%%%%%%%%%%


%% Files Analysed:
%%    ../Layout/Data/Data_Molecule.mat
%%    ../Layout/Data/Data_Driver.mat
%%    ../Layout/Data/Data_Output.mat
%%    ../Layout/Data/Fake_Phases.mat
%%    ../Layout/Data/Values_Driver.mat


%%    Configuration of data output: 
%%    ID - Vin - Q1 ... QN: 

% TIME 1

% DOT1   -   DOT2   -   DOT3   -   DOT4
driver(:,:,1) = [+3.000000e-03   +9.270000e-01   -2.120000e-01   -7.170000e-01
+9.290000e-01   +0   -2.120000e-01   -7.170000e-01
];

% MOL   -   VOUT   -   DOT1   -   DOT2   -   DOT3   -   DOT4
conf(:,:,1) = [ 1      +0.21949   +0.02501   +0.02838  +0.14062   -0.19400
 2      +0.02945   +0.02694   +0.02606  +0.14100   -0.19400
 3      +0.00840   +0.02720   +0.02580  +0.14100   -0.19400
 4      +0.00370   +0.02726   +0.02574  +0.14100   -0.19400
 5      +0.00219   +0.02728   +0.02572  +0.14100   -0.19400
 6      +0.00158   +0.02728   +0.02572  +0.14100   -0.19400
 7      +0.00125   +0.02729   +0.02571  +0.14100   -0.19400
 8      +0.00071   +0.02730   +0.02570  +0.14100   -0.19400
];

% TIME 2

% DOT1   -   DOT2   -   DOT3   -   DOT4
driver(:,:,2) = [+3.000000e-03   +9.270000e-01   -2.120000e-01   -7.170000e-01
+9.290000e-01   +0   -2.120000e-01   -7.170000e-01
];

% MOL   -   VOUT   -   DOT1   -   DOT2   -   DOT3   -   DOT4
conf(:,:,2) = [ 1      +0.22461   +0.09760   +0.24417  +0.06352   -0.40528
 2      -0.01296   +0.18603   +0.16584  +0.06266   -0.41430
 3      +0.00753   +0.17627   +0.18135  +0.06041   -0.41793
 4      +0.00061   +0.17956   +0.17612  +0.06117   -0.41670
 5      +0.00196   +0.17892   +0.17714  +0.06102   -0.41694
 6      +0.00139   +0.17919   +0.17671  +0.06108   -0.41684
 7      +0.00166   +0.17906   +0.17692  +0.06105   -0.41689
 8      +0.00069   +0.17953   +0.17617  +0.06116   -0.41671
];

% TIME 3

% DOT1   -   DOT2   -   DOT3   -   DOT4
driver(:,:,3) = [+3.000000e-03   +9.270000e-01   -2.120000e-01   -7.170000e-01
+9.290000e-01   +0   -2.120000e-01   -7.170000e-01
];

% MOL   -   VOUT   -   DOT1   -   DOT2   -   DOT3   -   DOT4
conf(:,:,3) = [ 1      +0.27489   +0.13819   +0.49414  -0.01578   -0.61655
 2      -0.10509   +0.42092   +0.20636  -0.00900   -0.61786
 3      +0.08933   +0.25546   +0.39607  -0.02243   -0.62910
 4      -0.05896   +0.38709   +0.23984  -0.00654   -0.61945
 5      +0.06608   +0.27478   +0.38414  -0.02299   -0.63592
 6      -0.04445   +0.37372   +0.26060  -0.00937   -0.62416
 7      +0.04179   +0.29519   +0.36952  -0.02305   -0.64163
 8      -0.01689   +0.34828   +0.30025  -0.01482   -0.63321
];

% TIME 4

% DOT1   -   DOT2   -   DOT3   -   DOT4
driver(:,:,4) = [+3.000000e-03   +9.270000e-01   -2.120000e-01   -7.170000e-01
+9.290000e-01   +0   -2.120000e-01   -7.170000e-01
];

% MOL   -   VOUT   -   DOT1   -   DOT2   -   DOT3   -   DOT4
conf(:,:,4) = [ 1      +0.26305   +0.23193   +0.55322  -0.11814   -0.66706
 2      -0.07427   +0.47193   +0.31017  -0.11353   -0.66829
 3      +0.05295   +0.37261   +0.42719  -0.12137   -0.67860
 4      -0.01181   +0.42358   +0.37111  -0.11797   -0.67650
 5      +0.02258   +0.39595   +0.40745  -0.12148   -0.68191
 6      -0.00040   +0.41438   +0.38352  -0.11922   -0.67852
 7      +0.01651   +0.40075   +0.40190  -0.12108   -0.68152
 8      +0.00101   +0.41325   +0.38505  -0.11938   -0.67877
];

% TIME 5

% DOT1   -   DOT2   -   DOT3   -   DOT4
driver(:,:,5) = [+3.000000e-03   +9.270000e-01   -2.120000e-01   -7.170000e-01
+9.290000e-01   +0   -2.120000e-01   -7.170000e-01
];

% MOL   -   VOUT   -   DOT1   -   DOT2   -   DOT3   -   DOT4
conf(:,:,5) = [ 1      +0.25480   +0.32050   +0.61650  -0.21919   -0.71800
 2      -0.05229   +0.53080   +0.40716  -0.22000   -0.71800
 3      +0.04080   +0.46786   +0.46969  -0.21978   -0.71800
 4      +0.01237   +0.48741   +0.45059  -0.22000   -0.71800
 5      +0.02133   +0.48137   +0.45661  -0.21999   -0.71800
 6      +0.01754   +0.48394   +0.45406  -0.22000   -0.71800
 7      +0.02180   +0.48104   +0.45693  -0.21998   -0.71800
 8      +0.00868   +0.48989   +0.44811  -0.22000   -0.71800
];

% TIME 6

% DOT1   -   DOT2   -   DOT3   -   DOT4
driver(:,:,6) = [+3.000000e-03   +9.270000e-01   -2.120000e-01   -7.170000e-01
+9.290000e-01   +0   -2.120000e-01   -7.170000e-01
];

% MOL   -   VOUT   -   DOT1   -   DOT2   -   DOT3   -   DOT4
conf(:,:,6) = [ 1      +0.25479   +0.32050   +0.61650  -0.21919   -0.71800
 2      -0.05228   +0.53080   +0.40717  -0.22000   -0.71800
 3      +0.04080   +0.46786   +0.46969  -0.21978   -0.71800
 4      +0.01237   +0.48741   +0.45059  -0.22000   -0.71800
 5      +0.02133   +0.48137   +0.45661  -0.21999   -0.71800
 6      +0.01754   +0.48394   +0.45406  -0.22000   -0.71800
 7      +0.02180   +0.48104   +0.45693  -0.21998   -0.71800
 8      +0.00868   +0.48989   +0.44811  -0.22000   -0.71800
];

% TIME 7

% DOT1   -   DOT2   -   DOT3   -   DOT4
driver(:,:,7) = [+3.000000e-03   +9.270000e-01   -2.120000e-01   -7.170000e-01
+9.290000e-01   +0   -2.120000e-01   -7.170000e-01
];

% MOL   -   VOUT   -   DOT1   -   DOT2   -   DOT3   -   DOT4
conf(:,:,7) = [ 1      +0.25479   +0.32050   +0.61650  -0.21919   -0.71800
 2      -0.05228   +0.53080   +0.40717  -0.22000   -0.71800
 3      +0.04080   +0.46786   +0.46969  -0.21978   -0.71800
 4      +0.01237   +0.48741   +0.45059  -0.22000   -0.71800
 5      +0.02132   +0.48137   +0.45661  -0.21999   -0.71800
 6      +0.01754   +0.48394   +0.45406  -0.22000   -0.71800
 7      +0.02180   +0.48104   +0.45692  -0.21998   -0.71800
 8      +0.00868   +0.48988   +0.44812  -0.22000   -0.71800
];

% TIME 8

% DOT1   -   DOT2   -   DOT3   -   DOT4
driver(:,:,8) = [+3.000000e-03   +9.270000e-01   -2.120000e-01   -7.170000e-01
+9.290000e-01   +0   -2.120000e-01   -7.170000e-01
];

% MOL   -   VOUT   -   DOT1   -   DOT2   -   DOT3   -   DOT4
conf(:,:,8) = [ 1      +0.25479   +0.32050   +0.61650  -0.21919   -0.71800
 2      -0.05228   +0.53080   +0.40717  -0.22000   -0.71800
 3      +0.04079   +0.46787   +0.46969  -0.21978   -0.71800
 4      +0.01237   +0.48741   +0.45059  -0.22000   -0.71800
 5      +0.02132   +0.48137   +0.45660  -0.21999   -0.71800
 6      +0.01754   +0.48393   +0.45407  -0.22000   -0.71800
 7      +0.02180   +0.48104   +0.45692  -0.21998   -0.71800
 8      +0.00868   +0.48988   +0.44812  -0.22000   -0.71800
];

% TIME 9

% DOT1   -   DOT2   -   DOT3   -   DOT4
driver(:,:,9) = [+3.000000e-03   +9.270000e-01   -2.120000e-01   -7.170000e-01
+9.290000e-01   +0   -2.120000e-01   -7.170000e-01
];

% MOL   -   VOUT   -   DOT1   -   DOT2   -   DOT3   -   DOT4
conf(:,:,9) = [ 1      +0.25479   +0.32050   +0.61650  -0.21919   -0.71800
 2      -0.05228   +0.53080   +0.40717  -0.22000   -0.71800
 3      +0.04079   +0.46787   +0.46969  -0.21978   -0.71800
 4      +0.01237   +0.48741   +0.45059  -0.22000   -0.71800
 5      +0.02132   +0.48137   +0.45660  -0.21999   -0.71800
 6      +0.01754   +0.48393   +0.45407  -0.22000   -0.71800
 7      +0.02180   +0.48104   +0.45692  -0.21998   -0.71800
 8      +0.00868   +0.48988   +0.44812  -0.22000   -0.71800
];

% TIME 10

% DOT1   -   DOT2   -   DOT3   -   DOT4
driver(:,:,10) = [+3.000000e-03   +9.270000e-01   -2.120000e-01   -7.170000e-01
+9.290000e-01   +0   -2.120000e-01   -7.170000e-01
];

% MOL   -   VOUT   -   DOT1   -   DOT2   -   DOT3   -   DOT4
conf(:,:,10) = [ 1      +0.25479   +0.32050   +0.61650  -0.21919   -0.71800
 2      -0.05228   +0.53080   +0.40717  -0.22000   -0.71800
 3      +0.04079   +0.46787   +0.46969  -0.21978   -0.71800
 4      +0.01238   +0.48740   +0.45060  -0.22000   -0.71800
 5      +0.02132   +0.48137   +0.45660  -0.21999   -0.71800
 6      +0.01754   +0.48393   +0.45407  -0.22000   -0.71800
 7      +0.02180   +0.48104   +0.45692  -0.21998   -0.71800
 8      +0.00868   +0.48988   +0.44812  -0.22000   -0.71800
];

% TIME 11

% DOT1   -   DOT2   -   DOT3   -   DOT4
driver(:,:,11) = [+3.000000e-03   +9.270000e-01   -2.120000e-01   -7.170000e-01
+9.290000e-01   +0   -2.120000e-01   -7.170000e-01
];

% MOL   -   VOUT   -   DOT1   -   DOT2   -   DOT3   -   DOT4
conf(:,:,11) = [ 1      +0.25479   +0.32050   +0.61650  -0.21919   -0.71800
 2      -0.05228   +0.53080   +0.40717  -0.22000   -0.71800
 3      +0.04079   +0.46787   +0.46969  -0.21978   -0.71800
 4      +0.01238   +0.48740   +0.45060  -0.22000   -0.71800
 5      +0.02132   +0.48137   +0.45660  -0.21999   -0.71800
 6      +0.01754   +0.48393   +0.45407  -0.22000   -0.71800
 7      +0.02180   +0.48104   +0.45692  -0.21998   -0.71800
 8      +0.00868   +0.48988   +0.44812  -0.22000   -0.71800
];

% TIME 12

% DOT1   -   DOT2   -   DOT3   -   DOT4
driver(:,:,12) = [+3.000000e-03   +9.270000e-01   -2.120000e-01   -7.170000e-01
+9.290000e-01   +0   -2.120000e-01   -7.170000e-01
];

% MOL   -   VOUT   -   DOT1   -   DOT2   -   DOT3   -   DOT4
conf(:,:,12) = [ 1      +0.26304   +0.23193   +0.55322  -0.11814   -0.66706
 2      -0.07426   +0.47192   +0.31018  -0.11353   -0.66829
 3      +0.05293   +0.37263   +0.42718  -0.12137   -0.67860
 4      -0.01179   +0.42356   +0.37114  -0.11797   -0.67651
 5      +0.02254   +0.39598   +0.40742  -0.12148   -0.68192
 6      -0.00035   +0.41434   +0.38357  -0.11923   -0.67853
 7      +0.01647   +0.40078   +0.40185  -0.12107   -0.68151
 8      +0.00103   +0.41323   +0.38507  -0.11938   -0.67878
];

% TIME 13

% DOT1   -   DOT2   -   DOT3   -   DOT4
driver(:,:,13) = [+3.000000e-03   +9.270000e-01   -2.120000e-01   -7.170000e-01
+9.290000e-01   +0   -2.120000e-01   -7.170000e-01
];

% MOL   -   VOUT   -   DOT1   -   DOT2   -   DOT3   -   DOT4
conf(:,:,13) = [ 1      +0.27489   +0.13819   +0.49414  -0.01578   -0.61655
 2      -0.10509   +0.42092   +0.20636  -0.00900   -0.61786
 3      +0.08933   +0.25546   +0.39607  -0.02243   -0.62910
 4      -0.05896   +0.38709   +0.23984  -0.00654   -0.61945
 5      +0.06608   +0.27478   +0.38414  -0.02299   -0.63592
 6      -0.04445   +0.37372   +0.26060  -0.00937   -0.62416
 7      +0.04179   +0.29519   +0.36952  -0.02305   -0.64163
 8      -0.01689   +0.34828   +0.30025  -0.01482   -0.63321
];

% TIME 14

% DOT1   -   DOT2   -   DOT3   -   DOT4
driver(:,:,14) = [+3.000000e-03   +9.270000e-01   -2.120000e-01   -7.170000e-01
+9.290000e-01   +0   -2.120000e-01   -7.170000e-01
];

% MOL   -   VOUT   -   DOT1   -   DOT2   -   DOT3   -   DOT4
conf(:,:,14) = [ 1      +0.22461   +0.09759   +0.24417  +0.06352   -0.40528
 2      -0.01297   +0.18603   +0.16583  +0.06266   -0.41430
 3      +0.00754   +0.17626   +0.18136  +0.06041   -0.41793
 4      +0.00060   +0.17957   +0.17611  +0.06117   -0.41670
 5      +0.00197   +0.17892   +0.17715  +0.06102   -0.41694
 6      +0.00138   +0.17920   +0.17670  +0.06108   -0.41684
 7      +0.00167   +0.17906   +0.17692  +0.06105   -0.41689
 8      +0.00068   +0.17953   +0.17617  +0.06116   -0.41671
];

% TIME 15

% DOT1   -   DOT2   -   DOT3   -   DOT4
driver(:,:,15) = [+3.000000e-03   +9.270000e-01   -2.120000e-01   -7.170000e-01
+9.290000e-01   +0   -2.120000e-01   -7.170000e-01
];

% MOL   -   VOUT   -   DOT1   -   DOT2   -   DOT3   -   DOT4
conf(:,:,15) = [ 1      +0.21949   +0.02501   +0.02838  +0.14062   -0.19400
 2      +0.02945   +0.02694   +0.02606  +0.14100   -0.19400
 3      +0.00840   +0.02720   +0.02580  +0.14100   -0.19400
 4      +0.00370   +0.02726   +0.02574  +0.14100   -0.19400
 5      +0.00219   +0.02728   +0.02572  +0.14100   -0.19400
 6      +0.00158   +0.02728   +0.02572  +0.14100   -0.19400
 7      +0.00125   +0.02729   +0.02571  +0.14100   -0.19400
 8      +0.00071   +0.02730   +0.02570  +0.14100   -0.19400
];

% TIME 16

% DOT1   -   DOT2   -   DOT3   -   DOT4
driver(:,:,16) = [+3.000000e-03   +9.270000e-01   -2.120000e-01   -7.170000e-01
+9.290000e-01   +0   -2.120000e-01   -7.170000e-01
];

% MOL   -   VOUT   -   DOT1   -   DOT2   -   DOT3   -   DOT4
conf(:,:,16) = [ 1      +0.21949   +0.02501   +0.02838  +0.14062   -0.19400
 2      +0.02945   +0.02694   +0.02606  +0.14100   -0.19400
 3      +0.00840   +0.02720   +0.02580  +0.14100   -0.19400
 4      +0.00370   +0.02726   +0.02574  +0.14100   -0.19400
 5      +0.00219   +0.02728   +0.02572  +0.14100   -0.19400
 6      +0.00158   +0.02728   +0.02572  +0.14100   -0.19400
 7      +0.00125   +0.02729   +0.02571  +0.14100   -0.19400
 8      +0.00071   +0.02730   +0.02570  +0.14100   -0.19400
];

% TIME 17

% DOT1   -   DOT2   -   DOT3   -   DOT4
driver(:,:,17) = [+3.000000e-03   +9.270000e-01   -2.120000e-01   -7.170000e-01
+9.290000e-01   +0   -2.120000e-01   -7.170000e-01
];

% MOL   -   VOUT   -   DOT1   -   DOT2   -   DOT3   -   DOT4
conf(:,:,17) = [ 1      +0.21949   +0.02501   +0.02838  +0.14062   -0.19400
 2      +0.02945   +0.02694   +0.02606  +0.14100   -0.19400
 3      +0.00840   +0.02720   +0.02580  +0.14100   -0.19400
 4      +0.00370   +0.02726   +0.02574  +0.14100   -0.19400
 5      +0.00219   +0.02728   +0.02572  +0.14100   -0.19400
 6      +0.00158   +0.02728   +0.02572  +0.14100   -0.19400
 7      +0.00125   +0.02729   +0.02571  +0.14100   -0.19400
 8      +0.00071   +0.02730   +0.02570  +0.14100   -0.19400
];

% TIME 18

% DOT1   -   DOT2   -   DOT3   -   DOT4
driver(:,:,18) = [+3.000000e-03   +9.270000e-01   -2.120000e-01   -7.170000e-01
+9.290000e-01   +0   -2.120000e-01   -7.170000e-01
];

% MOL   -   VOUT   -   DOT1   -   DOT2   -   DOT3   -   DOT4
conf(:,:,18) = [ 1      +0.21949   +0.02501   +0.02838  +0.14062   -0.19400
 2      +0.02945   +0.02694   +0.02606  +0.14100   -0.19400
 3      +0.00840   +0.02720   +0.02580  +0.14100   -0.19400
 4      +0.00370   +0.02726   +0.02574  +0.14100   -0.19400
 5      +0.00219   +0.02728   +0.02572  +0.14100   -0.19400
 6      +0.00158   +0.02728   +0.02572  +0.14100   -0.19400
 7      +0.00125   +0.02729   +0.02571  +0.14100   -0.19400
 8      +0.00071   +0.02730   +0.02570  +0.14100   -0.19400
];

% TIME 19

% DOT1   -   DOT2   -   DOT3   -   DOT4
driver(:,:,19) = [+3.000000e-03   +9.270000e-01   -2.120000e-01   -7.170000e-01
+9.290000e-01   +0   -2.120000e-01   -7.170000e-01
];

% MOL   -   VOUT   -   DOT1   -   DOT2   -   DOT3   -   DOT4
conf(:,:,19) = [ 1      +0.21949   +0.02501   +0.02838  +0.14062   -0.19400
 2      +0.02945   +0.02694   +0.02606  +0.14100   -0.19400
 3      +0.00840   +0.02720   +0.02580  +0.14100   -0.19400
 4      +0.00370   +0.02726   +0.02574  +0.14100   -0.19400
 5      +0.00219   +0.02728   +0.02572  +0.14100   -0.19400
 6      +0.00158   +0.02728   +0.02572  +0.14100   -0.19400
 7      +0.00125   +0.02729   +0.02571  +0.14100   -0.19400
 8      +0.00071   +0.02730   +0.02570  +0.14100   -0.19400
];

% TIME 20

% DOT1   -   DOT2   -   DOT3   -   DOT4
driver(:,:,20) = [+3.000000e-03   +9.270000e-01   -2.120000e-01   -7.170000e-01
+9.290000e-01   +0   -2.120000e-01   -7.170000e-01
];

% MOL   -   VOUT   -   DOT1   -   DOT2   -   DOT3   -   DOT4
conf(:,:,20) = [ 1      +0.21949   +0.02501   +0.02838  +0.14062   -0.19400
 2      +0.02945   +0.02694   +0.02606  +0.14100   -0.19400
 3      +0.00840   +0.02720   +0.02580  +0.14100   -0.19400
 4      +0.00370   +0.02726   +0.02574  +0.14100   -0.19400
 5      +0.00219   +0.02728   +0.02572  +0.14100   -0.19400
 6      +0.00158   +0.02728   +0.02572  +0.14100   -0.19400
 7      +0.00125   +0.02729   +0.02571  +0.14100   -0.19400
 8      +0.00071   +0.02730   +0.02570  +0.14100   -0.19400
];

% TIME 21

% DOT1   -   DOT2   -   DOT3   -   DOT4
driver(:,:,21) = [+9.290000e-01   +0   -2.120000e-01   -7.170000e-01
+3.000000e-03   +9.270000e-01   -2.120000e-01   -7.170000e-01
];

% MOL   -   VOUT   -   DOT1   -   DOT2   -   DOT3   -   DOT4
conf(:,:,21) = [ 1      -0.21729   +0.02996   +0.02398  +0.14100   -0.19400
 2      -0.02766   +0.02764   +0.02536  +0.14100   -0.19400
 3      -0.00647   +0.02738   +0.02562  +0.14100   -0.19400
 4      -0.00176   +0.02733   +0.02567  +0.14100   -0.19400
 5      -0.00026   +0.02731   +0.02569  +0.14100   -0.19400
 6      +0.00033   +0.02730   +0.02570  +0.14100   -0.19400
 7      +0.00054   +0.02730   +0.02570  +0.14100   -0.19400
 8      +0.00028   +0.02730   +0.02570  +0.14100   -0.19400
];

% TIME 22

% DOT1   -   DOT2   -   DOT3   -   DOT4
driver(:,:,22) = [+9.290000e-01   +0   -2.120000e-01   -7.170000e-01
+3.000000e-03   +9.270000e-01   -2.120000e-01   -7.170000e-01
];

% MOL   -   VOUT   -   DOT1   -   DOT2   -   DOT3   -   DOT4
conf(:,:,22) = [ 1      -0.22847   +0.30269   +0.05314  +0.05389   -0.40917
 2      +0.04432   +0.15991   +0.19867  +0.05897   -0.41754
 3      -0.00712   +0.18324   +0.17027  +0.06202   -0.41533
 4      +0.00346   +0.17821   +0.17827  +0.06086   -0.41721
 5      +0.00087   +0.17944   +0.17631  +0.06114   -0.41675
 6      +0.00152   +0.17913   +0.17680  +0.06107   -0.41686
 7      +0.00157   +0.17910   +0.17685  +0.06106   -0.41687
 8      +0.00069   +0.17953   +0.17617  +0.06116   -0.41671
];

% TIME 23

% DOT1   -   DOT2   -   DOT3   -   DOT4
driver(:,:,23) = [+9.290000e-01   +0   -2.120000e-01   -7.170000e-01
+3.000000e-03   +9.270000e-01   -2.120000e-01   -7.170000e-01
];

% MOL   -   VOUT   -   DOT1   -   DOT2   -   DOT3   -   DOT4
conf(:,:,23) = [ 1      -0.27118   +0.56611   +0.07348  -0.01827   -0.62071
 2      +0.15340   +0.21192   +0.42325  -0.01516   -0.62001
 3      -0.07442   +0.39856   +0.22786  -0.00706   -0.61857
 4      +0.07613   +0.26642   +0.38930  -0.02275   -0.63297
 5      -0.05221   +0.38087   +0.24949  -0.00785   -0.62164
 6      +0.05720   +0.28219   +0.37919  -0.02311   -0.63827
 7      -0.03577   +0.36573   +0.27301  -0.01106   -0.62698
 8      +0.02315   +0.31092   +0.35781  -0.02298   -0.64570
];

% TIME 24

% DOT1   -   DOT2   -   DOT3   -   DOT4
driver(:,:,24) = [+9.290000e-01   +0   -2.120000e-01   -7.170000e-01
+3.000000e-03   +9.270000e-01   -2.120000e-01   -7.170000e-01
];

% MOL   -   VOUT   -   DOT1   -   DOT2   -   DOT3   -   DOT4
conf(:,:,24) = [ 1      -0.25531   +0.61855   +0.17261  -0.12086   -0.67002
 2      +0.12224   +0.32155   +0.46791  -0.11933   -0.67062
 3      -0.03451   +0.44173   +0.34695  -0.11565   -0.67269
 4      +0.03367   +0.38743   +0.41466  -0.12144   -0.68070
 5      -0.00262   +0.41617   +0.38110  -0.11898   -0.67813
 6      +0.01469   +0.40222   +0.39992  -0.12088   -0.68119
 7      +0.00810   +0.40753   +0.39276  -0.12016   -0.68003
 8      +0.00474   +0.41024   +0.38911  -0.11979   -0.67943
];

% TIME 25

% DOT1   -   DOT2   -   DOT3   -   DOT4
driver(:,:,25) = [+9.290000e-01   +0   -2.120000e-01   -7.170000e-01
+3.000000e-03   +9.270000e-01   -2.120000e-01   -7.170000e-01
];

% MOL   -   VOUT   -   DOT1   -   DOT2   -   DOT3   -   DOT4
conf(:,:,25) = [ 1      -0.23572   +0.65432   +0.28232  -0.21800   -0.71800
 2      +0.09354   +0.43119   +0.50514  -0.21916   -0.71800
 3      -0.00433   +0.49863   +0.43937  -0.22000   -0.71800
 4      +0.02603   +0.47811   +0.45977  -0.21994   -0.71800
 5      +0.01725   +0.48413   +0.45387  -0.22000   -0.71800
 6      +0.01888   +0.48303   +0.45497  -0.22000   -0.71800
 7      +0.02148   +0.48126   +0.45671  -0.21999   -0.71800
 8      +0.00887   +0.48976   +0.44824  -0.22000   -0.71800
];

% TIME 26

% DOT1   -   DOT2   -   DOT3   -   DOT4
driver(:,:,26) = [+9.290000e-01   +0   -2.120000e-01   -7.170000e-01
+3.000000e-03   +9.270000e-01   -2.120000e-01   -7.170000e-01
];

% MOL   -   VOUT   -   DOT1   -   DOT2   -   DOT3   -   DOT4
conf(:,:,26) = [ 1      -0.23572   +0.65432   +0.28232  -0.21800   -0.71800
 2      +0.09354   +0.43119   +0.50514  -0.21916   -0.71800
 3      -0.00433   +0.49862   +0.43938  -0.22000   -0.71800
 4      +0.02603   +0.47811   +0.45977  -0.21994   -0.71800
 5      +0.01725   +0.48413   +0.45387  -0.22000   -0.71800
 6      +0.01888   +0.48304   +0.45496  -0.22000   -0.71800
 7      +0.02148   +0.48126   +0.45671  -0.21999   -0.71800
 8      +0.00887   +0.48976   +0.44824  -0.22000   -0.71800
];

% TIME 27

% DOT1   -   DOT2   -   DOT3   -   DOT4
driver(:,:,27) = [+9.290000e-01   +0   -2.120000e-01   -7.170000e-01
+3.000000e-03   +9.270000e-01   -2.120000e-01   -7.170000e-01
];

% MOL   -   VOUT   -   DOT1   -   DOT2   -   DOT3   -   DOT4
conf(:,:,27) = [ 1      -0.23572   +0.65431   +0.28232  -0.21800   -0.71800
 2      +0.09354   +0.43119   +0.50513  -0.21916   -0.71800
 3      -0.00433   +0.49862   +0.43938  -0.22000   -0.71800
 4      +0.02603   +0.47811   +0.45977  -0.21994   -0.71800
 5      +0.01726   +0.48413   +0.45387  -0.22000   -0.71800
 6      +0.01888   +0.48304   +0.45496  -0.22000   -0.71800
 7      +0.02148   +0.48126   +0.45671  -0.21999   -0.71800
 8      +0.00887   +0.48976   +0.44824  -0.22000   -0.71800
];

% TIME 28

% DOT1   -   DOT2   -   DOT3   -   DOT4
driver(:,:,28) = [+9.290000e-01   +0   -2.120000e-01   -7.170000e-01
+3.000000e-03   +9.270000e-01   -2.120000e-01   -7.170000e-01
];

% MOL   -   VOUT   -   DOT1   -   DOT2   -   DOT3   -   DOT4
conf(:,:,28) = [ 1      -0.23572   +0.65431   +0.28232  -0.21800   -0.71800
 2      +0.09354   +0.43119   +0.50513  -0.21916   -0.71800
 3      -0.00433   +0.49862   +0.43938  -0.22000   -0.71800
 4      +0.02602   +0.47811   +0.45976  -0.21994   -0.71800
 5      +0.01726   +0.48413   +0.45387  -0.22000   -0.71800
 6      +0.01888   +0.48304   +0.45496  -0.22000   -0.71800
 7      +0.02149   +0.48126   +0.45671  -0.21999   -0.71800
 8      +0.00887   +0.48976   +0.44824  -0.22000   -0.71800
];

% TIME 29

% DOT1   -   DOT2   -   DOT3   -   DOT4
driver(:,:,29) = [+9.290000e-01   +0   -2.120000e-01   -7.170000e-01
+3.000000e-03   +9.270000e-01   -2.120000e-01   -7.170000e-01
];

% MOL   -   VOUT   -   DOT1   -   DOT2   -   DOT3   -   DOT4
conf(:,:,29) = [ 1      -0.23572   +0.65431   +0.28232  -0.21800   -0.71800
 2      +0.09354   +0.43119   +0.50513  -0.21916   -0.71800
 3      -0.00433   +0.49862   +0.43938  -0.22000   -0.71800
 4      +0.02602   +0.47811   +0.45976  -0.21994   -0.71800
 5      +0.01726   +0.48413   +0.45387  -0.22000   -0.71800
 6      +0.01888   +0.48304   +0.45496  -0.22000   -0.71800
 7      +0.02149   +0.48126   +0.45671  -0.21999   -0.71800
 8      +0.00887   +0.48976   +0.44824  -0.22000   -0.71800
];

% TIME 30

% DOT1   -   DOT2   -   DOT3   -   DOT4
driver(:,:,30) = [+9.290000e-01   +0   -2.120000e-01   -7.170000e-01
+3.000000e-03   +9.270000e-01   -2.120000e-01   -7.170000e-01
];

% MOL   -   VOUT   -   DOT1   -   DOT2   -   DOT3   -   DOT4
conf(:,:,30) = [ 1      -0.23571   +0.65431   +0.28232  -0.21800   -0.71800
 2      +0.09354   +0.43119   +0.50513  -0.21916   -0.71800
 3      -0.00433   +0.49862   +0.43938  -0.22000   -0.71800
 4      +0.02602   +0.47811   +0.45976  -0.21994   -0.71800
 5      +0.01726   +0.48412   +0.45388  -0.22000   -0.71800
 6      +0.01888   +0.48304   +0.45496  -0.22000   -0.71800
 7      +0.02149   +0.48126   +0.45672  -0.21999   -0.71800
 8      +0.00887   +0.48976   +0.44824  -0.22000   -0.71800
];

% TIME 31

% DOT1   -   DOT2   -   DOT3   -   DOT4
driver(:,:,31) = [+9.290000e-01   +0   -2.120000e-01   -7.170000e-01
+3.000000e-03   +9.270000e-01   -2.120000e-01   -7.170000e-01
];

% MOL   -   VOUT   -   DOT1   -   DOT2   -   DOT3   -   DOT4
conf(:,:,31) = [ 1      -0.23571   +0.65431   +0.28232  -0.21800   -0.71800
 2      +0.09354   +0.43119   +0.50513  -0.21916   -0.71800
 3      -0.00433   +0.49862   +0.43938  -0.22000   -0.71800
 4      +0.02602   +0.47811   +0.45976  -0.21994   -0.71800
 5      +0.01726   +0.48412   +0.45388  -0.22000   -0.71800
 6      +0.01888   +0.48304   +0.45496  -0.22000   -0.71800
 7      +0.02149   +0.48126   +0.45672  -0.21999   -0.71800
 8      +0.00887   +0.48976   +0.44824  -0.22000   -0.71800
];

% TIME 32

% DOT1   -   DOT2   -   DOT3   -   DOT4
driver(:,:,32) = [+9.290000e-01   +0   -2.120000e-01   -7.170000e-01
+3.000000e-03   +9.270000e-01   -2.120000e-01   -7.170000e-01
];

% MOL   -   VOUT   -   DOT1   -   DOT2   -   DOT3   -   DOT4
conf(:,:,32) = [ 1      -0.25531   +0.61855   +0.17262  -0.12086   -0.67002
 2      +0.12223   +0.32155   +0.46791  -0.11933   -0.67062
 3      -0.03450   +0.44172   +0.34697  -0.11565   -0.67269
 4      +0.03363   +0.38745   +0.41464  -0.12144   -0.68071
 5      -0.00258   +0.41614   +0.38114  -0.11898   -0.67814
 6      +0.01464   +0.40226   +0.39986  -0.12087   -0.68119
 7      +0.00815   +0.40749   +0.39281  -0.12016   -0.68004
 8      +0.00472   +0.41026   +0.38908  -0.11978   -0.67943
];

% TIME 33

% DOT1   -   DOT2   -   DOT3   -   DOT4
driver(:,:,33) = [+9.290000e-01   +0   -2.120000e-01   -7.170000e-01
+3.000000e-03   +9.270000e-01   -2.120000e-01   -7.170000e-01
];

% MOL   -   VOUT   -   DOT1   -   DOT2   -   DOT3   -   DOT4
conf(:,:,33) = [ 1      -0.27118   +0.56611   +0.07348  -0.01827   -0.62071
 2      +0.15340   +0.21192   +0.42325  -0.01516   -0.62001
 3      -0.07442   +0.39856   +0.22786  -0.00706   -0.61857
 4      +0.07613   +0.26642   +0.38930  -0.02275   -0.63297
 5      -0.05221   +0.38087   +0.24949  -0.00785   -0.62164
 6      +0.05720   +0.28219   +0.37919  -0.02311   -0.63827
 7      -0.03577   +0.36573   +0.27301  -0.01106   -0.62698
 8      +0.02315   +0.31092   +0.35781  -0.02298   -0.64570
];

% TIME 34

% DOT1   -   DOT2   -   DOT3   -   DOT4
driver(:,:,34) = [+9.290000e-01   +0   -2.120000e-01   -7.170000e-01
+3.000000e-03   +9.270000e-01   -2.120000e-01   -7.170000e-01
];

% MOL   -   VOUT   -   DOT1   -   DOT2   -   DOT3   -   DOT4
conf(:,:,34) = [ 1      -0.22847   +0.30269   +0.05314  +0.05389   -0.40917
 2      +0.04433   +0.15991   +0.19867  +0.05897   -0.41754
 3      -0.00713   +0.18325   +0.17026  +0.06202   -0.41533
 4      +0.00347   +0.17820   +0.17828  +0.06085   -0.41721
 5      +0.00086   +0.17945   +0.17630  +0.06114   -0.41674
 6      +0.00153   +0.17913   +0.17681  +0.06107   -0.41686
 7      +0.00157   +0.17911   +0.17684  +0.06106   -0.41687
 8      +0.00069   +0.17953   +0.17618  +0.06116   -0.41671
];

% TIME 35

% DOT1   -   DOT2   -   DOT3   -   DOT4
driver(:,:,35) = [+9.290000e-01   +0   -2.120000e-01   -7.170000e-01
+3.000000e-03   +9.270000e-01   -2.120000e-01   -7.170000e-01
];

% MOL   -   VOUT   -   DOT1   -   DOT2   -   DOT3   -   DOT4
conf(:,:,35) = [ 1      -0.21729   +0.02996   +0.02398  +0.14100   -0.19400
 2      -0.02766   +0.02764   +0.02536  +0.14100   -0.19400
 3      -0.00647   +0.02738   +0.02562  +0.14100   -0.19400
 4      -0.00176   +0.02733   +0.02567  +0.14100   -0.19400
 5      -0.00026   +0.02731   +0.02569  +0.14100   -0.19400
 6      +0.00033   +0.02730   +0.02570  +0.14100   -0.19400
 7      +0.00054   +0.02730   +0.02570  +0.14100   -0.19400
 8      +0.00028   +0.02730   +0.02570  +0.14100   -0.19400
];

% TIME 36

% DOT1   -   DOT2   -   DOT3   -   DOT4
driver(:,:,36) = [+9.290000e-01   +0   -2.120000e-01   -7.170000e-01
+3.000000e-03   +9.270000e-01   -2.120000e-01   -7.170000e-01
];

% MOL   -   VOUT   -   DOT1   -   DOT2   -   DOT3   -   DOT4
conf(:,:,36) = [ 1      -0.21729   +0.02996   +0.02398  +0.14100   -0.19400
 2      -0.02766   +0.02764   +0.02536  +0.14100   -0.19400
 3      -0.00647   +0.02738   +0.02562  +0.14100   -0.19400
 4      -0.00176   +0.02733   +0.02567  +0.14100   -0.19400
 5      -0.00026   +0.02731   +0.02569  +0.14100   -0.19400
 6      +0.00033   +0.02730   +0.02570  +0.14100   -0.19400
 7      +0.00054   +0.02730   +0.02570  +0.14100   -0.19400
 8      +0.00028   +0.02730   +0.02570  +0.14100   -0.19400
];

% TIME 37

% DOT1   -   DOT2   -   DOT3   -   DOT4
driver(:,:,37) = [+9.290000e-01   +0   -2.120000e-01   -7.170000e-01
+3.000000e-03   +9.270000e-01   -2.120000e-01   -7.170000e-01
];

% MOL   -   VOUT   -   DOT1   -   DOT2   -   DOT3   -   DOT4
conf(:,:,37) = [ 1      -0.21729   +0.02996   +0.02398  +0.14100   -0.19400
 2      -0.02766   +0.02764   +0.02536  +0.14100   -0.19400
 3      -0.00647   +0.02738   +0.02562  +0.14100   -0.19400
 4      -0.00176   +0.02733   +0.02567  +0.14100   -0.19400
 5      -0.00026   +0.02731   +0.02569  +0.14100   -0.19400
 6      +0.00033   +0.02730   +0.02570  +0.14100   -0.19400
 7      +0.00054   +0.02730   +0.02570  +0.14100   -0.19400
 8      +0.00028   +0.02730   +0.02570  +0.14100   -0.19400
];

% TIME 38

% DOT1   -   DOT2   -   DOT3   -   DOT4
driver(:,:,38) = [+9.290000e-01   +0   -2.120000e-01   -7.170000e-01
+3.000000e-03   +9.270000e-01   -2.120000e-01   -7.170000e-01
];

% MOL   -   VOUT   -   DOT1   -   DOT2   -   DOT3   -   DOT4
conf(:,:,38) = [ 1      -0.21729   +0.02996   +0.02398  +0.14100   -0.19400
 2      -0.02766   +0.02764   +0.02536  +0.14100   -0.19400
 3      -0.00647   +0.02738   +0.02562  +0.14100   -0.19400
 4      -0.00176   +0.02733   +0.02567  +0.14100   -0.19400
 5      -0.00026   +0.02731   +0.02569  +0.14100   -0.19400
 6      +0.00033   +0.02730   +0.02570  +0.14100   -0.19400
 7      +0.00054   +0.02730   +0.02570  +0.14100   -0.19400
 8      +0.00028   +0.02730   +0.02570  +0.14100   -0.19400
];

% TIME 39

% DOT1   -   DOT2   -   DOT3   -   DOT4
driver(:,:,39) = [+9.290000e-01   +0   -2.120000e-01   -7.170000e-01
+3.000000e-03   +9.270000e-01   -2.120000e-01   -7.170000e-01
];

% MOL   -   VOUT   -   DOT1   -   DOT2   -   DOT3   -   DOT4
conf(:,:,39) = [ 1      -0.21729   +0.02996   +0.02398  +0.14100   -0.19400
 2      -0.02766   +0.02764   +0.02536  +0.14100   -0.19400
 3      -0.00647   +0.02738   +0.02562  +0.14100   -0.19400
 4      -0.00176   +0.02733   +0.02567  +0.14100   -0.19400
 5      -0.00026   +0.02731   +0.02569  +0.14100   -0.19400
 6      +0.00033   +0.02730   +0.02570  +0.14100   -0.19400
 7      +0.00054   +0.02730   +0.02570  +0.14100   -0.19400
 8      +0.00028   +0.02730   +0.02570  +0.14100   -0.19400
];

% TIME 40

% DOT1   -   DOT2   -   DOT3   -   DOT4
driver(:,:,40) = [+9.290000e-01   +0   -2.120000e-01   -7.170000e-01
+3.000000e-03   +9.270000e-01   -2.120000e-01   -7.170000e-01
];

% MOL   -   VOUT   -   DOT1   -   DOT2   -   DOT3   -   DOT4
conf(:,:,40) = [ 1      -0.21729   +0.02996   +0.02398  +0.14100   -0.19400
 2      -0.02766   +0.02764   +0.02536  +0.14100   -0.19400
 3      -0.00647   +0.02738   +0.02562  +0.14100   -0.19400
 4      -0.00176   +0.02733   +0.02567  +0.14100   -0.19400
 5      -0.00026   +0.02731   +0.02569  +0.14100   -0.19400
 6      +0.00033   +0.02730   +0.02570  +0.14100   -0.19400
 7      +0.00054   +0.02730   +0.02570  +0.14100   -0.19400
 8      +0.00028   +0.02730   +0.02570  +0.14100   -0.19400
];
